{"timestamp":"2025-09-01T06:56:38.774922","level":"info","event":"DAG bundles loaded: dags-folder, example_dags","logger":"airflow.dag_processing.bundles.manager.DagBundlesManager"}
{"timestamp":"2025-09-01T06:56:38.775379","level":"info","event":"Filling up the DagBag from /opt/airflow/dags/main.py","logger":"airflow.models.dagbag.DagBag"}
{"timestamp":"2025-09-01T06:56:39.409738Z","level":"info","event":"WARNING: sun.reflect.Reflection.getCallerClass is not supported. This will impact performance.","chan":"stdout","logger":"task"}
{"timestamp":"2025-09-01T06:56:40.117007Z","level":"error","event":"25/09/01 06:56:40 WARN NativeCodeLoader: Unable to load native-hadoop library for your platform... using builtin-java classes where applicable","chan":"stderr","logger":"task"}
{"timestamp":"2025-09-01T06:56:40.263412Z","level":"error","event":"Setting default log level to \"WARN\".","chan":"stderr","logger":"task"}
{"timestamp":"2025-09-01T06:56:40.263606Z","level":"error","event":"To adjust logging level use sc.setLogLevel(newLevel). For SparkR, use setLogLevel(newLevel).","chan":"stderr","logger":"task"}
{"timestamp":"2025-09-01T06:56:42.280651Z","level":"info","event":"Iceberg SparkCatalog OK.","chan":"stdout","logger":"task"}
{"timestamp":"2025-09-01T06:56:42.346150Z","level":"info","event":"Task instance is in running state","chan":"stdout","logger":"task"}
{"timestamp":"2025-09-01T06:56:42.346306Z","level":"info","event":" Previous state of the Task instance: queued","chan":"stdout","logger":"task"}
{"timestamp":"2025-09-01T06:56:42.346389Z","level":"info","event":"Current task name:etl_data_weather.extract_transform_load","chan":"stdout","logger":"task"}
{"timestamp":"2025-09-01T06:56:42.346456Z","level":"info","event":"Dag name:etl_pipeline","chan":"stdout","logger":"task"}
{"timestamp":"2025-09-01T06:56:42.346514Z","level":"info","event":"extract data from file","chan":"stdout","logger":"task"}
{"timestamp":"2025-09-01T06:56:42.353741Z","level":"info","event":"spark.app.id = local-1756709800954","chan":"stdout","logger":"task"}
{"timestamp":"2025-09-01T06:56:42.353871Z","level":"info","event":"spark.hadoop.fs.s3a.vectored.read.min.seek.size = 131072","chan":"stdout","logger":"task"}
{"timestamp":"2025-09-01T06:56:42.353909Z","level":"info","event":"spark.hadoop.fs.s3a.access.key = admin","chan":"stdout","logger":"task"}
{"timestamp":"2025-09-01T06:56:42.353939Z","level":"info","event":"spark.hadoop.fs.s3a.threads.max = 10","chan":"stdout","logger":"task"}
{"timestamp":"2025-09-01T06:56:42.353968Z","level":"info","event":"spark.hadoop.fs.s3a.secret.key = admin12345","chan":"stdout","logger":"task"}
{"timestamp":"2025-09-01T06:56:42.353996Z","level":"info","event":"spark.hadoop.fs.s3a.connection.ssl.enabled = false","chan":"stdout","logger":"task"}
{"timestamp":"2025-09-01T06:56:42.354025Z","level":"info","event":"spark.hadoop.fs.s3a.path.style.access = true","chan":"stdout","logger":"task"}
{"timestamp":"2025-09-01T06:56:42.354052Z","level":"info","event":"spark.driver.host = a46a4c60815b","chan":"stdout","logger":"task"}
{"timestamp":"2025-09-01T06:56:42.354082Z","level":"info","event":"spark.app.initial.jar.urls = spark://a46a4c60815b:44359/jars/aws-java-sdk-bundle-1.12.787.jar,spark://a46a4c60815b:44359/jars/iceberg-aws-bundle-1.9.2.jar,spark://a46a4c60815b:44359/jars/ojdbc11.jar,spark://a46a4c60815b:44359/jars/hadoop-aws-3.3.4.jar,spark://a46a4c60815b:44359/jars/iceberg-spark-runtime-3.5_2.12-1.9.2.jar","chan":"stdout","logger":"task"}
{"timestamp":"2025-09-01T06:56:42.354116Z","level":"info","event":"spark.hadoop.fs.s3a.connection.part.upload.timeout = 60000","chan":"stdout","logger":"task"}
{"timestamp":"2025-09-01T06:56:42.354146Z","level":"info","event":"spark.hadoop.fs.s3a.aws.credentials.provider = org.apache.hadoop.fs.s3a.SimpleAWSCredentialsProvider","chan":"stdout","logger":"task"}
{"timestamp":"2025-09-01T06:56:42.354176Z","level":"info","event":"spark.hadoop.fs.s3a.attempts.maximum = 3","chan":"stdout","logger":"task"}
{"timestamp":"2025-09-01T06:56:42.354203Z","level":"info","event":"spark.app.submitTime = 1756709800247","chan":"stdout","logger":"task"}
{"timestamp":"2025-09-01T06:56:42.354244Z","level":"info","event":"spark.app.name = BAITEST","chan":"stdout","logger":"task"}
{"timestamp":"2025-09-01T06:56:42.354273Z","level":"info","event":"spark.jars = /opt/spark/jars/hadoop-aws-3.3.4.jar,/opt/spark/jars/aws-java-sdk-bundle-1.12.787.jar,/opt/spark/jars/ojdbc11.jar,/opt/spark/jars/iceberg-spark-runtime-3.5_2.12-1.9.2.jar,/opt/spark/jars/iceberg-aws-bundle-1.9.2.jar","chan":"stdout","logger":"task"}
{"timestamp":"2025-09-01T06:56:42.354306Z","level":"info","event":"spark.sql.adaptive.coalescePartitions.enabled = false","chan":"stdout","logger":"task"}
{"timestamp":"2025-09-01T06:56:42.354334Z","level":"info","event":"spark.sql.catalog.local.type = hadoop","chan":"stdout","logger":"task"}
{"timestamp":"2025-09-01T06:56:42.354362Z","level":"info","event":"spark.hadoop.fs.s3a.connection.idle.time = 60000","chan":"stdout","logger":"task"}
{"timestamp":"2025-09-01T06:56:42.354388Z","level":"info","event":"spark.hadoop.fs.s3a.vectored.read.max.merged.size = 2097152","chan":"stdout","logger":"task"}
{"timestamp":"2025-09-01T06:56:42.354414Z","level":"info","event":"spark.hadoop.fs.s3a.connection.establish.timeout = 5000","chan":"stdout","logger":"task"}
{"timestamp":"2025-09-01T06:56:42.354441Z","level":"info","event":"spark.serializer.objectStreamReset = 100","chan":"stdout","logger":"task"}
{"timestamp":"2025-09-01T06:56:42.354468Z","level":"info","event":"spark.master = local[*]","chan":"stdout","logger":"task"}
{"timestamp":"2025-09-01T06:56:42.354494Z","level":"info","event":"spark.sql.catalog.local.warehouse = s3a://warehouse/","chan":"stdout","logger":"task"}
{"timestamp":"2025-09-01T06:56:42.354522Z","level":"info","event":"spark.submit.deployMode = client","chan":"stdout","logger":"task"}
{"timestamp":"2025-09-01T06:56:42.354616Z","level":"info","event":"spark.sql.adaptive.enabled = false","chan":"stdout","logger":"task"}
{"timestamp":"2025-09-01T06:56:42.354651Z","level":"info","event":"spark.app.startTime = 1756709800423","chan":"stdout","logger":"task"}
{"timestamp":"2025-09-01T06:56:42.354680Z","level":"info","event":"spark.hadoop.fs.s3a.retry.limit = 5","chan":"stdout","logger":"task"}
{"timestamp":"2025-09-01T06:56:42.354708Z","level":"info","event":"spark.hadoop.fs.s3a.multipart.size = 104857600","chan":"stdout","logger":"task"}
{"timestamp":"2025-09-01T06:56:42.354739Z","level":"info","event":"spark.driver.extraJavaOptions = -Djava.net.preferIPv6Addresses=false -XX:+IgnoreUnrecognizedVMOptions --add-opens=java.base/java.lang=ALL-UNNAMED --add-opens=java.base/java.lang.invoke=ALL-UNNAMED --add-opens=java.base/java.lang.reflect=ALL-UNNAMED --add-opens=java.base/java.io=ALL-UNNAMED --add-opens=java.base/java.net=ALL-UNNAMED --add-opens=java.base/java.nio=ALL-UNNAMED --add-opens=java.base/java.util=ALL-UNNAMED --add-opens=java.base/java.util.concurrent=ALL-UNNAMED --add-opens=java.base/java.util.concurrent.atomic=ALL-UNNAMED --add-opens=java.base/jdk.internal.ref=ALL-UNNAMED --add-opens=java.base/sun.nio.ch=ALL-UNNAMED --add-opens=java.base/sun.nio.cs=ALL-UNNAMED --add-opens=java.base/sun.security.action=ALL-UNNAMED --add-opens=java.base/sun.util.calendar=ALL-UNNAMED --add-opens=java.security.jgss/sun.security.krb5=ALL-UNNAMED -Djdk.reflect.useDirectMethodHandle=false","chan":"stdout","logger":"task"}
{"timestamp":"2025-09-01T06:56:42.354769Z","level":"info","event":"spark.hadoop.fs.s3a.connection.maximum = 15","chan":"stdout","logger":"task"}
{"timestamp":"2025-09-01T06:56:42.354797Z","level":"info","event":"spark.executor.extraClassPath = /opt/spark/jars/*","chan":"stdout","logger":"task"}
{"timestamp":"2025-09-01T06:56:42.354824Z","level":"info","event":"spark.hadoop.fs.s3a.socket.send.buffer = 65536","chan":"stdout","logger":"task"}
{"timestamp":"2025-09-01T06:56:42.354852Z","level":"info","event":"spark.executor.id = driver","chan":"stdout","logger":"task"}
{"timestamp":"2025-09-01T06:56:42.354887Z","level":"info","event":"spark.hadoop.fs.s3a.connection.timeout = 60000","chan":"stdout","logger":"task"}
{"timestamp":"2025-09-01T06:56:42.354915Z","level":"info","event":"spark.hadoop.fs.s3a.retry.interval = 500","chan":"stdout","logger":"task"}
{"timestamp":"2025-09-01T06:56:42.354947Z","level":"info","event":"spark.repl.local.jars = file:///opt/spark/jars/hadoop-aws-3.3.4.jar,file:///opt/spark/jars/aws-java-sdk-bundle-1.12.787.jar,file:///opt/spark/jars/ojdbc11.jar,file:///opt/spark/jars/iceberg-spark-runtime-3.5_2.12-1.9.2.jar,file:///opt/spark/jars/iceberg-aws-bundle-1.9.2.jar","chan":"stdout","logger":"task"}
{"timestamp":"2025-09-01T06:56:42.354980Z","level":"info","event":"spark.driver.port = 44359","chan":"stdout","logger":"task"}
{"timestamp":"2025-09-01T06:56:42.355009Z","level":"info","event":"spark.sql.extensions = org.apache.iceberg.spark.extensions.IcebergSparkSessionExtensions","chan":"stdout","logger":"task"}
{"timestamp":"2025-09-01T06:56:42.355037Z","level":"info","event":"spark.driver.extraClassPath = /opt/spark/jars/*","chan":"stdout","logger":"task"}
{"timestamp":"2025-09-01T06:56:42.355064Z","level":"info","event":"spark.hadoop.fs.s3a.socket.recv.buffer = 65536","chan":"stdout","logger":"task"}
{"timestamp":"2025-09-01T06:56:42.355090Z","level":"info","event":"spark.hadoop.fs.s3a.impl = org.apache.hadoop.fs.s3a.S3AFileSystem","chan":"stdout","logger":"task"}
{"timestamp":"2025-09-01T06:56:42.355119Z","level":"info","event":"spark.sql.catalog.local = org.apache.iceberg.spark.SparkCatalog","chan":"stdout","logger":"task"}
{"timestamp":"2025-09-01T06:56:42.355148Z","level":"info","event":"spark.rdd.compress = True","chan":"stdout","logger":"task"}
{"timestamp":"2025-09-01T06:56:42.355177Z","level":"info","event":"spark.hadoop.fs.s3a.threads.keepalivetime = 60000","chan":"stdout","logger":"task"}
{"timestamp":"2025-09-01T06:56:42.355209Z","level":"info","event":"spark.executor.extraJavaOptions = -Djava.net.preferIPv6Addresses=false -XX:+IgnoreUnrecognizedVMOptions --add-opens=java.base/java.lang=ALL-UNNAMED --add-opens=java.base/java.lang.invoke=ALL-UNNAMED --add-opens=java.base/java.lang.reflect=ALL-UNNAMED --add-opens=java.base/java.io=ALL-UNNAMED --add-opens=java.base/java.net=ALL-UNNAMED --add-opens=java.base/java.nio=ALL-UNNAMED --add-opens=java.base/java.util=ALL-UNNAMED --add-opens=java.base/java.util.concurrent=ALL-UNNAMED --add-opens=java.base/java.util.concurrent.atomic=ALL-UNNAMED --add-opens=java.base/jdk.internal.ref=ALL-UNNAMED --add-opens=java.base/sun.nio.ch=ALL-UNNAMED --add-opens=java.base/sun.nio.cs=ALL-UNNAMED --add-opens=java.base/sun.security.action=ALL-UNNAMED --add-opens=java.base/sun.util.calendar=ALL-UNNAMED --add-opens=java.security.jgss/sun.security.krb5=ALL-UNNAMED -Djdk.reflect.useDirectMethodHandle=false","chan":"stdout","logger":"task"}
{"timestamp":"2025-09-01T06:56:42.355241Z","level":"info","event":"spark.hadoop.fs.s3a.multipart.purge.age = 86400","chan":"stdout","logger":"task"}
{"timestamp":"2025-09-01T06:56:42.355269Z","level":"info","event":"spark.submit.pyFiles =","chan":"stdout","logger":"task"}
{"timestamp":"2025-09-01T06:56:42.355297Z","level":"info","event":"spark.hadoop.fs.s3a.endpoint = http://minio:9000","chan":"stdout","logger":"task"}
{"timestamp":"2025-09-01T06:56:42.355326Z","level":"info","event":"spark.ui.showConsoleProgress = true","chan":"stdout","logger":"task"}
{"timestamp":"2025-09-01T06:56:42.355353Z","level":"info","event":"spark.hadoop.fs.s3a.fast.upload = true","chan":"stdout","logger":"task"}
{"timestamp":"2025-09-01T06:56:42.355383Z","level":"info","event":"spark.hadoop.fs.s3a.impl.disable.cache = true","chan":"stdout","logger":"task"}
{"timestamp":"2025-09-01T06:56:42.355410Z","level":"info","event":"spark.hadoop.fs.s3a.connection.request.timeout = 60000","chan":"stdout","logger":"task"}
{"timestamp":"2025-09-01T06:56:42.951111Z","level":"error","event":"25/09/01 06:56:42 WARN MetricsConfig: Cannot locate configuration: tried hadoop-metrics2-s3a-file-system.properties,hadoop-metrics2.properties","chan":"stderr","logger":"task"}
{"timestamp":"2025-09-01T06:56:42.983782Z","level":"error","event":"25/09/01 06:56:42 WARN VersionInfoUtils: The AWS SDK for Java 1.x entered maintenance mode starting July 31, 2024 and will reach end of support on December 31, 2025. For more information, see https://aws.amazon.com/blogs/developer/the-aws-sdk-for-java-1-x-is-in-maintenance-mode-effective-july-31-2024/","chan":"stderr","logger":"task"}
{"timestamp":"2025-09-01T06:56:42.983934Z","level":"error","event":"You can print where on the file system the AWS SDK for Java 1.x core runtime is located by setting the AWS_JAVA_V1_PRINT_LOCATION environment variable or aws.java.v1.printLocation system property to 'true'.","chan":"stderr","logger":"task"}
{"timestamp":"2025-09-01T06:56:42.983974Z","level":"error","event":"This message can be disabled by setting the AWS_JAVA_V1_DISABLE_DEPRECATION_ANNOUNCEMENT environment variable or aws.java.v1.disableDeprecationAnnouncement system property to 'true'.","chan":"stderr","logger":"task"}
{"timestamp":"2025-09-01T06:56:42.984004Z","level":"error","event":"The AWS SDK for Java 1.x is being used here:","chan":"stderr","logger":"task"}
{"timestamp":"2025-09-01T06:56:42.984034Z","level":"error","event":"at java.base/java.lang.Thread.getStackTrace(Thread.java:1619)","chan":"stderr","logger":"task"}
{"timestamp":"2025-09-01T06:56:42.984062Z","level":"error","event":"at com.amazonaws.util.VersionInfoUtils.printDeprecationAnnouncement(VersionInfoUtils.java:81)","chan":"stderr","logger":"task"}
{"timestamp":"2025-09-01T06:56:42.984089Z","level":"error","event":"at com.amazonaws.util.VersionInfoUtils.<clinit>(VersionInfoUtils.java:59)","chan":"stderr","logger":"task"}
{"timestamp":"2025-09-01T06:56:42.984117Z","level":"error","event":"at com.amazonaws.ClientConfiguration.<clinit>(ClientConfiguration.java:95)","chan":"stderr","logger":"task"}
{"timestamp":"2025-09-01T06:56:42.984142Z","level":"error","event":"at org.apache.hadoop.fs.s3a.S3AUtils.createAwsConf(S3AUtils.java:1258)","chan":"stderr","logger":"task"}
{"timestamp":"2025-09-01T06:56:42.984169Z","level":"error","event":"at org.apache.hadoop.fs.s3a.DefaultS3ClientFactory.createS3Client(DefaultS3ClientFactory.java:114)","chan":"stderr","logger":"task"}
{"timestamp":"2025-09-01T06:56:42.984195Z","level":"error","event":"at org.apache.hadoop.fs.s3a.S3AFileSystem.bindAWSClient(S3AFileSystem.java:898)","chan":"stderr","logger":"task"}
{"timestamp":"2025-09-01T06:56:42.984222Z","level":"error","event":"at org.apache.hadoop.fs.s3a.S3AFileSystem.initialize(S3AFileSystem.java:534)","chan":"stderr","logger":"task"}
{"timestamp":"2025-09-01T06:56:42.984247Z","level":"error","event":"at org.apache.hadoop.fs.FileSystem.createFileSystem(FileSystem.java:3469)","chan":"stderr","logger":"task"}
{"timestamp":"2025-09-01T06:56:42.984273Z","level":"error","event":"at org.apache.hadoop.fs.FileSystem.get(FileSystem.java:537)","chan":"stderr","logger":"task"}
{"timestamp":"2025-09-01T06:56:42.984299Z","level":"error","event":"at org.apache.hadoop.fs.Path.getFileSystem(Path.java:365)","chan":"stderr","logger":"task"}
{"timestamp":"2025-09-01T06:56:42.984325Z","level":"error","event":"at org.apache.spark.sql.execution.streaming.FileStreamSink$.hasMetadata(FileStreamSink.scala:53)","chan":"stderr","logger":"task"}
{"timestamp":"2025-09-01T06:56:42.984352Z","level":"error","event":"at org.apache.spark.sql.execution.datasources.DataSource.resolveRelation(DataSource.scala:366)","chan":"stderr","logger":"task"}
{"timestamp":"2025-09-01T06:56:42.984379Z","level":"error","event":"at org.apache.spark.sql.DataFrameReader.loadV1Source(DataFrameReader.scala:229)","chan":"stderr","logger":"task"}
{"timestamp":"2025-09-01T06:56:42.984405Z","level":"error","event":"at org.apache.spark.sql.DataFrameReader.$anonfun$load$2(DataFrameReader.scala:211)","chan":"stderr","logger":"task"}
{"timestamp":"2025-09-01T06:56:42.984431Z","level":"error","event":"at scala.Option.getOrElse(Option.scala:189)","chan":"stderr","logger":"task"}
{"timestamp":"2025-09-01T06:56:42.984458Z","level":"error","event":"at org.apache.spark.sql.DataFrameReader.load(DataFrameReader.scala:211)","chan":"stderr","logger":"task"}
{"timestamp":"2025-09-01T06:56:42.984485Z","level":"error","event":"at org.apache.spark.sql.DataFrameReader.json(DataFrameReader.scala:362)","chan":"stderr","logger":"task"}
{"timestamp":"2025-09-01T06:56:42.984514Z","level":"error","event":"at java.base/jdk.internal.reflect.NativeMethodAccessorImpl.invoke0(Native Method)","chan":"stderr","logger":"task"}
{"timestamp":"2025-09-01T06:56:42.984543Z","level":"error","event":"at java.base/jdk.internal.reflect.NativeMethodAccessorImpl.invoke(NativeMethodAccessorImpl.java:77)","chan":"stderr","logger":"task"}
{"timestamp":"2025-09-01T06:56:42.984571Z","level":"error","event":"at java.base/jdk.internal.reflect.DelegatingMethodAccessorImpl.invoke(DelegatingMethodAccessorImpl.java:43)","chan":"stderr","logger":"task"}
{"timestamp":"2025-09-01T06:56:42.984599Z","level":"error","event":"at java.base/java.lang.reflect.Method.invoke(Method.java:569)","chan":"stderr","logger":"task"}
{"timestamp":"2025-09-01T06:56:42.984626Z","level":"error","event":"at py4j.reflection.MethodInvoker.invoke(MethodInvoker.java:244)","chan":"stderr","logger":"task"}
{"timestamp":"2025-09-01T06:56:42.984652Z","level":"error","event":"at py4j.reflection.ReflectionEngine.invoke(ReflectionEngine.java:374)","chan":"stderr","logger":"task"}
{"timestamp":"2025-09-01T06:56:42.984679Z","level":"error","event":"at py4j.Gateway.invoke(Gateway.java:282)","chan":"stderr","logger":"task"}
{"timestamp":"2025-09-01T06:56:42.984705Z","level":"error","event":"at py4j.commands.AbstractCommand.invokeMethod(AbstractCommand.java:132)","chan":"stderr","logger":"task"}
{"timestamp":"2025-09-01T06:56:42.984731Z","level":"error","event":"at py4j.commands.CallCommand.execute(CallCommand.java:79)","chan":"stderr","logger":"task"}
{"timestamp":"2025-09-01T06:56:42.984757Z","level":"error","event":"at py4j.ClientServerConnection.waitForCommands(ClientServerConnection.java:182)","chan":"stderr","logger":"task"}
{"timestamp":"2025-09-01T06:56:42.984783Z","level":"error","event":"at py4j.ClientServerConnection.run(ClientServerConnection.java:106)","chan":"stderr","logger":"task"}
{"timestamp":"2025-09-01T06:56:42.984809Z","level":"error","event":"at java.base/java.lang.Thread.run(Thread.java:840)","chan":"stderr","logger":"task"}
{"timestamp":"2025-09-01T06:56:44.075435Z","level":"info","event":"spark data extracted","chan":"stdout","logger":"task"}
{"timestamp":"2025-09-01T06:56:44.095489Z","level":"info","event":"root","chan":"stdout","logger":"task"}
{"timestamp":"2025-09-01T06:56:44.095690Z","level":"info","event":" |-- list: array (nullable = true)","chan":"stdout","logger":"task"}
{"timestamp":"2025-09-01T06:56:44.095764Z","level":"info","event":" |    |-- element: struct (containsNull = true)","chan":"stdout","logger":"task"}
{"timestamp":"2025-09-01T06:56:44.095825Z","level":"info","event":" |    |    |-- dt: long (nullable = true)","chan":"stdout","logger":"task"}
{"timestamp":"2025-09-01T06:56:44.095903Z","level":"info","event":" |    |    |-- main: struct (nullable = true)","chan":"stdout","logger":"task"}
{"timestamp":"2025-09-01T06:56:44.095988Z","level":"info","event":" |    |    |    |-- temp: double (nullable = true)","chan":"stdout","logger":"task"}
{"timestamp":"2025-09-01T06:56:44.096044Z","level":"info","event":" |    |    |    |-- pressure: long (nullable = true)","chan":"stdout","logger":"task"}
{"timestamp":"2025-09-01T06:56:44.096109Z","level":"info","event":" |    |    |    |-- humidity: long (nullable = true)","chan":"stdout","logger":"task"}
{"timestamp":"2025-09-01T06:56:44.096167Z","level":"info","event":" |    |    |-- weather: array (nullable = true)","chan":"stdout","logger":"task"}
{"timestamp":"2025-09-01T06:56:44.096223Z","level":"info","event":" |    |    |    |-- element: struct (containsNull = true)","chan":"stdout","logger":"task"}
{"timestamp":"2025-09-01T06:56:44.096275Z","level":"info","event":" |    |    |    |    |-- description: string (nullable = true)","chan":"stdout","logger":"task"}
{"timestamp":"2025-09-01T06:56:44.096353Z","level":"info","event":"","chan":"stdout","logger":"task"}
{"timestamp":"2025-09-01T06:56:46.128589Z","level":"info","event":"+--------------------+","chan":"stdout","logger":"task"}
{"timestamp":"2025-09-01T06:56:46.128783Z","level":"info","event":"|                list|","chan":"stdout","logger":"task"}
{"timestamp":"2025-09-01T06:56:46.128823Z","level":"info","event":"+--------------------+","chan":"stdout","logger":"task"}
{"timestamp":"2025-09-01T06:56:46.128853Z","level":"info","event":"|[{1752192000, {26...|","chan":"stdout","logger":"task"}
{"timestamp":"2025-09-01T06:56:46.128905Z","level":"info","event":"+--------------------+","chan":"stdout","logger":"task"}
{"timestamp":"2025-09-01T06:56:46.128937Z","level":"info","event":"","chan":"stdout","logger":"task"}
{"timestamp":"2025-09-01T06:56:47.306719Z","level":"info","event":"+----------+-----------+--------+--------+-----------+","chan":"stdout","logger":"task"}
{"timestamp":"2025-09-01T06:56:47.306978Z","level":"info","event":"|        dt|temperature|pressure|humidity|description|","chan":"stdout","logger":"task"}
{"timestamp":"2025-09-01T06:56:47.307060Z","level":"info","event":"+----------+-----------+--------+--------+-----------+","chan":"stdout","logger":"task"}
{"timestamp":"2025-09-01T06:56:47.307113Z","level":"info","event":"|1752192000|      26.72|     998|      89|    mưa vừa|","chan":"stdout","logger":"task"}
{"timestamp":"2025-09-01T06:56:47.307165Z","level":"info","event":"|1752202800|      27.27|     999|      81|    mưa nhẹ|","chan":"stdout","logger":"task"}
{"timestamp":"2025-09-01T06:56:47.307221Z","level":"info","event":"|1752213600|      30.07|     999|      67|    mưa vừa|","chan":"stdout","logger":"task"}
{"timestamp":"2025-09-01T06:56:47.307274Z","level":"info","event":"|1752224400|      29.96|     998|      75|    mưa vừa|","chan":"stdout","logger":"task"}
{"timestamp":"2025-09-01T06:56:47.307335Z","level":"info","event":"|1752235200|      26.19|    1000|      91|    mưa vừa|","chan":"stdout","logger":"task"}
{"timestamp":"2025-09-01T06:56:47.307389Z","level":"info","event":"+----------+-----------+--------+--------+-----------+","chan":"stdout","logger":"task"}
{"timestamp":"2025-09-01T06:56:47.307444Z","level":"info","event":"only showing top 5 rows","chan":"stdout","logger":"task"}
{"timestamp":"2025-09-01T06:56:47.307501Z","level":"info","event":"","chan":"stdout","logger":"task"}
{"timestamp":"2025-09-01T06:56:47.307623Z","level":"info","event":"spark data selected","chan":"stdout","logger":"task"}
{"timestamp":"2025-09-01T06:56:47.307690Z","level":"info","event":"transform data","chan":"stdout","logger":"task"}
{"timestamp":"2025-09-01T06:56:47.516368Z","level":"info","event":"load data","chan":"stdout","logger":"task"}
{"timestamp":"2025-09-01T06:56:47.516587Z","level":"info","event":"(DESCRIPTION=(ADDRESS=(PROTOCOL=TCP)(HOST=orcl-21c)(PORT=1521))(CONNECT_DATA=(SERVICE_NAME=WEATHER)))","chan":"stdout","logger":"task"}
{"timestamp":"2025-09-01T06:56:47.635396Z","level":"info","event":"Table `WEATHER` created successfully.","chan":"stdout","logger":"task"}
{"timestamp":"2025-09-01T06:56:56.262008Z","level":"error","event":"\r[Stage 5:>                                                       (0 + 12) / 200]\r\r[Stage 5:===>                                                   (12 + 12) / 200]\r\r[Stage 5:====>                                                  (15 + 12) / 200]\r\r[Stage 5:======>                                                (22 + 12) / 200]\r\r[Stage 5:======>                                                (25 + 12) / 200]\r\r[Stage 5:=========>                                             (35 + 12) / 200]\r\r[Stage 5:==============>                                        (53 + 15) / 200]\r\r[Stage 5:=======================>                               (86 + 12) / 200]\r\r[Stage 5:=============================>                        (108 + 16) / 200]\r\r[Stage 5:====================================>                 (134 + 13) / 200]\r\r[Stage 5:=============================================>        (167 + 12) / 200]\r\r[Stage 5:=====================================================> (193 + 7) / 200]\r\r                                                                                \r\r[Stage 7:====================================>                 (135 + 12) / 200]\r\r[Stage 7:======================================================>(197 + 3) / 200]\r\r[Stage 8:>                                                       (0 + 12) / 200]\r25/09/01 06:56:56 WARN S3ABlockOutputStream: Application invoked the Syncable API against stream writing to weather/events/data/dt=1752462000/00092-416-bf211a3c-a61d-4cab-95cc-dbbb7d375a70-0-00001.parquet. This is unsupported","chan":"stderr","logger":"task"}
{"timestamp":"2025-09-01T06:56:58.177198","level":"info","event":"Done. Returned value was: None","logger":"airflow.task.operators.airflow.providers.standard.operators.python.PythonOperator"}
{"timestamp":"2025-09-01T06:56:58.189426Z","level":"info","event":"Task instance in success state","chan":"stdout","logger":"task"}
{"timestamp":"2025-09-01T06:56:58.189558Z","level":"info","event":" Previous state of the Task instance: running","chan":"stdout","logger":"task"}
{"timestamp":"2025-09-01T06:56:58.189611Z","level":"info","event":"Task operator:<Task(PythonOperator): etl_data_weather.extract_transform_load>","chan":"stdout","logger":"task"}
{"timestamp":"2025-09-01T06:56:58.653821Z","level":"error","event":"\r[Stage 8:====>                                                  (16 + 12) / 200]\r\r[Stage 8:========>                                              (31 + 13) / 200]\r\r[Stage 8:====================>                                  (73 + 14) / 200]\r\r[Stage 8:==============================>                       (112 + 20) / 200]","chan":"stderr","logger":"task"}
