{"timestamp":"2025-09-01T06:36:44.681866","level":"info","event":"DAG bundles loaded: dags-folder, example_dags","logger":"airflow.dag_processing.bundles.manager.DagBundlesManager"}
{"timestamp":"2025-09-01T06:36:44.682376","level":"info","event":"Filling up the DagBag from /opt/airflow/dags/main.py","logger":"airflow.models.dagbag.DagBag"}
{"timestamp":"2025-09-01T06:36:45.245797Z","level":"info","event":"WARNING: sun.reflect.Reflection.getCallerClass is not supported. This will impact performance.","chan":"stdout","logger":"task"}
{"timestamp":"2025-09-01T06:36:45.872224Z","level":"error","event":"25/09/01 06:36:45 WARN NativeCodeLoader: Unable to load native-hadoop library for your platform... using builtin-java classes where applicable","chan":"stderr","logger":"task"}
{"timestamp":"2025-09-01T06:36:45.996271Z","level":"error","event":"Setting default log level to \"WARN\".","chan":"stderr","logger":"task"}
{"timestamp":"2025-09-01T06:36:45.996470Z","level":"error","event":"To adjust logging level use sc.setLogLevel(newLevel). For SparkR, use setLogLevel(newLevel).","chan":"stderr","logger":"task"}
{"timestamp":"2025-09-01T06:36:48.094399Z","level":"info","event":"Iceberg SparkCatalog OK.","chan":"stdout","logger":"task"}
{"timestamp":"2025-09-01T06:36:48.152306Z","level":"info","event":"Task instance is in running state","chan":"stdout","logger":"task"}
{"timestamp":"2025-09-01T06:36:48.152407Z","level":"info","event":" Previous state of the Task instance: queued","chan":"stdout","logger":"task"}
{"timestamp":"2025-09-01T06:36:48.152442Z","level":"info","event":"Current task name:etl_data_weather.extract_transform_load","chan":"stdout","logger":"task"}
{"timestamp":"2025-09-01T06:36:48.152472Z","level":"info","event":"Dag name:etl_pipeline","chan":"stdout","logger":"task"}
{"timestamp":"2025-09-01T06:36:48.152500Z","level":"info","event":"extract data from file","chan":"stdout","logger":"task"}
{"timestamp":"2025-09-01T06:36:48.161174Z","level":"info","event":"spark.hadoop.fs.s3a.vectored.read.min.seek.size = 131072","chan":"stdout","logger":"task"}
{"timestamp":"2025-09-01T06:36:48.161290Z","level":"info","event":"spark.hadoop.fs.s3a.access.key = admin","chan":"stdout","logger":"task"}
{"timestamp":"2025-09-01T06:36:48.161329Z","level":"info","event":"spark.hadoop.fs.s3a.threads.max = 10","chan":"stdout","logger":"task"}
{"timestamp":"2025-09-01T06:36:48.161358Z","level":"info","event":"spark.hadoop.fs.s3a.secret.key = admin12345","chan":"stdout","logger":"task"}
{"timestamp":"2025-09-01T06:36:48.161386Z","level":"info","event":"spark.hadoop.fs.s3a.connection.ssl.enabled = false","chan":"stdout","logger":"task"}
{"timestamp":"2025-09-01T06:36:48.161414Z","level":"info","event":"spark.hadoop.fs.s3a.path.style.access = true","chan":"stdout","logger":"task"}
{"timestamp":"2025-09-01T06:36:48.161441Z","level":"info","event":"spark.app.submitTime = 1756708605981","chan":"stdout","logger":"task"}
{"timestamp":"2025-09-01T06:36:48.161468Z","level":"info","event":"spark.driver.host = a46a4c60815b","chan":"stdout","logger":"task"}
{"timestamp":"2025-09-01T06:36:48.161495Z","level":"info","event":"spark.driver.port = 34319","chan":"stdout","logger":"task"}
{"timestamp":"2025-09-01T06:36:48.161522Z","level":"info","event":"spark.hadoop.fs.s3a.connection.part.upload.timeout = 60000","chan":"stdout","logger":"task"}
{"timestamp":"2025-09-01T06:36:48.161550Z","level":"info","event":"spark.hadoop.fs.s3a.aws.credentials.provider = org.apache.hadoop.fs.s3a.SimpleAWSCredentialsProvider","chan":"stdout","logger":"task"}
{"timestamp":"2025-09-01T06:36:48.161577Z","level":"info","event":"spark.hadoop.fs.s3a.attempts.maximum = 3","chan":"stdout","logger":"task"}
{"timestamp":"2025-09-01T06:36:48.161604Z","level":"info","event":"spark.app.name = BAITEST","chan":"stdout","logger":"task"}
{"timestamp":"2025-09-01T06:36:48.161637Z","level":"info","event":"spark.jars = /opt/spark/jars/hadoop-aws-3.3.4.jar,/opt/spark/jars/aws-java-sdk-bundle-1.12.787.jar,/opt/spark/jars/ojdbc11.jar,/opt/spark/jars/iceberg-spark-runtime-3.5_2.12-1.9.2.jar,/opt/spark/jars/iceberg-aws-bundle-1.9.2.jar","chan":"stdout","logger":"task"}
{"timestamp":"2025-09-01T06:36:48.161677Z","level":"info","event":"spark.app.initial.jar.urls = spark://a46a4c60815b:34319/jars/hadoop-aws-3.3.4.jar,spark://a46a4c60815b:34319/jars/iceberg-aws-bundle-1.9.2.jar,spark://a46a4c60815b:34319/jars/aws-java-sdk-bundle-1.12.787.jar,spark://a46a4c60815b:34319/jars/iceberg-spark-runtime-3.5_2.12-1.9.2.jar,spark://a46a4c60815b:34319/jars/ojdbc11.jar","chan":"stdout","logger":"task"}
{"timestamp":"2025-09-01T06:36:48.161710Z","level":"info","event":"spark.sql.adaptive.coalescePartitions.enabled = false","chan":"stdout","logger":"task"}
{"timestamp":"2025-09-01T06:36:48.161739Z","level":"info","event":"spark.sql.catalog.local.type = hadoop","chan":"stdout","logger":"task"}
{"timestamp":"2025-09-01T06:36:48.161766Z","level":"info","event":"spark.hadoop.fs.s3a.connection.idle.time = 60000","chan":"stdout","logger":"task"}
{"timestamp":"2025-09-01T06:36:48.161793Z","level":"info","event":"spark.hadoop.fs.s3a.vectored.read.max.merged.size = 2097152","chan":"stdout","logger":"task"}
{"timestamp":"2025-09-01T06:36:48.161821Z","level":"info","event":"spark.hadoop.fs.s3a.connection.establish.timeout = 5000","chan":"stdout","logger":"task"}
{"timestamp":"2025-09-01T06:36:48.161848Z","level":"info","event":"spark.serializer.objectStreamReset = 100","chan":"stdout","logger":"task"}
{"timestamp":"2025-09-01T06:36:48.161884Z","level":"info","event":"spark.master = local[*]","chan":"stdout","logger":"task"}
{"timestamp":"2025-09-01T06:36:48.161912Z","level":"info","event":"spark.sql.catalog.local.warehouse = s3a://warehouse/","chan":"stdout","logger":"task"}
{"timestamp":"2025-09-01T06:36:48.161940Z","level":"info","event":"spark.app.startTime = 1756708606178","chan":"stdout","logger":"task"}
{"timestamp":"2025-09-01T06:36:48.161967Z","level":"info","event":"spark.submit.deployMode = client","chan":"stdout","logger":"task"}
{"timestamp":"2025-09-01T06:36:48.161993Z","level":"info","event":"spark.sql.adaptive.enabled = false","chan":"stdout","logger":"task"}
{"timestamp":"2025-09-01T06:36:48.162019Z","level":"info","event":"spark.hadoop.fs.s3a.retry.limit = 5","chan":"stdout","logger":"task"}
{"timestamp":"2025-09-01T06:36:48.162048Z","level":"info","event":"spark.hadoop.fs.s3a.multipart.size = 104857600","chan":"stdout","logger":"task"}
{"timestamp":"2025-09-01T06:36:48.162077Z","level":"info","event":"spark.driver.extraJavaOptions = -Djava.net.preferIPv6Addresses=false -XX:+IgnoreUnrecognizedVMOptions --add-opens=java.base/java.lang=ALL-UNNAMED --add-opens=java.base/java.lang.invoke=ALL-UNNAMED --add-opens=java.base/java.lang.reflect=ALL-UNNAMED --add-opens=java.base/java.io=ALL-UNNAMED --add-opens=java.base/java.net=ALL-UNNAMED --add-opens=java.base/java.nio=ALL-UNNAMED --add-opens=java.base/java.util=ALL-UNNAMED --add-opens=java.base/java.util.concurrent=ALL-UNNAMED --add-opens=java.base/java.util.concurrent.atomic=ALL-UNNAMED --add-opens=java.base/jdk.internal.ref=ALL-UNNAMED --add-opens=java.base/sun.nio.ch=ALL-UNNAMED --add-opens=java.base/sun.nio.cs=ALL-UNNAMED --add-opens=java.base/sun.security.action=ALL-UNNAMED --add-opens=java.base/sun.util.calendar=ALL-UNNAMED --add-opens=java.security.jgss/sun.security.krb5=ALL-UNNAMED -Djdk.reflect.useDirectMethodHandle=false","chan":"stdout","logger":"task"}
{"timestamp":"2025-09-01T06:36:48.162106Z","level":"info","event":"spark.hadoop.fs.s3a.connection.maximum = 15","chan":"stdout","logger":"task"}
{"timestamp":"2025-09-01T06:36:48.162132Z","level":"info","event":"spark.executor.extraClassPath = /opt/spark/jars/*","chan":"stdout","logger":"task"}
{"timestamp":"2025-09-01T06:36:48.162160Z","level":"info","event":"spark.hadoop.fs.s3a.socket.send.buffer = 65536","chan":"stdout","logger":"task"}
{"timestamp":"2025-09-01T06:36:48.162186Z","level":"info","event":"spark.executor.id = driver","chan":"stdout","logger":"task"}
{"timestamp":"2025-09-01T06:36:48.162212Z","level":"info","event":"spark.hadoop.fs.s3a.connection.timeout = 60000","chan":"stdout","logger":"task"}
{"timestamp":"2025-09-01T06:36:48.162239Z","level":"info","event":"spark.hadoop.fs.s3a.retry.interval = 500","chan":"stdout","logger":"task"}
{"timestamp":"2025-09-01T06:36:48.162321Z","level":"info","event":"spark.repl.local.jars = file:///opt/spark/jars/hadoop-aws-3.3.4.jar,file:///opt/spark/jars/aws-java-sdk-bundle-1.12.787.jar,file:///opt/spark/jars/ojdbc11.jar,file:///opt/spark/jars/iceberg-spark-runtime-3.5_2.12-1.9.2.jar,file:///opt/spark/jars/iceberg-aws-bundle-1.9.2.jar","chan":"stdout","logger":"task"}
{"timestamp":"2025-09-01T06:36:48.162359Z","level":"info","event":"spark.sql.extensions = org.apache.iceberg.spark.extensions.IcebergSparkSessionExtensions","chan":"stdout","logger":"task"}
{"timestamp":"2025-09-01T06:36:48.162389Z","level":"info","event":"spark.driver.extraClassPath = /opt/spark/jars/*","chan":"stdout","logger":"task"}
{"timestamp":"2025-09-01T06:36:48.162417Z","level":"info","event":"spark.hadoop.fs.s3a.socket.recv.buffer = 65536","chan":"stdout","logger":"task"}
{"timestamp":"2025-09-01T06:36:48.162445Z","level":"info","event":"spark.hadoop.fs.s3a.impl = org.apache.hadoop.fs.s3a.S3AFileSystem","chan":"stdout","logger":"task"}
{"timestamp":"2025-09-01T06:36:48.162472Z","level":"info","event":"spark.app.id = local-1756708606914","chan":"stdout","logger":"task"}
{"timestamp":"2025-09-01T06:36:48.162500Z","level":"info","event":"spark.sql.catalog.local = org.apache.iceberg.spark.SparkCatalog","chan":"stdout","logger":"task"}
{"timestamp":"2025-09-01T06:36:48.162527Z","level":"info","event":"spark.rdd.compress = True","chan":"stdout","logger":"task"}
{"timestamp":"2025-09-01T06:36:48.162554Z","level":"info","event":"spark.hadoop.fs.s3a.threads.keepalivetime = 60000","chan":"stdout","logger":"task"}
{"timestamp":"2025-09-01T06:36:48.162582Z","level":"info","event":"spark.executor.extraJavaOptions = -Djava.net.preferIPv6Addresses=false -XX:+IgnoreUnrecognizedVMOptions --add-opens=java.base/java.lang=ALL-UNNAMED --add-opens=java.base/java.lang.invoke=ALL-UNNAMED --add-opens=java.base/java.lang.reflect=ALL-UNNAMED --add-opens=java.base/java.io=ALL-UNNAMED --add-opens=java.base/java.net=ALL-UNNAMED --add-opens=java.base/java.nio=ALL-UNNAMED --add-opens=java.base/java.util=ALL-UNNAMED --add-opens=java.base/java.util.concurrent=ALL-UNNAMED --add-opens=java.base/java.util.concurrent.atomic=ALL-UNNAMED --add-opens=java.base/jdk.internal.ref=ALL-UNNAMED --add-opens=java.base/sun.nio.ch=ALL-UNNAMED --add-opens=java.base/sun.nio.cs=ALL-UNNAMED --add-opens=java.base/sun.security.action=ALL-UNNAMED --add-opens=java.base/sun.util.calendar=ALL-UNNAMED --add-opens=java.security.jgss/sun.security.krb5=ALL-UNNAMED -Djdk.reflect.useDirectMethodHandle=false","chan":"stdout","logger":"task"}
{"timestamp":"2025-09-01T06:36:48.162612Z","level":"info","event":"spark.hadoop.fs.s3a.multipart.purge.age = 86400","chan":"stdout","logger":"task"}
{"timestamp":"2025-09-01T06:36:48.162654Z","level":"info","event":"spark.submit.pyFiles =","chan":"stdout","logger":"task"}
{"timestamp":"2025-09-01T06:36:48.162682Z","level":"info","event":"spark.hadoop.fs.s3a.endpoint = http://minio:9000","chan":"stdout","logger":"task"}
{"timestamp":"2025-09-01T06:36:48.162709Z","level":"info","event":"spark.ui.showConsoleProgress = true","chan":"stdout","logger":"task"}
{"timestamp":"2025-09-01T06:36:48.162736Z","level":"info","event":"spark.hadoop.fs.s3a.fast.upload = true","chan":"stdout","logger":"task"}
{"timestamp":"2025-09-01T06:36:48.162762Z","level":"info","event":"spark.hadoop.fs.s3a.impl.disable.cache = true","chan":"stdout","logger":"task"}
{"timestamp":"2025-09-01T06:36:48.162788Z","level":"info","event":"spark.hadoop.fs.s3a.connection.request.timeout = 60000","chan":"stdout","logger":"task"}
{"timestamp":"2025-09-01T06:36:48.702126Z","level":"error","event":"25/09/01 06:36:48 WARN MetricsConfig: Cannot locate configuration: tried hadoop-metrics2-s3a-file-system.properties,hadoop-metrics2.properties","chan":"stderr","logger":"task"}
{"timestamp":"2025-09-01T06:36:48.736591Z","level":"error","event":"25/09/01 06:36:48 WARN VersionInfoUtils: The AWS SDK for Java 1.x entered maintenance mode starting July 31, 2024 and will reach end of support on December 31, 2025. For more information, see https://aws.amazon.com/blogs/developer/the-aws-sdk-for-java-1-x-is-in-maintenance-mode-effective-july-31-2024/","chan":"stderr","logger":"task"}
{"timestamp":"2025-09-01T06:36:48.736740Z","level":"error","event":"You can print where on the file system the AWS SDK for Java 1.x core runtime is located by setting the AWS_JAVA_V1_PRINT_LOCATION environment variable or aws.java.v1.printLocation system property to 'true'.","chan":"stderr","logger":"task"}
{"timestamp":"2025-09-01T06:36:48.736784Z","level":"error","event":"This message can be disabled by setting the AWS_JAVA_V1_DISABLE_DEPRECATION_ANNOUNCEMENT environment variable or aws.java.v1.disableDeprecationAnnouncement system property to 'true'.","chan":"stderr","logger":"task"}
{"timestamp":"2025-09-01T06:36:48.736815Z","level":"error","event":"The AWS SDK for Java 1.x is being used here:","chan":"stderr","logger":"task"}
{"timestamp":"2025-09-01T06:36:48.736844Z","level":"error","event":"at java.base/java.lang.Thread.getStackTrace(Thread.java:1619)","chan":"stderr","logger":"task"}
{"timestamp":"2025-09-01T06:36:48.736881Z","level":"error","event":"at com.amazonaws.util.VersionInfoUtils.printDeprecationAnnouncement(VersionInfoUtils.java:81)","chan":"stderr","logger":"task"}
{"timestamp":"2025-09-01T06:36:48.736922Z","level":"error","event":"at com.amazonaws.util.VersionInfoUtils.<clinit>(VersionInfoUtils.java:59)","chan":"stderr","logger":"task"}
{"timestamp":"2025-09-01T06:36:48.736949Z","level":"error","event":"at com.amazonaws.ClientConfiguration.<clinit>(ClientConfiguration.java:95)","chan":"stderr","logger":"task"}
{"timestamp":"2025-09-01T06:36:48.736977Z","level":"error","event":"at org.apache.hadoop.fs.s3a.S3AUtils.createAwsConf(S3AUtils.java:1258)","chan":"stderr","logger":"task"}
{"timestamp":"2025-09-01T06:36:48.737005Z","level":"error","event":"at org.apache.hadoop.fs.s3a.DefaultS3ClientFactory.createS3Client(DefaultS3ClientFactory.java:114)","chan":"stderr","logger":"task"}
{"timestamp":"2025-09-01T06:36:48.737031Z","level":"error","event":"at org.apache.hadoop.fs.s3a.S3AFileSystem.bindAWSClient(S3AFileSystem.java:898)","chan":"stderr","logger":"task"}
{"timestamp":"2025-09-01T06:36:48.737057Z","level":"error","event":"at org.apache.hadoop.fs.s3a.S3AFileSystem.initialize(S3AFileSystem.java:534)","chan":"stderr","logger":"task"}
{"timestamp":"2025-09-01T06:36:48.737082Z","level":"error","event":"at org.apache.hadoop.fs.FileSystem.createFileSystem(FileSystem.java:3469)","chan":"stderr","logger":"task"}
{"timestamp":"2025-09-01T06:36:48.737107Z","level":"error","event":"at org.apache.hadoop.fs.FileSystem.get(FileSystem.java:537)","chan":"stderr","logger":"task"}
{"timestamp":"2025-09-01T06:36:48.737132Z","level":"error","event":"at org.apache.hadoop.fs.Path.getFileSystem(Path.java:365)","chan":"stderr","logger":"task"}
{"timestamp":"2025-09-01T06:36:48.737157Z","level":"error","event":"at org.apache.spark.sql.execution.streaming.FileStreamSink$.hasMetadata(FileStreamSink.scala:53)","chan":"stderr","logger":"task"}
{"timestamp":"2025-09-01T06:36:48.737181Z","level":"error","event":"at org.apache.spark.sql.execution.datasources.DataSource.resolveRelation(DataSource.scala:366)","chan":"stderr","logger":"task"}
{"timestamp":"2025-09-01T06:36:48.737206Z","level":"error","event":"at org.apache.spark.sql.DataFrameReader.loadV1Source(DataFrameReader.scala:229)","chan":"stderr","logger":"task"}
{"timestamp":"2025-09-01T06:36:48.737231Z","level":"error","event":"at org.apache.spark.sql.DataFrameReader.$anonfun$load$2(DataFrameReader.scala:211)","chan":"stderr","logger":"task"}
{"timestamp":"2025-09-01T06:36:48.737256Z","level":"error","event":"at scala.Option.getOrElse(Option.scala:189)","chan":"stderr","logger":"task"}
{"timestamp":"2025-09-01T06:36:48.737281Z","level":"error","event":"at org.apache.spark.sql.DataFrameReader.load(DataFrameReader.scala:211)","chan":"stderr","logger":"task"}
{"timestamp":"2025-09-01T06:36:48.737306Z","level":"error","event":"at org.apache.spark.sql.DataFrameReader.json(DataFrameReader.scala:362)","chan":"stderr","logger":"task"}
{"timestamp":"2025-09-01T06:36:48.737335Z","level":"error","event":"at java.base/jdk.internal.reflect.NativeMethodAccessorImpl.invoke0(Native Method)","chan":"stderr","logger":"task"}
{"timestamp":"2025-09-01T06:36:48.737362Z","level":"error","event":"at java.base/jdk.internal.reflect.NativeMethodAccessorImpl.invoke(NativeMethodAccessorImpl.java:77)","chan":"stderr","logger":"task"}
{"timestamp":"2025-09-01T06:36:48.737388Z","level":"error","event":"at java.base/jdk.internal.reflect.DelegatingMethodAccessorImpl.invoke(DelegatingMethodAccessorImpl.java:43)","chan":"stderr","logger":"task"}
{"timestamp":"2025-09-01T06:36:48.737414Z","level":"error","event":"at java.base/java.lang.reflect.Method.invoke(Method.java:569)","chan":"stderr","logger":"task"}
{"timestamp":"2025-09-01T06:36:48.737440Z","level":"error","event":"at py4j.reflection.MethodInvoker.invoke(MethodInvoker.java:244)","chan":"stderr","logger":"task"}
{"timestamp":"2025-09-01T06:36:48.737464Z","level":"error","event":"at py4j.reflection.ReflectionEngine.invoke(ReflectionEngine.java:374)","chan":"stderr","logger":"task"}
{"timestamp":"2025-09-01T06:36:48.737490Z","level":"error","event":"at py4j.Gateway.invoke(Gateway.java:282)","chan":"stderr","logger":"task"}
{"timestamp":"2025-09-01T06:36:48.737515Z","level":"error","event":"at py4j.commands.AbstractCommand.invokeMethod(AbstractCommand.java:132)","chan":"stderr","logger":"task"}
{"timestamp":"2025-09-01T06:36:48.737540Z","level":"error","event":"at py4j.commands.CallCommand.execute(CallCommand.java:79)","chan":"stderr","logger":"task"}
{"timestamp":"2025-09-01T06:36:48.737566Z","level":"error","event":"at py4j.ClientServerConnection.waitForCommands(ClientServerConnection.java:182)","chan":"stderr","logger":"task"}
{"timestamp":"2025-09-01T06:36:48.737591Z","level":"error","event":"at py4j.ClientServerConnection.run(ClientServerConnection.java:106)","chan":"stderr","logger":"task"}
{"timestamp":"2025-09-01T06:36:48.737616Z","level":"error","event":"at java.base/java.lang.Thread.run(Thread.java:840)","chan":"stderr","logger":"task"}
{"timestamp":"2025-09-01T06:36:49.662947Z","level":"info","event":"spark data extracted","chan":"stdout","logger":"task"}
{"timestamp":"2025-09-01T06:36:49.675779Z","level":"info","event":"root","chan":"stdout","logger":"task"}
{"timestamp":"2025-09-01T06:36:49.675910Z","level":"info","event":" |-- list: array (nullable = true)","chan":"stdout","logger":"task"}
{"timestamp":"2025-09-01T06:36:49.675944Z","level":"info","event":" |    |-- element: struct (containsNull = true)","chan":"stdout","logger":"task"}
{"timestamp":"2025-09-01T06:36:49.675973Z","level":"info","event":" |    |    |-- dt: long (nullable = true)","chan":"stdout","logger":"task"}
{"timestamp":"2025-09-01T06:36:49.676000Z","level":"info","event":" |    |    |-- main: struct (nullable = true)","chan":"stdout","logger":"task"}
{"timestamp":"2025-09-01T06:36:49.676026Z","level":"info","event":" |    |    |    |-- temp: double (nullable = true)","chan":"stdout","logger":"task"}
{"timestamp":"2025-09-01T06:36:49.676053Z","level":"info","event":" |    |    |    |-- pressure: long (nullable = true)","chan":"stdout","logger":"task"}
{"timestamp":"2025-09-01T06:36:49.676077Z","level":"info","event":" |    |    |    |-- humidity: long (nullable = true)","chan":"stdout","logger":"task"}
{"timestamp":"2025-09-01T06:36:49.676102Z","level":"info","event":" |    |    |-- weather: array (nullable = true)","chan":"stdout","logger":"task"}
{"timestamp":"2025-09-01T06:36:49.676127Z","level":"info","event":" |    |    |    |-- element: struct (containsNull = true)","chan":"stdout","logger":"task"}
{"timestamp":"2025-09-01T06:36:49.676152Z","level":"info","event":" |    |    |    |    |-- description: string (nullable = true)","chan":"stdout","logger":"task"}
{"timestamp":"2025-09-01T06:36:49.676178Z","level":"info","event":"","chan":"stdout","logger":"task"}
{"timestamp":"2025-09-01T06:36:51.261842Z","level":"info","event":"+--------------------+","chan":"stdout","logger":"task"}
{"timestamp":"2025-09-01T06:36:51.262011Z","level":"info","event":"|                list|","chan":"stdout","logger":"task"}
{"timestamp":"2025-09-01T06:36:51.262048Z","level":"info","event":"+--------------------+","chan":"stdout","logger":"task"}
{"timestamp":"2025-09-01T06:36:51.262078Z","level":"info","event":"|[{1752192000, {26...|","chan":"stdout","logger":"task"}
{"timestamp":"2025-09-01T06:36:51.262107Z","level":"info","event":"+--------------------+","chan":"stdout","logger":"task"}
{"timestamp":"2025-09-01T06:36:51.262136Z","level":"info","event":"","chan":"stdout","logger":"task"}
{"timestamp":"2025-09-01T06:36:51.932123Z","level":"info","event":"+----------+-----------+--------+--------+-----------+","chan":"stdout","logger":"task"}
{"timestamp":"2025-09-01T06:36:51.932355Z","level":"info","event":"|        dt|temperature|pressure|humidity|description|","chan":"stdout","logger":"task"}
{"timestamp":"2025-09-01T06:36:51.932426Z","level":"info","event":"+----------+-----------+--------+--------+-----------+","chan":"stdout","logger":"task"}
{"timestamp":"2025-09-01T06:36:51.932489Z","level":"info","event":"|1752192000|      26.72|     998|      89|    mưa vừa|","chan":"stdout","logger":"task"}
{"timestamp":"2025-09-01T06:36:51.932549Z","level":"info","event":"|1752202800|      27.27|     999|      81|    mưa nhẹ|","chan":"stdout","logger":"task"}
{"timestamp":"2025-09-01T06:36:51.932606Z","level":"info","event":"|1752213600|      30.07|     999|      67|    mưa vừa|","chan":"stdout","logger":"task"}
{"timestamp":"2025-09-01T06:36:51.932665Z","level":"info","event":"|1752224400|      29.96|     998|      75|    mưa vừa|","chan":"stdout","logger":"task"}
{"timestamp":"2025-09-01T06:36:51.932718Z","level":"info","event":"|1752235200|      26.19|    1000|      91|    mưa vừa|","chan":"stdout","logger":"task"}
{"timestamp":"2025-09-01T06:36:51.932773Z","level":"info","event":"+----------+-----------+--------+--------+-----------+","chan":"stdout","logger":"task"}
{"timestamp":"2025-09-01T06:36:51.932825Z","level":"info","event":"only showing top 5 rows","chan":"stdout","logger":"task"}
{"timestamp":"2025-09-01T06:36:51.932902Z","level":"info","event":"","chan":"stdout","logger":"task"}
{"timestamp":"2025-09-01T06:36:51.932962Z","level":"info","event":"spark data selected","chan":"stdout","logger":"task"}
{"timestamp":"2025-09-01T06:36:51.933018Z","level":"info","event":"transform data","chan":"stdout","logger":"task"}
{"timestamp":"2025-09-01T06:36:52.023251Z","level":"info","event":"load data","chan":"stdout","logger":"task"}
{"timestamp":"2025-09-01T06:36:52.023378Z","level":"info","event":"(DESCRIPTION=(ADDRESS=(PROTOCOL=TCP)(HOST=orcl-21c)(PORT=1521))(CONNECT_DATA=(SERVICE_NAME=WEATHER)))","chan":"stdout","logger":"task"}
{"timestamp":"2025-09-01T06:36:52.258036Z","level":"info","event":"Table `WEATHER` created successfully.","chan":"stdout","logger":"task"}
{"timestamp":"2025-09-01T06:36:54.263084Z","level":"info","event":"An error occurred while calling o96.sql.","chan":"stdout","logger":"task"}
{"timestamp":"2025-09-01T06:36:54.263236Z","level":"info","event":": java.io.UncheckedIOException: org.apache.hadoop.fs.s3a.UnknownStoreException: `s3a://warehouse/weather': getFileStatus on s3a://warehouse/weather: com.amazonaws.services.s3.model.AmazonS3Exception: The specified bucket does not exist (Service: Amazon S3; Status Code: 404; Error Code: NoSuchBucket; Request ID: 1861152D57CC7718; S3 Extended Request ID: dd9025bab4ad464b049177c95eb6ebf374d3b3fd1af9251148b658df7ac2e3e8; Proxy: null), S3 Extended Request ID: dd9025bab4ad464b049177c95eb6ebf374d3b3fd1af9251148b658df7ac2e3e8:NoSuchBucket: The specified bucket does not exist (Service: Amazon S3; Status Code: 404; Error Code: NoSuchBucket; Request ID: 1861152D57CC7718; S3 Extended Request ID: dd9025bab4ad464b049177c95eb6ebf374d3b3fd1af9251148b658df7ac2e3e8; Proxy: null)","chan":"stdout","logger":"task"}
{"timestamp":"2025-09-01T06:36:54.263276Z","level":"info","event":"\tat org.apache.iceberg.hadoop.HadoopCatalog.isDirectory(HadoopCatalog.java:184)","chan":"stdout","logger":"task"}
{"timestamp":"2025-09-01T06:36:54.263315Z","level":"info","event":"\tat org.apache.iceberg.hadoop.HadoopCatalog.isNamespace(HadoopCatalog.java:377)","chan":"stdout","logger":"task"}
{"timestamp":"2025-09-01T06:36:54.263344Z","level":"info","event":"\tat org.apache.iceberg.hadoop.HadoopCatalog.loadNamespaceMetadata(HadoopCatalog.java:369)","chan":"stdout","logger":"task"}
{"timestamp":"2025-09-01T06:36:54.263372Z","level":"info","event":"\tat org.apache.iceberg.spark.SparkCatalog.loadNamespaceMetadata(SparkCatalog.java:461)","chan":"stdout","logger":"task"}
{"timestamp":"2025-09-01T06:36:54.263399Z","level":"info","event":"\tat org.apache.spark.sql.connector.catalog.SupportsNamespaces.namespaceExists(SupportsNamespaces.java:98)","chan":"stdout","logger":"task"}
{"timestamp":"2025-09-01T06:36:54.263427Z","level":"info","event":"\tat org.apache.spark.sql.execution.datasources.v2.CreateNamespaceExec.run(CreateNamespaceExec.scala:43)","chan":"stdout","logger":"task"}
{"timestamp":"2025-09-01T06:36:54.263454Z","level":"info","event":"\tat org.apache.spark.sql.execution.datasources.v2.V2CommandExec.result$lzycompute(V2CommandExec.scala:43)","chan":"stdout","logger":"task"}
{"timestamp":"2025-09-01T06:36:54.263481Z","level":"info","event":"\tat org.apache.spark.sql.execution.datasources.v2.V2CommandExec.result(V2CommandExec.scala:43)","chan":"stdout","logger":"task"}
{"timestamp":"2025-09-01T06:36:54.263507Z","level":"info","event":"\tat org.apache.spark.sql.execution.datasources.v2.V2CommandExec.executeCollect(V2CommandExec.scala:49)","chan":"stdout","logger":"task"}
{"timestamp":"2025-09-01T06:36:54.263534Z","level":"info","event":"\tat org.apache.spark.sql.execution.QueryExecution$$anonfun$eagerlyExecuteCommands$1.$anonfun$applyOrElse$1(QueryExecution.scala:107)","chan":"stdout","logger":"task"}
{"timestamp":"2025-09-01T06:36:54.263560Z","level":"info","event":"\tat org.apache.spark.sql.execution.SQLExecution$.$anonfun$withNewExecutionId$6(SQLExecution.scala:125)","chan":"stdout","logger":"task"}
{"timestamp":"2025-09-01T06:36:54.263587Z","level":"info","event":"\tat org.apache.spark.sql.execution.SQLExecution$.withSQLConfPropagated(SQLExecution.scala:201)","chan":"stdout","logger":"task"}
{"timestamp":"2025-09-01T06:36:54.263613Z","level":"info","event":"\tat org.apache.spark.sql.execution.SQLExecution$.$anonfun$withNewExecutionId$1(SQLExecution.scala:108)","chan":"stdout","logger":"task"}
{"timestamp":"2025-09-01T06:36:54.263640Z","level":"info","event":"\tat org.apache.spark.sql.SparkSession.withActive(SparkSession.scala:900)","chan":"stdout","logger":"task"}
{"timestamp":"2025-09-01T06:36:54.263667Z","level":"info","event":"\tat org.apache.spark.sql.execution.SQLExecution$.withNewExecutionId(SQLExecution.scala:66)","chan":"stdout","logger":"task"}
{"timestamp":"2025-09-01T06:36:54.263693Z","level":"info","event":"\tat org.apache.spark.sql.execution.QueryExecution$$anonfun$eagerlyExecuteCommands$1.applyOrElse(QueryExecution.scala:107)","chan":"stdout","logger":"task"}
{"timestamp":"2025-09-01T06:36:54.263720Z","level":"info","event":"\tat org.apache.spark.sql.execution.QueryExecution$$anonfun$eagerlyExecuteCommands$1.applyOrElse(QueryExecution.scala:98)","chan":"stdout","logger":"task"}
{"timestamp":"2025-09-01T06:36:54.263746Z","level":"info","event":"\tat org.apache.spark.sql.catalyst.trees.TreeNode.$anonfun$transformDownWithPruning$1(TreeNode.scala:461)","chan":"stdout","logger":"task"}
{"timestamp":"2025-09-01T06:36:54.263771Z","level":"info","event":"\tat org.apache.spark.sql.catalyst.trees.CurrentOrigin$.withOrigin(origin.scala:76)","chan":"stdout","logger":"task"}
{"timestamp":"2025-09-01T06:36:54.263798Z","level":"info","event":"\tat org.apache.spark.sql.catalyst.trees.TreeNode.transformDownWithPruning(TreeNode.scala:461)","chan":"stdout","logger":"task"}
{"timestamp":"2025-09-01T06:36:54.263824Z","level":"info","event":"\tat org.apache.spark.sql.catalyst.plans.logical.LogicalPlan.org$apache$spark$sql$catalyst$plans$logical$AnalysisHelper$$super$transformDownWithPruning(LogicalPlan.scala:32)","chan":"stdout","logger":"task"}
{"timestamp":"2025-09-01T06:36:54.263860Z","level":"info","event":"\tat org.apache.spark.sql.catalyst.plans.logical.AnalysisHelper.transformDownWithPruning(AnalysisHelper.scala:267)","chan":"stdout","logger":"task"}
{"timestamp":"2025-09-01T06:36:54.263891Z","level":"info","event":"\tat org.apache.spark.sql.catalyst.plans.logical.AnalysisHelper.transformDownWithPruning$(AnalysisHelper.scala:263)","chan":"stdout","logger":"task"}
{"timestamp":"2025-09-01T06:36:54.263919Z","level":"info","event":"\tat org.apache.spark.sql.catalyst.plans.logical.LogicalPlan.transformDownWithPruning(LogicalPlan.scala:32)","chan":"stdout","logger":"task"}
{"timestamp":"2025-09-01T06:36:54.263944Z","level":"info","event":"\tat org.apache.spark.sql.catalyst.plans.logical.LogicalPlan.transformDownWithPruning(LogicalPlan.scala:32)","chan":"stdout","logger":"task"}
{"timestamp":"2025-09-01T06:36:54.263971Z","level":"info","event":"\tat org.apache.spark.sql.catalyst.trees.TreeNode.transformDown(TreeNode.scala:437)","chan":"stdout","logger":"task"}
{"timestamp":"2025-09-01T06:36:54.263997Z","level":"info","event":"\tat org.apache.spark.sql.execution.QueryExecution.eagerlyExecuteCommands(QueryExecution.scala:98)","chan":"stdout","logger":"task"}
{"timestamp":"2025-09-01T06:36:54.264024Z","level":"info","event":"\tat org.apache.spark.sql.execution.QueryExecution.commandExecuted$lzycompute(QueryExecution.scala:85)","chan":"stdout","logger":"task"}
{"timestamp":"2025-09-01T06:36:54.264050Z","level":"info","event":"\tat org.apache.spark.sql.execution.QueryExecution.commandExecuted(QueryExecution.scala:83)","chan":"stdout","logger":"task"}
{"timestamp":"2025-09-01T06:36:54.264076Z","level":"info","event":"\tat org.apache.spark.sql.Dataset.<init>(Dataset.scala:220)","chan":"stdout","logger":"task"}
{"timestamp":"2025-09-01T06:36:54.264101Z","level":"info","event":"\tat org.apache.spark.sql.Dataset$.$anonfun$ofRows$2(Dataset.scala:100)","chan":"stdout","logger":"task"}
{"timestamp":"2025-09-01T06:36:54.264127Z","level":"info","event":"\tat org.apache.spark.sql.SparkSession.withActive(SparkSession.scala:900)","chan":"stdout","logger":"task"}
{"timestamp":"2025-09-01T06:36:54.264153Z","level":"info","event":"\tat org.apache.spark.sql.Dataset$.ofRows(Dataset.scala:97)","chan":"stdout","logger":"task"}
{"timestamp":"2025-09-01T06:36:54.264224Z","level":"info","event":"\tat org.apache.spark.sql.SparkSession.$anonfun$sql$1(SparkSession.scala:638)","chan":"stdout","logger":"task"}
{"timestamp":"2025-09-01T06:36:54.264257Z","level":"info","event":"\tat org.apache.spark.sql.SparkSession.withActive(SparkSession.scala:900)","chan":"stdout","logger":"task"}
{"timestamp":"2025-09-01T06:36:54.264285Z","level":"info","event":"\tat org.apache.spark.sql.SparkSession.sql(SparkSession.scala:629)","chan":"stdout","logger":"task"}
{"timestamp":"2025-09-01T06:36:54.264312Z","level":"info","event":"\tat org.apache.spark.sql.SparkSession.sql(SparkSession.scala:659)","chan":"stdout","logger":"task"}
{"timestamp":"2025-09-01T06:36:54.264337Z","level":"info","event":"\tat java.base/jdk.internal.reflect.NativeMethodAccessorImpl.invoke0(Native Method)","chan":"stdout","logger":"task"}
{"timestamp":"2025-09-01T06:36:54.264364Z","level":"info","event":"\tat java.base/jdk.internal.reflect.NativeMethodAccessorImpl.invoke(NativeMethodAccessorImpl.java:77)","chan":"stdout","logger":"task"}
{"timestamp":"2025-09-01T06:36:54.264390Z","level":"info","event":"\tat java.base/jdk.internal.reflect.DelegatingMethodAccessorImpl.invoke(DelegatingMethodAccessorImpl.java:43)","chan":"stdout","logger":"task"}
{"timestamp":"2025-09-01T06:36:54.264417Z","level":"info","event":"\tat java.base/java.lang.reflect.Method.invoke(Method.java:569)","chan":"stdout","logger":"task"}
{"timestamp":"2025-09-01T06:36:54.264442Z","level":"info","event":"\tat py4j.reflection.MethodInvoker.invoke(MethodInvoker.java:244)","chan":"stdout","logger":"task"}
{"timestamp":"2025-09-01T06:36:54.264468Z","level":"info","event":"\tat py4j.reflection.ReflectionEngine.invoke(ReflectionEngine.java:374)","chan":"stdout","logger":"task"}
{"timestamp":"2025-09-01T06:36:54.264497Z","level":"info","event":"\tat py4j.Gateway.invoke(Gateway.java:282)","chan":"stdout","logger":"task"}
{"timestamp":"2025-09-01T06:36:54.264524Z","level":"info","event":"\tat py4j.commands.AbstractCommand.invokeMethod(AbstractCommand.java:132)","chan":"stdout","logger":"task"}
{"timestamp":"2025-09-01T06:36:54.264550Z","level":"info","event":"\tat py4j.commands.CallCommand.execute(CallCommand.java:79)","chan":"stdout","logger":"task"}
{"timestamp":"2025-09-01T06:36:54.264577Z","level":"info","event":"\tat py4j.ClientServerConnection.waitForCommands(ClientServerConnection.java:182)","chan":"stdout","logger":"task"}
{"timestamp":"2025-09-01T06:36:54.264604Z","level":"info","event":"\tat py4j.ClientServerConnection.run(ClientServerConnection.java:106)","chan":"stdout","logger":"task"}
{"timestamp":"2025-09-01T06:36:54.264631Z","level":"info","event":"\tat java.base/java.lang.Thread.run(Thread.java:840)","chan":"stdout","logger":"task"}
{"timestamp":"2025-09-01T06:36:54.264664Z","level":"info","event":"Caused by: org.apache.hadoop.fs.s3a.UnknownStoreException: `s3a://warehouse/weather': getFileStatus on s3a://warehouse/weather: com.amazonaws.services.s3.model.AmazonS3Exception: The specified bucket does not exist (Service: Amazon S3; Status Code: 404; Error Code: NoSuchBucket; Request ID: 1861152D57CC7718; S3 Extended Request ID: dd9025bab4ad464b049177c95eb6ebf374d3b3fd1af9251148b658df7ac2e3e8; Proxy: null), S3 Extended Request ID: dd9025bab4ad464b049177c95eb6ebf374d3b3fd1af9251148b658df7ac2e3e8:NoSuchBucket: The specified bucket does not exist (Service: Amazon S3; Status Code: 404; Error Code: NoSuchBucket; Request ID: 1861152D57CC7718; S3 Extended Request ID: dd9025bab4ad464b049177c95eb6ebf374d3b3fd1af9251148b658df7ac2e3e8; Proxy: null)","chan":"stdout","logger":"task"}
{"timestamp":"2025-09-01T06:36:54.264694Z","level":"info","event":"\tat org.apache.hadoop.fs.s3a.S3AUtils.translateException(S3AUtils.java:263)","chan":"stdout","logger":"task"}
{"timestamp":"2025-09-01T06:36:54.264721Z","level":"info","event":"\tat org.apache.hadoop.fs.s3a.S3AUtils.translateException(S3AUtils.java:175)","chan":"stdout","logger":"task"}
{"timestamp":"2025-09-01T06:36:54.264748Z","level":"info","event":"\tat org.apache.hadoop.fs.s3a.S3AFileSystem.s3GetFileStatus(S3AFileSystem.java:3858)","chan":"stdout","logger":"task"}
{"timestamp":"2025-09-01T06:36:54.264775Z","level":"info","event":"\tat org.apache.hadoop.fs.s3a.S3AFileSystem.innerGetFileStatus(S3AFileSystem.java:3688)","chan":"stdout","logger":"task"}
{"timestamp":"2025-09-01T06:36:54.264801Z","level":"info","event":"\tat org.apache.hadoop.fs.s3a.S3AFileSystem.lambda$getFileStatus$24(S3AFileSystem.java:3556)","chan":"stdout","logger":"task"}
{"timestamp":"2025-09-01T06:36:54.264827Z","level":"info","event":"\tat org.apache.hadoop.fs.statistics.impl.IOStatisticsBinding.lambda$trackDurationOfOperation$5(IOStatisticsBinding.java:499)","chan":"stdout","logger":"task"}
{"timestamp":"2025-09-01T06:36:54.264857Z","level":"info","event":"\tat org.apache.hadoop.fs.statistics.impl.IOStatisticsBinding.trackDuration(IOStatisticsBinding.java:444)","chan":"stdout","logger":"task"}
{"timestamp":"2025-09-01T06:36:54.264885Z","level":"info","event":"\tat org.apache.hadoop.fs.s3a.S3AFileSystem.trackDurationAndSpan(S3AFileSystem.java:2337)","chan":"stdout","logger":"task"}
{"timestamp":"2025-09-01T06:36:54.264911Z","level":"info","event":"\tat org.apache.hadoop.fs.s3a.S3AFileSystem.trackDurationAndSpan(S3AFileSystem.java:2356)","chan":"stdout","logger":"task"}
{"timestamp":"2025-09-01T06:36:54.264937Z","level":"info","event":"\tat org.apache.hadoop.fs.s3a.S3AFileSystem.getFileStatus(S3AFileSystem.java:3554)","chan":"stdout","logger":"task"}
{"timestamp":"2025-09-01T06:36:54.264962Z","level":"info","event":"\tat org.apache.iceberg.hadoop.HadoopCatalog.isDirectory(HadoopCatalog.java:176)","chan":"stdout","logger":"task"}
{"timestamp":"2025-09-01T06:36:54.264989Z","level":"info","event":"\t... 48 more","chan":"stdout","logger":"task"}
{"timestamp":"2025-09-01T06:36:54.265019Z","level":"info","event":"Caused by: com.amazonaws.services.s3.model.AmazonS3Exception: The specified bucket does not exist (Service: Amazon S3; Status Code: 404; Error Code: NoSuchBucket; Request ID: 1861152D57CC7718; S3 Extended Request ID: dd9025bab4ad464b049177c95eb6ebf374d3b3fd1af9251148b658df7ac2e3e8; Proxy: null), S3 Extended Request ID: dd9025bab4ad464b049177c95eb6ebf374d3b3fd1af9251148b658df7ac2e3e8","chan":"stdout","logger":"task"}
{"timestamp":"2025-09-01T06:36:54.265049Z","level":"info","event":"\tat com.amazonaws.http.AmazonHttpClient$RequestExecutor.handleErrorResponse(AmazonHttpClient.java:1912)","chan":"stdout","logger":"task"}
{"timestamp":"2025-09-01T06:36:54.265077Z","level":"info","event":"\tat com.amazonaws.http.AmazonHttpClient$RequestExecutor.handleServiceErrorResponse(AmazonHttpClient.java:1450)","chan":"stdout","logger":"task"}
{"timestamp":"2025-09-01T06:36:54.265104Z","level":"info","event":"\tat com.amazonaws.http.AmazonHttpClient$RequestExecutor.executeOneRequest(AmazonHttpClient.java:1419)","chan":"stdout","logger":"task"}
{"timestamp":"2025-09-01T06:36:54.265131Z","level":"info","event":"\tat com.amazonaws.http.AmazonHttpClient$RequestExecutor.executeHelper(AmazonHttpClient.java:1183)","chan":"stdout","logger":"task"}
{"timestamp":"2025-09-01T06:36:54.265157Z","level":"info","event":"\tat com.amazonaws.http.AmazonHttpClient$RequestExecutor.doExecute(AmazonHttpClient.java:838)","chan":"stdout","logger":"task"}
{"timestamp":"2025-09-01T06:36:54.265183Z","level":"info","event":"\tat com.amazonaws.http.AmazonHttpClient$RequestExecutor.executeWithTimer(AmazonHttpClient.java:805)","chan":"stdout","logger":"task"}
{"timestamp":"2025-09-01T06:36:54.265210Z","level":"info","event":"\tat com.amazonaws.http.AmazonHttpClient$RequestExecutor.execute(AmazonHttpClient.java:779)","chan":"stdout","logger":"task"}
{"timestamp":"2025-09-01T06:36:54.265236Z","level":"info","event":"\tat com.amazonaws.http.AmazonHttpClient$RequestExecutor.access$500(AmazonHttpClient.java:735)","chan":"stdout","logger":"task"}
{"timestamp":"2025-09-01T06:36:54.265288Z","level":"info","event":"\tat com.amazonaws.http.AmazonHttpClient$RequestExecutionBuilderImpl.execute(AmazonHttpClient.java:717)","chan":"stdout","logger":"task"}
{"timestamp":"2025-09-01T06:36:54.265319Z","level":"info","event":"\tat com.amazonaws.http.AmazonHttpClient.execute(AmazonHttpClient.java:581)","chan":"stdout","logger":"task"}
{"timestamp":"2025-09-01T06:36:54.265346Z","level":"info","event":"\tat com.amazonaws.http.AmazonHttpClient.execute(AmazonHttpClient.java:559)","chan":"stdout","logger":"task"}
{"timestamp":"2025-09-01T06:36:54.265372Z","level":"info","event":"\tat com.amazonaws.services.s3.AmazonS3Client.invoke(AmazonS3Client.java:5608)","chan":"stdout","logger":"task"}
{"timestamp":"2025-09-01T06:36:54.265398Z","level":"info","event":"\tat com.amazonaws.services.s3.AmazonS3Client.invoke(AmazonS3Client.java:5555)","chan":"stdout","logger":"task"}
{"timestamp":"2025-09-01T06:36:54.265424Z","level":"info","event":"\tat com.amazonaws.services.s3.AmazonS3Client.listObjectsV2(AmazonS3Client.java:1008)","chan":"stdout","logger":"task"}
{"timestamp":"2025-09-01T06:36:54.265450Z","level":"info","event":"\tat org.apache.hadoop.fs.s3a.S3AFileSystem.lambda$listObjects$11(S3AFileSystem.java:2595)","chan":"stdout","logger":"task"}
{"timestamp":"2025-09-01T06:36:54.265476Z","level":"info","event":"\tat org.apache.hadoop.fs.statistics.impl.IOStatisticsBinding.lambda$trackDurationOfOperation$5(IOStatisticsBinding.java:499)","chan":"stdout","logger":"task"}
{"timestamp":"2025-09-01T06:36:54.265502Z","level":"info","event":"\tat org.apache.hadoop.fs.s3a.Invoker.retryUntranslated(Invoker.java:414)","chan":"stdout","logger":"task"}
{"timestamp":"2025-09-01T06:36:54.265527Z","level":"info","event":"\tat org.apache.hadoop.fs.s3a.Invoker.retryUntranslated(Invoker.java:377)","chan":"stdout","logger":"task"}
{"timestamp":"2025-09-01T06:36:54.265553Z","level":"info","event":"\tat org.apache.hadoop.fs.s3a.S3AFileSystem.listObjects(S3AFileSystem.java:2586)","chan":"stdout","logger":"task"}
{"timestamp":"2025-09-01T06:36:54.265583Z","level":"info","event":"\tat org.apache.hadoop.fs.s3a.S3AFileSystem.s3GetFileStatus(S3AFileSystem.java:3832)","chan":"stdout","logger":"task"}
{"timestamp":"2025-09-01T06:36:54.265610Z","level":"info","event":"\t... 56 more","chan":"stdout","logger":"task"}
{"timestamp":"2025-09-01T06:36:54.265637Z","level":"info","event":"","chan":"stdout","logger":"task"}
{"timestamp":"2025-09-01T06:36:54.571402Z","level":"info","event":"Task instance in failure state","chan":"stdout","logger":"task"}
{"timestamp":"2025-09-01T06:36:54.571498Z","level":"info","event":"Task start","chan":"stdout","logger":"task"}
{"timestamp":"2025-09-01T06:36:54.571529Z","level":"info","event":"Task:<Task(PythonOperator): etl_data_weather.extract_transform_load>","chan":"stdout","logger":"task"}
{"timestamp":"2025-09-01T06:36:54.509900","level":"error","event":"Task failed with exception","logger":"task","error_detail":[{"exc_type":"Py4JJavaError","exc_value":"An error occurred while calling o96.sql.\n: java.io.UncheckedIOException: org.apache.hadoop.fs.s3a.UnknownStoreException: `s3a://warehouse/weather': getFileStatus on s3a://warehouse/weather: com.amazonaws.services.s3.model.AmazonS3Exception: The specified bucket does not exist (Service: Amazon S3; Status Code: 404; Error Code: NoSuchBucket; Request ID: 1861152D57CC7718; S3 Extended Request ID: dd9025bab4ad464b049177c95eb6ebf374d3b3fd1af9251148b658df7ac2e3e8; Proxy: null), S3 Extended Request ID: dd9025bab4ad464b049177c95eb6ebf374d3b3fd1af9251148b658df7ac2e3e8:NoSuchBucket: The specified bucket does not exist (Service: Amazon S3; Status Code: 404; Error Code: NoSuchBucket; Request ID: 1861152D57CC7718; S3 Extended Request ID: dd9025bab4ad464b049177c95eb6ebf374d3b3fd1af9251148b658df7ac2e3e8; Proxy: null)\n\tat org.apache.iceberg.hadoop.HadoopCatalog.isDirectory(HadoopCatalog.java:184)\n\tat org.apache.iceberg.hadoop.HadoopCatalog.isNamespace(HadoopCatalog.java:377)\n\tat org.apache.iceberg.hadoop.HadoopCatalog.loadNamespaceMetadata(HadoopCatalog.java:369)\n\tat org.apache.iceberg.spark.SparkCatalog.loadNamespaceMetadata(SparkCatalog.java:461)\n\tat org.apache.spark.sql.connector.catalog.SupportsNamespaces.namespaceExists(SupportsNamespaces.java:98)\n\tat org.apache.spark.sql.execution.datasources.v2.CreateNamespaceExec.run(CreateNamespaceExec.scala:43)\n\tat org.apache.spark.sql.execution.datasources.v2.V2CommandExec.result$lzycompute(V2CommandExec.scala:43)\n\tat org.apache.spark.sql.execution.datasources.v2.V2CommandExec.result(V2CommandExec.scala:43)\n\tat org.apache.spark.sql.execution.datasources.v2.V2CommandExec.executeCollect(V2CommandExec.scala:49)\n\tat org.apache.spark.sql.execution.QueryExecution$$anonfun$eagerlyExecuteCommands$1.$anonfun$applyOrElse$1(QueryExecution.scala:107)\n\tat org.apache.spark.sql.execution.SQLExecution$.$anonfun$withNewExecutionId$6(SQLExecution.scala:125)\n\tat org.apache.spark.sql.execution.SQLExecution$.withSQLConfPropagated(SQLExecution.scala:201)\n\tat org.apache.spark.sql.execution.SQLExecution$.$anonfun$withNewExecutionId$1(SQLExecution.scala:108)\n\tat org.apache.spark.sql.SparkSession.withActive(SparkSession.scala:900)\n\tat org.apache.spark.sql.execution.SQLExecution$.withNewExecutionId(SQLExecution.scala:66)\n\tat org.apache.spark.sql.execution.QueryExecution$$anonfun$eagerlyExecuteCommands$1.applyOrElse(QueryExecution.scala:107)\n\tat org.apache.spark.sql.execution.QueryExecution$$anonfun$eagerlyExecuteCommands$1.applyOrElse(QueryExecution.scala:98)\n\tat org.apache.spark.sql.catalyst.trees.TreeNode.$anonfun$transformDownWithPruning$1(TreeNode.scala:461)\n\tat org.apache.spark.sql.catalyst.trees.CurrentOrigin$.withOrigin(origin.scala:76)\n\tat org.apache.spark.sql.catalyst.trees.TreeNode.transformDownWithPruning(TreeNode.scala:461)\n\tat org.apache.spark.sql.catalyst.plans.logical.LogicalPlan.org$apache$spark$sql$catalyst$plans$logical$AnalysisHelper$$super$transformDownWithPruning(LogicalPlan.scala:32)\n\tat org.apache.spark.sql.catalyst.plans.logical.AnalysisHelper.transformDownWithPruning(AnalysisHelper.scala:267)\n\tat org.apache.spark.sql.catalyst.plans.logical.AnalysisHelper.transformDownWithPruning$(AnalysisHelper.scala:263)\n\tat org.apache.spark.sql.catalyst.plans.logical.LogicalPlan.transformDownWithPruning(LogicalPlan.scala:32)\n\tat org.apache.spark.sql.catalyst.plans.logical.LogicalPlan.transformDownWithPruning(LogicalPlan.scala:32)\n\tat org.apache.spark.sql.catalyst.trees.TreeNode.transformDown(TreeNode.scala:437)\n\tat org.apache.spark.sql.execution.QueryExecution.eagerlyExecuteCommands(QueryExecution.scala:98)\n\tat org.apache.spark.sql.execution.QueryExecution.commandExecuted$lzycompute(QueryExecution.scala:85)\n\tat org.apache.spark.sql.execution.QueryExecution.commandExecuted(QueryExecution.scala:83)\n\tat org.apache.spark.sql.Dataset.<init>(Dataset.scala:220)\n\tat org.apache.spark.sql.Dataset$.$anonfun$ofRows$2(Dataset.scala:100)\n\tat org.apache.spark.sql.SparkSession.withActive(SparkSession.scala:900)\n\tat org.apache.spark.sql.Dataset$.ofRows(Dataset.scala:97)\n\tat org.apache.spark.sql.SparkSession.$anonfun$sql$1(SparkSession.scala:638)\n\tat org.apache.spark.sql.SparkSession.withActive(SparkSession.scala:900)\n\tat org.apache.spark.sql.SparkSession.sql(SparkSession.scala:629)\n\tat org.apache.spark.sql.SparkSession.sql(SparkSession.scala:659)\n\tat java.base/jdk.internal.reflect.NativeMethodAccessorImpl.invoke0(Native Method)\n\tat java.base/jdk.internal.reflect.NativeMethodAccessorImpl.invoke(NativeMethodAccessorImpl.java:77)\n\tat java.base/jdk.internal.reflect.DelegatingMethodAccessorImpl.invoke(DelegatingMethodAccessorImpl.java:43)\n\tat java.base/java.lang.reflect.Method.invoke(Method.java:569)\n\tat py4j.reflection.MethodInvoker.invoke(MethodInvoker.java:244)\n\tat py4j.reflection.ReflectionEngine.invoke(ReflectionEngine.java:374)\n\tat py4j.Gateway.invoke(Gateway.java:282)\n\tat py4j.commands.AbstractCommand.invokeMethod(AbstractCommand.java:132)\n\tat py4j.commands.CallCommand.execute(CallCommand.java:79)\n\tat py4j.ClientServerConnection.waitForCommands(ClientServerConnection.java:182)\n\tat py4j.ClientServerConnection.run(ClientServerConnection.java:106)\n\tat java.base/java.lang.Thread.run(Thread.java:840)\nCaused by: org.apache.hadoop.fs.s3a.UnknownStoreException: `s3a://warehouse/weather': getFileStatus on s3a://warehouse/weather: com.amazonaws.services.s3.model.AmazonS3Exception: The specified bucket does not exist (Service: Amazon S3; Status Code: 404; Error Code: NoSuchBucket; Request ID: 1861152D57CC7718; S3 Extended Request ID: dd9025bab4ad464b049177c95eb6ebf374d3b3fd1af9251148b658df7ac2e3e8; Proxy: null), S3 Extended Request ID: dd9025bab4ad464b049177c95eb6ebf374d3b3fd1af9251148b658df7ac2e3e8:NoSuchBucket: The specified bucket does not exist (Service: Amazon S3; Status Code: 404; Error Code: NoSuchBucket; Request ID: 1861152D57CC7718; S3 Extended Request ID: dd9025bab4ad464b049177c95eb6ebf374d3b3fd1af9251148b658df7ac2e3e8; Proxy: null)\n\tat org.apache.hadoop.fs.s3a.S3AUtils.translateException(S3AUtils.java:263)\n\tat org.apache.hadoop.fs.s3a.S3AUtils.translateException(S3AUtils.java:175)\n\tat org.apache.hadoop.fs.s3a.S3AFileSystem.s3GetFileStatus(S3AFileSystem.java:3858)\n\tat org.apache.hadoop.fs.s3a.S3AFileSystem.innerGetFileStatus(S3AFileSystem.java:3688)\n\tat org.apache.hadoop.fs.s3a.S3AFileSystem.lambda$getFileStatus$24(S3AFileSystem.java:3556)\n\tat org.apache.hadoop.fs.statistics.impl.IOStatisticsBinding.lambda$trackDurationOfOperation$5(IOStatisticsBinding.java:499)\n\tat org.apache.hadoop.fs.statistics.impl.IOStatisticsBinding.trackDuration(IOStatisticsBinding.java:444)\n\tat org.apache.hadoop.fs.s3a.S3AFileSystem.trackDurationAndSpan(S3AFileSystem.java:2337)\n\tat org.apache.hadoop.fs.s3a.S3AFileSystem.trackDurationAndSpan(S3AFileSystem.java:2356)\n\tat org.apache.hadoop.fs.s3a.S3AFileSystem.getFileStatus(S3AFileSystem.java:3554)\n\tat org.apache.iceberg.hadoop.HadoopCatalog.isDirectory(HadoopCatalog.java:176)\n\t... 48 more\nCaused by: com.amazonaws.services.s3.model.AmazonS3Exception: The specified bucket does not exist (Service: Amazon S3; Status Code: 404; Error Code: NoSuchBucket; Request ID: 1861152D57CC7718; S3 Extended Request ID: dd9025bab4ad464b049177c95eb6ebf374d3b3fd1af9251148b658df7ac2e3e8; Proxy: null), S3 Extended Request ID: dd9025bab4ad464b049177c95eb6ebf374d3b3fd1af9251148b658df7ac2e3e8\n\tat com.amazonaws.http.AmazonHttpClient$RequestExecutor.handleErrorResponse(AmazonHttpClient.java:1912)\n\tat com.amazonaws.http.AmazonHttpClient$RequestExecutor.handleServiceErrorResponse(AmazonHttpClient.java:1450)\n\tat com.amazonaws.http.AmazonHttpClient$RequestExecutor.executeOneRequest(AmazonHttpClient.java:1419)\n\tat com.amazonaws.http.AmazonHttpClient$RequestExecutor.executeHelper(AmazonHttpClient.java:1183)\n\tat com.amazonaws.http.AmazonHttpClient$RequestExecutor.doExecute(AmazonHttpClient.java:838)\n\tat com.amazonaws.http.AmazonHttpClient$RequestExecutor.executeWithTimer(AmazonHttpClient.java:805)\n\tat com.amazonaws.http.AmazonHttpClient$RequestExecutor.execute(AmazonHttpClient.java:779)\n\tat com.amazonaws.http.AmazonHttpClient$RequestExecutor.access$500(AmazonHttpClient.java:735)\n\tat com.amazonaws.http.AmazonHttpClient$RequestExecutionBuilderImpl.execute(AmazonHttpClient.java:717)\n\tat com.amazonaws.http.AmazonHttpClient.execute(AmazonHttpClient.java:581)\n\tat com.amazonaws.http.AmazonHttpClient.execute(AmazonHttpClient.java:559)\n\tat com.amazonaws.services.s3.AmazonS3Client.invoke(AmazonS3Client.java:5608)\n\tat com.amazonaws.services.s3.AmazonS3Client.invoke(AmazonS3Client.java:5555)\n\tat com.amazonaws.services.s3.AmazonS3Client.listObjectsV2(AmazonS3Client.java:1008)\n\tat org.apache.hadoop.fs.s3a.S3AFileSystem.lambda$listObjects$11(S3AFileSystem.java:2595)\n\tat org.apache.hadoop.fs.statistics.impl.IOStatisticsBinding.lambda$trackDurationOfOperation$5(IOStatisticsBinding.java:499)\n\tat org.apache.hadoop.fs.s3a.Invoker.retryUntranslated(Invoker.java:414)\n\tat org.apache.hadoop.fs.s3a.Invoker.retryUntranslated(Invoker.java:377)\n\tat org.apache.hadoop.fs.s3a.S3AFileSystem.listObjects(S3AFileSystem.java:2586)\n\tat org.apache.hadoop.fs.s3a.S3AFileSystem.s3GetFileStatus(S3AFileSystem.java:3832)\n\t... 56 more\n","exc_notes":[],"syntax_error":null,"is_cause":false,"frames":[{"filename":"/home/airflow/.local/lib/python3.12/site-packages/airflow/sdk/execution_time/task_runner.py","lineno":825,"name":"run"},{"filename":"/home/airflow/.local/lib/python3.12/site-packages/airflow/sdk/execution_time/task_runner.py","lineno":1088,"name":"_execute_task"},{"filename":"/home/airflow/.local/lib/python3.12/site-packages/airflow/sdk/bases/operator.py","lineno":408,"name":"wrapper"},{"filename":"/home/airflow/.local/lib/python3.12/site-packages/airflow/providers/standard/operators/python.py","lineno":212,"name":"execute"},{"filename":"/home/airflow/.local/lib/python3.12/site-packages/airflow/providers/standard/operators/python.py","lineno":235,"name":"execute_callable"},{"filename":"/home/airflow/.local/lib/python3.12/site-packages/airflow/sdk/execution_time/callback_runner.py","lineno":81,"name":"run"},{"filename":"/opt/airflow/dags/main.py","lineno":24,"name":"run_etl_weather"},{"filename":"/opt/airflow/dags/etl_data_weather.py","lineno":88,"name":"load_data_weather"},{"filename":"/opt/airflow/dags/spark/build_spark.py","lineno":93,"name":"write_spark_iceberg"},{"filename":"/home/airflow/.local/lib/python3.12/site-packages/pyspark/sql/session.py","lineno":1631,"name":"sql"},{"filename":"/home/airflow/.local/lib/python3.12/site-packages/py4j/java_gateway.py","lineno":1322,"name":"__call__"},{"filename":"/home/airflow/.local/lib/python3.12/site-packages/pyspark/errors/exceptions/captured.py","lineno":179,"name":"deco"},{"filename":"/home/airflow/.local/lib/python3.12/site-packages/py4j/protocol.py","lineno":326,"name":"get_return_value"}]}]}
{"timestamp":"2025-09-01T06:36:54.593069Z","level":"info","event":"Failure caused by An error occurred while calling o96.sql.","chan":"stdout","logger":"task"}
{"timestamp":"2025-09-01T06:36:54.593174Z","level":"info","event":": java.io.UncheckedIOException: org.apache.hadoop.fs.s3a.UnknownStoreException: `s3a://warehouse/weather': getFileStatus on s3a://warehouse/weather: com.amazonaws.services.s3.model.AmazonS3Exception: The specified bucket does not exist (Service: Amazon S3; Status Code: 404; Error Code: NoSuchBucket; Request ID: 1861152D57CC7718; S3 Extended Request ID: dd9025bab4ad464b049177c95eb6ebf374d3b3fd1af9251148b658df7ac2e3e8; Proxy: null), S3 Extended Request ID: dd9025bab4ad464b049177c95eb6ebf374d3b3fd1af9251148b658df7ac2e3e8:NoSuchBucket: The specified bucket does not exist (Service: Amazon S3; Status Code: 404; Error Code: NoSuchBucket; Request ID: 1861152D57CC7718; S3 Extended Request ID: dd9025bab4ad464b049177c95eb6ebf374d3b3fd1af9251148b658df7ac2e3e8; Proxy: null)","chan":"stdout","logger":"task"}
{"timestamp":"2025-09-01T06:36:54.593220Z","level":"info","event":"\tat org.apache.iceberg.hadoop.HadoopCatalog.isDirectory(HadoopCatalog.java:184)","chan":"stdout","logger":"task"}
{"timestamp":"2025-09-01T06:36:54.593250Z","level":"info","event":"\tat org.apache.iceberg.hadoop.HadoopCatalog.isNamespace(HadoopCatalog.java:377)","chan":"stdout","logger":"task"}
{"timestamp":"2025-09-01T06:36:54.593276Z","level":"info","event":"\tat org.apache.iceberg.hadoop.HadoopCatalog.loadNamespaceMetadata(HadoopCatalog.java:369)","chan":"stdout","logger":"task"}
{"timestamp":"2025-09-01T06:36:54.593303Z","level":"info","event":"\tat org.apache.iceberg.spark.SparkCatalog.loadNamespaceMetadata(SparkCatalog.java:461)","chan":"stdout","logger":"task"}
{"timestamp":"2025-09-01T06:36:54.593329Z","level":"info","event":"\tat org.apache.spark.sql.connector.catalog.SupportsNamespaces.namespaceExists(SupportsNamespaces.java:98)","chan":"stdout","logger":"task"}
{"timestamp":"2025-09-01T06:36:54.593356Z","level":"info","event":"\tat org.apache.spark.sql.execution.datasources.v2.CreateNamespaceExec.run(CreateNamespaceExec.scala:43)","chan":"stdout","logger":"task"}
{"timestamp":"2025-09-01T06:36:54.593382Z","level":"info","event":"\tat org.apache.spark.sql.execution.datasources.v2.V2CommandExec.result$lzycompute(V2CommandExec.scala:43)","chan":"stdout","logger":"task"}
{"timestamp":"2025-09-01T06:36:54.593407Z","level":"info","event":"\tat org.apache.spark.sql.execution.datasources.v2.V2CommandExec.result(V2CommandExec.scala:43)","chan":"stdout","logger":"task"}
{"timestamp":"2025-09-01T06:36:54.593432Z","level":"info","event":"\tat org.apache.spark.sql.execution.datasources.v2.V2CommandExec.executeCollect(V2CommandExec.scala:49)","chan":"stdout","logger":"task"}
{"timestamp":"2025-09-01T06:36:54.593458Z","level":"info","event":"\tat org.apache.spark.sql.execution.QueryExecution$$anonfun$eagerlyExecuteCommands$1.$anonfun$applyOrElse$1(QueryExecution.scala:107)","chan":"stdout","logger":"task"}
{"timestamp":"2025-09-01T06:36:54.593484Z","level":"info","event":"\tat org.apache.spark.sql.execution.SQLExecution$.$anonfun$withNewExecutionId$6(SQLExecution.scala:125)","chan":"stdout","logger":"task"}
{"timestamp":"2025-09-01T06:36:54.593509Z","level":"info","event":"\tat org.apache.spark.sql.execution.SQLExecution$.withSQLConfPropagated(SQLExecution.scala:201)","chan":"stdout","logger":"task"}
{"timestamp":"2025-09-01T06:36:54.593534Z","level":"info","event":"\tat org.apache.spark.sql.execution.SQLExecution$.$anonfun$withNewExecutionId$1(SQLExecution.scala:108)","chan":"stdout","logger":"task"}
{"timestamp":"2025-09-01T06:36:54.593559Z","level":"info","event":"\tat org.apache.spark.sql.SparkSession.withActive(SparkSession.scala:900)","chan":"stdout","logger":"task"}
{"timestamp":"2025-09-01T06:36:54.593584Z","level":"info","event":"\tat org.apache.spark.sql.execution.SQLExecution$.withNewExecutionId(SQLExecution.scala:66)","chan":"stdout","logger":"task"}
{"timestamp":"2025-09-01T06:36:54.593609Z","level":"info","event":"\tat org.apache.spark.sql.execution.QueryExecution$$anonfun$eagerlyExecuteCommands$1.applyOrElse(QueryExecution.scala:107)","chan":"stdout","logger":"task"}
{"timestamp":"2025-09-01T06:36:54.593635Z","level":"info","event":"\tat org.apache.spark.sql.execution.QueryExecution$$anonfun$eagerlyExecuteCommands$1.applyOrElse(QueryExecution.scala:98)","chan":"stdout","logger":"task"}
{"timestamp":"2025-09-01T06:36:54.593662Z","level":"info","event":"\tat org.apache.spark.sql.catalyst.trees.TreeNode.$anonfun$transformDownWithPruning$1(TreeNode.scala:461)","chan":"stdout","logger":"task"}
{"timestamp":"2025-09-01T06:36:54.593689Z","level":"info","event":"\tat org.apache.spark.sql.catalyst.trees.CurrentOrigin$.withOrigin(origin.scala:76)","chan":"stdout","logger":"task"}
{"timestamp":"2025-09-01T06:36:54.593714Z","level":"info","event":"\tat org.apache.spark.sql.catalyst.trees.TreeNode.transformDownWithPruning(TreeNode.scala:461)","chan":"stdout","logger":"task"}
{"timestamp":"2025-09-01T06:36:54.593739Z","level":"info","event":"\tat org.apache.spark.sql.catalyst.plans.logical.LogicalPlan.org$apache$spark$sql$catalyst$plans$logical$AnalysisHelper$$super$transformDownWithPruning(LogicalPlan.scala:32)","chan":"stdout","logger":"task"}
{"timestamp":"2025-09-01T06:36:54.593765Z","level":"info","event":"\tat org.apache.spark.sql.catalyst.plans.logical.AnalysisHelper.transformDownWithPruning(AnalysisHelper.scala:267)","chan":"stdout","logger":"task"}
{"timestamp":"2025-09-01T06:36:54.593791Z","level":"info","event":"\tat org.apache.spark.sql.catalyst.plans.logical.AnalysisHelper.transformDownWithPruning$(AnalysisHelper.scala:263)","chan":"stdout","logger":"task"}
{"timestamp":"2025-09-01T06:36:54.593815Z","level":"info","event":"\tat org.apache.spark.sql.catalyst.plans.logical.LogicalPlan.transformDownWithPruning(LogicalPlan.scala:32)","chan":"stdout","logger":"task"}
{"timestamp":"2025-09-01T06:36:54.593841Z","level":"info","event":"\tat org.apache.spark.sql.catalyst.plans.logical.LogicalPlan.transformDownWithPruning(LogicalPlan.scala:32)","chan":"stdout","logger":"task"}
{"timestamp":"2025-09-01T06:36:54.593876Z","level":"info","event":"\tat org.apache.spark.sql.catalyst.trees.TreeNode.transformDown(TreeNode.scala:437)","chan":"stdout","logger":"task"}
{"timestamp":"2025-09-01T06:36:54.593906Z","level":"info","event":"\tat org.apache.spark.sql.execution.QueryExecution.eagerlyExecuteCommands(QueryExecution.scala:98)","chan":"stdout","logger":"task"}
{"timestamp":"2025-09-01T06:36:54.593937Z","level":"info","event":"\tat org.apache.spark.sql.execution.QueryExecution.commandExecuted$lzycompute(QueryExecution.scala:85)","chan":"stdout","logger":"task"}
{"timestamp":"2025-09-01T06:36:54.593962Z","level":"info","event":"\tat org.apache.spark.sql.execution.QueryExecution.commandExecuted(QueryExecution.scala:83)","chan":"stdout","logger":"task"}
{"timestamp":"2025-09-01T06:36:54.593987Z","level":"info","event":"\tat org.apache.spark.sql.Dataset.<init>(Dataset.scala:220)","chan":"stdout","logger":"task"}
{"timestamp":"2025-09-01T06:36:54.594012Z","level":"info","event":"\tat org.apache.spark.sql.Dataset$.$anonfun$ofRows$2(Dataset.scala:100)","chan":"stdout","logger":"task"}
{"timestamp":"2025-09-01T06:36:54.594036Z","level":"info","event":"\tat org.apache.spark.sql.SparkSession.withActive(SparkSession.scala:900)","chan":"stdout","logger":"task"}
{"timestamp":"2025-09-01T06:36:54.594060Z","level":"info","event":"\tat org.apache.spark.sql.Dataset$.ofRows(Dataset.scala:97)","chan":"stdout","logger":"task"}
{"timestamp":"2025-09-01T06:36:54.594119Z","level":"info","event":"\tat org.apache.spark.sql.SparkSession.$anonfun$sql$1(SparkSession.scala:638)","chan":"stdout","logger":"task"}
{"timestamp":"2025-09-01T06:36:54.594151Z","level":"info","event":"\tat org.apache.spark.sql.SparkSession.withActive(SparkSession.scala:900)","chan":"stdout","logger":"task"}
{"timestamp":"2025-09-01T06:36:54.594177Z","level":"info","event":"\tat org.apache.spark.sql.SparkSession.sql(SparkSession.scala:629)","chan":"stdout","logger":"task"}
{"timestamp":"2025-09-01T06:36:54.594203Z","level":"info","event":"\tat org.apache.spark.sql.SparkSession.sql(SparkSession.scala:659)","chan":"stdout","logger":"task"}
{"timestamp":"2025-09-01T06:36:54.594228Z","level":"info","event":"\tat java.base/jdk.internal.reflect.NativeMethodAccessorImpl.invoke0(Native Method)","chan":"stdout","logger":"task"}
{"timestamp":"2025-09-01T06:36:54.594256Z","level":"info","event":"\tat java.base/jdk.internal.reflect.NativeMethodAccessorImpl.invoke(NativeMethodAccessorImpl.java:77)","chan":"stdout","logger":"task"}
{"timestamp":"2025-09-01T06:36:54.594281Z","level":"info","event":"\tat java.base/jdk.internal.reflect.DelegatingMethodAccessorImpl.invoke(DelegatingMethodAccessorImpl.java:43)","chan":"stdout","logger":"task"}
{"timestamp":"2025-09-01T06:36:54.594307Z","level":"info","event":"\tat java.base/java.lang.reflect.Method.invoke(Method.java:569)","chan":"stdout","logger":"task"}
{"timestamp":"2025-09-01T06:36:54.594332Z","level":"info","event":"\tat py4j.reflection.MethodInvoker.invoke(MethodInvoker.java:244)","chan":"stdout","logger":"task"}
{"timestamp":"2025-09-01T06:36:54.594357Z","level":"info","event":"\tat py4j.reflection.ReflectionEngine.invoke(ReflectionEngine.java:374)","chan":"stdout","logger":"task"}
{"timestamp":"2025-09-01T06:36:54.594382Z","level":"info","event":"\tat py4j.Gateway.invoke(Gateway.java:282)","chan":"stdout","logger":"task"}
{"timestamp":"2025-09-01T06:36:54.594406Z","level":"info","event":"\tat py4j.commands.AbstractCommand.invokeMethod(AbstractCommand.java:132)","chan":"stdout","logger":"task"}
{"timestamp":"2025-09-01T06:36:54.594432Z","level":"info","event":"\tat py4j.commands.CallCommand.execute(CallCommand.java:79)","chan":"stdout","logger":"task"}
{"timestamp":"2025-09-01T06:36:54.594457Z","level":"info","event":"\tat py4j.ClientServerConnection.waitForCommands(ClientServerConnection.java:182)","chan":"stdout","logger":"task"}
{"timestamp":"2025-09-01T06:36:54.594483Z","level":"info","event":"\tat py4j.ClientServerConnection.run(ClientServerConnection.java:106)","chan":"stdout","logger":"task"}
{"timestamp":"2025-09-01T06:36:54.594508Z","level":"info","event":"\tat java.base/java.lang.Thread.run(Thread.java:840)","chan":"stdout","logger":"task"}
{"timestamp":"2025-09-01T06:36:54.594535Z","level":"info","event":"Caused by: org.apache.hadoop.fs.s3a.UnknownStoreException: `s3a://warehouse/weather': getFileStatus on s3a://warehouse/weather: com.amazonaws.services.s3.model.AmazonS3Exception: The specified bucket does not exist (Service: Amazon S3; Status Code: 404; Error Code: NoSuchBucket; Request ID: 1861152D57CC7718; S3 Extended Request ID: dd9025bab4ad464b049177c95eb6ebf374d3b3fd1af9251148b658df7ac2e3e8; Proxy: null), S3 Extended Request ID: dd9025bab4ad464b049177c95eb6ebf374d3b3fd1af9251148b658df7ac2e3e8:NoSuchBucket: The specified bucket does not exist (Service: Amazon S3; Status Code: 404; Error Code: NoSuchBucket; Request ID: 1861152D57CC7718; S3 Extended Request ID: dd9025bab4ad464b049177c95eb6ebf374d3b3fd1af9251148b658df7ac2e3e8; Proxy: null)","chan":"stdout","logger":"task"}
{"timestamp":"2025-09-01T06:36:54.594562Z","level":"info","event":"\tat org.apache.hadoop.fs.s3a.S3AUtils.translateException(S3AUtils.java:263)","chan":"stdout","logger":"task"}
{"timestamp":"2025-09-01T06:36:54.594590Z","level":"info","event":"\tat org.apache.hadoop.fs.s3a.S3AUtils.translateException(S3AUtils.java:175)","chan":"stdout","logger":"task"}
{"timestamp":"2025-09-01T06:36:54.594617Z","level":"info","event":"\tat org.apache.hadoop.fs.s3a.S3AFileSystem.s3GetFileStatus(S3AFileSystem.java:3858)","chan":"stdout","logger":"task"}
{"timestamp":"2025-09-01T06:36:54.594642Z","level":"info","event":"\tat org.apache.hadoop.fs.s3a.S3AFileSystem.innerGetFileStatus(S3AFileSystem.java:3688)","chan":"stdout","logger":"task"}
{"timestamp":"2025-09-01T06:36:54.594667Z","level":"info","event":"\tat org.apache.hadoop.fs.s3a.S3AFileSystem.lambda$getFileStatus$24(S3AFileSystem.java:3556)","chan":"stdout","logger":"task"}
{"timestamp":"2025-09-01T06:36:54.594691Z","level":"info","event":"\tat org.apache.hadoop.fs.statistics.impl.IOStatisticsBinding.lambda$trackDurationOfOperation$5(IOStatisticsBinding.java:499)","chan":"stdout","logger":"task"}
{"timestamp":"2025-09-01T06:36:54.594716Z","level":"info","event":"\tat org.apache.hadoop.fs.statistics.impl.IOStatisticsBinding.trackDuration(IOStatisticsBinding.java:444)","chan":"stdout","logger":"task"}
{"timestamp":"2025-09-01T06:36:54.594743Z","level":"info","event":"\tat org.apache.hadoop.fs.s3a.S3AFileSystem.trackDurationAndSpan(S3AFileSystem.java:2337)","chan":"stdout","logger":"task"}
{"timestamp":"2025-09-01T06:36:54.594769Z","level":"info","event":"\tat org.apache.hadoop.fs.s3a.S3AFileSystem.trackDurationAndSpan(S3AFileSystem.java:2356)","chan":"stdout","logger":"task"}
{"timestamp":"2025-09-01T06:36:54.594794Z","level":"info","event":"\tat org.apache.hadoop.fs.s3a.S3AFileSystem.getFileStatus(S3AFileSystem.java:3554)","chan":"stdout","logger":"task"}
{"timestamp":"2025-09-01T06:36:54.594819Z","level":"info","event":"\tat org.apache.iceberg.hadoop.HadoopCatalog.isDirectory(HadoopCatalog.java:176)","chan":"stdout","logger":"task"}
{"timestamp":"2025-09-01T06:36:54.594844Z","level":"info","event":"\t... 48 more","chan":"stdout","logger":"task"}
{"timestamp":"2025-09-01T06:36:54.594875Z","level":"info","event":"Caused by: com.amazonaws.services.s3.model.AmazonS3Exception: The specified bucket does not exist (Service: Amazon S3; Status Code: 404; Error Code: NoSuchBucket; Request ID: 1861152D57CC7718; S3 Extended Request ID: dd9025bab4ad464b049177c95eb6ebf374d3b3fd1af9251148b658df7ac2e3e8; Proxy: null), S3 Extended Request ID: dd9025bab4ad464b049177c95eb6ebf374d3b3fd1af9251148b658df7ac2e3e8","chan":"stdout","logger":"task"}
{"timestamp":"2025-09-01T06:36:54.594903Z","level":"info","event":"\tat com.amazonaws.http.AmazonHttpClient$RequestExecutor.handleErrorResponse(AmazonHttpClient.java:1912)","chan":"stdout","logger":"task"}
{"timestamp":"2025-09-01T06:36:54.594929Z","level":"info","event":"\tat com.amazonaws.http.AmazonHttpClient$RequestExecutor.handleServiceErrorResponse(AmazonHttpClient.java:1450)","chan":"stdout","logger":"task"}
{"timestamp":"2025-09-01T06:36:54.594954Z","level":"info","event":"\tat com.amazonaws.http.AmazonHttpClient$RequestExecutor.executeOneRequest(AmazonHttpClient.java:1419)","chan":"stdout","logger":"task"}
{"timestamp":"2025-09-01T06:36:54.594980Z","level":"info","event":"\tat com.amazonaws.http.AmazonHttpClient$RequestExecutor.executeHelper(AmazonHttpClient.java:1183)","chan":"stdout","logger":"task"}
{"timestamp":"2025-09-01T06:36:54.595006Z","level":"info","event":"\tat com.amazonaws.http.AmazonHttpClient$RequestExecutor.doExecute(AmazonHttpClient.java:838)","chan":"stdout","logger":"task"}
{"timestamp":"2025-09-01T06:36:54.595032Z","level":"info","event":"\tat com.amazonaws.http.AmazonHttpClient$RequestExecutor.executeWithTimer(AmazonHttpClient.java:805)","chan":"stdout","logger":"task"}
{"timestamp":"2025-09-01T06:36:54.595059Z","level":"info","event":"\tat com.amazonaws.http.AmazonHttpClient$RequestExecutor.execute(AmazonHttpClient.java:779)","chan":"stdout","logger":"task"}
{"timestamp":"2025-09-01T06:36:54.595085Z","level":"info","event":"\tat com.amazonaws.http.AmazonHttpClient$RequestExecutor.access$500(AmazonHttpClient.java:735)","chan":"stdout","logger":"task"}
{"timestamp":"2025-09-01T06:36:54.595131Z","level":"info","event":"\tat com.amazonaws.http.AmazonHttpClient$RequestExecutionBuilderImpl.execute(AmazonHttpClient.java:717)","chan":"stdout","logger":"task"}
{"timestamp":"2025-09-01T06:36:54.595161Z","level":"info","event":"\tat com.amazonaws.http.AmazonHttpClient.execute(AmazonHttpClient.java:581)","chan":"stdout","logger":"task"}
{"timestamp":"2025-09-01T06:36:54.595187Z","level":"info","event":"\tat com.amazonaws.http.AmazonHttpClient.execute(AmazonHttpClient.java:559)","chan":"stdout","logger":"task"}
{"timestamp":"2025-09-01T06:36:54.595212Z","level":"info","event":"\tat com.amazonaws.services.s3.AmazonS3Client.invoke(AmazonS3Client.java:5608)","chan":"stdout","logger":"task"}
{"timestamp":"2025-09-01T06:36:54.595237Z","level":"info","event":"\tat com.amazonaws.services.s3.AmazonS3Client.invoke(AmazonS3Client.java:5555)","chan":"stdout","logger":"task"}
{"timestamp":"2025-09-01T06:36:54.595262Z","level":"info","event":"\tat com.amazonaws.services.s3.AmazonS3Client.listObjectsV2(AmazonS3Client.java:1008)","chan":"stdout","logger":"task"}
{"timestamp":"2025-09-01T06:36:54.595289Z","level":"info","event":"\tat org.apache.hadoop.fs.s3a.S3AFileSystem.lambda$listObjects$11(S3AFileSystem.java:2595)","chan":"stdout","logger":"task"}
{"timestamp":"2025-09-01T06:36:54.595315Z","level":"info","event":"\tat org.apache.hadoop.fs.statistics.impl.IOStatisticsBinding.lambda$trackDurationOfOperation$5(IOStatisticsBinding.java:499)","chan":"stdout","logger":"task"}
{"timestamp":"2025-09-01T06:36:54.595340Z","level":"info","event":"\tat org.apache.hadoop.fs.s3a.Invoker.retryUntranslated(Invoker.java:414)","chan":"stdout","logger":"task"}
{"timestamp":"2025-09-01T06:36:54.595365Z","level":"info","event":"\tat org.apache.hadoop.fs.s3a.Invoker.retryUntranslated(Invoker.java:377)","chan":"stdout","logger":"task"}
{"timestamp":"2025-09-01T06:36:54.595389Z","level":"info","event":"\tat org.apache.hadoop.fs.s3a.S3AFileSystem.listObjects(S3AFileSystem.java:2586)","chan":"stdout","logger":"task"}
{"timestamp":"2025-09-01T06:36:54.595414Z","level":"info","event":"\tat org.apache.hadoop.fs.s3a.S3AFileSystem.s3GetFileStatus(S3AFileSystem.java:3832)","chan":"stdout","logger":"task"}
{"timestamp":"2025-09-01T06:36:54.595439Z","level":"info","event":"\t... 56 more","chan":"stdout","logger":"task"}
{"timestamp":"2025-09-01T06:36:54.595465Z","level":"info","event":"","chan":"stdout","logger":"task"}
{"timestamp":"2025-09-01T06:36:54.983150Z","level":"error","event":"\r[Stage 5:======>                                                (23 + 13) / 200]\r\r[Stage 5:============>                                          (44 + 14) / 200]\r\r[Stage 5:================================>                     (121 + 13) / 200]","chan":"stderr","logger":"task"}
