{"timestamp":"2025-09-01T06:41:55.674190","level":"info","event":"DAG bundles loaded: dags-folder, example_dags","logger":"airflow.dag_processing.bundles.manager.DagBundlesManager"}
{"timestamp":"2025-09-01T06:41:55.674616","level":"info","event":"Filling up the DagBag from /opt/airflow/dags/main.py","logger":"airflow.models.dagbag.DagBag"}
{"timestamp":"2025-09-01T06:41:56.189209Z","level":"info","event":"WARNING: sun.reflect.Reflection.getCallerClass is not supported. This will impact performance.","chan":"stdout","logger":"task"}
{"timestamp":"2025-09-01T06:41:56.784847Z","level":"error","event":"25/09/01 06:41:56 WARN NativeCodeLoader: Unable to load native-hadoop library for your platform... using builtin-java classes where applicable","chan":"stderr","logger":"task"}
{"timestamp":"2025-09-01T06:41:56.889182Z","level":"error","event":"Setting default log level to \"WARN\".","chan":"stderr","logger":"task"}
{"timestamp":"2025-09-01T06:41:56.889328Z","level":"error","event":"To adjust logging level use sc.setLogLevel(newLevel). For SparkR, use setLogLevel(newLevel).","chan":"stderr","logger":"task"}
{"timestamp":"2025-09-01T06:41:58.362882Z","level":"info","event":"Iceberg SparkCatalog OK.","chan":"stdout","logger":"task"}
{"timestamp":"2025-09-01T06:41:58.420868Z","level":"info","event":"Task instance is in running state","chan":"stdout","logger":"task"}
{"timestamp":"2025-09-01T06:41:58.420978Z","level":"info","event":" Previous state of the Task instance: queued","chan":"stdout","logger":"task"}
{"timestamp":"2025-09-01T06:41:58.421018Z","level":"info","event":"Current task name:etl_data_weather.extract_transform_load","chan":"stdout","logger":"task"}
{"timestamp":"2025-09-01T06:41:58.421049Z","level":"info","event":"Dag name:etl_pipeline","chan":"stdout","logger":"task"}
{"timestamp":"2025-09-01T06:41:58.421078Z","level":"info","event":"extract data from file","chan":"stdout","logger":"task"}
{"timestamp":"2025-09-01T06:41:58.429699Z","level":"info","event":"spark.hadoop.fs.s3a.vectored.read.min.seek.size = 131072","chan":"stdout","logger":"task"}
{"timestamp":"2025-09-01T06:41:58.429780Z","level":"info","event":"spark.hadoop.fs.s3a.access.key = admin","chan":"stdout","logger":"task"}
{"timestamp":"2025-09-01T06:41:58.429816Z","level":"info","event":"spark.hadoop.fs.s3a.threads.max = 10","chan":"stdout","logger":"task"}
{"timestamp":"2025-09-01T06:41:58.429845Z","level":"info","event":"spark.hadoop.fs.s3a.secret.key = admin12345","chan":"stdout","logger":"task"}
{"timestamp":"2025-09-01T06:41:58.429878Z","level":"info","event":"spark.hadoop.fs.s3a.connection.ssl.enabled = false","chan":"stdout","logger":"task"}
{"timestamp":"2025-09-01T06:41:58.429922Z","level":"info","event":"spark.hadoop.fs.s3a.path.style.access = true","chan":"stdout","logger":"task"}
{"timestamp":"2025-09-01T06:41:58.429951Z","level":"info","event":"spark.driver.host = a46a4c60815b","chan":"stdout","logger":"task"}
{"timestamp":"2025-09-01T06:41:58.429979Z","level":"info","event":"spark.hadoop.fs.s3a.connection.part.upload.timeout = 60000","chan":"stdout","logger":"task"}
{"timestamp":"2025-09-01T06:41:58.430010Z","level":"info","event":"spark.hadoop.fs.s3a.aws.credentials.provider = org.apache.hadoop.fs.s3a.SimpleAWSCredentialsProvider","chan":"stdout","logger":"task"}
{"timestamp":"2025-09-01T06:41:58.430037Z","level":"info","event":"spark.hadoop.fs.s3a.attempts.maximum = 3","chan":"stdout","logger":"task"}
{"timestamp":"2025-09-01T06:41:58.430063Z","level":"info","event":"spark.app.name = BAITEST","chan":"stdout","logger":"task"}
{"timestamp":"2025-09-01T06:41:58.430090Z","level":"info","event":"spark.jars = /opt/spark/jars/hadoop-aws-3.3.4.jar,/opt/spark/jars/aws-java-sdk-bundle-1.12.787.jar,/opt/spark/jars/ojdbc11.jar,/opt/spark/jars/iceberg-spark-runtime-3.5_2.12-1.9.2.jar,/opt/spark/jars/iceberg-aws-bundle-1.9.2.jar","chan":"stdout","logger":"task"}
{"timestamp":"2025-09-01T06:41:58.430118Z","level":"info","event":"spark.sql.adaptive.coalescePartitions.enabled = false","chan":"stdout","logger":"task"}
{"timestamp":"2025-09-01T06:41:58.430145Z","level":"info","event":"spark.sql.catalog.local.type = hadoop","chan":"stdout","logger":"task"}
{"timestamp":"2025-09-01T06:41:58.430180Z","level":"info","event":"spark.hadoop.fs.s3a.connection.idle.time = 60000","chan":"stdout","logger":"task"}
{"timestamp":"2025-09-01T06:41:58.430206Z","level":"info","event":"spark.hadoop.fs.s3a.vectored.read.max.merged.size = 2097152","chan":"stdout","logger":"task"}
{"timestamp":"2025-09-01T06:41:58.430232Z","level":"info","event":"spark.hadoop.fs.s3a.connection.establish.timeout = 5000","chan":"stdout","logger":"task"}
{"timestamp":"2025-09-01T06:41:58.430257Z","level":"info","event":"spark.serializer.objectStreamReset = 100","chan":"stdout","logger":"task"}
{"timestamp":"2025-09-01T06:41:58.430283Z","level":"info","event":"spark.master = local[*]","chan":"stdout","logger":"task"}
{"timestamp":"2025-09-01T06:41:58.430308Z","level":"info","event":"spark.app.id = local-1756708917446","chan":"stdout","logger":"task"}
{"timestamp":"2025-09-01T06:41:58.430334Z","level":"info","event":"spark.submit.deployMode = client","chan":"stdout","logger":"task"}
{"timestamp":"2025-09-01T06:41:58.430360Z","level":"info","event":"spark.sql.catalog.local.warehouse = s3a://warehouse/","chan":"stdout","logger":"task"}
{"timestamp":"2025-09-01T06:41:58.430386Z","level":"info","event":"spark.sql.adaptive.enabled = false","chan":"stdout","logger":"task"}
{"timestamp":"2025-09-01T06:41:58.430412Z","level":"info","event":"spark.hadoop.fs.s3a.retry.limit = 5","chan":"stdout","logger":"task"}
{"timestamp":"2025-09-01T06:41:58.430439Z","level":"info","event":"spark.hadoop.fs.s3a.multipart.size = 104857600","chan":"stdout","logger":"task"}
{"timestamp":"2025-09-01T06:41:58.430467Z","level":"info","event":"spark.driver.extraJavaOptions = -Djava.net.preferIPv6Addresses=false -XX:+IgnoreUnrecognizedVMOptions --add-opens=java.base/java.lang=ALL-UNNAMED --add-opens=java.base/java.lang.invoke=ALL-UNNAMED --add-opens=java.base/java.lang.reflect=ALL-UNNAMED --add-opens=java.base/java.io=ALL-UNNAMED --add-opens=java.base/java.net=ALL-UNNAMED --add-opens=java.base/java.nio=ALL-UNNAMED --add-opens=java.base/java.util=ALL-UNNAMED --add-opens=java.base/java.util.concurrent=ALL-UNNAMED --add-opens=java.base/java.util.concurrent.atomic=ALL-UNNAMED --add-opens=java.base/jdk.internal.ref=ALL-UNNAMED --add-opens=java.base/sun.nio.ch=ALL-UNNAMED --add-opens=java.base/sun.nio.cs=ALL-UNNAMED --add-opens=java.base/sun.security.action=ALL-UNNAMED --add-opens=java.base/sun.util.calendar=ALL-UNNAMED --add-opens=java.security.jgss/sun.security.krb5=ALL-UNNAMED -Djdk.reflect.useDirectMethodHandle=false","chan":"stdout","logger":"task"}
{"timestamp":"2025-09-01T06:41:58.430543Z","level":"info","event":"spark.hadoop.fs.s3a.connection.maximum = 15","chan":"stdout","logger":"task"}
{"timestamp":"2025-09-01T06:41:58.430576Z","level":"info","event":"spark.app.startTime = 1756708916990","chan":"stdout","logger":"task"}
{"timestamp":"2025-09-01T06:41:58.430604Z","level":"info","event":"spark.executor.extraClassPath = /opt/spark/jars/*","chan":"stdout","logger":"task"}
{"timestamp":"2025-09-01T06:41:58.430631Z","level":"info","event":"spark.hadoop.fs.s3a.socket.send.buffer = 65536","chan":"stdout","logger":"task"}
{"timestamp":"2025-09-01T06:41:58.430658Z","level":"info","event":"spark.executor.id = driver","chan":"stdout","logger":"task"}
{"timestamp":"2025-09-01T06:41:58.430685Z","level":"info","event":"spark.hadoop.fs.s3a.connection.timeout = 60000","chan":"stdout","logger":"task"}
{"timestamp":"2025-09-01T06:41:58.430711Z","level":"info","event":"spark.hadoop.fs.s3a.retry.interval = 500","chan":"stdout","logger":"task"}
{"timestamp":"2025-09-01T06:41:58.430738Z","level":"info","event":"spark.repl.local.jars = file:///opt/spark/jars/hadoop-aws-3.3.4.jar,file:///opt/spark/jars/aws-java-sdk-bundle-1.12.787.jar,file:///opt/spark/jars/ojdbc11.jar,file:///opt/spark/jars/iceberg-spark-runtime-3.5_2.12-1.9.2.jar,file:///opt/spark/jars/iceberg-aws-bundle-1.9.2.jar","chan":"stdout","logger":"task"}
{"timestamp":"2025-09-01T06:41:58.430767Z","level":"info","event":"spark.app.submitTime = 1756708916878","chan":"stdout","logger":"task"}
{"timestamp":"2025-09-01T06:41:58.430796Z","level":"info","event":"spark.sql.extensions = org.apache.iceberg.spark.extensions.IcebergSparkSessionExtensions","chan":"stdout","logger":"task"}
{"timestamp":"2025-09-01T06:41:58.430824Z","level":"info","event":"spark.driver.extraClassPath = /opt/spark/jars/*","chan":"stdout","logger":"task"}
{"timestamp":"2025-09-01T06:41:58.430853Z","level":"info","event":"spark.hadoop.fs.s3a.socket.recv.buffer = 65536","chan":"stdout","logger":"task"}
{"timestamp":"2025-09-01T06:41:58.430883Z","level":"info","event":"spark.hadoop.fs.s3a.impl = org.apache.hadoop.fs.s3a.S3AFileSystem","chan":"stdout","logger":"task"}
{"timestamp":"2025-09-01T06:41:58.430918Z","level":"info","event":"spark.sql.catalog.local = org.apache.iceberg.spark.SparkCatalog","chan":"stdout","logger":"task"}
{"timestamp":"2025-09-01T06:41:58.430946Z","level":"info","event":"spark.rdd.compress = True","chan":"stdout","logger":"task"}
{"timestamp":"2025-09-01T06:41:58.430972Z","level":"info","event":"spark.hadoop.fs.s3a.threads.keepalivetime = 60000","chan":"stdout","logger":"task"}
{"timestamp":"2025-09-01T06:41:58.430998Z","level":"info","event":"spark.driver.port = 45935","chan":"stdout","logger":"task"}
{"timestamp":"2025-09-01T06:41:58.431027Z","level":"info","event":"spark.executor.extraJavaOptions = -Djava.net.preferIPv6Addresses=false -XX:+IgnoreUnrecognizedVMOptions --add-opens=java.base/java.lang=ALL-UNNAMED --add-opens=java.base/java.lang.invoke=ALL-UNNAMED --add-opens=java.base/java.lang.reflect=ALL-UNNAMED --add-opens=java.base/java.io=ALL-UNNAMED --add-opens=java.base/java.net=ALL-UNNAMED --add-opens=java.base/java.nio=ALL-UNNAMED --add-opens=java.base/java.util=ALL-UNNAMED --add-opens=java.base/java.util.concurrent=ALL-UNNAMED --add-opens=java.base/java.util.concurrent.atomic=ALL-UNNAMED --add-opens=java.base/jdk.internal.ref=ALL-UNNAMED --add-opens=java.base/sun.nio.ch=ALL-UNNAMED --add-opens=java.base/sun.nio.cs=ALL-UNNAMED --add-opens=java.base/sun.security.action=ALL-UNNAMED --add-opens=java.base/sun.util.calendar=ALL-UNNAMED --add-opens=java.security.jgss/sun.security.krb5=ALL-UNNAMED -Djdk.reflect.useDirectMethodHandle=false","chan":"stdout","logger":"task"}
{"timestamp":"2025-09-01T06:41:58.431056Z","level":"info","event":"spark.hadoop.fs.s3a.multipart.purge.age = 86400","chan":"stdout","logger":"task"}
{"timestamp":"2025-09-01T06:41:58.431084Z","level":"info","event":"spark.app.initial.jar.urls = spark://a46a4c60815b:45935/jars/iceberg-spark-runtime-3.5_2.12-1.9.2.jar,spark://a46a4c60815b:45935/jars/hadoop-aws-3.3.4.jar,spark://a46a4c60815b:45935/jars/iceberg-aws-bundle-1.9.2.jar,spark://a46a4c60815b:45935/jars/ojdbc11.jar,spark://a46a4c60815b:45935/jars/aws-java-sdk-bundle-1.12.787.jar","chan":"stdout","logger":"task"}
{"timestamp":"2025-09-01T06:41:58.431112Z","level":"info","event":"spark.submit.pyFiles =","chan":"stdout","logger":"task"}
{"timestamp":"2025-09-01T06:41:58.431139Z","level":"info","event":"spark.hadoop.fs.s3a.endpoint = http://minio:9000","chan":"stdout","logger":"task"}
{"timestamp":"2025-09-01T06:41:58.431166Z","level":"info","event":"spark.ui.showConsoleProgress = true","chan":"stdout","logger":"task"}
{"timestamp":"2025-09-01T06:41:58.431192Z","level":"info","event":"spark.hadoop.fs.s3a.fast.upload = true","chan":"stdout","logger":"task"}
{"timestamp":"2025-09-01T06:41:58.431219Z","level":"info","event":"spark.hadoop.fs.s3a.impl.disable.cache = true","chan":"stdout","logger":"task"}
{"timestamp":"2025-09-01T06:41:58.431245Z","level":"info","event":"spark.hadoop.fs.s3a.connection.request.timeout = 60000","chan":"stdout","logger":"task"}
{"timestamp":"2025-09-01T06:41:58.950818Z","level":"error","event":"25/09/01 06:41:58 WARN MetricsConfig: Cannot locate configuration: tried hadoop-metrics2-s3a-file-system.properties,hadoop-metrics2.properties","chan":"stderr","logger":"task"}
{"timestamp":"2025-09-01T06:41:58.984876Z","level":"error","event":"25/09/01 06:41:58 WARN VersionInfoUtils: The AWS SDK for Java 1.x entered maintenance mode starting July 31, 2024 and will reach end of support on December 31, 2025. For more information, see https://aws.amazon.com/blogs/developer/the-aws-sdk-for-java-1-x-is-in-maintenance-mode-effective-july-31-2024/","chan":"stderr","logger":"task"}
{"timestamp":"2025-09-01T06:41:58.985083Z","level":"error","event":"You can print where on the file system the AWS SDK for Java 1.x core runtime is located by setting the AWS_JAVA_V1_PRINT_LOCATION environment variable or aws.java.v1.printLocation system property to 'true'.","chan":"stderr","logger":"task"}
{"timestamp":"2025-09-01T06:41:58.985153Z","level":"error","event":"This message can be disabled by setting the AWS_JAVA_V1_DISABLE_DEPRECATION_ANNOUNCEMENT environment variable or aws.java.v1.disableDeprecationAnnouncement system property to 'true'.","chan":"stderr","logger":"task"}
{"timestamp":"2025-09-01T06:41:58.985211Z","level":"error","event":"The AWS SDK for Java 1.x is being used here:","chan":"stderr","logger":"task"}
{"timestamp":"2025-09-01T06:41:58.985265Z","level":"error","event":"at java.base/java.lang.Thread.getStackTrace(Thread.java:1619)","chan":"stderr","logger":"task"}
{"timestamp":"2025-09-01T06:41:58.985316Z","level":"error","event":"at com.amazonaws.util.VersionInfoUtils.printDeprecationAnnouncement(VersionInfoUtils.java:81)","chan":"stderr","logger":"task"}
{"timestamp":"2025-09-01T06:41:58.985369Z","level":"error","event":"at com.amazonaws.util.VersionInfoUtils.<clinit>(VersionInfoUtils.java:59)","chan":"stderr","logger":"task"}
{"timestamp":"2025-09-01T06:41:58.985424Z","level":"error","event":"at com.amazonaws.ClientConfiguration.<clinit>(ClientConfiguration.java:95)","chan":"stderr","logger":"task"}
{"timestamp":"2025-09-01T06:41:58.985479Z","level":"error","event":"at org.apache.hadoop.fs.s3a.S3AUtils.createAwsConf(S3AUtils.java:1258)","chan":"stderr","logger":"task"}
{"timestamp":"2025-09-01T06:41:58.985533Z","level":"error","event":"at org.apache.hadoop.fs.s3a.DefaultS3ClientFactory.createS3Client(DefaultS3ClientFactory.java:114)","chan":"stderr","logger":"task"}
{"timestamp":"2025-09-01T06:41:58.985590Z","level":"error","event":"at org.apache.hadoop.fs.s3a.S3AFileSystem.bindAWSClient(S3AFileSystem.java:898)","chan":"stderr","logger":"task"}
{"timestamp":"2025-09-01T06:41:58.985643Z","level":"error","event":"at org.apache.hadoop.fs.s3a.S3AFileSystem.initialize(S3AFileSystem.java:534)","chan":"stderr","logger":"task"}
{"timestamp":"2025-09-01T06:41:58.985695Z","level":"error","event":"at org.apache.hadoop.fs.FileSystem.createFileSystem(FileSystem.java:3469)","chan":"stderr","logger":"task"}
{"timestamp":"2025-09-01T06:41:58.985752Z","level":"error","event":"at org.apache.hadoop.fs.FileSystem.get(FileSystem.java:537)","chan":"stderr","logger":"task"}
{"timestamp":"2025-09-01T06:41:58.985806Z","level":"error","event":"at org.apache.hadoop.fs.Path.getFileSystem(Path.java:365)","chan":"stderr","logger":"task"}
{"timestamp":"2025-09-01T06:41:58.985865Z","level":"error","event":"at org.apache.spark.sql.execution.streaming.FileStreamSink$.hasMetadata(FileStreamSink.scala:53)","chan":"stderr","logger":"task"}
{"timestamp":"2025-09-01T06:41:58.985925Z","level":"error","event":"at org.apache.spark.sql.execution.datasources.DataSource.resolveRelation(DataSource.scala:366)","chan":"stderr","logger":"task"}
{"timestamp":"2025-09-01T06:41:58.985977Z","level":"error","event":"at org.apache.spark.sql.DataFrameReader.loadV1Source(DataFrameReader.scala:229)","chan":"stderr","logger":"task"}
{"timestamp":"2025-09-01T06:41:58.986027Z","level":"error","event":"at org.apache.spark.sql.DataFrameReader.$anonfun$load$2(DataFrameReader.scala:211)","chan":"stderr","logger":"task"}
{"timestamp":"2025-09-01T06:41:58.986077Z","level":"error","event":"at scala.Option.getOrElse(Option.scala:189)","chan":"stderr","logger":"task"}
{"timestamp":"2025-09-01T06:41:58.986125Z","level":"error","event":"at org.apache.spark.sql.DataFrameReader.load(DataFrameReader.scala:211)","chan":"stderr","logger":"task"}
{"timestamp":"2025-09-01T06:41:58.986176Z","level":"error","event":"at org.apache.spark.sql.DataFrameReader.json(DataFrameReader.scala:362)","chan":"stderr","logger":"task"}
{"timestamp":"2025-09-01T06:41:58.986233Z","level":"error","event":"at java.base/jdk.internal.reflect.NativeMethodAccessorImpl.invoke0(Native Method)","chan":"stderr","logger":"task"}
{"timestamp":"2025-09-01T06:41:58.986285Z","level":"error","event":"at java.base/jdk.internal.reflect.NativeMethodAccessorImpl.invoke(NativeMethodAccessorImpl.java:77)","chan":"stderr","logger":"task"}
{"timestamp":"2025-09-01T06:41:58.986336Z","level":"error","event":"at java.base/jdk.internal.reflect.DelegatingMethodAccessorImpl.invoke(DelegatingMethodAccessorImpl.java:43)","chan":"stderr","logger":"task"}
{"timestamp":"2025-09-01T06:41:58.986392Z","level":"error","event":"at java.base/java.lang.reflect.Method.invoke(Method.java:569)","chan":"stderr","logger":"task"}
{"timestamp":"2025-09-01T06:41:58.986445Z","level":"error","event":"at py4j.reflection.MethodInvoker.invoke(MethodInvoker.java:244)","chan":"stderr","logger":"task"}
{"timestamp":"2025-09-01T06:41:58.986495Z","level":"error","event":"at py4j.reflection.ReflectionEngine.invoke(ReflectionEngine.java:374)","chan":"stderr","logger":"task"}
{"timestamp":"2025-09-01T06:41:58.986547Z","level":"error","event":"at py4j.Gateway.invoke(Gateway.java:282)","chan":"stderr","logger":"task"}
{"timestamp":"2025-09-01T06:41:58.986597Z","level":"error","event":"at py4j.commands.AbstractCommand.invokeMethod(AbstractCommand.java:132)","chan":"stderr","logger":"task"}
{"timestamp":"2025-09-01T06:41:58.986647Z","level":"error","event":"at py4j.commands.CallCommand.execute(CallCommand.java:79)","chan":"stderr","logger":"task"}
{"timestamp":"2025-09-01T06:41:58.986696Z","level":"error","event":"at py4j.ClientServerConnection.waitForCommands(ClientServerConnection.java:182)","chan":"stderr","logger":"task"}
{"timestamp":"2025-09-01T06:41:58.986744Z","level":"error","event":"at py4j.ClientServerConnection.run(ClientServerConnection.java:106)","chan":"stderr","logger":"task"}
{"timestamp":"2025-09-01T06:41:58.986791Z","level":"error","event":"at java.base/java.lang.Thread.run(Thread.java:840)","chan":"stderr","logger":"task"}
{"timestamp":"2025-09-01T06:41:59.930209Z","level":"info","event":"spark data extracted","chan":"stdout","logger":"task"}
{"timestamp":"2025-09-01T06:41:59.943680Z","level":"info","event":"root","chan":"stdout","logger":"task"}
{"timestamp":"2025-09-01T06:41:59.943801Z","level":"info","event":" |-- list: array (nullable = true)","chan":"stdout","logger":"task"}
{"timestamp":"2025-09-01T06:41:59.943836Z","level":"info","event":" |    |-- element: struct (containsNull = true)","chan":"stdout","logger":"task"}
{"timestamp":"2025-09-01T06:41:59.943876Z","level":"info","event":" |    |    |-- dt: long (nullable = true)","chan":"stdout","logger":"task"}
{"timestamp":"2025-09-01T06:41:59.943905Z","level":"info","event":" |    |    |-- main: struct (nullable = true)","chan":"stdout","logger":"task"}
{"timestamp":"2025-09-01T06:41:59.943933Z","level":"info","event":" |    |    |    |-- temp: double (nullable = true)","chan":"stdout","logger":"task"}
{"timestamp":"2025-09-01T06:41:59.943958Z","level":"info","event":" |    |    |    |-- pressure: long (nullable = true)","chan":"stdout","logger":"task"}
{"timestamp":"2025-09-01T06:41:59.943983Z","level":"info","event":" |    |    |    |-- humidity: long (nullable = true)","chan":"stdout","logger":"task"}
{"timestamp":"2025-09-01T06:41:59.944009Z","level":"info","event":" |    |    |-- weather: array (nullable = true)","chan":"stdout","logger":"task"}
{"timestamp":"2025-09-01T06:41:59.944034Z","level":"info","event":" |    |    |    |-- element: struct (containsNull = true)","chan":"stdout","logger":"task"}
{"timestamp":"2025-09-01T06:41:59.944060Z","level":"info","event":" |    |    |    |    |-- description: string (nullable = true)","chan":"stdout","logger":"task"}
{"timestamp":"2025-09-01T06:41:59.944086Z","level":"info","event":"","chan":"stdout","logger":"task"}
{"timestamp":"2025-09-01T06:42:01.456449Z","level":"info","event":"+--------------------+","chan":"stdout","logger":"task"}
{"timestamp":"2025-09-01T06:42:01.456643Z","level":"info","event":"|                list|","chan":"stdout","logger":"task"}
{"timestamp":"2025-09-01T06:42:01.456705Z","level":"info","event":"+--------------------+","chan":"stdout","logger":"task"}
{"timestamp":"2025-09-01T06:42:01.456752Z","level":"info","event":"|[{1752192000, {26...|","chan":"stdout","logger":"task"}
{"timestamp":"2025-09-01T06:42:01.456797Z","level":"info","event":"+--------------------+","chan":"stdout","logger":"task"}
{"timestamp":"2025-09-01T06:42:01.456848Z","level":"info","event":"","chan":"stdout","logger":"task"}
{"timestamp":"2025-09-01T06:42:02.049076Z","level":"info","event":"+----------+-----------+--------+--------+-----------+","chan":"stdout","logger":"task"}
{"timestamp":"2025-09-01T06:42:02.049260Z","level":"info","event":"|        dt|temperature|pressure|humidity|description|","chan":"stdout","logger":"task"}
{"timestamp":"2025-09-01T06:42:02.049296Z","level":"info","event":"+----------+-----------+--------+--------+-----------+","chan":"stdout","logger":"task"}
{"timestamp":"2025-09-01T06:42:02.049327Z","level":"info","event":"|1752192000|      26.72|     998|      89|    mưa vừa|","chan":"stdout","logger":"task"}
{"timestamp":"2025-09-01T06:42:02.049357Z","level":"info","event":"|1752202800|      27.27|     999|      81|    mưa nhẹ|","chan":"stdout","logger":"task"}
{"timestamp":"2025-09-01T06:42:02.049387Z","level":"info","event":"|1752213600|      30.07|     999|      67|    mưa vừa|","chan":"stdout","logger":"task"}
{"timestamp":"2025-09-01T06:42:02.049415Z","level":"info","event":"|1752224400|      29.96|     998|      75|    mưa vừa|","chan":"stdout","logger":"task"}
{"timestamp":"2025-09-01T06:42:02.049442Z","level":"info","event":"|1752235200|      26.19|    1000|      91|    mưa vừa|","chan":"stdout","logger":"task"}
{"timestamp":"2025-09-01T06:42:02.049470Z","level":"info","event":"+----------+-----------+--------+--------+-----------+","chan":"stdout","logger":"task"}
{"timestamp":"2025-09-01T06:42:02.049498Z","level":"info","event":"only showing top 5 rows","chan":"stdout","logger":"task"}
{"timestamp":"2025-09-01T06:42:02.049529Z","level":"info","event":"","chan":"stdout","logger":"task"}
{"timestamp":"2025-09-01T06:42:02.049558Z","level":"info","event":"spark data selected","chan":"stdout","logger":"task"}
{"timestamp":"2025-09-01T06:42:02.049587Z","level":"info","event":"transform data","chan":"stdout","logger":"task"}
{"timestamp":"2025-09-01T06:42:02.129666Z","level":"info","event":"load data","chan":"stdout","logger":"task"}
{"timestamp":"2025-09-01T06:42:02.129799Z","level":"info","event":"(DESCRIPTION=(ADDRESS=(PROTOCOL=TCP)(HOST=orcl-21c)(PORT=1521))(CONNECT_DATA=(SERVICE_NAME=WEATHER)))","chan":"stdout","logger":"task"}
{"timestamp":"2025-09-01T06:42:02.197559Z","level":"info","event":"Table `WEATHER` created successfully.","chan":"stdout","logger":"task"}
{"timestamp":"2025-09-01T06:42:04.055543Z","level":"info","event":"An error occurred while calling o96.sql.","chan":"stdout","logger":"task"}
{"timestamp":"2025-09-01T06:42:04.056017Z","level":"info","event":": java.io.UncheckedIOException: org.apache.hadoop.fs.s3a.UnknownStoreException: `s3a://warehouse/weather': getFileStatus on s3a://warehouse/weather: com.amazonaws.services.s3.model.AmazonS3Exception: The specified bucket does not exist (Service: Amazon S3; Status Code: 404; Error Code: NoSuchBucket; Request ID: 18611575784563AF; S3 Extended Request ID: dd9025bab4ad464b049177c95eb6ebf374d3b3fd1af9251148b658df7ac2e3e8; Proxy: null), S3 Extended Request ID: dd9025bab4ad464b049177c95eb6ebf374d3b3fd1af9251148b658df7ac2e3e8:NoSuchBucket: The specified bucket does not exist (Service: Amazon S3; Status Code: 404; Error Code: NoSuchBucket; Request ID: 18611575784563AF; S3 Extended Request ID: dd9025bab4ad464b049177c95eb6ebf374d3b3fd1af9251148b658df7ac2e3e8; Proxy: null)","chan":"stdout","logger":"task"}
{"timestamp":"2025-09-01T06:42:04.056201Z","level":"info","event":"\tat org.apache.iceberg.hadoop.HadoopCatalog.isDirectory(HadoopCatalog.java:184)","chan":"stdout","logger":"task"}
{"timestamp":"2025-09-01T06:42:04.056342Z","level":"info","event":"\tat org.apache.iceberg.hadoop.HadoopCatalog.isNamespace(HadoopCatalog.java:377)","chan":"stdout","logger":"task"}
{"timestamp":"2025-09-01T06:42:04.056455Z","level":"info","event":"\tat org.apache.iceberg.hadoop.HadoopCatalog.loadNamespaceMetadata(HadoopCatalog.java:369)","chan":"stdout","logger":"task"}
{"timestamp":"2025-09-01T06:42:04.056563Z","level":"info","event":"\tat org.apache.iceberg.spark.SparkCatalog.loadNamespaceMetadata(SparkCatalog.java:461)","chan":"stdout","logger":"task"}
{"timestamp":"2025-09-01T06:42:04.056667Z","level":"info","event":"\tat org.apache.spark.sql.connector.catalog.SupportsNamespaces.namespaceExists(SupportsNamespaces.java:98)","chan":"stdout","logger":"task"}
{"timestamp":"2025-09-01T06:42:04.056768Z","level":"info","event":"\tat org.apache.spark.sql.execution.datasources.v2.CreateNamespaceExec.run(CreateNamespaceExec.scala:43)","chan":"stdout","logger":"task"}
{"timestamp":"2025-09-01T06:42:04.056892Z","level":"info","event":"\tat org.apache.spark.sql.execution.datasources.v2.V2CommandExec.result$lzycompute(V2CommandExec.scala:43)","chan":"stdout","logger":"task"}
{"timestamp":"2025-09-01T06:42:04.056994Z","level":"info","event":"\tat org.apache.spark.sql.execution.datasources.v2.V2CommandExec.result(V2CommandExec.scala:43)","chan":"stdout","logger":"task"}
{"timestamp":"2025-09-01T06:42:04.057104Z","level":"info","event":"\tat org.apache.spark.sql.execution.datasources.v2.V2CommandExec.executeCollect(V2CommandExec.scala:49)","chan":"stdout","logger":"task"}
{"timestamp":"2025-09-01T06:42:04.057204Z","level":"info","event":"\tat org.apache.spark.sql.execution.QueryExecution$$anonfun$eagerlyExecuteCommands$1.$anonfun$applyOrElse$1(QueryExecution.scala:107)","chan":"stdout","logger":"task"}
{"timestamp":"2025-09-01T06:42:04.057304Z","level":"info","event":"\tat org.apache.spark.sql.execution.SQLExecution$.$anonfun$withNewExecutionId$6(SQLExecution.scala:125)","chan":"stdout","logger":"task"}
{"timestamp":"2025-09-01T06:42:04.057403Z","level":"info","event":"\tat org.apache.spark.sql.execution.SQLExecution$.withSQLConfPropagated(SQLExecution.scala:201)","chan":"stdout","logger":"task"}
{"timestamp":"2025-09-01T06:42:04.057502Z","level":"info","event":"\tat org.apache.spark.sql.execution.SQLExecution$.$anonfun$withNewExecutionId$1(SQLExecution.scala:108)","chan":"stdout","logger":"task"}
{"timestamp":"2025-09-01T06:42:04.057600Z","level":"info","event":"\tat org.apache.spark.sql.SparkSession.withActive(SparkSession.scala:900)","chan":"stdout","logger":"task"}
{"timestamp":"2025-09-01T06:42:04.057701Z","level":"info","event":"\tat org.apache.spark.sql.execution.SQLExecution$.withNewExecutionId(SQLExecution.scala:66)","chan":"stdout","logger":"task"}
{"timestamp":"2025-09-01T06:42:04.057800Z","level":"info","event":"\tat org.apache.spark.sql.execution.QueryExecution$$anonfun$eagerlyExecuteCommands$1.applyOrElse(QueryExecution.scala:107)","chan":"stdout","logger":"task"}
{"timestamp":"2025-09-01T06:42:04.057914Z","level":"info","event":"\tat org.apache.spark.sql.execution.QueryExecution$$anonfun$eagerlyExecuteCommands$1.applyOrElse(QueryExecution.scala:98)","chan":"stdout","logger":"task"}
{"timestamp":"2025-09-01T06:42:04.058006Z","level":"info","event":"\tat org.apache.spark.sql.catalyst.trees.TreeNode.$anonfun$transformDownWithPruning$1(TreeNode.scala:461)","chan":"stdout","logger":"task"}
{"timestamp":"2025-09-01T06:42:04.058094Z","level":"info","event":"\tat org.apache.spark.sql.catalyst.trees.CurrentOrigin$.withOrigin(origin.scala:76)","chan":"stdout","logger":"task"}
{"timestamp":"2025-09-01T06:42:04.058183Z","level":"info","event":"\tat org.apache.spark.sql.catalyst.trees.TreeNode.transformDownWithPruning(TreeNode.scala:461)","chan":"stdout","logger":"task"}
{"timestamp":"2025-09-01T06:42:04.058272Z","level":"info","event":"\tat org.apache.spark.sql.catalyst.plans.logical.LogicalPlan.org$apache$spark$sql$catalyst$plans$logical$AnalysisHelper$$super$transformDownWithPruning(LogicalPlan.scala:32)","chan":"stdout","logger":"task"}
{"timestamp":"2025-09-01T06:42:04.058370Z","level":"info","event":"\tat org.apache.spark.sql.catalyst.plans.logical.AnalysisHelper.transformDownWithPruning(AnalysisHelper.scala:267)","chan":"stdout","logger":"task"}
{"timestamp":"2025-09-01T06:42:04.058464Z","level":"info","event":"\tat org.apache.spark.sql.catalyst.plans.logical.AnalysisHelper.transformDownWithPruning$(AnalysisHelper.scala:263)","chan":"stdout","logger":"task"}
{"timestamp":"2025-09-01T06:42:04.058552Z","level":"info","event":"\tat org.apache.spark.sql.catalyst.plans.logical.LogicalPlan.transformDownWithPruning(LogicalPlan.scala:32)","chan":"stdout","logger":"task"}
{"timestamp":"2025-09-01T06:42:04.058641Z","level":"info","event":"\tat org.apache.spark.sql.catalyst.plans.logical.LogicalPlan.transformDownWithPruning(LogicalPlan.scala:32)","chan":"stdout","logger":"task"}
{"timestamp":"2025-09-01T06:42:04.058734Z","level":"info","event":"\tat org.apache.spark.sql.catalyst.trees.TreeNode.transformDown(TreeNode.scala:437)","chan":"stdout","logger":"task"}
{"timestamp":"2025-09-01T06:42:04.058829Z","level":"info","event":"\tat org.apache.spark.sql.execution.QueryExecution.eagerlyExecuteCommands(QueryExecution.scala:98)","chan":"stdout","logger":"task"}
{"timestamp":"2025-09-01T06:42:04.058937Z","level":"info","event":"\tat org.apache.spark.sql.execution.QueryExecution.commandExecuted$lzycompute(QueryExecution.scala:85)","chan":"stdout","logger":"task"}
{"timestamp":"2025-09-01T06:42:04.059030Z","level":"info","event":"\tat org.apache.spark.sql.execution.QueryExecution.commandExecuted(QueryExecution.scala:83)","chan":"stdout","logger":"task"}
{"timestamp":"2025-09-01T06:42:04.059121Z","level":"info","event":"\tat org.apache.spark.sql.Dataset.<init>(Dataset.scala:220)","chan":"stdout","logger":"task"}
{"timestamp":"2025-09-01T06:42:04.059210Z","level":"info","event":"\tat org.apache.spark.sql.Dataset$.$anonfun$ofRows$2(Dataset.scala:100)","chan":"stdout","logger":"task"}
{"timestamp":"2025-09-01T06:42:04.059302Z","level":"info","event":"\tat org.apache.spark.sql.SparkSession.withActive(SparkSession.scala:900)","chan":"stdout","logger":"task"}
{"timestamp":"2025-09-01T06:42:04.059393Z","level":"info","event":"\tat org.apache.spark.sql.Dataset$.ofRows(Dataset.scala:97)","chan":"stdout","logger":"task"}
{"timestamp":"2025-09-01T06:42:04.059595Z","level":"info","event":"\tat org.apache.spark.sql.SparkSession.$anonfun$sql$1(SparkSession.scala:638)","chan":"stdout","logger":"task"}
{"timestamp":"2025-09-01T06:42:04.059707Z","level":"info","event":"\tat org.apache.spark.sql.SparkSession.withActive(SparkSession.scala:900)","chan":"stdout","logger":"task"}
{"timestamp":"2025-09-01T06:42:04.059805Z","level":"info","event":"\tat org.apache.spark.sql.SparkSession.sql(SparkSession.scala:629)","chan":"stdout","logger":"task"}
{"timestamp":"2025-09-01T06:42:04.059915Z","level":"info","event":"\tat org.apache.spark.sql.SparkSession.sql(SparkSession.scala:659)","chan":"stdout","logger":"task"}
{"timestamp":"2025-09-01T06:42:04.060010Z","level":"info","event":"\tat java.base/jdk.internal.reflect.NativeMethodAccessorImpl.invoke0(Native Method)","chan":"stdout","logger":"task"}
{"timestamp":"2025-09-01T06:42:04.060102Z","level":"info","event":"\tat java.base/jdk.internal.reflect.NativeMethodAccessorImpl.invoke(NativeMethodAccessorImpl.java:77)","chan":"stdout","logger":"task"}
{"timestamp":"2025-09-01T06:42:04.060193Z","level":"info","event":"\tat java.base/jdk.internal.reflect.DelegatingMethodAccessorImpl.invoke(DelegatingMethodAccessorImpl.java:43)","chan":"stdout","logger":"task"}
{"timestamp":"2025-09-01T06:42:04.060283Z","level":"info","event":"\tat java.base/java.lang.reflect.Method.invoke(Method.java:569)","chan":"stdout","logger":"task"}
{"timestamp":"2025-09-01T06:42:04.060372Z","level":"info","event":"\tat py4j.reflection.MethodInvoker.invoke(MethodInvoker.java:244)","chan":"stdout","logger":"task"}
{"timestamp":"2025-09-01T06:42:04.060463Z","level":"info","event":"\tat py4j.reflection.ReflectionEngine.invoke(ReflectionEngine.java:374)","chan":"stdout","logger":"task"}
{"timestamp":"2025-09-01T06:42:04.060564Z","level":"info","event":"\tat py4j.Gateway.invoke(Gateway.java:282)","chan":"stdout","logger":"task"}
{"timestamp":"2025-09-01T06:42:04.060656Z","level":"info","event":"\tat py4j.commands.AbstractCommand.invokeMethod(AbstractCommand.java:132)","chan":"stdout","logger":"task"}
{"timestamp":"2025-09-01T06:42:04.060750Z","level":"info","event":"\tat py4j.commands.CallCommand.execute(CallCommand.java:79)","chan":"stdout","logger":"task"}
{"timestamp":"2025-09-01T06:42:04.060842Z","level":"info","event":"\tat py4j.ClientServerConnection.waitForCommands(ClientServerConnection.java:182)","chan":"stdout","logger":"task"}
{"timestamp":"2025-09-01T06:42:04.060946Z","level":"info","event":"\tat py4j.ClientServerConnection.run(ClientServerConnection.java:106)","chan":"stdout","logger":"task"}
{"timestamp":"2025-09-01T06:42:04.061040Z","level":"info","event":"\tat java.base/java.lang.Thread.run(Thread.java:840)","chan":"stdout","logger":"task"}
{"timestamp":"2025-09-01T06:42:04.061137Z","level":"info","event":"Caused by: org.apache.hadoop.fs.s3a.UnknownStoreException: `s3a://warehouse/weather': getFileStatus on s3a://warehouse/weather: com.amazonaws.services.s3.model.AmazonS3Exception: The specified bucket does not exist (Service: Amazon S3; Status Code: 404; Error Code: NoSuchBucket; Request ID: 18611575784563AF; S3 Extended Request ID: dd9025bab4ad464b049177c95eb6ebf374d3b3fd1af9251148b658df7ac2e3e8; Proxy: null), S3 Extended Request ID: dd9025bab4ad464b049177c95eb6ebf374d3b3fd1af9251148b658df7ac2e3e8:NoSuchBucket: The specified bucket does not exist (Service: Amazon S3; Status Code: 404; Error Code: NoSuchBucket; Request ID: 18611575784563AF; S3 Extended Request ID: dd9025bab4ad464b049177c95eb6ebf374d3b3fd1af9251148b658df7ac2e3e8; Proxy: null)","chan":"stdout","logger":"task"}
{"timestamp":"2025-09-01T06:42:04.061237Z","level":"info","event":"\tat org.apache.hadoop.fs.s3a.S3AUtils.translateException(S3AUtils.java:263)","chan":"stdout","logger":"task"}
{"timestamp":"2025-09-01T06:42:04.061331Z","level":"info","event":"\tat org.apache.hadoop.fs.s3a.S3AUtils.translateException(S3AUtils.java:175)","chan":"stdout","logger":"task"}
{"timestamp":"2025-09-01T06:42:04.061422Z","level":"info","event":"\tat org.apache.hadoop.fs.s3a.S3AFileSystem.s3GetFileStatus(S3AFileSystem.java:3858)","chan":"stdout","logger":"task"}
{"timestamp":"2025-09-01T06:42:04.061510Z","level":"info","event":"\tat org.apache.hadoop.fs.s3a.S3AFileSystem.innerGetFileStatus(S3AFileSystem.java:3688)","chan":"stdout","logger":"task"}
{"timestamp":"2025-09-01T06:42:04.061600Z","level":"info","event":"\tat org.apache.hadoop.fs.s3a.S3AFileSystem.lambda$getFileStatus$24(S3AFileSystem.java:3556)","chan":"stdout","logger":"task"}
{"timestamp":"2025-09-01T06:42:04.061691Z","level":"info","event":"\tat org.apache.hadoop.fs.statistics.impl.IOStatisticsBinding.lambda$trackDurationOfOperation$5(IOStatisticsBinding.java:499)","chan":"stdout","logger":"task"}
{"timestamp":"2025-09-01T06:42:04.061778Z","level":"info","event":"\tat org.apache.hadoop.fs.statistics.impl.IOStatisticsBinding.trackDuration(IOStatisticsBinding.java:444)","chan":"stdout","logger":"task"}
{"timestamp":"2025-09-01T06:42:04.061876Z","level":"info","event":"\tat org.apache.hadoop.fs.s3a.S3AFileSystem.trackDurationAndSpan(S3AFileSystem.java:2337)","chan":"stdout","logger":"task"}
{"timestamp":"2025-09-01T06:42:04.061967Z","level":"info","event":"\tat org.apache.hadoop.fs.s3a.S3AFileSystem.trackDurationAndSpan(S3AFileSystem.java:2356)","chan":"stdout","logger":"task"}
{"timestamp":"2025-09-01T06:42:04.062056Z","level":"info","event":"\tat org.apache.hadoop.fs.s3a.S3AFileSystem.getFileStatus(S3AFileSystem.java:3554)","chan":"stdout","logger":"task"}
{"timestamp":"2025-09-01T06:42:04.062145Z","level":"info","event":"\tat org.apache.iceberg.hadoop.HadoopCatalog.isDirectory(HadoopCatalog.java:176)","chan":"stdout","logger":"task"}
{"timestamp":"2025-09-01T06:42:04.062234Z","level":"info","event":"\t... 48 more","chan":"stdout","logger":"task"}
{"timestamp":"2025-09-01T06:42:04.062338Z","level":"info","event":"Caused by: com.amazonaws.services.s3.model.AmazonS3Exception: The specified bucket does not exist (Service: Amazon S3; Status Code: 404; Error Code: NoSuchBucket; Request ID: 18611575784563AF; S3 Extended Request ID: dd9025bab4ad464b049177c95eb6ebf374d3b3fd1af9251148b658df7ac2e3e8; Proxy: null), S3 Extended Request ID: dd9025bab4ad464b049177c95eb6ebf374d3b3fd1af9251148b658df7ac2e3e8","chan":"stdout","logger":"task"}
{"timestamp":"2025-09-01T06:42:04.062435Z","level":"info","event":"\tat com.amazonaws.http.AmazonHttpClient$RequestExecutor.handleErrorResponse(AmazonHttpClient.java:1912)","chan":"stdout","logger":"task"}
{"timestamp":"2025-09-01T06:42:04.062528Z","level":"info","event":"\tat com.amazonaws.http.AmazonHttpClient$RequestExecutor.handleServiceErrorResponse(AmazonHttpClient.java:1450)","chan":"stdout","logger":"task"}
{"timestamp":"2025-09-01T06:42:04.062622Z","level":"info","event":"\tat com.amazonaws.http.AmazonHttpClient$RequestExecutor.executeOneRequest(AmazonHttpClient.java:1419)","chan":"stdout","logger":"task"}
{"timestamp":"2025-09-01T06:42:04.062714Z","level":"info","event":"\tat com.amazonaws.http.AmazonHttpClient$RequestExecutor.executeHelper(AmazonHttpClient.java:1183)","chan":"stdout","logger":"task"}
{"timestamp":"2025-09-01T06:42:04.062802Z","level":"info","event":"\tat com.amazonaws.http.AmazonHttpClient$RequestExecutor.doExecute(AmazonHttpClient.java:838)","chan":"stdout","logger":"task"}
{"timestamp":"2025-09-01T06:42:04.062910Z","level":"info","event":"\tat com.amazonaws.http.AmazonHttpClient$RequestExecutor.executeWithTimer(AmazonHttpClient.java:805)","chan":"stdout","logger":"task"}
{"timestamp":"2025-09-01T06:42:04.063002Z","level":"info","event":"\tat com.amazonaws.http.AmazonHttpClient$RequestExecutor.execute(AmazonHttpClient.java:779)","chan":"stdout","logger":"task"}
{"timestamp":"2025-09-01T06:42:04.063092Z","level":"info","event":"\tat com.amazonaws.http.AmazonHttpClient$RequestExecutor.access$500(AmazonHttpClient.java:735)","chan":"stdout","logger":"task"}
{"timestamp":"2025-09-01T06:42:04.063253Z","level":"info","event":"\tat com.amazonaws.http.AmazonHttpClient$RequestExecutionBuilderImpl.execute(AmazonHttpClient.java:717)","chan":"stdout","logger":"task"}
{"timestamp":"2025-09-01T06:42:04.063356Z","level":"info","event":"\tat com.amazonaws.http.AmazonHttpClient.execute(AmazonHttpClient.java:581)","chan":"stdout","logger":"task"}
{"timestamp":"2025-09-01T06:42:04.063452Z","level":"info","event":"\tat com.amazonaws.http.AmazonHttpClient.execute(AmazonHttpClient.java:559)","chan":"stdout","logger":"task"}
{"timestamp":"2025-09-01T06:42:04.063545Z","level":"info","event":"\tat com.amazonaws.services.s3.AmazonS3Client.invoke(AmazonS3Client.java:5608)","chan":"stdout","logger":"task"}
{"timestamp":"2025-09-01T06:42:04.063636Z","level":"info","event":"\tat com.amazonaws.services.s3.AmazonS3Client.invoke(AmazonS3Client.java:5555)","chan":"stdout","logger":"task"}
{"timestamp":"2025-09-01T06:42:04.063735Z","level":"info","event":"\tat com.amazonaws.services.s3.AmazonS3Client.listObjectsV2(AmazonS3Client.java:1008)","chan":"stdout","logger":"task"}
{"timestamp":"2025-09-01T06:42:04.063824Z","level":"info","event":"\tat org.apache.hadoop.fs.s3a.S3AFileSystem.lambda$listObjects$11(S3AFileSystem.java:2595)","chan":"stdout","logger":"task"}
{"timestamp":"2025-09-01T06:42:04.063924Z","level":"info","event":"\tat org.apache.hadoop.fs.statistics.impl.IOStatisticsBinding.lambda$trackDurationOfOperation$5(IOStatisticsBinding.java:499)","chan":"stdout","logger":"task"}
{"timestamp":"2025-09-01T06:42:04.064016Z","level":"info","event":"\tat org.apache.hadoop.fs.s3a.Invoker.retryUntranslated(Invoker.java:414)","chan":"stdout","logger":"task"}
{"timestamp":"2025-09-01T06:42:04.064105Z","level":"info","event":"\tat org.apache.hadoop.fs.s3a.Invoker.retryUntranslated(Invoker.java:377)","chan":"stdout","logger":"task"}
{"timestamp":"2025-09-01T06:42:04.064191Z","level":"info","event":"\tat org.apache.hadoop.fs.s3a.S3AFileSystem.listObjects(S3AFileSystem.java:2586)","chan":"stdout","logger":"task"}
{"timestamp":"2025-09-01T06:42:04.064287Z","level":"info","event":"\tat org.apache.hadoop.fs.s3a.S3AFileSystem.s3GetFileStatus(S3AFileSystem.java:3832)","chan":"stdout","logger":"task"}
{"timestamp":"2025-09-01T06:42:04.064377Z","level":"info","event":"\t... 56 more","chan":"stdout","logger":"task"}
{"timestamp":"2025-09-01T06:42:04.064467Z","level":"info","event":"","chan":"stdout","logger":"task"}
{"timestamp":"2025-09-01T06:42:04.286556","level":"error","event":"Task failed with exception","logger":"task","error_detail":[{"exc_type":"Py4JJavaError","exc_value":"An error occurred while calling o96.sql.\n: java.io.UncheckedIOException: org.apache.hadoop.fs.s3a.UnknownStoreException: `s3a://warehouse/weather': getFileStatus on s3a://warehouse/weather: com.amazonaws.services.s3.model.AmazonS3Exception: The specified bucket does not exist (Service: Amazon S3; Status Code: 404; Error Code: NoSuchBucket; Request ID: 18611575784563AF; S3 Extended Request ID: dd9025bab4ad464b049177c95eb6ebf374d3b3fd1af9251148b658df7ac2e3e8; Proxy: null), S3 Extended Request ID: dd9025bab4ad464b049177c95eb6ebf374d3b3fd1af9251148b658df7ac2e3e8:NoSuchBucket: The specified bucket does not exist (Service: Amazon S3; Status Code: 404; Error Code: NoSuchBucket; Request ID: 18611575784563AF; S3 Extended Request ID: dd9025bab4ad464b049177c95eb6ebf374d3b3fd1af9251148b658df7ac2e3e8; Proxy: null)\n\tat org.apache.iceberg.hadoop.HadoopCatalog.isDirectory(HadoopCatalog.java:184)\n\tat org.apache.iceberg.hadoop.HadoopCatalog.isNamespace(HadoopCatalog.java:377)\n\tat org.apache.iceberg.hadoop.HadoopCatalog.loadNamespaceMetadata(HadoopCatalog.java:369)\n\tat org.apache.iceberg.spark.SparkCatalog.loadNamespaceMetadata(SparkCatalog.java:461)\n\tat org.apache.spark.sql.connector.catalog.SupportsNamespaces.namespaceExists(SupportsNamespaces.java:98)\n\tat org.apache.spark.sql.execution.datasources.v2.CreateNamespaceExec.run(CreateNamespaceExec.scala:43)\n\tat org.apache.spark.sql.execution.datasources.v2.V2CommandExec.result$lzycompute(V2CommandExec.scala:43)\n\tat org.apache.spark.sql.execution.datasources.v2.V2CommandExec.result(V2CommandExec.scala:43)\n\tat org.apache.spark.sql.execution.datasources.v2.V2CommandExec.executeCollect(V2CommandExec.scala:49)\n\tat org.apache.spark.sql.execution.QueryExecution$$anonfun$eagerlyExecuteCommands$1.$anonfun$applyOrElse$1(QueryExecution.scala:107)\n\tat org.apache.spark.sql.execution.SQLExecution$.$anonfun$withNewExecutionId$6(SQLExecution.scala:125)\n\tat org.apache.spark.sql.execution.SQLExecution$.withSQLConfPropagated(SQLExecution.scala:201)\n\tat org.apache.spark.sql.execution.SQLExecution$.$anonfun$withNewExecutionId$1(SQLExecution.scala:108)\n\tat org.apache.spark.sql.SparkSession.withActive(SparkSession.scala:900)\n\tat org.apache.spark.sql.execution.SQLExecution$.withNewExecutionId(SQLExecution.scala:66)\n\tat org.apache.spark.sql.execution.QueryExecution$$anonfun$eagerlyExecuteCommands$1.applyOrElse(QueryExecution.scala:107)\n\tat org.apache.spark.sql.execution.QueryExecution$$anonfun$eagerlyExecuteCommands$1.applyOrElse(QueryExecution.scala:98)\n\tat org.apache.spark.sql.catalyst.trees.TreeNode.$anonfun$transformDownWithPruning$1(TreeNode.scala:461)\n\tat org.apache.spark.sql.catalyst.trees.CurrentOrigin$.withOrigin(origin.scala:76)\n\tat org.apache.spark.sql.catalyst.trees.TreeNode.transformDownWithPruning(TreeNode.scala:461)\n\tat org.apache.spark.sql.catalyst.plans.logical.LogicalPlan.org$apache$spark$sql$catalyst$plans$logical$AnalysisHelper$$super$transformDownWithPruning(LogicalPlan.scala:32)\n\tat org.apache.spark.sql.catalyst.plans.logical.AnalysisHelper.transformDownWithPruning(AnalysisHelper.scala:267)\n\tat org.apache.spark.sql.catalyst.plans.logical.AnalysisHelper.transformDownWithPruning$(AnalysisHelper.scala:263)\n\tat org.apache.spark.sql.catalyst.plans.logical.LogicalPlan.transformDownWithPruning(LogicalPlan.scala:32)\n\tat org.apache.spark.sql.catalyst.plans.logical.LogicalPlan.transformDownWithPruning(LogicalPlan.scala:32)\n\tat org.apache.spark.sql.catalyst.trees.TreeNode.transformDown(TreeNode.scala:437)\n\tat org.apache.spark.sql.execution.QueryExecution.eagerlyExecuteCommands(QueryExecution.scala:98)\n\tat org.apache.spark.sql.execution.QueryExecution.commandExecuted$lzycompute(QueryExecution.scala:85)\n\tat org.apache.spark.sql.execution.QueryExecution.commandExecuted(QueryExecution.scala:83)\n\tat org.apache.spark.sql.Dataset.<init>(Dataset.scala:220)\n\tat org.apache.spark.sql.Dataset$.$anonfun$ofRows$2(Dataset.scala:100)\n\tat org.apache.spark.sql.SparkSession.withActive(SparkSession.scala:900)\n\tat org.apache.spark.sql.Dataset$.ofRows(Dataset.scala:97)\n\tat org.apache.spark.sql.SparkSession.$anonfun$sql$1(SparkSession.scala:638)\n\tat org.apache.spark.sql.SparkSession.withActive(SparkSession.scala:900)\n\tat org.apache.spark.sql.SparkSession.sql(SparkSession.scala:629)\n\tat org.apache.spark.sql.SparkSession.sql(SparkSession.scala:659)\n\tat java.base/jdk.internal.reflect.NativeMethodAccessorImpl.invoke0(Native Method)\n\tat java.base/jdk.internal.reflect.NativeMethodAccessorImpl.invoke(NativeMethodAccessorImpl.java:77)\n\tat java.base/jdk.internal.reflect.DelegatingMethodAccessorImpl.invoke(DelegatingMethodAccessorImpl.java:43)\n\tat java.base/java.lang.reflect.Method.invoke(Method.java:569)\n\tat py4j.reflection.MethodInvoker.invoke(MethodInvoker.java:244)\n\tat py4j.reflection.ReflectionEngine.invoke(ReflectionEngine.java:374)\n\tat py4j.Gateway.invoke(Gateway.java:282)\n\tat py4j.commands.AbstractCommand.invokeMethod(AbstractCommand.java:132)\n\tat py4j.commands.CallCommand.execute(CallCommand.java:79)\n\tat py4j.ClientServerConnection.waitForCommands(ClientServerConnection.java:182)\n\tat py4j.ClientServerConnection.run(ClientServerConnection.java:106)\n\tat java.base/java.lang.Thread.run(Thread.java:840)\nCaused by: org.apache.hadoop.fs.s3a.UnknownStoreException: `s3a://warehouse/weather': getFileStatus on s3a://warehouse/weather: com.amazonaws.services.s3.model.AmazonS3Exception: The specified bucket does not exist (Service: Amazon S3; Status Code: 404; Error Code: NoSuchBucket; Request ID: 18611575784563AF; S3 Extended Request ID: dd9025bab4ad464b049177c95eb6ebf374d3b3fd1af9251148b658df7ac2e3e8; Proxy: null), S3 Extended Request ID: dd9025bab4ad464b049177c95eb6ebf374d3b3fd1af9251148b658df7ac2e3e8:NoSuchBucket: The specified bucket does not exist (Service: Amazon S3; Status Code: 404; Error Code: NoSuchBucket; Request ID: 18611575784563AF; S3 Extended Request ID: dd9025bab4ad464b049177c95eb6ebf374d3b3fd1af9251148b658df7ac2e3e8; Proxy: null)\n\tat org.apache.hadoop.fs.s3a.S3AUtils.translateException(S3AUtils.java:263)\n\tat org.apache.hadoop.fs.s3a.S3AUtils.translateException(S3AUtils.java:175)\n\tat org.apache.hadoop.fs.s3a.S3AFileSystem.s3GetFileStatus(S3AFileSystem.java:3858)\n\tat org.apache.hadoop.fs.s3a.S3AFileSystem.innerGetFileStatus(S3AFileSystem.java:3688)\n\tat org.apache.hadoop.fs.s3a.S3AFileSystem.lambda$getFileStatus$24(S3AFileSystem.java:3556)\n\tat org.apache.hadoop.fs.statistics.impl.IOStatisticsBinding.lambda$trackDurationOfOperation$5(IOStatisticsBinding.java:499)\n\tat org.apache.hadoop.fs.statistics.impl.IOStatisticsBinding.trackDuration(IOStatisticsBinding.java:444)\n\tat org.apache.hadoop.fs.s3a.S3AFileSystem.trackDurationAndSpan(S3AFileSystem.java:2337)\n\tat org.apache.hadoop.fs.s3a.S3AFileSystem.trackDurationAndSpan(S3AFileSystem.java:2356)\n\tat org.apache.hadoop.fs.s3a.S3AFileSystem.getFileStatus(S3AFileSystem.java:3554)\n\tat org.apache.iceberg.hadoop.HadoopCatalog.isDirectory(HadoopCatalog.java:176)\n\t... 48 more\nCaused by: com.amazonaws.services.s3.model.AmazonS3Exception: The specified bucket does not exist (Service: Amazon S3; Status Code: 404; Error Code: NoSuchBucket; Request ID: 18611575784563AF; S3 Extended Request ID: dd9025bab4ad464b049177c95eb6ebf374d3b3fd1af9251148b658df7ac2e3e8; Proxy: null), S3 Extended Request ID: dd9025bab4ad464b049177c95eb6ebf374d3b3fd1af9251148b658df7ac2e3e8\n\tat com.amazonaws.http.AmazonHttpClient$RequestExecutor.handleErrorResponse(AmazonHttpClient.java:1912)\n\tat com.amazonaws.http.AmazonHttpClient$RequestExecutor.handleServiceErrorResponse(AmazonHttpClient.java:1450)\n\tat com.amazonaws.http.AmazonHttpClient$RequestExecutor.executeOneRequest(AmazonHttpClient.java:1419)\n\tat com.amazonaws.http.AmazonHttpClient$RequestExecutor.executeHelper(AmazonHttpClient.java:1183)\n\tat com.amazonaws.http.AmazonHttpClient$RequestExecutor.doExecute(AmazonHttpClient.java:838)\n\tat com.amazonaws.http.AmazonHttpClient$RequestExecutor.executeWithTimer(AmazonHttpClient.java:805)\n\tat com.amazonaws.http.AmazonHttpClient$RequestExecutor.execute(AmazonHttpClient.java:779)\n\tat com.amazonaws.http.AmazonHttpClient$RequestExecutor.access$500(AmazonHttpClient.java:735)\n\tat com.amazonaws.http.AmazonHttpClient$RequestExecutionBuilderImpl.execute(AmazonHttpClient.java:717)\n\tat com.amazonaws.http.AmazonHttpClient.execute(AmazonHttpClient.java:581)\n\tat com.amazonaws.http.AmazonHttpClient.execute(AmazonHttpClient.java:559)\n\tat com.amazonaws.services.s3.AmazonS3Client.invoke(AmazonS3Client.java:5608)\n\tat com.amazonaws.services.s3.AmazonS3Client.invoke(AmazonS3Client.java:5555)\n\tat com.amazonaws.services.s3.AmazonS3Client.listObjectsV2(AmazonS3Client.java:1008)\n\tat org.apache.hadoop.fs.s3a.S3AFileSystem.lambda$listObjects$11(S3AFileSystem.java:2595)\n\tat org.apache.hadoop.fs.statistics.impl.IOStatisticsBinding.lambda$trackDurationOfOperation$5(IOStatisticsBinding.java:499)\n\tat org.apache.hadoop.fs.s3a.Invoker.retryUntranslated(Invoker.java:414)\n\tat org.apache.hadoop.fs.s3a.Invoker.retryUntranslated(Invoker.java:377)\n\tat org.apache.hadoop.fs.s3a.S3AFileSystem.listObjects(S3AFileSystem.java:2586)\n\tat org.apache.hadoop.fs.s3a.S3AFileSystem.s3GetFileStatus(S3AFileSystem.java:3832)\n\t... 56 more\n","exc_notes":[],"syntax_error":null,"is_cause":false,"frames":[{"filename":"/home/airflow/.local/lib/python3.12/site-packages/airflow/sdk/execution_time/task_runner.py","lineno":825,"name":"run"},{"filename":"/home/airflow/.local/lib/python3.12/site-packages/airflow/sdk/execution_time/task_runner.py","lineno":1088,"name":"_execute_task"},{"filename":"/home/airflow/.local/lib/python3.12/site-packages/airflow/sdk/bases/operator.py","lineno":408,"name":"wrapper"},{"filename":"/home/airflow/.local/lib/python3.12/site-packages/airflow/providers/standard/operators/python.py","lineno":212,"name":"execute"},{"filename":"/home/airflow/.local/lib/python3.12/site-packages/airflow/providers/standard/operators/python.py","lineno":235,"name":"execute_callable"},{"filename":"/home/airflow/.local/lib/python3.12/site-packages/airflow/sdk/execution_time/callback_runner.py","lineno":81,"name":"run"},{"filename":"/opt/airflow/dags/main.py","lineno":24,"name":"run_etl_weather"},{"filename":"/opt/airflow/dags/etl_data_weather.py","lineno":88,"name":"load_data_weather"},{"filename":"/opt/airflow/dags/spark/build_spark.py","lineno":93,"name":"write_spark_iceberg"},{"filename":"/home/airflow/.local/lib/python3.12/site-packages/pyspark/sql/session.py","lineno":1631,"name":"sql"},{"filename":"/home/airflow/.local/lib/python3.12/site-packages/py4j/java_gateway.py","lineno":1322,"name":"__call__"},{"filename":"/home/airflow/.local/lib/python3.12/site-packages/pyspark/errors/exceptions/captured.py","lineno":179,"name":"deco"},{"filename":"/home/airflow/.local/lib/python3.12/site-packages/py4j/protocol.py","lineno":326,"name":"get_return_value"}]}]}
{"timestamp":"2025-09-01T06:42:04.330140Z","level":"info","event":"Task instance in failure state","chan":"stdout","logger":"task"}
{"timestamp":"2025-09-01T06:42:04.330311Z","level":"info","event":"Task start","chan":"stdout","logger":"task"}
{"timestamp":"2025-09-01T06:42:04.330424Z","level":"info","event":"Task:<Task(PythonOperator): etl_data_weather.extract_transform_load>","chan":"stdout","logger":"task"}
{"timestamp":"2025-09-01T06:42:04.371191Z","level":"info","event":"Failure caused by An error occurred while calling o96.sql.","chan":"stdout","logger":"task"}
{"timestamp":"2025-09-01T06:42:04.371330Z","level":"info","event":": java.io.UncheckedIOException: org.apache.hadoop.fs.s3a.UnknownStoreException: `s3a://warehouse/weather': getFileStatus on s3a://warehouse/weather: com.amazonaws.services.s3.model.AmazonS3Exception: The specified bucket does not exist (Service: Amazon S3; Status Code: 404; Error Code: NoSuchBucket; Request ID: 18611575784563AF; S3 Extended Request ID: dd9025bab4ad464b049177c95eb6ebf374d3b3fd1af9251148b658df7ac2e3e8; Proxy: null), S3 Extended Request ID: dd9025bab4ad464b049177c95eb6ebf374d3b3fd1af9251148b658df7ac2e3e8:NoSuchBucket: The specified bucket does not exist (Service: Amazon S3; Status Code: 404; Error Code: NoSuchBucket; Request ID: 18611575784563AF; S3 Extended Request ID: dd9025bab4ad464b049177c95eb6ebf374d3b3fd1af9251148b658df7ac2e3e8; Proxy: null)","chan":"stdout","logger":"task"}
{"timestamp":"2025-09-01T06:42:04.371382Z","level":"info","event":"\tat org.apache.iceberg.hadoop.HadoopCatalog.isDirectory(HadoopCatalog.java:184)","chan":"stdout","logger":"task"}
{"timestamp":"2025-09-01T06:42:04.371414Z","level":"info","event":"\tat org.apache.iceberg.hadoop.HadoopCatalog.isNamespace(HadoopCatalog.java:377)","chan":"stdout","logger":"task"}
{"timestamp":"2025-09-01T06:42:04.371441Z","level":"info","event":"\tat org.apache.iceberg.hadoop.HadoopCatalog.loadNamespaceMetadata(HadoopCatalog.java:369)","chan":"stdout","logger":"task"}
{"timestamp":"2025-09-01T06:42:04.371468Z","level":"info","event":"\tat org.apache.iceberg.spark.SparkCatalog.loadNamespaceMetadata(SparkCatalog.java:461)","chan":"stdout","logger":"task"}
{"timestamp":"2025-09-01T06:42:04.371496Z","level":"info","event":"\tat org.apache.spark.sql.connector.catalog.SupportsNamespaces.namespaceExists(SupportsNamespaces.java:98)","chan":"stdout","logger":"task"}
{"timestamp":"2025-09-01T06:42:04.371523Z","level":"info","event":"\tat org.apache.spark.sql.execution.datasources.v2.CreateNamespaceExec.run(CreateNamespaceExec.scala:43)","chan":"stdout","logger":"task"}
{"timestamp":"2025-09-01T06:42:04.371549Z","level":"info","event":"\tat org.apache.spark.sql.execution.datasources.v2.V2CommandExec.result$lzycompute(V2CommandExec.scala:43)","chan":"stdout","logger":"task"}
{"timestamp":"2025-09-01T06:42:04.371574Z","level":"info","event":"\tat org.apache.spark.sql.execution.datasources.v2.V2CommandExec.result(V2CommandExec.scala:43)","chan":"stdout","logger":"task"}
{"timestamp":"2025-09-01T06:42:04.371599Z","level":"info","event":"\tat org.apache.spark.sql.execution.datasources.v2.V2CommandExec.executeCollect(V2CommandExec.scala:49)","chan":"stdout","logger":"task"}
{"timestamp":"2025-09-01T06:42:04.371625Z","level":"info","event":"\tat org.apache.spark.sql.execution.QueryExecution$$anonfun$eagerlyExecuteCommands$1.$anonfun$applyOrElse$1(QueryExecution.scala:107)","chan":"stdout","logger":"task"}
{"timestamp":"2025-09-01T06:42:04.371651Z","level":"info","event":"\tat org.apache.spark.sql.execution.SQLExecution$.$anonfun$withNewExecutionId$6(SQLExecution.scala:125)","chan":"stdout","logger":"task"}
{"timestamp":"2025-09-01T06:42:04.371676Z","level":"info","event":"\tat org.apache.spark.sql.execution.SQLExecution$.withSQLConfPropagated(SQLExecution.scala:201)","chan":"stdout","logger":"task"}
{"timestamp":"2025-09-01T06:42:04.371701Z","level":"info","event":"\tat org.apache.spark.sql.execution.SQLExecution$.$anonfun$withNewExecutionId$1(SQLExecution.scala:108)","chan":"stdout","logger":"task"}
{"timestamp":"2025-09-01T06:42:04.371725Z","level":"info","event":"\tat org.apache.spark.sql.SparkSession.withActive(SparkSession.scala:900)","chan":"stdout","logger":"task"}
{"timestamp":"2025-09-01T06:42:04.371751Z","level":"info","event":"\tat org.apache.spark.sql.execution.SQLExecution$.withNewExecutionId(SQLExecution.scala:66)","chan":"stdout","logger":"task"}
{"timestamp":"2025-09-01T06:42:04.371777Z","level":"info","event":"\tat org.apache.spark.sql.execution.QueryExecution$$anonfun$eagerlyExecuteCommands$1.applyOrElse(QueryExecution.scala:107)","chan":"stdout","logger":"task"}
{"timestamp":"2025-09-01T06:42:04.371803Z","level":"info","event":"\tat org.apache.spark.sql.execution.QueryExecution$$anonfun$eagerlyExecuteCommands$1.applyOrElse(QueryExecution.scala:98)","chan":"stdout","logger":"task"}
{"timestamp":"2025-09-01T06:42:04.371831Z","level":"info","event":"\tat org.apache.spark.sql.catalyst.trees.TreeNode.$anonfun$transformDownWithPruning$1(TreeNode.scala:461)","chan":"stdout","logger":"task"}
{"timestamp":"2025-09-01T06:42:04.371865Z","level":"info","event":"\tat org.apache.spark.sql.catalyst.trees.CurrentOrigin$.withOrigin(origin.scala:76)","chan":"stdout","logger":"task"}
{"timestamp":"2025-09-01T06:42:04.371939Z","level":"info","event":"\tat org.apache.spark.sql.catalyst.trees.TreeNode.transformDownWithPruning(TreeNode.scala:461)","chan":"stdout","logger":"task"}
{"timestamp":"2025-09-01T06:42:04.372003Z","level":"info","event":"\tat org.apache.spark.sql.catalyst.plans.logical.LogicalPlan.org$apache$spark$sql$catalyst$plans$logical$AnalysisHelper$$super$transformDownWithPruning(LogicalPlan.scala:32)","chan":"stdout","logger":"task"}
{"timestamp":"2025-09-01T06:42:04.372068Z","level":"info","event":"\tat org.apache.spark.sql.catalyst.plans.logical.AnalysisHelper.transformDownWithPruning(AnalysisHelper.scala:267)","chan":"stdout","logger":"task"}
{"timestamp":"2025-09-01T06:42:04.372130Z","level":"info","event":"\tat org.apache.spark.sql.catalyst.plans.logical.AnalysisHelper.transformDownWithPruning$(AnalysisHelper.scala:263)","chan":"stdout","logger":"task"}
{"timestamp":"2025-09-01T06:42:04.372192Z","level":"info","event":"\tat org.apache.spark.sql.catalyst.plans.logical.LogicalPlan.transformDownWithPruning(LogicalPlan.scala:32)","chan":"stdout","logger":"task"}
{"timestamp":"2025-09-01T06:42:04.372254Z","level":"info","event":"\tat org.apache.spark.sql.catalyst.plans.logical.LogicalPlan.transformDownWithPruning(LogicalPlan.scala:32)","chan":"stdout","logger":"task"}
{"timestamp":"2025-09-01T06:42:04.372316Z","level":"info","event":"\tat org.apache.spark.sql.catalyst.trees.TreeNode.transformDown(TreeNode.scala:437)","chan":"stdout","logger":"task"}
{"timestamp":"2025-09-01T06:42:04.372379Z","level":"info","event":"\tat org.apache.spark.sql.execution.QueryExecution.eagerlyExecuteCommands(QueryExecution.scala:98)","chan":"stdout","logger":"task"}
{"timestamp":"2025-09-01T06:42:04.372448Z","level":"info","event":"\tat org.apache.spark.sql.execution.QueryExecution.commandExecuted$lzycompute(QueryExecution.scala:85)","chan":"stdout","logger":"task"}
{"timestamp":"2025-09-01T06:42:04.372511Z","level":"info","event":"\tat org.apache.spark.sql.execution.QueryExecution.commandExecuted(QueryExecution.scala:83)","chan":"stdout","logger":"task"}
{"timestamp":"2025-09-01T06:42:04.372573Z","level":"info","event":"\tat org.apache.spark.sql.Dataset.<init>(Dataset.scala:220)","chan":"stdout","logger":"task"}
{"timestamp":"2025-09-01T06:42:04.372635Z","level":"info","event":"\tat org.apache.spark.sql.Dataset$.$anonfun$ofRows$2(Dataset.scala:100)","chan":"stdout","logger":"task"}
{"timestamp":"2025-09-01T06:42:04.372699Z","level":"info","event":"\tat org.apache.spark.sql.SparkSession.withActive(SparkSession.scala:900)","chan":"stdout","logger":"task"}
{"timestamp":"2025-09-01T06:42:04.372762Z","level":"info","event":"\tat org.apache.spark.sql.Dataset$.ofRows(Dataset.scala:97)","chan":"stdout","logger":"task"}
{"timestamp":"2025-09-01T06:42:04.372927Z","level":"info","event":"\tat org.apache.spark.sql.SparkSession.$anonfun$sql$1(SparkSession.scala:638)","chan":"stdout","logger":"task"}
{"timestamp":"2025-09-01T06:42:04.373013Z","level":"info","event":"\tat org.apache.spark.sql.SparkSession.withActive(SparkSession.scala:900)","chan":"stdout","logger":"task"}
{"timestamp":"2025-09-01T06:42:04.373082Z","level":"info","event":"\tat org.apache.spark.sql.SparkSession.sql(SparkSession.scala:629)","chan":"stdout","logger":"task"}
{"timestamp":"2025-09-01T06:42:04.373148Z","level":"info","event":"\tat org.apache.spark.sql.SparkSession.sql(SparkSession.scala:659)","chan":"stdout","logger":"task"}
{"timestamp":"2025-09-01T06:42:04.373212Z","level":"info","event":"\tat java.base/jdk.internal.reflect.NativeMethodAccessorImpl.invoke0(Native Method)","chan":"stdout","logger":"task"}
{"timestamp":"2025-09-01T06:42:04.373282Z","level":"info","event":"\tat java.base/jdk.internal.reflect.NativeMethodAccessorImpl.invoke(NativeMethodAccessorImpl.java:77)","chan":"stdout","logger":"task"}
{"timestamp":"2025-09-01T06:42:04.373348Z","level":"info","event":"\tat java.base/jdk.internal.reflect.DelegatingMethodAccessorImpl.invoke(DelegatingMethodAccessorImpl.java:43)","chan":"stdout","logger":"task"}
{"timestamp":"2025-09-01T06:42:04.373415Z","level":"info","event":"\tat java.base/java.lang.reflect.Method.invoke(Method.java:569)","chan":"stdout","logger":"task"}
{"timestamp":"2025-09-01T06:42:04.373479Z","level":"info","event":"\tat py4j.reflection.MethodInvoker.invoke(MethodInvoker.java:244)","chan":"stdout","logger":"task"}
{"timestamp":"2025-09-01T06:42:04.373543Z","level":"info","event":"\tat py4j.reflection.ReflectionEngine.invoke(ReflectionEngine.java:374)","chan":"stdout","logger":"task"}
{"timestamp":"2025-09-01T06:42:04.373607Z","level":"info","event":"\tat py4j.Gateway.invoke(Gateway.java:282)","chan":"stdout","logger":"task"}
{"timestamp":"2025-09-01T06:42:04.373676Z","level":"info","event":"\tat py4j.commands.AbstractCommand.invokeMethod(AbstractCommand.java:132)","chan":"stdout","logger":"task"}
{"timestamp":"2025-09-01T06:42:04.373740Z","level":"info","event":"\tat py4j.commands.CallCommand.execute(CallCommand.java:79)","chan":"stdout","logger":"task"}
{"timestamp":"2025-09-01T06:42:04.373804Z","level":"info","event":"\tat py4j.ClientServerConnection.waitForCommands(ClientServerConnection.java:182)","chan":"stdout","logger":"task"}
{"timestamp":"2025-09-01T06:42:04.373892Z","level":"info","event":"\tat py4j.ClientServerConnection.run(ClientServerConnection.java:106)","chan":"stdout","logger":"task"}
{"timestamp":"2025-09-01T06:42:04.373961Z","level":"info","event":"\tat java.base/java.lang.Thread.run(Thread.java:840)","chan":"stdout","logger":"task"}
{"timestamp":"2025-09-01T06:42:04.374029Z","level":"info","event":"Caused by: org.apache.hadoop.fs.s3a.UnknownStoreException: `s3a://warehouse/weather': getFileStatus on s3a://warehouse/weather: com.amazonaws.services.s3.model.AmazonS3Exception: The specified bucket does not exist (Service: Amazon S3; Status Code: 404; Error Code: NoSuchBucket; Request ID: 18611575784563AF; S3 Extended Request ID: dd9025bab4ad464b049177c95eb6ebf374d3b3fd1af9251148b658df7ac2e3e8; Proxy: null), S3 Extended Request ID: dd9025bab4ad464b049177c95eb6ebf374d3b3fd1af9251148b658df7ac2e3e8:NoSuchBucket: The specified bucket does not exist (Service: Amazon S3; Status Code: 404; Error Code: NoSuchBucket; Request ID: 18611575784563AF; S3 Extended Request ID: dd9025bab4ad464b049177c95eb6ebf374d3b3fd1af9251148b658df7ac2e3e8; Proxy: null)","chan":"stdout","logger":"task"}
{"timestamp":"2025-09-01T06:42:04.374098Z","level":"info","event":"\tat org.apache.hadoop.fs.s3a.S3AUtils.translateException(S3AUtils.java:263)","chan":"stdout","logger":"task"}
{"timestamp":"2025-09-01T06:42:04.374162Z","level":"info","event":"\tat org.apache.hadoop.fs.s3a.S3AUtils.translateException(S3AUtils.java:175)","chan":"stdout","logger":"task"}
{"timestamp":"2025-09-01T06:42:04.374224Z","level":"info","event":"\tat org.apache.hadoop.fs.s3a.S3AFileSystem.s3GetFileStatus(S3AFileSystem.java:3858)","chan":"stdout","logger":"task"}
{"timestamp":"2025-09-01T06:42:04.374285Z","level":"info","event":"\tat org.apache.hadoop.fs.s3a.S3AFileSystem.innerGetFileStatus(S3AFileSystem.java:3688)","chan":"stdout","logger":"task"}
{"timestamp":"2025-09-01T06:42:04.374346Z","level":"info","event":"\tat org.apache.hadoop.fs.s3a.S3AFileSystem.lambda$getFileStatus$24(S3AFileSystem.java:3556)","chan":"stdout","logger":"task"}
{"timestamp":"2025-09-01T06:42:04.374408Z","level":"info","event":"\tat org.apache.hadoop.fs.statistics.impl.IOStatisticsBinding.lambda$trackDurationOfOperation$5(IOStatisticsBinding.java:499)","chan":"stdout","logger":"task"}
{"timestamp":"2025-09-01T06:42:04.374470Z","level":"info","event":"\tat org.apache.hadoop.fs.statistics.impl.IOStatisticsBinding.trackDuration(IOStatisticsBinding.java:444)","chan":"stdout","logger":"task"}
{"timestamp":"2025-09-01T06:42:04.374539Z","level":"info","event":"\tat org.apache.hadoop.fs.s3a.S3AFileSystem.trackDurationAndSpan(S3AFileSystem.java:2337)","chan":"stdout","logger":"task"}
{"timestamp":"2025-09-01T06:42:04.374603Z","level":"info","event":"\tat org.apache.hadoop.fs.s3a.S3AFileSystem.trackDurationAndSpan(S3AFileSystem.java:2356)","chan":"stdout","logger":"task"}
{"timestamp":"2025-09-01T06:42:04.374665Z","level":"info","event":"\tat org.apache.hadoop.fs.s3a.S3AFileSystem.getFileStatus(S3AFileSystem.java:3554)","chan":"stdout","logger":"task"}
{"timestamp":"2025-09-01T06:42:04.374727Z","level":"info","event":"\tat org.apache.iceberg.hadoop.HadoopCatalog.isDirectory(HadoopCatalog.java:176)","chan":"stdout","logger":"task"}
{"timestamp":"2025-09-01T06:42:04.374790Z","level":"info","event":"\t... 48 more","chan":"stdout","logger":"task"}
{"timestamp":"2025-09-01T06:42:04.374862Z","level":"info","event":"Caused by: com.amazonaws.services.s3.model.AmazonS3Exception: The specified bucket does not exist (Service: Amazon S3; Status Code: 404; Error Code: NoSuchBucket; Request ID: 18611575784563AF; S3 Extended Request ID: dd9025bab4ad464b049177c95eb6ebf374d3b3fd1af9251148b658df7ac2e3e8; Proxy: null), S3 Extended Request ID: dd9025bab4ad464b049177c95eb6ebf374d3b3fd1af9251148b658df7ac2e3e8","chan":"stdout","logger":"task"}
{"timestamp":"2025-09-01T06:42:04.374937Z","level":"info","event":"\tat com.amazonaws.http.AmazonHttpClient$RequestExecutor.handleErrorResponse(AmazonHttpClient.java:1912)","chan":"stdout","logger":"task"}
{"timestamp":"2025-09-01T06:42:04.375001Z","level":"info","event":"\tat com.amazonaws.http.AmazonHttpClient$RequestExecutor.handleServiceErrorResponse(AmazonHttpClient.java:1450)","chan":"stdout","logger":"task"}
{"timestamp":"2025-09-01T06:42:04.375069Z","level":"info","event":"\tat com.amazonaws.http.AmazonHttpClient$RequestExecutor.executeOneRequest(AmazonHttpClient.java:1419)","chan":"stdout","logger":"task"}
{"timestamp":"2025-09-01T06:42:04.375133Z","level":"info","event":"\tat com.amazonaws.http.AmazonHttpClient$RequestExecutor.executeHelper(AmazonHttpClient.java:1183)","chan":"stdout","logger":"task"}
{"timestamp":"2025-09-01T06:42:04.375196Z","level":"info","event":"\tat com.amazonaws.http.AmazonHttpClient$RequestExecutor.doExecute(AmazonHttpClient.java:838)","chan":"stdout","logger":"task"}
{"timestamp":"2025-09-01T06:42:04.375258Z","level":"info","event":"\tat com.amazonaws.http.AmazonHttpClient$RequestExecutor.executeWithTimer(AmazonHttpClient.java:805)","chan":"stdout","logger":"task"}
{"timestamp":"2025-09-01T06:42:04.375322Z","level":"info","event":"\tat com.amazonaws.http.AmazonHttpClient$RequestExecutor.execute(AmazonHttpClient.java:779)","chan":"stdout","logger":"task"}
{"timestamp":"2025-09-01T06:42:04.375383Z","level":"info","event":"\tat com.amazonaws.http.AmazonHttpClient$RequestExecutor.access$500(AmazonHttpClient.java:735)","chan":"stdout","logger":"task"}
{"timestamp":"2025-09-01T06:42:04.375514Z","level":"info","event":"\tat com.amazonaws.http.AmazonHttpClient$RequestExecutionBuilderImpl.execute(AmazonHttpClient.java:717)","chan":"stdout","logger":"task"}
{"timestamp":"2025-09-01T06:42:04.375613Z","level":"info","event":"\tat com.amazonaws.http.AmazonHttpClient.execute(AmazonHttpClient.java:581)","chan":"stdout","logger":"task"}
{"timestamp":"2025-09-01T06:42:04.375695Z","level":"info","event":"\tat com.amazonaws.http.AmazonHttpClient.execute(AmazonHttpClient.java:559)","chan":"stdout","logger":"task"}
{"timestamp":"2025-09-01T06:42:04.375773Z","level":"info","event":"\tat com.amazonaws.services.s3.AmazonS3Client.invoke(AmazonS3Client.java:5608)","chan":"stdout","logger":"task"}
{"timestamp":"2025-09-01T06:42:04.375851Z","level":"info","event":"\tat com.amazonaws.services.s3.AmazonS3Client.invoke(AmazonS3Client.java:5555)","chan":"stdout","logger":"task"}
{"timestamp":"2025-09-01T06:42:04.375962Z","level":"info","event":"\tat com.amazonaws.services.s3.AmazonS3Client.listObjectsV2(AmazonS3Client.java:1008)","chan":"stdout","logger":"task"}
{"timestamp":"2025-09-01T06:42:04.376055Z","level":"info","event":"\tat org.apache.hadoop.fs.s3a.S3AFileSystem.lambda$listObjects$11(S3AFileSystem.java:2595)","chan":"stdout","logger":"task"}
{"timestamp":"2025-09-01T06:42:04.376140Z","level":"info","event":"\tat org.apache.hadoop.fs.statistics.impl.IOStatisticsBinding.lambda$trackDurationOfOperation$5(IOStatisticsBinding.java:499)","chan":"stdout","logger":"task"}
{"timestamp":"2025-09-01T06:42:04.376225Z","level":"info","event":"\tat org.apache.hadoop.fs.s3a.Invoker.retryUntranslated(Invoker.java:414)","chan":"stdout","logger":"task"}
{"timestamp":"2025-09-01T06:42:04.376308Z","level":"info","event":"\tat org.apache.hadoop.fs.s3a.Invoker.retryUntranslated(Invoker.java:377)","chan":"stdout","logger":"task"}
{"timestamp":"2025-09-01T06:42:04.376390Z","level":"info","event":"\tat org.apache.hadoop.fs.s3a.S3AFileSystem.listObjects(S3AFileSystem.java:2586)","chan":"stdout","logger":"task"}
{"timestamp":"2025-09-01T06:42:04.376472Z","level":"info","event":"\tat org.apache.hadoop.fs.s3a.S3AFileSystem.s3GetFileStatus(S3AFileSystem.java:3832)","chan":"stdout","logger":"task"}
{"timestamp":"2025-09-01T06:42:04.376556Z","level":"info","event":"\t... 56 more","chan":"stdout","logger":"task"}
{"timestamp":"2025-09-01T06:42:04.376641Z","level":"info","event":"","chan":"stdout","logger":"task"}
{"timestamp":"2025-09-01T06:42:04.763642Z","level":"error","event":"\r[Stage 5:========>                                              (31 + 13) / 200]\r\r[Stage 5:===============================>                      (116 + 14) / 200]","chan":"stderr","logger":"task"}
