{"timestamp":"2025-08-31T19:01:09.862195","level":"info","event":"DAG bundles loaded: dags-folder, example_dags","logger":"airflow.dag_processing.bundles.manager.DagBundlesManager"}
{"timestamp":"2025-08-31T19:01:09.863049","level":"info","event":"Filling up the DagBag from /opt/airflow/dags/main.py","logger":"airflow.models.dagbag.DagBag"}
{"timestamp":"2025-08-31T19:01:10.882432Z","level":"error","event":"WARNING: Using incubator modules: jdk.incubator.vector","chan":"stderr","logger":"task"}
{"timestamp":"2025-08-31T19:01:14.842377Z","level":"error","event":"25/08/31 19:01:14 WARN NativeCodeLoader: Unable to load native-hadoop library for your platform... using builtin-java classes where applicable","chan":"stderr","logger":"task"}
{"timestamp":"2025-08-31T19:01:15.345469Z","level":"error","event":"Using Spark's default log4j profile: org/apache/spark/log4j2-defaults.properties","chan":"stderr","logger":"task"}
{"timestamp":"2025-08-31T19:01:15.345790Z","level":"error","event":"Setting default log level to \"WARN\".","chan":"stderr","logger":"task"}
{"timestamp":"2025-08-31T19:01:15.345910Z","level":"error","event":"To adjust logging level use sc.setLogLevel(newLevel). For SparkR, use setLogLevel(newLevel).","chan":"stderr","logger":"task"}
{"timestamp":"2025-08-31T19:01:17.944246Z","level":"error","event":"25/08/31 19:01:17 WARN Utils: Service 'SparkUI' could not bind on port 4040. Attempting port 4041.","chan":"stderr","logger":"task"}
{"timestamp":"2025-08-31T19:01:21.098355Z","level":"error","event":"25/08/31 19:01:21 WARN SparkSession: Cannot use org.apache.iceberg.spark.extensions.IcebergSparkSessionExtensions to configure session extensions.","chan":"stderr","logger":"task"}
{"timestamp":"2025-08-31T19:01:21.098875Z","level":"error","event":"java.lang.ClassNotFoundException: org.apache.iceberg.spark.extensions.IcebergSparkSessionExtensions","chan":"stderr","logger":"task"}
{"timestamp":"2025-08-31T19:01:21.099013Z","level":"error","event":"\tat java.base/java.net.URLClassLoader.findClass(URLClassLoader.java:445)","chan":"stderr","logger":"task"}
{"timestamp":"2025-08-31T19:01:21.099139Z","level":"error","event":"\tat java.base/java.lang.ClassLoader.loadClass(ClassLoader.java:592)","chan":"stderr","logger":"task"}
{"timestamp":"2025-08-31T19:01:21.099245Z","level":"error","event":"\tat java.base/java.lang.ClassLoader.loadClass(ClassLoader.java:525)","chan":"stderr","logger":"task"}
{"timestamp":"2025-08-31T19:01:21.099373Z","level":"error","event":"\tat java.base/java.lang.Class.forName0(Native Method)","chan":"stderr","logger":"task"}
{"timestamp":"2025-08-31T19:01:21.099473Z","level":"error","event":"\tat java.base/java.lang.Class.forName(Class.java:467)","chan":"stderr","logger":"task"}
{"timestamp":"2025-08-31T19:01:21.099574Z","level":"error","event":"\tat org.apache.spark.util.SparkClassUtils.classForName(SparkClassUtils.scala:41)","chan":"stderr","logger":"task"}
{"timestamp":"2025-08-31T19:01:21.099676Z","level":"error","event":"\tat org.apache.spark.util.SparkClassUtils.classForName$(SparkClassUtils.scala:36)","chan":"stderr","logger":"task"}
{"timestamp":"2025-08-31T19:01:21.099784Z","level":"error","event":"\tat org.apache.spark.util.Utils$.classForName(Utils.scala:99)","chan":"stderr","logger":"task"}
{"timestamp":"2025-08-31T19:01:21.099897Z","level":"error","event":"\tat org.apache.spark.sql.classic.SparkSession$.$anonfun$applyExtensions$2(SparkSession.scala:1056)","chan":"stderr","logger":"task"}
{"timestamp":"2025-08-31T19:01:21.100009Z","level":"error","event":"\tat org.apache.spark.sql.classic.SparkSession$.$anonfun$applyExtensions$2$adapted(SparkSession.scala:1054)","chan":"stderr","logger":"task"}
{"timestamp":"2025-08-31T19:01:21.100114Z","level":"error","event":"\tat scala.collection.IterableOnceOps.foreach(IterableOnce.scala:619)","chan":"stderr","logger":"task"}
{"timestamp":"2025-08-31T19:01:21.100217Z","level":"error","event":"\tat scala.collection.IterableOnceOps.foreach$(IterableOnce.scala:617)","chan":"stderr","logger":"task"}
{"timestamp":"2025-08-31T19:01:21.100346Z","level":"error","event":"\tat scala.collection.AbstractIterable.foreach(Iterable.scala:935)","chan":"stderr","logger":"task"}
{"timestamp":"2025-08-31T19:01:21.100491Z","level":"error","event":"\tat org.apache.spark.sql.classic.SparkSession$.org$apache$spark$sql$classic$SparkSession$$applyExtensions(SparkSession.scala:1054)","chan":"stderr","logger":"task"}
{"timestamp":"2025-08-31T19:01:21.100609Z","level":"error","event":"\tat org.apache.spark.sql.classic.SparkSession$.applyAndLoadExtensions(SparkSession.scala:1038)","chan":"stderr","logger":"task"}
{"timestamp":"2025-08-31T19:01:21.100715Z","level":"error","event":"\tat org.apache.spark.sql.classic.SparkSession.<init>(SparkSession.scala:116)","chan":"stderr","logger":"task"}
{"timestamp":"2025-08-31T19:01:21.100819Z","level":"error","event":"\tat java.base/jdk.internal.reflect.NativeConstructorAccessorImpl.newInstance0(Native Method)","chan":"stderr","logger":"task"}
{"timestamp":"2025-08-31T19:01:21.100950Z","level":"error","event":"\tat java.base/jdk.internal.reflect.NativeConstructorAccessorImpl.newInstance(NativeConstructorAccessorImpl.java:77)","chan":"stderr","logger":"task"}
{"timestamp":"2025-08-31T19:01:21.101066Z","level":"error","event":"\tat java.base/jdk.internal.reflect.DelegatingConstructorAccessorImpl.newInstance(DelegatingConstructorAccessorImpl.java:45)","chan":"stderr","logger":"task"}
{"timestamp":"2025-08-31T19:01:21.101179Z","level":"error","event":"\tat java.base/java.lang.reflect.Constructor.newInstanceWithCaller(Constructor.java:500)","chan":"stderr","logger":"task"}
{"timestamp":"2025-08-31T19:01:21.101282Z","level":"error","event":"\tat java.base/java.lang.reflect.Constructor.newInstance(Constructor.java:481)","chan":"stderr","logger":"task"}
{"timestamp":"2025-08-31T19:01:21.101416Z","level":"error","event":"\tat py4j.reflection.MethodInvoker.invoke(MethodInvoker.java:247)","chan":"stderr","logger":"task"}
{"timestamp":"2025-08-31T19:01:21.101516Z","level":"error","event":"\tat py4j.reflection.ReflectionEngine.invoke(ReflectionEngine.java:374)","chan":"stderr","logger":"task"}
{"timestamp":"2025-08-31T19:01:21.101608Z","level":"error","event":"\tat py4j.Gateway.invoke(Gateway.java:238)","chan":"stderr","logger":"task"}
{"timestamp":"2025-08-31T19:01:21.101698Z","level":"error","event":"\tat py4j.commands.ConstructorCommand.invokeConstructor(ConstructorCommand.java:80)","chan":"stderr","logger":"task"}
{"timestamp":"2025-08-31T19:01:21.101780Z","level":"error","event":"\tat py4j.commands.ConstructorCommand.execute(ConstructorCommand.java:69)","chan":"stderr","logger":"task"}
{"timestamp":"2025-08-31T19:01:21.101861Z","level":"error","event":"\tat py4j.ClientServerConnection.waitForCommands(ClientServerConnection.java:184)","chan":"stderr","logger":"task"}
{"timestamp":"2025-08-31T19:01:21.101945Z","level":"error","event":"\tat py4j.ClientServerConnection.run(ClientServerConnection.java:108)","chan":"stderr","logger":"task"}
{"timestamp":"2025-08-31T19:01:21.102028Z","level":"error","event":"\tat java.base/java.lang.Thread.run(Thread.java:840)","chan":"stderr","logger":"task"}
{"timestamp":"2025-08-31T19:01:25.668515Z","level":"info","event":"Task instance is in running state","chan":"stdout","logger":"task"}
{"timestamp":"2025-08-31T19:01:25.668752Z","level":"info","event":" Previous state of the Task instance: queued","chan":"stdout","logger":"task"}
{"timestamp":"2025-08-31T19:01:25.668867Z","level":"info","event":"Current task name:data_weather","chan":"stdout","logger":"task"}
{"timestamp":"2025-08-31T19:01:25.668969Z","level":"info","event":"Dag name:etl_pipeline","chan":"stdout","logger":"task"}
{"timestamp":"2025-08-31T19:01:25.986172Z","level":"info","event":"Dữ liệu đã lưu: weather_data.json","chan":"stdout","logger":"task"}
{"timestamp":"2025-08-31T19:01:25.987830","level":"info","event":"Done. Returned value was: weather_data.json","logger":"airflow.task.operators.airflow.providers.standard.operators.python.PythonOperator"}
{"timestamp":"2025-08-31T19:01:25.988188","level":"info","event":"Pushing xcom","ti":"RuntimeTaskInstance(id=UUID('01990180-f6c3-726a-972e-ee152f69bd9a'), task_id='data_weather', dag_id='etl_pipeline', run_id='scheduled__2025-08-31T19:00:00+00:00', try_number=1, map_index=-1, hostname='0709b553a124', context_carrier={}, task=<Task(PythonOperator): data_weather>, bundle_instance=LocalDagBundle(name=dags-folder), max_tries=1, start_date=datetime.datetime(2025, 8, 31, 19, 1, 5, 848575, tzinfo=TzInfo(UTC)), end_date=None, is_mapped=False)","logger":"task"}
{"timestamp":"2025-08-31T19:01:26.048219Z","level":"info","event":"Task instance in success state","chan":"stdout","logger":"task"}
{"timestamp":"2025-08-31T19:01:26.048518Z","level":"info","event":" Previous state of the Task instance: running","chan":"stdout","logger":"task"}
{"timestamp":"2025-08-31T19:01:26.048644Z","level":"info","event":"Task operator:<Task(PythonOperator): data_weather>","chan":"stdout","logger":"task"}
