{"timestamp":"2025-09-01T12:00:01.297373","level":"info","event":"DAG bundles loaded: dags-folder, example_dags","logger":"airflow.dag_processing.bundles.manager.DagBundlesManager"}
{"timestamp":"2025-09-01T12:00:01.297937","level":"info","event":"Filling up the DagBag from /opt/airflow/dags/main.py","logger":"airflow.models.dagbag.DagBag"}
{"timestamp":"2025-09-01T12:00:01.921529Z","level":"info","event":"WARNING: sun.reflect.Reflection.getCallerClass is not supported. This will impact performance.","chan":"stdout","logger":"task"}
{"timestamp":"2025-09-01T12:00:02.650170Z","level":"error","event":"25/09/01 12:00:02 WARN NativeCodeLoader: Unable to load native-hadoop library for your platform... using builtin-java classes where applicable","chan":"stderr","logger":"task"}
{"timestamp":"2025-09-01T12:00:02.773397Z","level":"error","event":"Setting default log level to \"WARN\".","chan":"stderr","logger":"task"}
{"timestamp":"2025-09-01T12:00:02.773587Z","level":"error","event":"To adjust logging level use sc.setLogLevel(newLevel). For SparkR, use setLogLevel(newLevel).","chan":"stderr","logger":"task"}
{"timestamp":"2025-09-01T12:00:04.595810Z","level":"info","event":"Iceberg SparkCatalog OK.","chan":"stdout","logger":"task"}
{"timestamp":"2025-09-01T12:00:04.676972Z","level":"info","event":"Task instance is in running state","chan":"stdout","logger":"task"}
{"timestamp":"2025-09-01T12:00:04.677088Z","level":"info","event":" Previous state of the Task instance: queued","chan":"stdout","logger":"task"}
{"timestamp":"2025-09-01T12:00:04.677126Z","level":"info","event":"Current task name:install_spark","chan":"stdout","logger":"task"}
{"timestamp":"2025-09-01T12:00:04.677157Z","level":"info","event":"Dag name:etl_pipeline","chan":"stdout","logger":"task"}
{"timestamp":"2025-09-01T12:00:05.159326Z","level":"info","event":"Iceberg SparkCatalog OK.","chan":"stdout","logger":"task"}
{"timestamp":"2025-09-01T12:00:05.159503Z","level":"info","event":"Spark session started.","chan":"stdout","logger":"task"}
{"timestamp":"2025-09-01T12:00:05.177120Z","level":"info","event":"spark.app.id = local-1756728003367","chan":"stdout","logger":"task"}
{"timestamp":"2025-09-01T12:00:05.177303Z","level":"info","event":"spark.hadoop.fs.s3a.vectored.read.min.seek.size = 131072","chan":"stdout","logger":"task"}
{"timestamp":"2025-09-01T12:00:05.177374Z","level":"info","event":"spark.hadoop.fs.s3a.access.key = admin","chan":"stdout","logger":"task"}
{"timestamp":"2025-09-01T12:00:05.177427Z","level":"info","event":"spark.hadoop.fs.s3a.threads.max = 10","chan":"stdout","logger":"task"}
{"timestamp":"2025-09-01T12:00:05.177477Z","level":"info","event":"spark.hadoop.fs.s3a.secret.key = admin12345","chan":"stdout","logger":"task"}
{"timestamp":"2025-09-01T12:00:05.177526Z","level":"info","event":"spark.hadoop.fs.s3a.connection.ssl.enabled = false","chan":"stdout","logger":"task"}
{"timestamp":"2025-09-01T12:00:05.177577Z","level":"info","event":"spark.driver.port = 46829","chan":"stdout","logger":"task"}
{"timestamp":"2025-09-01T12:00:05.177625Z","level":"info","event":"spark.hadoop.fs.s3a.path.style.access = true","chan":"stdout","logger":"task"}
{"timestamp":"2025-09-01T12:00:05.177674Z","level":"info","event":"spark.hadoop.fs.s3a.connection.part.upload.timeout = 60000","chan":"stdout","logger":"task"}
{"timestamp":"2025-09-01T12:00:05.177744Z","level":"info","event":"spark.hadoop.fs.s3a.aws.credentials.provider = org.apache.hadoop.fs.s3a.SimpleAWSCredentialsProvider","chan":"stdout","logger":"task"}
{"timestamp":"2025-09-01T12:00:05.177792Z","level":"info","event":"spark.hadoop.fs.s3a.attempts.maximum = 3","chan":"stdout","logger":"task"}
{"timestamp":"2025-09-01T12:00:05.177840Z","level":"info","event":"spark.app.startTime = 1756728002848","chan":"stdout","logger":"task"}
{"timestamp":"2025-09-01T12:00:05.177889Z","level":"info","event":"spark.app.name = BAITEST","chan":"stdout","logger":"task"}
{"timestamp":"2025-09-01T12:00:05.177942Z","level":"info","event":"spark.jars = /opt/spark/jars/hadoop-aws-3.3.4.jar,/opt/spark/jars/aws-java-sdk-bundle-1.12.787.jar,/opt/spark/jars/ojdbc11.jar,/opt/spark/jars/iceberg-spark-runtime-3.5_2.12-1.9.2.jar,/opt/spark/jars/iceberg-aws-bundle-1.9.2.jar","chan":"stdout","logger":"task"}
{"timestamp":"2025-09-01T12:00:05.178011Z","level":"info","event":"spark.sql.adaptive.coalescePartitions.enabled = false","chan":"stdout","logger":"task"}
{"timestamp":"2025-09-01T12:00:05.178062Z","level":"info","event":"spark.app.submitTime = 1756728002762","chan":"stdout","logger":"task"}
{"timestamp":"2025-09-01T12:00:05.178115Z","level":"info","event":"spark.hadoop.fs.s3a.connection.idle.time = 60000","chan":"stdout","logger":"task"}
{"timestamp":"2025-09-01T12:00:05.178163Z","level":"info","event":"spark.hadoop.fs.s3a.vectored.read.max.merged.size = 2097152","chan":"stdout","logger":"task"}
{"timestamp":"2025-09-01T12:00:05.178210Z","level":"info","event":"spark.hadoop.fs.s3a.connection.establish.timeout = 5000","chan":"stdout","logger":"task"}
{"timestamp":"2025-09-01T12:00:05.178257Z","level":"info","event":"spark.serializer.objectStreamReset = 100","chan":"stdout","logger":"task"}
{"timestamp":"2025-09-01T12:00:05.178304Z","level":"info","event":"spark.driver.host = e9121ca83f35","chan":"stdout","logger":"task"}
{"timestamp":"2025-09-01T12:00:05.178350Z","level":"info","event":"spark.master = local[*]","chan":"stdout","logger":"task"}
{"timestamp":"2025-09-01T12:00:05.178396Z","level":"info","event":"spark.sql.catalog.local.warehouse = s3a://warehouse/","chan":"stdout","logger":"task"}
{"timestamp":"2025-09-01T12:00:05.178442Z","level":"info","event":"spark.sql.catalog.local.type = nessie","chan":"stdout","logger":"task"}
{"timestamp":"2025-09-01T12:00:05.178489Z","level":"info","event":"spark.submit.deployMode = client","chan":"stdout","logger":"task"}
{"timestamp":"2025-09-01T12:00:05.178534Z","level":"info","event":"spark.sql.warehouse.dir = file:/opt/airflow/spark-warehouse","chan":"stdout","logger":"task"}
{"timestamp":"2025-09-01T12:00:05.178579Z","level":"info","event":"spark.sql.adaptive.enabled = false","chan":"stdout","logger":"task"}
{"timestamp":"2025-09-01T12:00:05.178625Z","level":"info","event":"spark.sql.catalog.local.uri = http://nessie:19120/api/v2","chan":"stdout","logger":"task"}
{"timestamp":"2025-09-01T12:00:05.178672Z","level":"info","event":"spark.hadoop.fs.s3a.retry.limit = 5","chan":"stdout","logger":"task"}
{"timestamp":"2025-09-01T12:00:05.178728Z","level":"info","event":"spark.hadoop.fs.s3a.multipart.size = 104857600","chan":"stdout","logger":"task"}
{"timestamp":"2025-09-01T12:00:05.178886Z","level":"info","event":"spark.driver.extraJavaOptions = -Djava.net.preferIPv6Addresses=false -XX:+IgnoreUnrecognizedVMOptions --add-opens=java.base/java.lang=ALL-UNNAMED --add-opens=java.base/java.lang.invoke=ALL-UNNAMED --add-opens=java.base/java.lang.reflect=ALL-UNNAMED --add-opens=java.base/java.io=ALL-UNNAMED --add-opens=java.base/java.net=ALL-UNNAMED --add-opens=java.base/java.nio=ALL-UNNAMED --add-opens=java.base/java.util=ALL-UNNAMED --add-opens=java.base/java.util.concurrent=ALL-UNNAMED --add-opens=java.base/java.util.concurrent.atomic=ALL-UNNAMED --add-opens=java.base/jdk.internal.ref=ALL-UNNAMED --add-opens=java.base/sun.nio.ch=ALL-UNNAMED --add-opens=java.base/sun.nio.cs=ALL-UNNAMED --add-opens=java.base/sun.security.action=ALL-UNNAMED --add-opens=java.base/sun.util.calendar=ALL-UNNAMED --add-opens=java.security.jgss/sun.security.krb5=ALL-UNNAMED -Djdk.reflect.useDirectMethodHandle=false","chan":"stdout","logger":"task"}
{"timestamp":"2025-09-01T12:00:05.178950Z","level":"info","event":"spark.hadoop.fs.s3a.connection.maximum = 15","chan":"stdout","logger":"task"}
{"timestamp":"2025-09-01T12:00:05.179001Z","level":"info","event":"spark.executor.extraClassPath = /opt/spark/jars/*","chan":"stdout","logger":"task"}
{"timestamp":"2025-09-01T12:00:05.179050Z","level":"info","event":"spark.hadoop.fs.s3a.socket.send.buffer = 65536","chan":"stdout","logger":"task"}
{"timestamp":"2025-09-01T12:00:05.179097Z","level":"info","event":"spark.executor.id = driver","chan":"stdout","logger":"task"}
{"timestamp":"2025-09-01T12:00:05.179143Z","level":"info","event":"spark.hadoop.fs.s3a.connection.timeout = 60000","chan":"stdout","logger":"task"}
{"timestamp":"2025-09-01T12:00:05.179198Z","level":"info","event":"spark.hadoop.fs.s3a.retry.interval = 500","chan":"stdout","logger":"task"}
{"timestamp":"2025-09-01T12:00:05.179248Z","level":"info","event":"spark.repl.local.jars = file:///opt/spark/jars/hadoop-aws-3.3.4.jar,file:///opt/spark/jars/aws-java-sdk-bundle-1.12.787.jar,file:///opt/spark/jars/ojdbc11.jar,file:///opt/spark/jars/iceberg-spark-runtime-3.5_2.12-1.9.2.jar,file:///opt/spark/jars/iceberg-aws-bundle-1.9.2.jar","chan":"stdout","logger":"task"}
{"timestamp":"2025-09-01T12:00:05.179299Z","level":"info","event":"spark.sql.extensions = org.apache.iceberg.spark.extensions.IcebergSparkSessionExtensions","chan":"stdout","logger":"task"}
{"timestamp":"2025-09-01T12:00:05.179346Z","level":"info","event":"spark.driver.extraClassPath = /opt/spark/jars/*","chan":"stdout","logger":"task"}
{"timestamp":"2025-09-01T12:00:05.179393Z","level":"info","event":"spark.hadoop.fs.s3a.socket.recv.buffer = 65536","chan":"stdout","logger":"task"}
{"timestamp":"2025-09-01T12:00:05.179441Z","level":"info","event":"spark.hadoop.fs.s3a.impl = org.apache.hadoop.fs.s3a.S3AFileSystem","chan":"stdout","logger":"task"}
{"timestamp":"2025-09-01T12:00:05.179485Z","level":"info","event":"spark.sql.catalog.local = org.apache.iceberg.spark.SparkCatalog","chan":"stdout","logger":"task"}
{"timestamp":"2025-09-01T12:00:05.179531Z","level":"info","event":"spark.rdd.compress = True","chan":"stdout","logger":"task"}
{"timestamp":"2025-09-01T12:00:05.179578Z","level":"info","event":"spark.hadoop.fs.s3a.threads.keepalivetime = 60000","chan":"stdout","logger":"task"}
{"timestamp":"2025-09-01T12:00:05.179624Z","level":"info","event":"spark.executor.extraJavaOptions = -Djava.net.preferIPv6Addresses=false -XX:+IgnoreUnrecognizedVMOptions --add-opens=java.base/java.lang=ALL-UNNAMED --add-opens=java.base/java.lang.invoke=ALL-UNNAMED --add-opens=java.base/java.lang.reflect=ALL-UNNAMED --add-opens=java.base/java.io=ALL-UNNAMED --add-opens=java.base/java.net=ALL-UNNAMED --add-opens=java.base/java.nio=ALL-UNNAMED --add-opens=java.base/java.util=ALL-UNNAMED --add-opens=java.base/java.util.concurrent=ALL-UNNAMED --add-opens=java.base/java.util.concurrent.atomic=ALL-UNNAMED --add-opens=java.base/jdk.internal.ref=ALL-UNNAMED --add-opens=java.base/sun.nio.ch=ALL-UNNAMED --add-opens=java.base/sun.nio.cs=ALL-UNNAMED --add-opens=java.base/sun.security.action=ALL-UNNAMED --add-opens=java.base/sun.util.calendar=ALL-UNNAMED --add-opens=java.security.jgss/sun.security.krb5=ALL-UNNAMED -Djdk.reflect.useDirectMethodHandle=false","chan":"stdout","logger":"task"}
{"timestamp":"2025-09-01T12:00:05.179671Z","level":"info","event":"spark.hadoop.fs.s3a.multipart.purge.age = 86400","chan":"stdout","logger":"task"}
{"timestamp":"2025-09-01T12:00:05.179743Z","level":"info","event":"spark.app.initial.jar.urls = spark://e9121ca83f35:46829/jars/hadoop-aws-3.3.4.jar,spark://e9121ca83f35:46829/jars/iceberg-spark-runtime-3.5_2.12-1.9.2.jar,spark://e9121ca83f35:46829/jars/aws-java-sdk-bundle-1.12.787.jar,spark://e9121ca83f35:46829/jars/iceberg-aws-bundle-1.9.2.jar,spark://e9121ca83f35:46829/jars/ojdbc11.jar","chan":"stdout","logger":"task"}
{"timestamp":"2025-09-01T12:00:05.179793Z","level":"info","event":"spark.submit.pyFiles =","chan":"stdout","logger":"task"}
{"timestamp":"2025-09-01T12:00:05.179862Z","level":"info","event":"spark.hadoop.fs.s3a.endpoint = http://minio:9000","chan":"stdout","logger":"task"}
{"timestamp":"2025-09-01T12:00:05.179908Z","level":"info","event":"spark.ui.showConsoleProgress = true","chan":"stdout","logger":"task"}
{"timestamp":"2025-09-01T12:00:05.179962Z","level":"info","event":"spark.hadoop.fs.s3a.fast.upload = true","chan":"stdout","logger":"task"}
{"timestamp":"2025-09-01T12:00:05.180031Z","level":"info","event":"spark.hadoop.fs.s3a.impl.disable.cache = true","chan":"stdout","logger":"task"}
{"timestamp":"2025-09-01T12:00:05.180111Z","level":"info","event":"spark.hadoop.fs.s3a.connection.request.timeout = 60000","chan":"stdout","logger":"task"}
{"timestamp":"2025-09-01T12:00:05.180183Z","level":"info","event":"Spark session finished.","chan":"stdout","logger":"task"}
{"timestamp":"2025-09-01T12:00:05.502430","level":"info","event":"Done. Returned value was: None","logger":"airflow.task.operators.airflow.providers.standard.operators.python.PythonOperator"}
{"timestamp":"2025-09-01T12:00:05.525877Z","level":"info","event":"Task instance in success state","chan":"stdout","logger":"task"}
{"timestamp":"2025-09-01T12:00:05.525985Z","level":"info","event":" Previous state of the Task instance: running","chan":"stdout","logger":"task"}
{"timestamp":"2025-09-01T12:00:05.526022Z","level":"info","event":"Task operator:<Task(PythonOperator): install_spark>","chan":"stdout","logger":"task"}
