{"timestamp":"2025-09-01T05:35:27.352154","level":"info","event":"DAG bundles loaded: dags-folder, example_dags","logger":"airflow.dag_processing.bundles.manager.DagBundlesManager"}
{"timestamp":"2025-09-01T05:35:27.352937","level":"info","event":"Filling up the DagBag from /opt/airflow/dags/main.py","logger":"airflow.models.dagbag.DagBag"}
{"timestamp":"2025-09-01T05:35:28.388065Z","level":"info","event":"WARNING: sun.reflect.Reflection.getCallerClass is not supported. This will impact performance.","chan":"stdout","logger":"task"}
{"timestamp":"2025-09-01T05:35:29.487525Z","level":"error","event":"25/09/01 05:35:29 WARN NativeCodeLoader: Unable to load native-hadoop library for your platform... using builtin-java classes where applicable","chan":"stderr","logger":"task"}
{"timestamp":"2025-09-01T05:35:29.941077Z","level":"error","event":"Setting default log level to \"WARN\".","chan":"stderr","logger":"task"}
{"timestamp":"2025-09-01T05:35:29.941301Z","level":"error","event":"To adjust logging level use sc.setLogLevel(newLevel). For SparkR, use setLogLevel(newLevel).","chan":"stderr","logger":"task"}
{"timestamp":"2025-09-01T05:35:30.885829Z","level":"error","event":"25/09/01 05:35:30 WARN Utils: Service 'SparkUI' could not bind on port 4040. Attempting port 4041.","chan":"stderr","logger":"task"}
{"timestamp":"2025-09-01T05:35:32.365793Z","level":"info","event":"Iceberg SparkCatalog OK.","chan":"stdout","logger":"task"}
{"timestamp":"2025-09-01T05:35:32.445127Z","level":"info","event":"Task instance is in running state","chan":"stdout","logger":"task"}
{"timestamp":"2025-09-01T05:35:32.445302Z","level":"info","event":" Previous state of the Task instance: queued","chan":"stdout","logger":"task"}
{"timestamp":"2025-09-01T05:35:32.445376Z","level":"info","event":"Current task name:etl_data_weather.extract_transform_load","chan":"stdout","logger":"task"}
{"timestamp":"2025-09-01T05:35:32.445441Z","level":"info","event":"Dag name:etl_pipeline","chan":"stdout","logger":"task"}
{"timestamp":"2025-09-01T05:35:32.445501Z","level":"info","event":"extract data from file","chan":"stdout","logger":"task"}
{"timestamp":"2025-09-01T05:35:32.454970Z","level":"info","event":"spark.hadoop.fs.s3a.connection.request.timeout = 60000","chan":"stdout","logger":"task"}
{"timestamp":"2025-09-01T05:35:32.455175Z","level":"info","event":"spark.hadoop.fs.s3a.vectored.read.min.seek.size = 131072","chan":"stdout","logger":"task"}
{"timestamp":"2025-09-01T05:35:32.455256Z","level":"info","event":"spark.hadoop.fs.s3a.access.key = admin","chan":"stdout","logger":"task"}
{"timestamp":"2025-09-01T05:35:32.455316Z","level":"info","event":"spark.hadoop.fs.s3a.threads.max = 10","chan":"stdout","logger":"task"}
{"timestamp":"2025-09-01T05:35:32.455374Z","level":"info","event":"spark.hadoop.fs.s3a.secret.key = admin12345","chan":"stdout","logger":"task"}
{"timestamp":"2025-09-01T05:35:32.455430Z","level":"info","event":"spark.hadoop.fs.s3a.connection.ssl.enabled = false","chan":"stdout","logger":"task"}
{"timestamp":"2025-09-01T05:35:32.455501Z","level":"info","event":"spark.hadoop.fs.s3a.path.style.access = true","chan":"stdout","logger":"task"}
{"timestamp":"2025-09-01T05:35:32.455557Z","level":"info","event":"spark.hadoop.fs.s3a.connection.part.upload.timeout = 60000","chan":"stdout","logger":"task"}
{"timestamp":"2025-09-01T05:35:32.455613Z","level":"info","event":"spark.hadoop.fs.s3a.aws.credentials.provider = org.apache.hadoop.fs.s3a.SimpleAWSCredentialsProvider","chan":"stdout","logger":"task"}
{"timestamp":"2025-09-01T05:35:32.455670Z","level":"info","event":"spark.hadoop.fs.s3a.attempts.maximum = 3","chan":"stdout","logger":"task"}
{"timestamp":"2025-09-01T05:35:32.455725Z","level":"info","event":"spark.app.name = BAITEST","chan":"stdout","logger":"task"}
{"timestamp":"2025-09-01T05:35:32.455780Z","level":"info","event":"spark.app.initial.jar.urls = spark://5eaf9358cc0f:36647/jars/hadoop-aws-3.3.4.jar,spark://5eaf9358cc0f:36647/jars/aws-java-sdk-bundle-1.12.787.jar,spark://5eaf9358cc0f:36647/jars/ojdbc11.jar,spark://5eaf9358cc0f:36647/jars/iceberg-aws-bundle-1.9.2.jar,spark://5eaf9358cc0f:36647/jars/iceberg-spark-runtime-3.5_2.13-1.9.2.jar","chan":"stdout","logger":"task"}
{"timestamp":"2025-09-01T05:35:32.455870Z","level":"info","event":"spark.jars = /opt/spark/jars/hadoop-aws-3.3.4.jar,/opt/spark/jars/aws-java-sdk-bundle-1.12.787.jar,/opt/spark/jars/ojdbc11.jar,/opt/spark/jars/iceberg-spark-runtime-3.5_2.13-1.9.2.jar,/opt/spark/jars/iceberg-aws-bundle-1.9.2.jar","chan":"stdout","logger":"task"}
{"timestamp":"2025-09-01T05:35:32.455940Z","level":"info","event":"spark.app.submitTime = 1756704929903","chan":"stdout","logger":"task"}
{"timestamp":"2025-09-01T05:35:32.455999Z","level":"info","event":"spark.sql.adaptive.coalescePartitions.enabled = false","chan":"stdout","logger":"task"}
{"timestamp":"2025-09-01T05:35:32.456054Z","level":"info","event":"spark.sql.catalog.local.type = hadoop","chan":"stdout","logger":"task"}
{"timestamp":"2025-09-01T05:35:32.456113Z","level":"info","event":"spark.hadoop.fs.s3a.connection.idle.time = 60000","chan":"stdout","logger":"task"}
{"timestamp":"2025-09-01T05:35:32.456180Z","level":"info","event":"spark.hadoop.fs.s3a.vectored.read.max.merged.size = 2097152","chan":"stdout","logger":"task"}
{"timestamp":"2025-09-01T05:35:32.456237Z","level":"info","event":"spark.hadoop.fs.s3a.connection.establish.timeout = 5000","chan":"stdout","logger":"task"}
{"timestamp":"2025-09-01T05:35:32.456294Z","level":"info","event":"spark.serializer.objectStreamReset = 100","chan":"stdout","logger":"task"}
{"timestamp":"2025-09-01T05:35:32.456352Z","level":"info","event":"spark.master = local[*]","chan":"stdout","logger":"task"}
{"timestamp":"2025-09-01T05:35:32.456408Z","level":"info","event":"spark.sql.catalog.local.warehouse = s3a://warehouse/","chan":"stdout","logger":"task"}
{"timestamp":"2025-09-01T05:35:32.456462Z","level":"info","event":"spark.submit.deployMode = client","chan":"stdout","logger":"task"}
{"timestamp":"2025-09-01T05:35:32.456519Z","level":"info","event":"spark.sql.adaptive.enabled = false","chan":"stdout","logger":"task"}
{"timestamp":"2025-09-01T05:35:32.456682Z","level":"info","event":"spark.hadoop.fs.s3a.retry.limit = 5","chan":"stdout","logger":"task"}
{"timestamp":"2025-09-01T05:35:32.456763Z","level":"info","event":"spark.hadoop.fs.s3a.multipart.size = 104857600","chan":"stdout","logger":"task"}
{"timestamp":"2025-09-01T05:35:32.456829Z","level":"info","event":"spark.repl.local.jars = file:///opt/spark/jars/hadoop-aws-3.3.4.jar,file:///opt/spark/jars/aws-java-sdk-bundle-1.12.787.jar,file:///opt/spark/jars/ojdbc11.jar,file:///opt/spark/jars/iceberg-spark-runtime-3.5_2.13-1.9.2.jar,file:///opt/spark/jars/iceberg-aws-bundle-1.9.2.jar","chan":"stdout","logger":"task"}
{"timestamp":"2025-09-01T05:35:32.456927Z","level":"info","event":"spark.driver.extraJavaOptions = -Djava.net.preferIPv6Addresses=false -XX:+IgnoreUnrecognizedVMOptions --add-opens=java.base/java.lang=ALL-UNNAMED --add-opens=java.base/java.lang.invoke=ALL-UNNAMED --add-opens=java.base/java.lang.reflect=ALL-UNNAMED --add-opens=java.base/java.io=ALL-UNNAMED --add-opens=java.base/java.net=ALL-UNNAMED --add-opens=java.base/java.nio=ALL-UNNAMED --add-opens=java.base/java.util=ALL-UNNAMED --add-opens=java.base/java.util.concurrent=ALL-UNNAMED --add-opens=java.base/java.util.concurrent.atomic=ALL-UNNAMED --add-opens=java.base/jdk.internal.ref=ALL-UNNAMED --add-opens=java.base/sun.nio.ch=ALL-UNNAMED --add-opens=java.base/sun.nio.cs=ALL-UNNAMED --add-opens=java.base/sun.security.action=ALL-UNNAMED --add-opens=java.base/sun.util.calendar=ALL-UNNAMED --add-opens=java.security.jgss/sun.security.krb5=ALL-UNNAMED -Djdk.reflect.useDirectMethodHandle=false","chan":"stdout","logger":"task"}
{"timestamp":"2025-09-01T05:35:32.457022Z","level":"info","event":"spark.hadoop.fs.s3a.connection.maximum = 15","chan":"stdout","logger":"task"}
{"timestamp":"2025-09-01T05:35:32.457080Z","level":"info","event":"spark.executor.extraClassPath = /opt/spark/jars/*","chan":"stdout","logger":"task"}
{"timestamp":"2025-09-01T05:35:32.457134Z","level":"info","event":"spark.hadoop.fs.s3a.socket.send.buffer = 65536","chan":"stdout","logger":"task"}
{"timestamp":"2025-09-01T05:35:32.457205Z","level":"info","event":"spark.executor.id = driver","chan":"stdout","logger":"task"}
{"timestamp":"2025-09-01T05:35:32.457267Z","level":"info","event":"spark.hadoop.fs.s3a.connection.timeout = 60000","chan":"stdout","logger":"task"}
{"timestamp":"2025-09-01T05:35:32.457325Z","level":"info","event":"spark.hadoop.fs.s3a.retry.interval = 500","chan":"stdout","logger":"task"}
{"timestamp":"2025-09-01T05:35:32.457380Z","level":"info","event":"spark.sql.extensions = org.apache.iceberg.spark.extensions.IcebergSparkSessionExtensions","chan":"stdout","logger":"task"}
{"timestamp":"2025-09-01T05:35:32.457435Z","level":"info","event":"spark.driver.port = 36647","chan":"stdout","logger":"task"}
{"timestamp":"2025-09-01T05:35:32.457496Z","level":"info","event":"spark.driver.extraClassPath = /opt/spark/jars/*","chan":"stdout","logger":"task"}
{"timestamp":"2025-09-01T05:35:32.457555Z","level":"info","event":"spark.hadoop.fs.s3a.socket.recv.buffer = 65536","chan":"stdout","logger":"task"}
{"timestamp":"2025-09-01T05:35:32.457611Z","level":"info","event":"spark.hadoop.fs.s3a.impl = org.apache.hadoop.fs.s3a.S3AFileSystem","chan":"stdout","logger":"task"}
{"timestamp":"2025-09-01T05:35:32.457675Z","level":"info","event":"spark.sql.catalog.local = org.apache.iceberg.spark.SparkCatalog","chan":"stdout","logger":"task"}
{"timestamp":"2025-09-01T05:35:32.457730Z","level":"info","event":"spark.rdd.compress = True","chan":"stdout","logger":"task"}
{"timestamp":"2025-09-01T05:35:32.457787Z","level":"info","event":"spark.app.startTime = 1756704930087","chan":"stdout","logger":"task"}
{"timestamp":"2025-09-01T05:35:32.457845Z","level":"info","event":"spark.hadoop.fs.s3a.threads.keepalivetime = 60000","chan":"stdout","logger":"task"}
{"timestamp":"2025-09-01T05:35:32.457923Z","level":"info","event":"spark.executor.extraJavaOptions = -Djava.net.preferIPv6Addresses=false -XX:+IgnoreUnrecognizedVMOptions --add-opens=java.base/java.lang=ALL-UNNAMED --add-opens=java.base/java.lang.invoke=ALL-UNNAMED --add-opens=java.base/java.lang.reflect=ALL-UNNAMED --add-opens=java.base/java.io=ALL-UNNAMED --add-opens=java.base/java.net=ALL-UNNAMED --add-opens=java.base/java.nio=ALL-UNNAMED --add-opens=java.base/java.util=ALL-UNNAMED --add-opens=java.base/java.util.concurrent=ALL-UNNAMED --add-opens=java.base/java.util.concurrent.atomic=ALL-UNNAMED --add-opens=java.base/jdk.internal.ref=ALL-UNNAMED --add-opens=java.base/sun.nio.ch=ALL-UNNAMED --add-opens=java.base/sun.nio.cs=ALL-UNNAMED --add-opens=java.base/sun.security.action=ALL-UNNAMED --add-opens=java.base/sun.util.calendar=ALL-UNNAMED --add-opens=java.security.jgss/sun.security.krb5=ALL-UNNAMED -Djdk.reflect.useDirectMethodHandle=false","chan":"stdout","logger":"task"}
{"timestamp":"2025-09-01T05:35:32.457986Z","level":"info","event":"spark.hadoop.fs.s3a.multipart.purge.age = 86400","chan":"stdout","logger":"task"}
{"timestamp":"2025-09-01T05:35:32.458045Z","level":"info","event":"spark.submit.pyFiles =","chan":"stdout","logger":"task"}
{"timestamp":"2025-09-01T05:35:32.458105Z","level":"info","event":"spark.hadoop.fs.s3a.endpoint = http://minio:9000","chan":"stdout","logger":"task"}
{"timestamp":"2025-09-01T05:35:32.458161Z","level":"info","event":"spark.ui.showConsoleProgress = true","chan":"stdout","logger":"task"}
{"timestamp":"2025-09-01T05:35:32.458217Z","level":"info","event":"spark.hadoop.fs.s3a.fast.upload = true","chan":"stdout","logger":"task"}
{"timestamp":"2025-09-01T05:35:32.458275Z","level":"info","event":"spark.app.id = local-1756704930959","chan":"stdout","logger":"task"}
{"timestamp":"2025-09-01T05:35:32.458333Z","level":"info","event":"spark.hadoop.fs.s3a.impl.disable.cache = true","chan":"stdout","logger":"task"}
{"timestamp":"2025-09-01T05:35:32.458388Z","level":"info","event":"spark.driver.host = 5eaf9358cc0f","chan":"stdout","logger":"task"}
{"timestamp":"2025-09-01T05:35:33.303621Z","level":"error","event":"25/09/01 05:35:33 WARN MetricsConfig: Cannot locate configuration: tried hadoop-metrics2-s3a-file-system.properties,hadoop-metrics2.properties","chan":"stderr","logger":"task"}
{"timestamp":"2025-09-01T05:35:33.345735Z","level":"error","event":"25/09/01 05:35:33 WARN VersionInfoUtils: The AWS SDK for Java 1.x entered maintenance mode starting July 31, 2024 and will reach end of support on December 31, 2025. For more information, see https://aws.amazon.com/blogs/developer/the-aws-sdk-for-java-1-x-is-in-maintenance-mode-effective-july-31-2024/","chan":"stderr","logger":"task"}
{"timestamp":"2025-09-01T05:35:33.345896Z","level":"error","event":"You can print where on the file system the AWS SDK for Java 1.x core runtime is located by setting the AWS_JAVA_V1_PRINT_LOCATION environment variable or aws.java.v1.printLocation system property to 'true'.","chan":"stderr","logger":"task"}
{"timestamp":"2025-09-01T05:35:33.345938Z","level":"error","event":"This message can be disabled by setting the AWS_JAVA_V1_DISABLE_DEPRECATION_ANNOUNCEMENT environment variable or aws.java.v1.disableDeprecationAnnouncement system property to 'true'.","chan":"stderr","logger":"task"}
{"timestamp":"2025-09-01T05:35:33.345971Z","level":"error","event":"The AWS SDK for Java 1.x is being used here:","chan":"stderr","logger":"task"}
{"timestamp":"2025-09-01T05:35:33.346012Z","level":"error","event":"at java.base/java.lang.Thread.getStackTrace(Thread.java:1619)","chan":"stderr","logger":"task"}
{"timestamp":"2025-09-01T05:35:33.346053Z","level":"error","event":"at com.amazonaws.util.VersionInfoUtils.printDeprecationAnnouncement(VersionInfoUtils.java:81)","chan":"stderr","logger":"task"}
{"timestamp":"2025-09-01T05:35:33.346083Z","level":"error","event":"at com.amazonaws.util.VersionInfoUtils.<clinit>(VersionInfoUtils.java:59)","chan":"stderr","logger":"task"}
{"timestamp":"2025-09-01T05:35:33.346117Z","level":"error","event":"at com.amazonaws.ClientConfiguration.<clinit>(ClientConfiguration.java:95)","chan":"stderr","logger":"task"}
{"timestamp":"2025-09-01T05:35:33.346146Z","level":"error","event":"at org.apache.hadoop.fs.s3a.S3AUtils.createAwsConf(S3AUtils.java:1258)","chan":"stderr","logger":"task"}
{"timestamp":"2025-09-01T05:35:33.346175Z","level":"error","event":"at org.apache.hadoop.fs.s3a.DefaultS3ClientFactory.createS3Client(DefaultS3ClientFactory.java:114)","chan":"stderr","logger":"task"}
{"timestamp":"2025-09-01T05:35:33.346202Z","level":"error","event":"at org.apache.hadoop.fs.s3a.S3AFileSystem.bindAWSClient(S3AFileSystem.java:898)","chan":"stderr","logger":"task"}
{"timestamp":"2025-09-01T05:35:33.346230Z","level":"error","event":"at org.apache.hadoop.fs.s3a.S3AFileSystem.initialize(S3AFileSystem.java:534)","chan":"stderr","logger":"task"}
{"timestamp":"2025-09-01T05:35:33.346257Z","level":"error","event":"at org.apache.hadoop.fs.FileSystem.createFileSystem(FileSystem.java:3469)","chan":"stderr","logger":"task"}
{"timestamp":"2025-09-01T05:35:33.346284Z","level":"error","event":"at org.apache.hadoop.fs.FileSystem.get(FileSystem.java:537)","chan":"stderr","logger":"task"}
{"timestamp":"2025-09-01T05:35:33.346311Z","level":"error","event":"at org.apache.hadoop.fs.Path.getFileSystem(Path.java:365)","chan":"stderr","logger":"task"}
{"timestamp":"2025-09-01T05:35:33.346338Z","level":"error","event":"at org.apache.spark.sql.execution.streaming.FileStreamSink$.hasMetadata(FileStreamSink.scala:53)","chan":"stderr","logger":"task"}
{"timestamp":"2025-09-01T05:35:33.346366Z","level":"error","event":"at org.apache.spark.sql.execution.datasources.DataSource.resolveRelation(DataSource.scala:366)","chan":"stderr","logger":"task"}
{"timestamp":"2025-09-01T05:35:33.346394Z","level":"error","event":"at org.apache.spark.sql.DataFrameReader.loadV1Source(DataFrameReader.scala:229)","chan":"stderr","logger":"task"}
{"timestamp":"2025-09-01T05:35:33.346422Z","level":"error","event":"at org.apache.spark.sql.DataFrameReader.$anonfun$load$2(DataFrameReader.scala:211)","chan":"stderr","logger":"task"}
{"timestamp":"2025-09-01T05:35:33.346449Z","level":"error","event":"at scala.Option.getOrElse(Option.scala:189)","chan":"stderr","logger":"task"}
{"timestamp":"2025-09-01T05:35:33.346477Z","level":"error","event":"at org.apache.spark.sql.DataFrameReader.load(DataFrameReader.scala:211)","chan":"stderr","logger":"task"}
{"timestamp":"2025-09-01T05:35:33.346515Z","level":"error","event":"at org.apache.spark.sql.DataFrameReader.json(DataFrameReader.scala:362)","chan":"stderr","logger":"task"}
{"timestamp":"2025-09-01T05:35:33.346546Z","level":"error","event":"at java.base/jdk.internal.reflect.NativeMethodAccessorImpl.invoke0(Native Method)","chan":"stderr","logger":"task"}
{"timestamp":"2025-09-01T05:35:33.346575Z","level":"error","event":"at java.base/jdk.internal.reflect.NativeMethodAccessorImpl.invoke(NativeMethodAccessorImpl.java:77)","chan":"stderr","logger":"task"}
{"timestamp":"2025-09-01T05:35:33.346605Z","level":"error","event":"at java.base/jdk.internal.reflect.DelegatingMethodAccessorImpl.invoke(DelegatingMethodAccessorImpl.java:43)","chan":"stderr","logger":"task"}
{"timestamp":"2025-09-01T05:35:33.346634Z","level":"error","event":"at java.base/java.lang.reflect.Method.invoke(Method.java:569)","chan":"stderr","logger":"task"}
{"timestamp":"2025-09-01T05:35:33.346662Z","level":"error","event":"at py4j.reflection.MethodInvoker.invoke(MethodInvoker.java:244)","chan":"stderr","logger":"task"}
{"timestamp":"2025-09-01T05:35:33.346690Z","level":"error","event":"at py4j.reflection.ReflectionEngine.invoke(ReflectionEngine.java:374)","chan":"stderr","logger":"task"}
{"timestamp":"2025-09-01T05:35:33.346719Z","level":"error","event":"at py4j.Gateway.invoke(Gateway.java:282)","chan":"stderr","logger":"task"}
{"timestamp":"2025-09-01T05:35:33.346747Z","level":"error","event":"at py4j.commands.AbstractCommand.invokeMethod(AbstractCommand.java:132)","chan":"stderr","logger":"task"}
{"timestamp":"2025-09-01T05:35:33.346774Z","level":"error","event":"at py4j.commands.CallCommand.execute(CallCommand.java:79)","chan":"stderr","logger":"task"}
{"timestamp":"2025-09-01T05:35:33.346801Z","level":"error","event":"at py4j.ClientServerConnection.waitForCommands(ClientServerConnection.java:182)","chan":"stderr","logger":"task"}
{"timestamp":"2025-09-01T05:35:33.346828Z","level":"error","event":"at py4j.ClientServerConnection.run(ClientServerConnection.java:106)","chan":"stderr","logger":"task"}
{"timestamp":"2025-09-01T05:35:33.346867Z","level":"error","event":"at java.base/java.lang.Thread.run(Thread.java:840)","chan":"stderr","logger":"task"}
{"timestamp":"2025-09-01T05:35:34.267428","level":"error","event":"Task failed with exception","logger":"task","error_detail":[{"exc_type":"Py4JJavaError","exc_value":"An error occurred while calling o265.json.\n: java.lang.NoClassDefFoundError: scala/$less$colon$less\n\tat org.apache.iceberg.spark.extensions.IcebergSparkSessionExtensions.$anonfun$apply$2(IcebergSparkSessionExtensions.scala:38)\n\tat org.apache.spark.sql.SparkSessionExtensions.$anonfun$buildResolutionRules$1(SparkSessionExtensions.scala:215)\n\tat scala.collection.TraversableLike.$anonfun$map$1(TraversableLike.scala:286)\n\tat scala.collection.mutable.ResizableArray.foreach(ResizableArray.scala:62)\n\tat scala.collection.mutable.ResizableArray.foreach$(ResizableArray.scala:55)\n\tat scala.collection.mutable.ArrayBuffer.foreach(ArrayBuffer.scala:49)\n\tat scala.collection.TraversableLike.map(TraversableLike.scala:286)\n\tat scala.collection.TraversableLike.map$(TraversableLike.scala:279)\n\tat scala.collection.AbstractTraversable.map(Traversable.scala:108)\n\tat org.apache.spark.sql.SparkSessionExtensions.buildResolutionRules(SparkSessionExtensions.scala:215)\n\tat org.apache.spark.sql.internal.BaseSessionStateBuilder.customResolutionRules(BaseSessionStateBuilder.scala:222)\n\tat org.apache.spark.sql.internal.BaseSessionStateBuilder$$anon$1.<init>(BaseSessionStateBuilder.scala:194)\n\tat org.apache.spark.sql.internal.BaseSessionStateBuilder.analyzer(BaseSessionStateBuilder.scala:185)\n\tat org.apache.spark.sql.internal.BaseSessionStateBuilder.$anonfun$build$2(BaseSessionStateBuilder.scala:375)\n\tat org.apache.spark.sql.internal.SessionState.analyzer$lzycompute(SessionState.scala:92)\n\tat org.apache.spark.sql.internal.SessionState.analyzer(SessionState.scala:92)\n\tat org.apache.spark.sql.execution.QueryExecution.$anonfun$analyzed$1(QueryExecution.scala:77)\n\tat org.apache.spark.sql.catalyst.QueryPlanningTracker.measurePhase(QueryPlanningTracker.scala:138)\n\tat org.apache.spark.sql.execution.QueryExecution.$anonfun$executePhase$2(QueryExecution.scala:219)\n\tat org.apache.spark.sql.execution.QueryExecution$.withInternalError(QueryExecution.scala:546)\n\tat org.apache.spark.sql.execution.QueryExecution.$anonfun$executePhase$1(QueryExecution.scala:219)\n\tat org.apache.spark.sql.SparkSession.withActive(SparkSession.scala:900)\n\tat org.apache.spark.sql.execution.QueryExecution.executePhase(QueryExecution.scala:218)\n\tat org.apache.spark.sql.execution.QueryExecution.analyzed$lzycompute(QueryExecution.scala:77)\n\tat org.apache.spark.sql.execution.QueryExecution.analyzed(QueryExecution.scala:74)\n\tat org.apache.spark.sql.execution.QueryExecution.assertAnalyzed(QueryExecution.scala:66)\n\tat org.apache.spark.sql.Dataset$.$anonfun$ofRows$1(Dataset.scala:91)\n\tat org.apache.spark.sql.SparkSession.withActive(SparkSession.scala:900)\n\tat org.apache.spark.sql.Dataset$.ofRows(Dataset.scala:89)\n\tat org.apache.spark.sql.SparkSession.baseRelationToDataFrame(SparkSession.scala:446)\n\tat org.apache.spark.sql.DataFrameReader.loadV1Source(DataFrameReader.scala:229)\n\tat org.apache.spark.sql.DataFrameReader.$anonfun$load$2(DataFrameReader.scala:211)\n\tat scala.Option.getOrElse(Option.scala:189)\n\tat org.apache.spark.sql.DataFrameReader.load(DataFrameReader.scala:211)\n\tat org.apache.spark.sql.DataFrameReader.json(DataFrameReader.scala:362)\n\tat java.base/jdk.internal.reflect.NativeMethodAccessorImpl.invoke0(Native Method)\n\tat java.base/jdk.internal.reflect.NativeMethodAccessorImpl.invoke(NativeMethodAccessorImpl.java:77)\n\tat java.base/jdk.internal.reflect.DelegatingMethodAccessorImpl.invoke(DelegatingMethodAccessorImpl.java:43)\n\tat java.base/java.lang.reflect.Method.invoke(Method.java:569)\n\tat py4j.reflection.MethodInvoker.invoke(MethodInvoker.java:244)\n\tat py4j.reflection.ReflectionEngine.invoke(ReflectionEngine.java:374)\n\tat py4j.Gateway.invoke(Gateway.java:282)\n\tat py4j.commands.AbstractCommand.invokeMethod(AbstractCommand.java:132)\n\tat py4j.commands.CallCommand.execute(CallCommand.java:79)\n\tat py4j.ClientServerConnection.waitForCommands(ClientServerConnection.java:182)\n\tat py4j.ClientServerConnection.run(ClientServerConnection.java:106)\n\tat java.base/java.lang.Thread.run(Thread.java:840)\nCaused by: java.lang.ClassNotFoundException: scala.$less$colon$less\n\tat java.base/jdk.internal.loader.BuiltinClassLoader.loadClass(BuiltinClassLoader.java:641)\n\tat java.base/jdk.internal.loader.ClassLoaders$AppClassLoader.loadClass(ClassLoaders.java:188)\n\tat java.base/java.lang.ClassLoader.loadClass(ClassLoader.java:525)\n\t... 47 more\n","exc_notes":[],"syntax_error":null,"is_cause":false,"frames":[{"filename":"/home/airflow/.local/lib/python3.12/site-packages/airflow/sdk/execution_time/task_runner.py","lineno":825,"name":"run"},{"filename":"/home/airflow/.local/lib/python3.12/site-packages/airflow/sdk/execution_time/task_runner.py","lineno":1088,"name":"_execute_task"},{"filename":"/home/airflow/.local/lib/python3.12/site-packages/airflow/sdk/bases/operator.py","lineno":408,"name":"wrapper"},{"filename":"/home/airflow/.local/lib/python3.12/site-packages/airflow/providers/standard/operators/python.py","lineno":212,"name":"execute"},{"filename":"/home/airflow/.local/lib/python3.12/site-packages/airflow/providers/standard/operators/python.py","lineno":235,"name":"execute_callable"},{"filename":"/home/airflow/.local/lib/python3.12/site-packages/airflow/sdk/execution_time/callback_runner.py","lineno":81,"name":"run"},{"filename":"/opt/airflow/dags/main.py","lineno":22,"name":"run_etl_weather"},{"filename":"/opt/airflow/dags/etl_data_weather.py","lineno":28,"name":"extract_data_weather"},{"filename":"/home/airflow/.local/lib/python3.12/site-packages/pyspark/sql/readwriter.py","lineno":425,"name":"json"},{"filename":"/home/airflow/.local/lib/python3.12/site-packages/py4j/java_gateway.py","lineno":1322,"name":"__call__"},{"filename":"/home/airflow/.local/lib/python3.12/site-packages/pyspark/errors/exceptions/captured.py","lineno":179,"name":"deco"},{"filename":"/home/airflow/.local/lib/python3.12/site-packages/py4j/protocol.py","lineno":326,"name":"get_return_value"}]}]}
{"timestamp":"2025-09-01T05:35:34.268679Z","level":"info","event":"Task instance in failure state","chan":"stdout","logger":"task"}
{"timestamp":"2025-09-01T05:35:34.268772Z","level":"info","event":"Task start","chan":"stdout","logger":"task"}
{"timestamp":"2025-09-01T05:35:34.268835Z","level":"info","event":"Task:<Task(PythonOperator): etl_data_weather.extract_transform_load>","chan":"stdout","logger":"task"}
{"timestamp":"2025-09-01T05:35:34.268910Z","level":"info","event":"Failure caused by An error occurred while calling o265.json.","chan":"stdout","logger":"task"}
{"timestamp":"2025-09-01T05:35:34.268970Z","level":"info","event":": java.lang.NoClassDefFoundError: scala/$less$colon$less","chan":"stdout","logger":"task"}
{"timestamp":"2025-09-01T05:35:34.269029Z","level":"info","event":"\tat org.apache.iceberg.spark.extensions.IcebergSparkSessionExtensions.$anonfun$apply$2(IcebergSparkSessionExtensions.scala:38)","chan":"stdout","logger":"task"}
{"timestamp":"2025-09-01T05:35:34.269092Z","level":"info","event":"\tat org.apache.spark.sql.SparkSessionExtensions.$anonfun$buildResolutionRules$1(SparkSessionExtensions.scala:215)","chan":"stdout","logger":"task"}
{"timestamp":"2025-09-01T05:35:34.269151Z","level":"info","event":"\tat scala.collection.TraversableLike.$anonfun$map$1(TraversableLike.scala:286)","chan":"stdout","logger":"task"}
{"timestamp":"2025-09-01T05:35:34.269209Z","level":"info","event":"\tat scala.collection.mutable.ResizableArray.foreach(ResizableArray.scala:62)","chan":"stdout","logger":"task"}
{"timestamp":"2025-09-01T05:35:34.269267Z","level":"info","event":"\tat scala.collection.mutable.ResizableArray.foreach$(ResizableArray.scala:55)","chan":"stdout","logger":"task"}
{"timestamp":"2025-09-01T05:35:34.269326Z","level":"info","event":"\tat scala.collection.mutable.ArrayBuffer.foreach(ArrayBuffer.scala:49)","chan":"stdout","logger":"task"}
{"timestamp":"2025-09-01T05:35:34.269385Z","level":"info","event":"\tat scala.collection.TraversableLike.map(TraversableLike.scala:286)","chan":"stdout","logger":"task"}
{"timestamp":"2025-09-01T05:35:34.269443Z","level":"info","event":"\tat scala.collection.TraversableLike.map$(TraversableLike.scala:279)","chan":"stdout","logger":"task"}
{"timestamp":"2025-09-01T05:35:34.269500Z","level":"info","event":"\tat scala.collection.AbstractTraversable.map(Traversable.scala:108)","chan":"stdout","logger":"task"}
{"timestamp":"2025-09-01T05:35:34.269558Z","level":"info","event":"\tat org.apache.spark.sql.SparkSessionExtensions.buildResolutionRules(SparkSessionExtensions.scala:215)","chan":"stdout","logger":"task"}
{"timestamp":"2025-09-01T05:35:34.269616Z","level":"info","event":"\tat org.apache.spark.sql.internal.BaseSessionStateBuilder.customResolutionRules(BaseSessionStateBuilder.scala:222)","chan":"stdout","logger":"task"}
{"timestamp":"2025-09-01T05:35:34.269674Z","level":"info","event":"\tat org.apache.spark.sql.internal.BaseSessionStateBuilder$$anon$1.<init>(BaseSessionStateBuilder.scala:194)","chan":"stdout","logger":"task"}
{"timestamp":"2025-09-01T05:35:34.269732Z","level":"info","event":"\tat org.apache.spark.sql.internal.BaseSessionStateBuilder.analyzer(BaseSessionStateBuilder.scala:185)","chan":"stdout","logger":"task"}
{"timestamp":"2025-09-01T05:35:34.269789Z","level":"info","event":"\tat org.apache.spark.sql.internal.BaseSessionStateBuilder.$anonfun$build$2(BaseSessionStateBuilder.scala:375)","chan":"stdout","logger":"task"}
{"timestamp":"2025-09-01T05:35:34.269848Z","level":"info","event":"\tat org.apache.spark.sql.internal.SessionState.analyzer$lzycompute(SessionState.scala:92)","chan":"stdout","logger":"task"}
{"timestamp":"2025-09-01T05:35:34.269915Z","level":"info","event":"\tat org.apache.spark.sql.internal.SessionState.analyzer(SessionState.scala:92)","chan":"stdout","logger":"task"}
{"timestamp":"2025-09-01T05:35:34.269988Z","level":"info","event":"\tat org.apache.spark.sql.execution.QueryExecution.$anonfun$analyzed$1(QueryExecution.scala:77)","chan":"stdout","logger":"task"}
{"timestamp":"2025-09-01T05:35:34.270046Z","level":"info","event":"\tat org.apache.spark.sql.catalyst.QueryPlanningTracker.measurePhase(QueryPlanningTracker.scala:138)","chan":"stdout","logger":"task"}
{"timestamp":"2025-09-01T05:35:34.270103Z","level":"info","event":"\tat org.apache.spark.sql.execution.QueryExecution.$anonfun$executePhase$2(QueryExecution.scala:219)","chan":"stdout","logger":"task"}
{"timestamp":"2025-09-01T05:35:34.270162Z","level":"info","event":"\tat org.apache.spark.sql.execution.QueryExecution$.withInternalError(QueryExecution.scala:546)","chan":"stdout","logger":"task"}
{"timestamp":"2025-09-01T05:35:34.270222Z","level":"info","event":"\tat org.apache.spark.sql.execution.QueryExecution.$anonfun$executePhase$1(QueryExecution.scala:219)","chan":"stdout","logger":"task"}
{"timestamp":"2025-09-01T05:35:34.270282Z","level":"info","event":"\tat org.apache.spark.sql.SparkSession.withActive(SparkSession.scala:900)","chan":"stdout","logger":"task"}
{"timestamp":"2025-09-01T05:35:34.270341Z","level":"info","event":"\tat org.apache.spark.sql.execution.QueryExecution.executePhase(QueryExecution.scala:218)","chan":"stdout","logger":"task"}
{"timestamp":"2025-09-01T05:35:34.270400Z","level":"info","event":"\tat org.apache.spark.sql.execution.QueryExecution.analyzed$lzycompute(QueryExecution.scala:77)","chan":"stdout","logger":"task"}
{"timestamp":"2025-09-01T05:35:34.270460Z","level":"info","event":"\tat org.apache.spark.sql.execution.QueryExecution.analyzed(QueryExecution.scala:74)","chan":"stdout","logger":"task"}
{"timestamp":"2025-09-01T05:35:34.270519Z","level":"info","event":"\tat org.apache.spark.sql.execution.QueryExecution.assertAnalyzed(QueryExecution.scala:66)","chan":"stdout","logger":"task"}
{"timestamp":"2025-09-01T05:35:34.270579Z","level":"info","event":"\tat org.apache.spark.sql.Dataset$.$anonfun$ofRows$1(Dataset.scala:91)","chan":"stdout","logger":"task"}
{"timestamp":"2025-09-01T05:35:34.270638Z","level":"info","event":"\tat org.apache.spark.sql.SparkSession.withActive(SparkSession.scala:900)","chan":"stdout","logger":"task"}
{"timestamp":"2025-09-01T05:35:34.270696Z","level":"info","event":"\tat org.apache.spark.sql.Dataset$.ofRows(Dataset.scala:89)","chan":"stdout","logger":"task"}
{"timestamp":"2025-09-01T05:35:34.270754Z","level":"info","event":"\tat org.apache.spark.sql.SparkSession.baseRelationToDataFrame(SparkSession.scala:446)","chan":"stdout","logger":"task"}
{"timestamp":"2025-09-01T05:35:34.270813Z","level":"info","event":"\tat org.apache.spark.sql.DataFrameReader.loadV1Source(DataFrameReader.scala:229)","chan":"stdout","logger":"task"}
{"timestamp":"2025-09-01T05:35:34.270881Z","level":"info","event":"\tat org.apache.spark.sql.DataFrameReader.$anonfun$load$2(DataFrameReader.scala:211)","chan":"stdout","logger":"task"}
{"timestamp":"2025-09-01T05:35:34.270941Z","level":"info","event":"\tat scala.Option.getOrElse(Option.scala:189)","chan":"stdout","logger":"task"}
{"timestamp":"2025-09-01T05:35:34.271002Z","level":"info","event":"\tat org.apache.spark.sql.DataFrameReader.load(DataFrameReader.scala:211)","chan":"stdout","logger":"task"}
{"timestamp":"2025-09-01T05:35:34.271060Z","level":"info","event":"\tat org.apache.spark.sql.DataFrameReader.json(DataFrameReader.scala:362)","chan":"stdout","logger":"task"}
{"timestamp":"2025-09-01T05:35:34.271118Z","level":"info","event":"\tat java.base/jdk.internal.reflect.NativeMethodAccessorImpl.invoke0(Native Method)","chan":"stdout","logger":"task"}
{"timestamp":"2025-09-01T05:35:34.271176Z","level":"info","event":"\tat java.base/jdk.internal.reflect.NativeMethodAccessorImpl.invoke(NativeMethodAccessorImpl.java:77)","chan":"stdout","logger":"task"}
{"timestamp":"2025-09-01T05:35:34.271235Z","level":"info","event":"\tat java.base/jdk.internal.reflect.DelegatingMethodAccessorImpl.invoke(DelegatingMethodAccessorImpl.java:43)","chan":"stdout","logger":"task"}
{"timestamp":"2025-09-01T05:35:34.271300Z","level":"info","event":"\tat java.base/java.lang.reflect.Method.invoke(Method.java:569)","chan":"stdout","logger":"task"}
{"timestamp":"2025-09-01T05:35:34.271359Z","level":"info","event":"\tat py4j.reflection.MethodInvoker.invoke(MethodInvoker.java:244)","chan":"stdout","logger":"task"}
{"timestamp":"2025-09-01T05:35:34.271419Z","level":"info","event":"\tat py4j.reflection.ReflectionEngine.invoke(ReflectionEngine.java:374)","chan":"stdout","logger":"task"}
{"timestamp":"2025-09-01T05:35:34.271478Z","level":"info","event":"\tat py4j.Gateway.invoke(Gateway.java:282)","chan":"stdout","logger":"task"}
{"timestamp":"2025-09-01T05:35:34.271535Z","level":"info","event":"\tat py4j.commands.AbstractCommand.invokeMethod(AbstractCommand.java:132)","chan":"stdout","logger":"task"}
{"timestamp":"2025-09-01T05:35:34.271593Z","level":"info","event":"\tat py4j.commands.CallCommand.execute(CallCommand.java:79)","chan":"stdout","logger":"task"}
{"timestamp":"2025-09-01T05:35:34.271654Z","level":"info","event":"\tat py4j.ClientServerConnection.waitForCommands(ClientServerConnection.java:182)","chan":"stdout","logger":"task"}
{"timestamp":"2025-09-01T05:35:34.271714Z","level":"info","event":"\tat py4j.ClientServerConnection.run(ClientServerConnection.java:106)","chan":"stdout","logger":"task"}
{"timestamp":"2025-09-01T05:35:34.271836Z","level":"info","event":"\tat java.base/java.lang.Thread.run(Thread.java:840)","chan":"stdout","logger":"task"}
{"timestamp":"2025-09-01T05:35:34.271919Z","level":"info","event":"Caused by: java.lang.ClassNotFoundException: scala.$less$colon$less","chan":"stdout","logger":"task"}
{"timestamp":"2025-09-01T05:35:34.271980Z","level":"info","event":"\tat java.base/jdk.internal.loader.BuiltinClassLoader.loadClass(BuiltinClassLoader.java:641)","chan":"stdout","logger":"task"}
{"timestamp":"2025-09-01T05:35:34.272039Z","level":"info","event":"\tat java.base/jdk.internal.loader.ClassLoaders$AppClassLoader.loadClass(ClassLoaders.java:188)","chan":"stdout","logger":"task"}
{"timestamp":"2025-09-01T05:35:34.272097Z","level":"info","event":"\tat java.base/java.lang.ClassLoader.loadClass(ClassLoader.java:525)","chan":"stdout","logger":"task"}
{"timestamp":"2025-09-01T05:35:34.272156Z","level":"info","event":"\t... 47 more","chan":"stdout","logger":"task"}
{"timestamp":"2025-09-01T05:35:34.272215Z","level":"info","event":"","chan":"stdout","logger":"task"}
