{"timestamp":"2025-09-01T04:26:28.607583","level":"info","event":"DAG bundles loaded: dags-folder, example_dags","logger":"airflow.dag_processing.bundles.manager.DagBundlesManager"}
{"timestamp":"2025-09-01T04:26:28.608267","level":"info","event":"Filling up the DagBag from /opt/airflow/dags/main.py","logger":"airflow.models.dagbag.DagBag"}
{"timestamp":"2025-09-01T04:26:29.030800Z","level":"error","event":"WARNING: Using incubator modules: jdk.incubator.vector","chan":"stderr","logger":"task"}
{"timestamp":"2025-09-01T04:26:29.806990Z","level":"info","event":"WARNING: sun.reflect.Reflection.getCallerClass is not supported. This will impact performance.","chan":"stdout","logger":"task"}
{"timestamp":"2025-09-01T04:26:30.611551Z","level":"error","event":"25/09/01 04:26:30 WARN NativeCodeLoader: Unable to load native-hadoop library for your platform... using builtin-java classes where applicable","chan":"stderr","logger":"task"}
{"timestamp":"2025-09-01T04:26:30.766350Z","level":"error","event":"Using Spark's default log4j profile: org/apache/spark/log4j2-defaults.properties","chan":"stderr","logger":"task"}
{"timestamp":"2025-09-01T04:26:30.766653Z","level":"error","event":"Setting default log level to \"WARN\".","chan":"stderr","logger":"task"}
{"timestamp":"2025-09-01T04:26:30.766760Z","level":"error","event":"To adjust logging level use sc.setLogLevel(newLevel). For SparkR, use setLogLevel(newLevel).","chan":"stderr","logger":"task"}
{"timestamp":"2025-09-01T04:26:35.449168Z","level":"info","event":"Iceberg SparkCatalog OK.","chan":"stdout","logger":"task"}
{"timestamp":"2025-09-01T04:26:36.031890Z","level":"info","event":"Task instance is in running state","chan":"stdout","logger":"task"}
{"timestamp":"2025-09-01T04:26:36.032011Z","level":"info","event":" Previous state of the Task instance: queued","chan":"stdout","logger":"task"}
{"timestamp":"2025-09-01T04:26:36.032051Z","level":"info","event":"Current task name:install_spark","chan":"stdout","logger":"task"}
{"timestamp":"2025-09-01T04:26:36.032085Z","level":"info","event":"Dag name:etl_pipeline","chan":"stdout","logger":"task"}
{"timestamp":"2025-09-01T04:26:36.039615Z","level":"info","event":"Iceberg SparkCatalog OK.","chan":"stdout","logger":"task"}
{"timestamp":"2025-09-01T04:26:36.039793Z","level":"info","event":"Spark session started.","chan":"stdout","logger":"task"}
{"timestamp":"2025-09-01T04:26:36.059740Z","level":"info","event":"spark.jars = /opt/spark/jars/hadoop-aws-3.3.6.jar,/opt/spark/jars/aws-java-sdk-bundle-1.12.787.jar,/opt/spark/jars/ojdbc11.jar,/opt/spark/jars/iceberg-spark-runtime-4.0_2.13-1.9.2.jar,/opt/spark/jars/iceberg-aws-bundle-1.9.2.jar","chan":"stdout","logger":"task"}
{"timestamp":"2025-09-01T04:26:36.059911Z","level":"info","event":"spark.hadoop.fs.s3a.connection.part.upload.timeout = 60000","chan":"stdout","logger":"task"}
{"timestamp":"2025-09-01T04:26:36.059990Z","level":"info","event":"spark.hadoop.fs.s3a.socket.recv.buffer = 65536","chan":"stdout","logger":"task"}
{"timestamp":"2025-09-01T04:26:36.060054Z","level":"info","event":"spark.hadoop.fs.s3a.impl.disable.cache = true","chan":"stdout","logger":"task"}
{"timestamp":"2025-09-01T04:26:36.060133Z","level":"info","event":"spark.hadoop.fs.s3a.connection.request.timeout = 60000","chan":"stdout","logger":"task"}
{"timestamp":"2025-09-01T04:26:36.060204Z","level":"info","event":"spark.app.id = local-1756700792008","chan":"stdout","logger":"task"}
{"timestamp":"2025-09-01T04:26:36.060275Z","level":"info","event":"spark.hadoop.fs.s3a.path.style.access = true","chan":"stdout","logger":"task"}
{"timestamp":"2025-09-01T04:26:36.060347Z","level":"info","event":"spark.app.submitTime = 1756700790729","chan":"stdout","logger":"task"}
{"timestamp":"2025-09-01T04:26:36.060418Z","level":"info","event":"spark.rdd.compress = True","chan":"stdout","logger":"task"}
{"timestamp":"2025-09-01T04:26:36.060491Z","level":"info","event":"spark.executor.extraClassPath = /opt/spark/jars/*","chan":"stdout","logger":"task"}
{"timestamp":"2025-09-01T04:26:36.060567Z","level":"info","event":"spark.hadoop.fs.s3a.connection.idle.time = 60000","chan":"stdout","logger":"task"}
{"timestamp":"2025-09-01T04:26:36.060661Z","level":"info","event":"spark.sql.catalog.local = org.apache.iceberg.spark.SparkCatalog","chan":"stdout","logger":"task"}
{"timestamp":"2025-09-01T04:26:36.060740Z","level":"info","event":"spark.driver.port = 46203","chan":"stdout","logger":"task"}
{"timestamp":"2025-09-01T04:26:36.060814Z","level":"info","event":"spark.hadoop.fs.s3a.connection.establish.timeout = 5000","chan":"stdout","logger":"task"}
{"timestamp":"2025-09-01T04:26:36.060902Z","level":"info","event":"spark.hadoop.fs.s3a.access.key = admin","chan":"stdout","logger":"task"}
{"timestamp":"2025-09-01T04:26:36.060982Z","level":"info","event":"spark.sql.catalog.local.type = hadoop","chan":"stdout","logger":"task"}
{"timestamp":"2025-09-01T04:26:36.061052Z","level":"info","event":"spark.hadoop.fs.s3a.endpoint = http://minio:9000","chan":"stdout","logger":"task"}
{"timestamp":"2025-09-01T04:26:36.061120Z","level":"info","event":"spark.hadoop.fs.s3a.retry.interval = 500","chan":"stdout","logger":"task"}
{"timestamp":"2025-09-01T04:26:36.061190Z","level":"info","event":"spark.hadoop.fs.s3a.connection.maximum = 15","chan":"stdout","logger":"task"}
{"timestamp":"2025-09-01T04:26:36.061260Z","level":"info","event":"spark.hadoop.fs.s3a.retry.limit = 5","chan":"stdout","logger":"task"}
{"timestamp":"2025-09-01T04:26:36.061330Z","level":"info","event":"spark.hadoop.fs.s3a.vectored.read.max.merged.size = 2097152","chan":"stdout","logger":"task"}
{"timestamp":"2025-09-01T04:26:36.061399Z","level":"info","event":"spark.sql.catalog.local.warehouse = s3a://warehouse/","chan":"stdout","logger":"task"}
{"timestamp":"2025-09-01T04:26:36.061466Z","level":"info","event":"spark.hadoop.fs.s3a.impl = org.apache.hadoop.fs.s3a.S3AFileSystem","chan":"stdout","logger":"task"}
{"timestamp":"2025-09-01T04:26:36.061534Z","level":"info","event":"spark.hadoop.fs.s3a.vectored.read.min.seek.size = 131072","chan":"stdout","logger":"task"}
{"timestamp":"2025-09-01T04:26:36.061703Z","level":"info","event":"spark.hadoop.fs.s3a.secret.key = admin12345","chan":"stdout","logger":"task"}
{"timestamp":"2025-09-01T04:26:36.061804Z","level":"info","event":"spark.sql.adaptive.coalescePartitions.enabled = false","chan":"stdout","logger":"task"}
{"timestamp":"2025-09-01T04:26:36.061887Z","level":"info","event":"spark.sql.warehouse.dir = file:/opt/airflow/spark-warehouse","chan":"stdout","logger":"task"}
{"timestamp":"2025-09-01T04:26:36.061966Z","level":"info","event":"spark.repl.local.jars = file:///opt/spark/jars/hadoop-aws-3.3.6.jar,file:///opt/spark/jars/aws-java-sdk-bundle-1.12.787.jar,file:///opt/spark/jars/ojdbc11.jar,file:///opt/spark/jars/iceberg-spark-runtime-4.0_2.13-1.9.2.jar,file:///opt/spark/jars/iceberg-aws-bundle-1.9.2.jar","chan":"stdout","logger":"task"}
{"timestamp":"2025-09-01T04:26:36.062035Z","level":"info","event":"spark.app.startTime = 1756700791128","chan":"stdout","logger":"task"}
{"timestamp":"2025-09-01T04:26:36.062098Z","level":"info","event":"spark.hadoop.fs.s3a.socket.send.buffer = 65536","chan":"stdout","logger":"task"}
{"timestamp":"2025-09-01T04:26:36.062156Z","level":"info","event":"spark.hadoop.fs.s3a.fast.upload = true","chan":"stdout","logger":"task"}
{"timestamp":"2025-09-01T04:26:36.062226Z","level":"info","event":"spark.executor.extraJavaOptions = -Djava.net.preferIPv6Addresses=false -XX:+IgnoreUnrecognizedVMOptions --add-modules=jdk.incubator.vector --add-opens=java.base/java.lang=ALL-UNNAMED --add-opens=java.base/java.lang.invoke=ALL-UNNAMED --add-opens=java.base/java.lang.reflect=ALL-UNNAMED --add-opens=java.base/java.io=ALL-UNNAMED --add-opens=java.base/java.net=ALL-UNNAMED --add-opens=java.base/java.nio=ALL-UNNAMED --add-opens=java.base/java.util=ALL-UNNAMED --add-opens=java.base/java.util.concurrent=ALL-UNNAMED --add-opens=java.base/java.util.concurrent.atomic=ALL-UNNAMED --add-opens=java.base/jdk.internal.ref=ALL-UNNAMED --add-opens=java.base/sun.nio.ch=ALL-UNNAMED --add-opens=java.base/sun.nio.cs=ALL-UNNAMED --add-opens=java.base/sun.security.action=ALL-UNNAMED --add-opens=java.base/sun.util.calendar=ALL-UNNAMED --add-opens=java.security.jgss/sun.security.krb5=ALL-UNNAMED -Djdk.reflect.useDirectMethodHandle=false -Dio.netty.tryReflectionSetAccessible=true","chan":"stdout","logger":"task"}
{"timestamp":"2025-09-01T04:26:36.062310Z","level":"info","event":"spark.sql.artifact.isolation.enabled = false","chan":"stdout","logger":"task"}
{"timestamp":"2025-09-01T04:26:36.062378Z","level":"info","event":"spark.hadoop.fs.s3a.multipart.size = 104857600","chan":"stdout","logger":"task"}
{"timestamp":"2025-09-01T04:26:36.062442Z","level":"info","event":"spark.sql.extensions = org.apache.iceberg.spark.extensions.IcebergSparkSessionExtensions","chan":"stdout","logger":"task"}
{"timestamp":"2025-09-01T04:26:36.062508Z","level":"info","event":"spark.master = local[*]","chan":"stdout","logger":"task"}
{"timestamp":"2025-09-01T04:26:36.062569Z","level":"info","event":"spark.executor.id = driver","chan":"stdout","logger":"task"}
{"timestamp":"2025-09-01T04:26:36.062648Z","level":"info","event":"spark.app.initial.jar.urls = spark://f7ad2ec68ae2:46203/jars/iceberg-aws-bundle-1.9.2.jar,spark://f7ad2ec68ae2:46203/jars/iceberg-spark-runtime-4.0_2.13-1.9.2.jar,spark://f7ad2ec68ae2:46203/jars/hadoop-aws-3.3.6.jar,spark://f7ad2ec68ae2:46203/jars/aws-java-sdk-bundle-1.12.787.jar,spark://f7ad2ec68ae2:46203/jars/ojdbc11.jar","chan":"stdout","logger":"task"}
{"timestamp":"2025-09-01T04:26:36.062724Z","level":"info","event":"spark.app.name = BAITEST","chan":"stdout","logger":"task"}
{"timestamp":"2025-09-01T04:26:36.062793Z","level":"info","event":"spark.driver.host = f7ad2ec68ae2","chan":"stdout","logger":"task"}
{"timestamp":"2025-09-01T04:26:36.062879Z","level":"info","event":"spark.submit.deployMode = client","chan":"stdout","logger":"task"}
{"timestamp":"2025-09-01T04:26:36.062952Z","level":"info","event":"spark.hadoop.fs.s3a.connection.ssl.enabled = false","chan":"stdout","logger":"task"}
{"timestamp":"2025-09-01T04:26:36.063021Z","level":"info","event":"spark.serializer.objectStreamReset = 100","chan":"stdout","logger":"task"}
{"timestamp":"2025-09-01T04:26:36.063090Z","level":"info","event":"spark.ui.showConsoleProgress = true","chan":"stdout","logger":"task"}
{"timestamp":"2025-09-01T04:26:36.063156Z","level":"info","event":"spark.hadoop.fs.s3a.multipart.purge.age = 86400","chan":"stdout","logger":"task"}
{"timestamp":"2025-09-01T04:26:36.063222Z","level":"info","event":"spark.driver.extraClassPath = /opt/spark/jars/*","chan":"stdout","logger":"task"}
{"timestamp":"2025-09-01T04:26:36.063286Z","level":"info","event":"spark.hadoop.fs.s3a.threads.max = 10","chan":"stdout","logger":"task"}
{"timestamp":"2025-09-01T04:26:36.063352Z","level":"info","event":"spark.hadoop.fs.s3a.aws.credentials.provider = org.apache.hadoop.fs.s3a.SimpleAWSCredentialsProvider","chan":"stdout","logger":"task"}
{"timestamp":"2025-09-01T04:26:36.063419Z","level":"info","event":"spark.submit.pyFiles =","chan":"stdout","logger":"task"}
{"timestamp":"2025-09-01T04:26:36.063499Z","level":"info","event":"spark.driver.extraJavaOptions = -Djava.net.preferIPv6Addresses=false -XX:+IgnoreUnrecognizedVMOptions --add-modules=jdk.incubator.vector --add-opens=java.base/java.lang=ALL-UNNAMED --add-opens=java.base/java.lang.invoke=ALL-UNNAMED --add-opens=java.base/java.lang.reflect=ALL-UNNAMED --add-opens=java.base/java.io=ALL-UNNAMED --add-opens=java.base/java.net=ALL-UNNAMED --add-opens=java.base/java.nio=ALL-UNNAMED --add-opens=java.base/java.util=ALL-UNNAMED --add-opens=java.base/java.util.concurrent=ALL-UNNAMED --add-opens=java.base/java.util.concurrent.atomic=ALL-UNNAMED --add-opens=java.base/jdk.internal.ref=ALL-UNNAMED --add-opens=java.base/sun.nio.ch=ALL-UNNAMED --add-opens=java.base/sun.nio.cs=ALL-UNNAMED --add-opens=java.base/sun.security.action=ALL-UNNAMED --add-opens=java.base/sun.util.calendar=ALL-UNNAMED --add-opens=java.security.jgss/sun.security.krb5=ALL-UNNAMED -Djdk.reflect.useDirectMethodHandle=false -Dio.netty.tryReflectionSetAccessible=true","chan":"stdout","logger":"task"}
{"timestamp":"2025-09-01T04:26:36.063570Z","level":"info","event":"spark.hadoop.fs.s3a.attempts.maximum = 3","chan":"stdout","logger":"task"}
{"timestamp":"2025-09-01T04:26:36.063652Z","level":"info","event":"spark.hadoop.fs.s3a.threads.keepalivetime = 60000","chan":"stdout","logger":"task"}
{"timestamp":"2025-09-01T04:26:36.063719Z","level":"info","event":"spark.sql.adaptive.enabled = false","chan":"stdout","logger":"task"}
{"timestamp":"2025-09-01T04:26:36.063777Z","level":"info","event":"spark.hadoop.fs.s3a.connection.timeout = 60000","chan":"stdout","logger":"task"}
{"timestamp":"2025-09-01T04:26:36.063831Z","level":"info","event":"Spark session finished.","chan":"stdout","logger":"task"}
{"timestamp":"2025-09-01T04:26:36.475801","level":"info","event":"Done. Returned value was: None","logger":"airflow.task.operators.airflow.providers.standard.operators.python.PythonOperator"}
{"timestamp":"2025-09-01T04:26:36.506275Z","level":"info","event":"Task instance in success state","chan":"stdout","logger":"task"}
{"timestamp":"2025-09-01T04:26:36.506416Z","level":"info","event":" Previous state of the Task instance: running","chan":"stdout","logger":"task"}
{"timestamp":"2025-09-01T04:26:36.506474Z","level":"info","event":"Task operator:<Task(PythonOperator): install_spark>","chan":"stdout","logger":"task"}
