{"timestamp":"2025-08-29T03:22:58.348629","level":"info","event":"DAG bundles loaded: dags-folder, example_dags","logger":"airflow.dag_processing.bundles.manager.DagBundlesManager"}
{"timestamp":"2025-08-29T03:22:58.349127","level":"info","event":"Filling up the DagBag from /opt/airflow/dags/main.py","logger":"airflow.models.dagbag.DagBag"}
{"timestamp":"2025-08-29T03:22:58.732840Z","level":"error","event":"WARNING: Using incubator modules: jdk.incubator.vector","chan":"stderr","logger":"task"}
{"timestamp":"2025-08-29T03:23:00.966346Z","level":"error","event":"25/08/29 03:23:00 WARN NativeCodeLoader: Unable to load native-hadoop library for your platform... using builtin-java classes where applicable","chan":"stderr","logger":"task"}
{"timestamp":"2025-08-29T03:23:01.254759Z","level":"error","event":"Using Spark's default log4j profile: org/apache/spark/log4j2-defaults.properties","chan":"stderr","logger":"task"}
{"timestamp":"2025-08-29T03:23:01.255862Z","level":"error","event":"Setting default log level to \"WARN\".","chan":"stderr","logger":"task"}
{"timestamp":"2025-08-29T03:23:01.256108Z","level":"error","event":"To adjust logging level use sc.setLogLevel(newLevel). For SparkR, use setLogLevel(newLevel).","chan":"stderr","logger":"task"}
{"timestamp":"2025-08-29T03:23:03.179303Z","level":"error","event":"25/08/29 03:23:03 WARN Utils: Service 'SparkUI' could not bind on port 4040. Attempting port 4041.","chan":"stderr","logger":"task"}
{"timestamp":"2025-08-29T03:23:14.184718Z","level":"info","event":"Task instance is in running state","chan":"stdout","logger":"task"}
{"timestamp":"2025-08-29T03:23:14.185321Z","level":"info","event":" Previous state of the Task instance: queued","chan":"stdout","logger":"task"}
{"timestamp":"2025-08-29T03:23:14.185503Z","level":"info","event":"Current task name:install_spark","chan":"stdout","logger":"task"}
{"timestamp":"2025-08-29T03:23:14.185584Z","level":"info","event":"Dag name:etl_pipeline","chan":"stdout","logger":"task"}
{"timestamp":"2025-08-29T03:23:14.452657Z","level":"info","event":"Spark session started.","chan":"stdout","logger":"task"}
{"timestamp":"2025-08-29T03:23:14.511320Z","level":"info","event":"spark.hadoop.fs.s3a.connection.part.upload.timeout = 60000","chan":"stdout","logger":"task"}
{"timestamp":"2025-08-29T03:23:14.511623Z","level":"info","event":"spark.hadoop.fs.s3a.socket.recv.buffer = 65536","chan":"stdout","logger":"task"}
{"timestamp":"2025-08-29T03:23:14.511737Z","level":"info","event":"spark.hadoop.fs.s3a.impl.disable.cache = true","chan":"stdout","logger":"task"}
{"timestamp":"2025-08-29T03:23:14.511845Z","level":"info","event":"spark.hadoop.fs.s3a.connection.request.timeout = 60000","chan":"stdout","logger":"task"}
{"timestamp":"2025-08-29T03:23:14.511965Z","level":"info","event":"spark.hadoop.fs.s3a.path.style.access = true","chan":"stdout","logger":"task"}
{"timestamp":"2025-08-29T03:23:14.512089Z","level":"info","event":"spark.rdd.compress = True","chan":"stdout","logger":"task"}
{"timestamp":"2025-08-29T03:23:14.512169Z","level":"info","event":"spark.hadoop.fs.s3a.connection.idle.time = 60000","chan":"stdout","logger":"task"}
{"timestamp":"2025-08-29T03:23:14.512233Z","level":"info","event":"spark.driver.host = f4851568de42","chan":"stdout","logger":"task"}
{"timestamp":"2025-08-29T03:23:14.512309Z","level":"info","event":"spark.executor.extraClassPath = /opt/spark/jars/ojdbc11.jar","chan":"stdout","logger":"task"}
{"timestamp":"2025-08-29T03:23:14.512453Z","level":"info","event":"spark.hadoop.fs.s3a.connection.establish.timeout = 5000","chan":"stdout","logger":"task"}
{"timestamp":"2025-08-29T03:23:14.512643Z","level":"info","event":"spark.hadoop.fs.s3a.access.key = admin","chan":"stdout","logger":"task"}
{"timestamp":"2025-08-29T03:23:14.512844Z","level":"info","event":"spark.hadoop.fs.s3a.endpoint = http://minio:9000/","chan":"stdout","logger":"task"}
{"timestamp":"2025-08-29T03:23:14.512966Z","level":"info","event":"spark.hadoop.fs.s3a.retry.interval = 500","chan":"stdout","logger":"task"}
{"timestamp":"2025-08-29T03:23:14.513053Z","level":"info","event":"spark.app.id = local-1756437783402","chan":"stdout","logger":"task"}
{"timestamp":"2025-08-29T03:23:14.513148Z","level":"info","event":"spark.jars = /opt/spark/jars/hadoop-aws-3.3.6.jar,/opt/spark/jars/aws-java-sdk-bundle-1.12.787.jar,/opt/spark/jars/ojdbc11.jar","chan":"stdout","logger":"task"}
{"timestamp":"2025-08-29T03:23:14.513224Z","level":"info","event":"spark.hadoop.fs.s3a.connection.maximum = 15","chan":"stdout","logger":"task"}
{"timestamp":"2025-08-29T03:23:14.513294Z","level":"info","event":"spark.hadoop.fs.s3a.retry.limit = 5","chan":"stdout","logger":"task"}
{"timestamp":"2025-08-29T03:23:14.513378Z","level":"info","event":"spark.hadoop.fs.s3a.vectored.read.max.merged.size = 2097152","chan":"stdout","logger":"task"}
{"timestamp":"2025-08-29T03:23:14.513454Z","level":"info","event":"spark.hadoop.fs.s3a.impl = org.apache.hadoop.fs.s3a.S3AFileSystem","chan":"stdout","logger":"task"}
{"timestamp":"2025-08-29T03:23:14.513525Z","level":"info","event":"spark.hadoop.fs.s3a.vectored.read.min.seek.size = 131072","chan":"stdout","logger":"task"}
{"timestamp":"2025-08-29T03:23:14.513948Z","level":"info","event":"spark.hadoop.fs.s3a.secret.key = admin12345","chan":"stdout","logger":"task"}
{"timestamp":"2025-08-29T03:23:14.514129Z","level":"info","event":"spark.sql.adaptive.coalescePartitions.enabled = false","chan":"stdout","logger":"task"}
{"timestamp":"2025-08-29T03:23:14.514209Z","level":"info","event":"spark.app.submitTime = 1756437781139","chan":"stdout","logger":"task"}
{"timestamp":"2025-08-29T03:23:14.514262Z","level":"info","event":"spark.sql.warehouse.dir = file:/opt/airflow/spark-warehouse","chan":"stdout","logger":"task"}
{"timestamp":"2025-08-29T03:23:14.514311Z","level":"info","event":"spark.hadoop.fs.s3a.socket.send.buffer = 65536","chan":"stdout","logger":"task"}
{"timestamp":"2025-08-29T03:23:14.514358Z","level":"info","event":"spark.hadoop.fs.s3a.fast.upload = true","chan":"stdout","logger":"task"}
{"timestamp":"2025-08-29T03:23:14.514414Z","level":"info","event":"spark.executor.extraJavaOptions = -Djava.net.preferIPv6Addresses=false -XX:+IgnoreUnrecognizedVMOptions --add-modules=jdk.incubator.vector --add-opens=java.base/java.lang=ALL-UNNAMED --add-opens=java.base/java.lang.invoke=ALL-UNNAMED --add-opens=java.base/java.lang.reflect=ALL-UNNAMED --add-opens=java.base/java.io=ALL-UNNAMED --add-opens=java.base/java.net=ALL-UNNAMED --add-opens=java.base/java.nio=ALL-UNNAMED --add-opens=java.base/java.util=ALL-UNNAMED --add-opens=java.base/java.util.concurrent=ALL-UNNAMED --add-opens=java.base/java.util.concurrent.atomic=ALL-UNNAMED --add-opens=java.base/jdk.internal.ref=ALL-UNNAMED --add-opens=java.base/sun.nio.ch=ALL-UNNAMED --add-opens=java.base/sun.nio.cs=ALL-UNNAMED --add-opens=java.base/sun.security.action=ALL-UNNAMED --add-opens=java.base/sun.util.calendar=ALL-UNNAMED --add-opens=java.security.jgss/sun.security.krb5=ALL-UNNAMED -Djdk.reflect.useDirectMethodHandle=false -Dio.netty.tryReflectionSetAccessible=true","chan":"stdout","logger":"task"}
{"timestamp":"2025-08-29T03:23:14.514466Z","level":"info","event":"spark.sql.artifact.isolation.enabled = false","chan":"stdout","logger":"task"}
{"timestamp":"2025-08-29T03:23:14.514517Z","level":"info","event":"spark.hadoop.fs.s3a.multipart.size = 104857600","chan":"stdout","logger":"task"}
{"timestamp":"2025-08-29T03:23:14.514571Z","level":"info","event":"spark.master = local[*]","chan":"stdout","logger":"task"}
{"timestamp":"2025-08-29T03:23:14.514625Z","level":"info","event":"spark.app.initial.jar.urls = spark://f4851568de42:44909/jars/hadoop-aws-3.3.6.jar,spark://f4851568de42:44909/jars/aws-java-sdk-bundle-1.12.787.jar,spark://f4851568de42:44909/jars/ojdbc11.jar","chan":"stdout","logger":"task"}
{"timestamp":"2025-08-29T03:23:14.514689Z","level":"info","event":"spark.executor.id = driver","chan":"stdout","logger":"task"}
{"timestamp":"2025-08-29T03:23:14.514744Z","level":"info","event":"spark.driver.extraClassPath = /opt/spark/jars/ojdbc11.jar","chan":"stdout","logger":"task"}
{"timestamp":"2025-08-29T03:23:14.514797Z","level":"info","event":"spark.app.name = BAITEST","chan":"stdout","logger":"task"}
{"timestamp":"2025-08-29T03:23:14.514867Z","level":"info","event":"spark.submit.deployMode = client","chan":"stdout","logger":"task"}
{"timestamp":"2025-08-29T03:23:14.514937Z","level":"info","event":"spark.hadoop.fs.s3a.connection.ssl.enabled = false","chan":"stdout","logger":"task"}
{"timestamp":"2025-08-29T03:23:14.515006Z","level":"info","event":"spark.serializer.objectStreamReset = 100","chan":"stdout","logger":"task"}
{"timestamp":"2025-08-29T03:23:14.515064Z","level":"info","event":"spark.ui.showConsoleProgress = true","chan":"stdout","logger":"task"}
{"timestamp":"2025-08-29T03:23:14.515119Z","level":"info","event":"spark.hadoop.fs.s3a.multipart.purge.age = 86400","chan":"stdout","logger":"task"}
{"timestamp":"2025-08-29T03:23:14.515170Z","level":"info","event":"spark.hadoop.fs.s3a.threads.max = 10","chan":"stdout","logger":"task"}
{"timestamp":"2025-08-29T03:23:14.515250Z","level":"info","event":"spark.app.startTime = 1756437781572","chan":"stdout","logger":"task"}
{"timestamp":"2025-08-29T03:23:14.515330Z","level":"info","event":"spark.hadoop.fs.s3a.aws.credentials.provider = org.apache.hadoop.fs.s3a.SimpleAWSCredentialsProvider","chan":"stdout","logger":"task"}
{"timestamp":"2025-08-29T03:23:14.515415Z","level":"info","event":"spark.submit.pyFiles =","chan":"stdout","logger":"task"}
{"timestamp":"2025-08-29T03:23:14.515538Z","level":"info","event":"spark.driver.extraJavaOptions = -Djava.net.preferIPv6Addresses=false -XX:+IgnoreUnrecognizedVMOptions --add-modules=jdk.incubator.vector --add-opens=java.base/java.lang=ALL-UNNAMED --add-opens=java.base/java.lang.invoke=ALL-UNNAMED --add-opens=java.base/java.lang.reflect=ALL-UNNAMED --add-opens=java.base/java.io=ALL-UNNAMED --add-opens=java.base/java.net=ALL-UNNAMED --add-opens=java.base/java.nio=ALL-UNNAMED --add-opens=java.base/java.util=ALL-UNNAMED --add-opens=java.base/java.util.concurrent=ALL-UNNAMED --add-opens=java.base/java.util.concurrent.atomic=ALL-UNNAMED --add-opens=java.base/jdk.internal.ref=ALL-UNNAMED --add-opens=java.base/sun.nio.ch=ALL-UNNAMED --add-opens=java.base/sun.nio.cs=ALL-UNNAMED --add-opens=java.base/sun.security.action=ALL-UNNAMED --add-opens=java.base/sun.util.calendar=ALL-UNNAMED --add-opens=java.security.jgss/sun.security.krb5=ALL-UNNAMED -Djdk.reflect.useDirectMethodHandle=false -Dio.netty.tryReflectionSetAccessible=true","chan":"stdout","logger":"task"}
{"timestamp":"2025-08-29T03:23:14.515649Z","level":"info","event":"spark.hadoop.fs.s3a.attempts.maximum = 3","chan":"stdout","logger":"task"}
{"timestamp":"2025-08-29T03:23:14.515704Z","level":"info","event":"spark.hadoop.fs.s3a.threads.keepalivetime = 60000","chan":"stdout","logger":"task"}
{"timestamp":"2025-08-29T03:23:14.515757Z","level":"info","event":"spark.repl.local.jars = file:///opt/spark/jars/hadoop-aws-3.3.6.jar,file:///opt/spark/jars/aws-java-sdk-bundle-1.12.787.jar,file:///opt/spark/jars/ojdbc11.jar","chan":"stdout","logger":"task"}
{"timestamp":"2025-08-29T03:23:14.515812Z","level":"info","event":"spark.sql.adaptive.enabled = false","chan":"stdout","logger":"task"}
{"timestamp":"2025-08-29T03:23:14.515862Z","level":"info","event":"spark.driver.port = 44909","chan":"stdout","logger":"task"}
{"timestamp":"2025-08-29T03:23:14.515956Z","level":"info","event":"spark.hadoop.fs.s3a.connection.timeout = 60000","chan":"stdout","logger":"task"}
{"timestamp":"2025-08-29T03:23:14.516017Z","level":"info","event":"Spark session finished.","chan":"stdout","logger":"task"}
{"timestamp":"2025-08-29T03:23:15.073840","level":"info","event":"Done. Returned value was: None","logger":"airflow.task.operators.airflow.providers.standard.operators.python.PythonOperator"}
{"timestamp":"2025-08-29T03:23:15.182607Z","level":"info","event":"Task instance in success state","chan":"stdout","logger":"task"}
{"timestamp":"2025-08-29T03:23:15.183181Z","level":"info","event":" Previous state of the Task instance: running","chan":"stdout","logger":"task"}
{"timestamp":"2025-08-29T03:23:15.183339Z","level":"info","event":"Task operator:<Task(PythonOperator): install_spark>","chan":"stdout","logger":"task"}
