{"timestamp":"2025-08-31T18:50:45.185672","level":"info","event":"DAG bundles loaded: dags-folder, example_dags","logger":"airflow.dag_processing.bundles.manager.DagBundlesManager"}
{"timestamp":"2025-08-31T18:50:45.186290","level":"info","event":"Filling up the DagBag from /opt/airflow/dags/main.py","logger":"airflow.models.dagbag.DagBag"}
{"timestamp":"2025-08-31T18:50:45.836027Z","level":"error","event":"WARNING: Using incubator modules: jdk.incubator.vector","chan":"stderr","logger":"task"}
{"timestamp":"2025-08-31T18:50:48.878168Z","level":"error","event":"25/08/31 18:50:48 WARN NativeCodeLoader: Unable to load native-hadoop library for your platform... using builtin-java classes where applicable","chan":"stderr","logger":"task"}
{"timestamp":"2025-08-31T18:50:49.475109Z","level":"error","event":"Using Spark's default log4j profile: org/apache/spark/log4j2-defaults.properties","chan":"stderr","logger":"task"}
{"timestamp":"2025-08-31T18:50:49.479345Z","level":"error","event":"Setting default log level to \"WARN\".","chan":"stderr","logger":"task"}
{"timestamp":"2025-08-31T18:50:49.479766Z","level":"error","event":"To adjust logging level use sc.setLogLevel(newLevel). For SparkR, use setLogLevel(newLevel).","chan":"stderr","logger":"task"}
{"timestamp":"2025-08-31T18:50:56.442512Z","level":"error","event":"25/08/31 18:50:56 WARN SparkSession: Cannot use org.apache.iceberg.spark.extensions.IcebergSparkSessionExtensions to configure session extensions.","chan":"stderr","logger":"task"}
{"timestamp":"2025-08-31T18:50:56.443106Z","level":"error","event":"java.lang.ClassNotFoundException: org.apache.iceberg.spark.extensions.IcebergSparkSessionExtensions","chan":"stderr","logger":"task"}
{"timestamp":"2025-08-31T18:50:56.443377Z","level":"error","event":"\tat java.base/java.net.URLClassLoader.findClass(URLClassLoader.java:445)","chan":"stderr","logger":"task"}
{"timestamp":"2025-08-31T18:50:56.443523Z","level":"error","event":"\tat java.base/java.lang.ClassLoader.loadClass(ClassLoader.java:592)","chan":"stderr","logger":"task"}
{"timestamp":"2025-08-31T18:50:56.443651Z","level":"error","event":"\tat java.base/java.lang.ClassLoader.loadClass(ClassLoader.java:525)","chan":"stderr","logger":"task"}
{"timestamp":"2025-08-31T18:50:56.443767Z","level":"error","event":"\tat java.base/java.lang.Class.forName0(Native Method)","chan":"stderr","logger":"task"}
{"timestamp":"2025-08-31T18:50:56.443877Z","level":"error","event":"\tat java.base/java.lang.Class.forName(Class.java:467)","chan":"stderr","logger":"task"}
{"timestamp":"2025-08-31T18:50:56.446142Z","level":"error","event":"\tat org.apache.spark.util.SparkClassUtils.classForName(SparkClassUtils.scala:41)","chan":"stderr","logger":"task"}
{"timestamp":"2025-08-31T18:50:56.446382Z","level":"error","event":"\tat org.apache.spark.util.SparkClassUtils.classForName$(SparkClassUtils.scala:36)","chan":"stderr","logger":"task"}
{"timestamp":"2025-08-31T18:50:56.446491Z","level":"error","event":"\tat org.apache.spark.util.Utils$.classForName(Utils.scala:99)","chan":"stderr","logger":"task"}
{"timestamp":"2025-08-31T18:50:56.446585Z","level":"error","event":"\tat org.apache.spark.sql.classic.SparkSession$.$anonfun$applyExtensions$2(SparkSession.scala:1056)","chan":"stderr","logger":"task"}
{"timestamp":"2025-08-31T18:50:56.446672Z","level":"error","event":"\tat org.apache.spark.sql.classic.SparkSession$.$anonfun$applyExtensions$2$adapted(SparkSession.scala:1054)","chan":"stderr","logger":"task"}
{"timestamp":"2025-08-31T18:50:56.446758Z","level":"error","event":"\tat scala.collection.IterableOnceOps.foreach(IterableOnce.scala:619)","chan":"stderr","logger":"task"}
{"timestamp":"2025-08-31T18:50:56.446852Z","level":"error","event":"\tat scala.collection.IterableOnceOps.foreach$(IterableOnce.scala:617)","chan":"stderr","logger":"task"}
{"timestamp":"2025-08-31T18:50:56.446949Z","level":"error","event":"\tat scala.collection.AbstractIterable.foreach(Iterable.scala:935)","chan":"stderr","logger":"task"}
{"timestamp":"2025-08-31T18:50:56.447044Z","level":"error","event":"\tat org.apache.spark.sql.classic.SparkSession$.org$apache$spark$sql$classic$SparkSession$$applyExtensions(SparkSession.scala:1054)","chan":"stderr","logger":"task"}
{"timestamp":"2025-08-31T18:50:56.447179Z","level":"error","event":"\tat org.apache.spark.sql.classic.SparkSession$.applyAndLoadExtensions(SparkSession.scala:1038)","chan":"stderr","logger":"task"}
{"timestamp":"2025-08-31T18:50:56.447295Z","level":"error","event":"\tat org.apache.spark.sql.classic.SparkSession.<init>(SparkSession.scala:116)","chan":"stderr","logger":"task"}
{"timestamp":"2025-08-31T18:50:56.447424Z","level":"error","event":"\tat java.base/jdk.internal.reflect.NativeConstructorAccessorImpl.newInstance0(Native Method)","chan":"stderr","logger":"task"}
{"timestamp":"2025-08-31T18:50:56.447542Z","level":"error","event":"\tat java.base/jdk.internal.reflect.NativeConstructorAccessorImpl.newInstance(NativeConstructorAccessorImpl.java:77)","chan":"stderr","logger":"task"}
{"timestamp":"2025-08-31T18:50:56.447661Z","level":"error","event":"\tat java.base/jdk.internal.reflect.DelegatingConstructorAccessorImpl.newInstance(DelegatingConstructorAccessorImpl.java:45)","chan":"stderr","logger":"task"}
{"timestamp":"2025-08-31T18:50:56.447763Z","level":"error","event":"\tat java.base/java.lang.reflect.Constructor.newInstanceWithCaller(Constructor.java:500)","chan":"stderr","logger":"task"}
{"timestamp":"2025-08-31T18:50:56.447874Z","level":"error","event":"\tat java.base/java.lang.reflect.Constructor.newInstance(Constructor.java:481)","chan":"stderr","logger":"task"}
{"timestamp":"2025-08-31T18:50:56.447975Z","level":"error","event":"\tat py4j.reflection.MethodInvoker.invoke(MethodInvoker.java:247)","chan":"stderr","logger":"task"}
{"timestamp":"2025-08-31T18:50:56.448086Z","level":"error","event":"\tat py4j.reflection.ReflectionEngine.invoke(ReflectionEngine.java:374)","chan":"stderr","logger":"task"}
{"timestamp":"2025-08-31T18:50:56.448196Z","level":"error","event":"\tat py4j.Gateway.invoke(Gateway.java:238)","chan":"stderr","logger":"task"}
{"timestamp":"2025-08-31T18:50:56.448314Z","level":"error","event":"\tat py4j.commands.ConstructorCommand.invokeConstructor(ConstructorCommand.java:80)","chan":"stderr","logger":"task"}
{"timestamp":"2025-08-31T18:50:56.448431Z","level":"error","event":"\tat py4j.commands.ConstructorCommand.execute(ConstructorCommand.java:69)","chan":"stderr","logger":"task"}
{"timestamp":"2025-08-31T18:50:56.448523Z","level":"error","event":"\tat py4j.ClientServerConnection.waitForCommands(ClientServerConnection.java:184)","chan":"stderr","logger":"task"}
{"timestamp":"2025-08-31T18:50:56.448676Z","level":"error","event":"\tat py4j.ClientServerConnection.run(ClientServerConnection.java:108)","chan":"stderr","logger":"task"}
{"timestamp":"2025-08-31T18:50:56.448789Z","level":"error","event":"\tat java.base/java.lang.Thread.run(Thread.java:840)","chan":"stderr","logger":"task"}
{"timestamp":"2025-08-31T18:51:01.086940Z","level":"info","event":"Task instance is in running state","chan":"stdout","logger":"task"}
{"timestamp":"2025-08-31T18:51:01.087310Z","level":"info","event":" Previous state of the Task instance: queued","chan":"stdout","logger":"task"}
{"timestamp":"2025-08-31T18:51:01.087449Z","level":"info","event":"Current task name:install_spark","chan":"stdout","logger":"task"}
{"timestamp":"2025-08-31T18:51:01.087555Z","level":"info","event":"Dag name:etl_pipeline","chan":"stdout","logger":"task"}
{"timestamp":"2025-08-31T18:51:01.485422Z","level":"info","event":"Spark session started.","chan":"stdout","logger":"task"}
{"timestamp":"2025-08-31T18:51:01.558061Z","level":"info","event":"spark.jars = /opt/spark/jars/hadoop-aws-3.3.6.jar,/opt/spark/jars/aws-java-sdk-bundle-1.12.787.jar,/opt/spark/jars/ojdbc11.jar,/opt/spark/jars/iceberg-spark-runtime-4.0_2.13-1.9.2.jar,/opt/spark/jars/iceberg-aws-bundle-1.9.2.jar","chan":"stdout","logger":"task"}
{"timestamp":"2025-08-31T18:51:01.558285Z","level":"info","event":"spark.hadoop.fs.s3a.connection.part.upload.timeout = 60000","chan":"stdout","logger":"task"}
{"timestamp":"2025-08-31T18:51:01.558372Z","level":"info","event":"spark.hadoop.fs.s3a.socket.recv.buffer = 65536","chan":"stdout","logger":"task"}
{"timestamp":"2025-08-31T18:51:01.558450Z","level":"info","event":"spark.hadoop.fs.s3a.impl.disable.cache = true","chan":"stdout","logger":"task"}
{"timestamp":"2025-08-31T18:51:01.558540Z","level":"info","event":"spark.app.id = local-1756666253109","chan":"stdout","logger":"task"}
{"timestamp":"2025-08-31T18:51:01.558630Z","level":"info","event":"spark.hadoop.fs.s3a.connection.request.timeout = 60000","chan":"stdout","logger":"task"}
{"timestamp":"2025-08-31T18:51:01.558726Z","level":"info","event":"spark.hadoop.fs.s3a.path.style.access = true","chan":"stdout","logger":"task"}
{"timestamp":"2025-08-31T18:51:01.558813Z","level":"info","event":"spark.rdd.compress = True","chan":"stdout","logger":"task"}
{"timestamp":"2025-08-31T18:51:01.558896Z","level":"info","event":"spark.hadoop.fs.s3a.connection.idle.time = 60000","chan":"stdout","logger":"task"}
{"timestamp":"2025-08-31T18:51:01.558955Z","level":"info","event":"spark.sql.catalog.local = org.apache.iceberg.spark.SparkCatalog","chan":"stdout","logger":"task"}
{"timestamp":"2025-08-31T18:51:01.559140Z","level":"info","event":"spark.executor.extraClassPath = /opt/spark/jars/ojdbc11.jar","chan":"stdout","logger":"task"}
{"timestamp":"2025-08-31T18:51:01.559211Z","level":"info","event":"spark.hadoop.fs.s3a.connection.establish.timeout = 5000","chan":"stdout","logger":"task"}
{"timestamp":"2025-08-31T18:51:01.559268Z","level":"info","event":"spark.hadoop.fs.s3a.access.key = admin","chan":"stdout","logger":"task"}
{"timestamp":"2025-08-31T18:51:01.559344Z","level":"info","event":"spark.driver.port = 44195","chan":"stdout","logger":"task"}
{"timestamp":"2025-08-31T18:51:01.559401Z","level":"info","event":"spark.sql.catalog.local.type = hadoop","chan":"stdout","logger":"task"}
{"timestamp":"2025-08-31T18:51:01.559457Z","level":"info","event":"spark.hadoop.fs.s3a.endpoint = http://minio:9000","chan":"stdout","logger":"task"}
{"timestamp":"2025-08-31T18:51:01.559537Z","level":"info","event":"spark.driver.host = f4e07ee002dc","chan":"stdout","logger":"task"}
{"timestamp":"2025-08-31T18:51:01.559634Z","level":"info","event":"spark.hadoop.fs.s3a.retry.interval = 500","chan":"stdout","logger":"task"}
{"timestamp":"2025-08-31T18:51:01.559712Z","level":"info","event":"spark.hadoop.fs.s3a.connection.maximum = 15","chan":"stdout","logger":"task"}
{"timestamp":"2025-08-31T18:51:01.559788Z","level":"info","event":"spark.hadoop.fs.s3a.retry.limit = 5","chan":"stdout","logger":"task"}
{"timestamp":"2025-08-31T18:51:01.559885Z","level":"info","event":"spark.hadoop.fs.s3a.vectored.read.max.merged.size = 2097152","chan":"stdout","logger":"task"}
{"timestamp":"2025-08-31T18:51:01.559979Z","level":"info","event":"spark.sql.catalog.local.warehouse = s3a://warehouse/","chan":"stdout","logger":"task"}
{"timestamp":"2025-08-31T18:51:01.560041Z","level":"info","event":"spark.app.submitTime = 1756666249143","chan":"stdout","logger":"task"}
{"timestamp":"2025-08-31T18:51:01.560097Z","level":"info","event":"spark.hadoop.fs.s3a.impl = org.apache.hadoop.fs.s3a.S3AFileSystem","chan":"stdout","logger":"task"}
{"timestamp":"2025-08-31T18:51:01.560155Z","level":"info","event":"spark.hadoop.fs.s3a.vectored.read.min.seek.size = 131072","chan":"stdout","logger":"task"}
{"timestamp":"2025-08-31T18:51:01.560220Z","level":"info","event":"spark.hadoop.fs.s3a.secret.key = admin12345","chan":"stdout","logger":"task"}
{"timestamp":"2025-08-31T18:51:01.560274Z","level":"info","event":"spark.sql.adaptive.coalescePartitions.enabled = false","chan":"stdout","logger":"task"}
{"timestamp":"2025-08-31T18:51:01.560359Z","level":"info","event":"spark.sql.warehouse.dir = file:/opt/airflow/spark-warehouse","chan":"stdout","logger":"task"}
{"timestamp":"2025-08-31T18:51:01.560423Z","level":"info","event":"spark.repl.local.jars = file:///opt/spark/jars/hadoop-aws-3.3.6.jar,file:///opt/spark/jars/aws-java-sdk-bundle-1.12.787.jar,file:///opt/spark/jars/ojdbc11.jar,file:///opt/spark/jars/iceberg-spark-runtime-4.0_2.13-1.9.2.jar,file:///opt/spark/jars/iceberg-aws-bundle-1.9.2.jar","chan":"stdout","logger":"task"}
{"timestamp":"2025-08-31T18:51:01.560498Z","level":"info","event":"spark.hadoop.fs.s3a.socket.send.buffer = 65536","chan":"stdout","logger":"task"}
{"timestamp":"2025-08-31T18:51:01.560559Z","level":"info","event":"spark.hadoop.fs.s3a.fast.upload = true","chan":"stdout","logger":"task"}
{"timestamp":"2025-08-31T18:51:01.560621Z","level":"info","event":"spark.executor.extraJavaOptions = -Djava.net.preferIPv6Addresses=false -XX:+IgnoreUnrecognizedVMOptions --add-modules=jdk.incubator.vector --add-opens=java.base/java.lang=ALL-UNNAMED --add-opens=java.base/java.lang.invoke=ALL-UNNAMED --add-opens=java.base/java.lang.reflect=ALL-UNNAMED --add-opens=java.base/java.io=ALL-UNNAMED --add-opens=java.base/java.net=ALL-UNNAMED --add-opens=java.base/java.nio=ALL-UNNAMED --add-opens=java.base/java.util=ALL-UNNAMED --add-opens=java.base/java.util.concurrent=ALL-UNNAMED --add-opens=java.base/java.util.concurrent.atomic=ALL-UNNAMED --add-opens=java.base/jdk.internal.ref=ALL-UNNAMED --add-opens=java.base/sun.nio.ch=ALL-UNNAMED --add-opens=java.base/sun.nio.cs=ALL-UNNAMED --add-opens=java.base/sun.security.action=ALL-UNNAMED --add-opens=java.base/sun.util.calendar=ALL-UNNAMED --add-opens=java.security.jgss/sun.security.krb5=ALL-UNNAMED -Djdk.reflect.useDirectMethodHandle=false -Dio.netty.tryReflectionSetAccessible=true","chan":"stdout","logger":"task"}
{"timestamp":"2025-08-31T18:51:01.560687Z","level":"info","event":"spark.sql.artifact.isolation.enabled = false","chan":"stdout","logger":"task"}
{"timestamp":"2025-08-31T18:51:01.560748Z","level":"info","event":"spark.hadoop.fs.s3a.multipart.size = 104857600","chan":"stdout","logger":"task"}
{"timestamp":"2025-08-31T18:51:01.560798Z","level":"info","event":"spark.sql.extensions = org.apache.iceberg.spark.extensions.IcebergSparkSessionExtensions","chan":"stdout","logger":"task"}
{"timestamp":"2025-08-31T18:51:01.560848Z","level":"info","event":"spark.master = local[*]","chan":"stdout","logger":"task"}
{"timestamp":"2025-08-31T18:51:01.560902Z","level":"info","event":"spark.executor.id = driver","chan":"stdout","logger":"task"}
{"timestamp":"2025-08-31T18:51:01.560979Z","level":"info","event":"spark.driver.extraClassPath = /opt/spark/jars/ojdbc11.jar","chan":"stdout","logger":"task"}
{"timestamp":"2025-08-31T18:51:01.561068Z","level":"info","event":"spark.app.name = BAITEST","chan":"stdout","logger":"task"}
{"timestamp":"2025-08-31T18:51:01.561155Z","level":"info","event":"spark.submit.deployMode = client","chan":"stdout","logger":"task"}
{"timestamp":"2025-08-31T18:51:01.561212Z","level":"info","event":"spark.hadoop.fs.s3a.connection.ssl.enabled = false","chan":"stdout","logger":"task"}
{"timestamp":"2025-08-31T18:51:01.561270Z","level":"info","event":"spark.serializer.objectStreamReset = 100","chan":"stdout","logger":"task"}
{"timestamp":"2025-08-31T18:51:01.561376Z","level":"info","event":"spark.app.initial.jar.urls = spark://f4e07ee002dc:44195/jars/ojdbc11.jar,spark://f4e07ee002dc:44195/jars/aws-java-sdk-bundle-1.12.787.jar,spark://f4e07ee002dc:44195/jars/iceberg-aws-bundle-1.9.2.jar,spark://f4e07ee002dc:44195/jars/hadoop-aws-3.3.6.jar,spark://f4e07ee002dc:44195/jars/iceberg-spark-runtime-4.0_2.13-1.9.2.jar","chan":"stdout","logger":"task"}
{"timestamp":"2025-08-31T18:51:01.561451Z","level":"info","event":"spark.ui.showConsoleProgress = true","chan":"stdout","logger":"task"}
{"timestamp":"2025-08-31T18:51:01.561519Z","level":"info","event":"spark.hadoop.fs.s3a.multipart.purge.age = 86400","chan":"stdout","logger":"task"}
{"timestamp":"2025-08-31T18:51:01.561610Z","level":"info","event":"spark.app.startTime = 1756666250266","chan":"stdout","logger":"task"}
{"timestamp":"2025-08-31T18:51:01.561818Z","level":"info","event":"spark.hadoop.fs.s3a.threads.max = 10","chan":"stdout","logger":"task"}
{"timestamp":"2025-08-31T18:51:01.561881Z","level":"info","event":"spark.hadoop.fs.s3a.aws.credentials.provider = org.apache.hadoop.fs.s3a.SimpleAWSCredentialsProvider","chan":"stdout","logger":"task"}
{"timestamp":"2025-08-31T18:51:01.561938Z","level":"info","event":"spark.submit.pyFiles =","chan":"stdout","logger":"task"}
{"timestamp":"2025-08-31T18:51:01.562143Z","level":"info","event":"spark.driver.extraJavaOptions = -Djava.net.preferIPv6Addresses=false -XX:+IgnoreUnrecognizedVMOptions --add-modules=jdk.incubator.vector --add-opens=java.base/java.lang=ALL-UNNAMED --add-opens=java.base/java.lang.invoke=ALL-UNNAMED --add-opens=java.base/java.lang.reflect=ALL-UNNAMED --add-opens=java.base/java.io=ALL-UNNAMED --add-opens=java.base/java.net=ALL-UNNAMED --add-opens=java.base/java.nio=ALL-UNNAMED --add-opens=java.base/java.util=ALL-UNNAMED --add-opens=java.base/java.util.concurrent=ALL-UNNAMED --add-opens=java.base/java.util.concurrent.atomic=ALL-UNNAMED --add-opens=java.base/jdk.internal.ref=ALL-UNNAMED --add-opens=java.base/sun.nio.ch=ALL-UNNAMED --add-opens=java.base/sun.nio.cs=ALL-UNNAMED --add-opens=java.base/sun.security.action=ALL-UNNAMED --add-opens=java.base/sun.util.calendar=ALL-UNNAMED --add-opens=java.security.jgss/sun.security.krb5=ALL-UNNAMED -Djdk.reflect.useDirectMethodHandle=false -Dio.netty.tryReflectionSetAccessible=true","chan":"stdout","logger":"task"}
{"timestamp":"2025-08-31T18:51:01.562235Z","level":"info","event":"spark.hadoop.fs.s3a.attempts.maximum = 3","chan":"stdout","logger":"task"}
{"timestamp":"2025-08-31T18:51:01.562310Z","level":"info","event":"spark.hadoop.fs.s3a.threads.keepalivetime = 60000","chan":"stdout","logger":"task"}
{"timestamp":"2025-08-31T18:51:01.562375Z","level":"info","event":"spark.sql.adaptive.enabled = false","chan":"stdout","logger":"task"}
{"timestamp":"2025-08-31T18:51:01.562432Z","level":"info","event":"spark.hadoop.fs.s3a.connection.timeout = 60000","chan":"stdout","logger":"task"}
{"timestamp":"2025-08-31T18:51:01.562487Z","level":"info","event":"Spark session finished.","chan":"stdout","logger":"task"}
{"timestamp":"2025-08-31T18:51:02.116107","level":"info","event":"Done. Returned value was: None","logger":"airflow.task.operators.airflow.providers.standard.operators.python.PythonOperator"}
{"timestamp":"2025-08-31T18:51:02.148395Z","level":"info","event":"Task instance in success state","chan":"stdout","logger":"task"}
{"timestamp":"2025-08-31T18:51:02.148595Z","level":"info","event":" Previous state of the Task instance: running","chan":"stdout","logger":"task"}
{"timestamp":"2025-08-31T18:51:02.148667Z","level":"info","event":"Task operator:<Task(PythonOperator): install_spark>","chan":"stdout","logger":"task"}
