{"timestamp":"2025-08-29T03:06:07.493031","level":"info","event":"DAG bundles loaded: dags-folder, example_dags","logger":"airflow.dag_processing.bundles.manager.DagBundlesManager"}
{"timestamp":"2025-08-29T03:06:07.493375","level":"info","event":"Filling up the DagBag from /opt/airflow/dags/main.py","logger":"airflow.models.dagbag.DagBag"}
{"timestamp":"2025-08-29T03:06:07.770300Z","level":"error","event":"WARNING: Using incubator modules: jdk.incubator.vector","chan":"stderr","logger":"task"}
{"timestamp":"2025-08-29T03:06:08.641566Z","level":"error","event":"25/08/29 03:06:08 WARN NativeCodeLoader: Unable to load native-hadoop library for your platform... using builtin-java classes where applicable","chan":"stderr","logger":"task"}
{"timestamp":"2025-08-29T03:06:08.790001Z","level":"error","event":"Using Spark's default log4j profile: org/apache/spark/log4j2-defaults.properties","chan":"stderr","logger":"task"}
{"timestamp":"2025-08-29T03:06:08.790274Z","level":"error","event":"Setting default log level to \"WARN\".","chan":"stderr","logger":"task"}
{"timestamp":"2025-08-29T03:06:08.790378Z","level":"error","event":"To adjust logging level use sc.setLogLevel(newLevel). For SparkR, use setLogLevel(newLevel).","chan":"stderr","logger":"task"}
{"timestamp":"2025-08-29T03:06:11.929340Z","level":"info","event":"Task instance is in running state","chan":"stdout","logger":"task"}
{"timestamp":"2025-08-29T03:06:11.929502Z","level":"info","event":" Previous state of the Task instance: queued","chan":"stdout","logger":"task"}
{"timestamp":"2025-08-29T03:06:11.929567Z","level":"info","event":"Current task name:etl_data_weather.extract_transform_load","chan":"stdout","logger":"task"}
{"timestamp":"2025-08-29T03:06:11.929616Z","level":"info","event":"Dag name:etl_pipeline","chan":"stdout","logger":"task"}
{"timestamp":"2025-08-29T03:06:11.929669Z","level":"info","event":"extract data from file","chan":"stdout","logger":"task"}
{"timestamp":"2025-08-29T03:06:11.937756Z","level":"info","event":"spark.hadoop.fs.s3a.connection.part.upload.timeout = 60000","chan":"stdout","logger":"task"}
{"timestamp":"2025-08-29T03:06:11.937932Z","level":"info","event":"spark.hadoop.fs.s3a.socket.recv.buffer = 65536","chan":"stdout","logger":"task"}
{"timestamp":"2025-08-29T03:06:11.938002Z","level":"info","event":"spark.hadoop.fs.s3a.impl.disable.cache = true","chan":"stdout","logger":"task"}
{"timestamp":"2025-08-29T03:06:11.938059Z","level":"info","event":"spark.hadoop.fs.s3a.connection.request.timeout = 60000","chan":"stdout","logger":"task"}
{"timestamp":"2025-08-29T03:06:11.938120Z","level":"info","event":"spark.driver.host = 81fe69f3a29c","chan":"stdout","logger":"task"}
{"timestamp":"2025-08-29T03:06:11.938174Z","level":"info","event":"spark.app.submitTime = 1756436768729","chan":"stdout","logger":"task"}
{"timestamp":"2025-08-29T03:06:11.938226Z","level":"info","event":"spark.hadoop.fs.s3a.path.style.access = true","chan":"stdout","logger":"task"}
{"timestamp":"2025-08-29T03:06:11.938279Z","level":"info","event":"spark.rdd.compress = True","chan":"stdout","logger":"task"}
{"timestamp":"2025-08-29T03:06:11.938333Z","level":"info","event":"spark.driver.port = 40421","chan":"stdout","logger":"task"}
{"timestamp":"2025-08-29T03:06:11.938388Z","level":"info","event":"spark.hadoop.fs.s3a.connection.idle.time = 60000","chan":"stdout","logger":"task"}
{"timestamp":"2025-08-29T03:06:11.938444Z","level":"info","event":"spark.executor.extraClassPath = /opt/spark/jars/ojdbc11.jar","chan":"stdout","logger":"task"}
{"timestamp":"2025-08-29T03:06:11.938498Z","level":"info","event":"spark.hadoop.fs.s3a.connection.establish.timeout = 5000","chan":"stdout","logger":"task"}
{"timestamp":"2025-08-29T03:06:11.938549Z","level":"info","event":"spark.hadoop.fs.s3a.access.key = admin","chan":"stdout","logger":"task"}
{"timestamp":"2025-08-29T03:06:11.938601Z","level":"info","event":"spark.hadoop.fs.s3a.endpoint = http://minio:9000/","chan":"stdout","logger":"task"}
{"timestamp":"2025-08-29T03:06:11.938653Z","level":"info","event":"spark.hadoop.fs.s3a.retry.interval = 500","chan":"stdout","logger":"task"}
{"timestamp":"2025-08-29T03:06:11.938721Z","level":"info","event":"spark.jars = /opt/spark/jars/hadoop-aws-3.3.6.jar,/opt/spark/jars/aws-java-sdk-bundle-1.12.787.jar,/opt/spark/jars/ojdbc11.jar","chan":"stdout","logger":"task"}
{"timestamp":"2025-08-29T03:06:11.938778Z","level":"info","event":"spark.hadoop.fs.s3a.connection.maximum = 15","chan":"stdout","logger":"task"}
{"timestamp":"2025-08-29T03:06:11.938829Z","level":"info","event":"spark.hadoop.fs.s3a.retry.limit = 5","chan":"stdout","logger":"task"}
{"timestamp":"2025-08-29T03:06:11.938890Z","level":"info","event":"spark.hadoop.fs.s3a.vectored.read.max.merged.size = 2097152","chan":"stdout","logger":"task"}
{"timestamp":"2025-08-29T03:06:11.938951Z","level":"info","event":"spark.hadoop.fs.s3a.impl = org.apache.hadoop.fs.s3a.S3AFileSystem","chan":"stdout","logger":"task"}
{"timestamp":"2025-08-29T03:06:11.939006Z","level":"info","event":"spark.hadoop.fs.s3a.vectored.read.min.seek.size = 131072","chan":"stdout","logger":"task"}
{"timestamp":"2025-08-29T03:06:11.939053Z","level":"info","event":"spark.hadoop.fs.s3a.secret.key = admin12345","chan":"stdout","logger":"task"}
{"timestamp":"2025-08-29T03:06:11.939105Z","level":"info","event":"spark.sql.adaptive.coalescePartitions.enabled = false","chan":"stdout","logger":"task"}
{"timestamp":"2025-08-29T03:06:11.939166Z","level":"info","event":"spark.hadoop.fs.s3a.socket.send.buffer = 65536","chan":"stdout","logger":"task"}
{"timestamp":"2025-08-29T03:06:11.939215Z","level":"info","event":"spark.hadoop.fs.s3a.fast.upload = true","chan":"stdout","logger":"task"}
{"timestamp":"2025-08-29T03:06:11.939268Z","level":"info","event":"spark.executor.extraJavaOptions = -Djava.net.preferIPv6Addresses=false -XX:+IgnoreUnrecognizedVMOptions --add-modules=jdk.incubator.vector --add-opens=java.base/java.lang=ALL-UNNAMED --add-opens=java.base/java.lang.invoke=ALL-UNNAMED --add-opens=java.base/java.lang.reflect=ALL-UNNAMED --add-opens=java.base/java.io=ALL-UNNAMED --add-opens=java.base/java.net=ALL-UNNAMED --add-opens=java.base/java.nio=ALL-UNNAMED --add-opens=java.base/java.util=ALL-UNNAMED --add-opens=java.base/java.util.concurrent=ALL-UNNAMED --add-opens=java.base/java.util.concurrent.atomic=ALL-UNNAMED --add-opens=java.base/jdk.internal.ref=ALL-UNNAMED --add-opens=java.base/sun.nio.ch=ALL-UNNAMED --add-opens=java.base/sun.nio.cs=ALL-UNNAMED --add-opens=java.base/sun.security.action=ALL-UNNAMED --add-opens=java.base/sun.util.calendar=ALL-UNNAMED --add-opens=java.security.jgss/sun.security.krb5=ALL-UNNAMED -Djdk.reflect.useDirectMethodHandle=false -Dio.netty.tryReflectionSetAccessible=true","chan":"stdout","logger":"task"}
{"timestamp":"2025-08-29T03:06:11.939400Z","level":"info","event":"spark.sql.artifact.isolation.enabled = false","chan":"stdout","logger":"task"}
{"timestamp":"2025-08-29T03:06:11.939471Z","level":"info","event":"spark.hadoop.fs.s3a.multipart.size = 104857600","chan":"stdout","logger":"task"}
{"timestamp":"2025-08-29T03:06:11.939524Z","level":"info","event":"spark.master = local[*]","chan":"stdout","logger":"task"}
{"timestamp":"2025-08-29T03:06:11.939579Z","level":"info","event":"spark.app.initial.jar.urls = spark://81fe69f3a29c:40421/jars/ojdbc11.jar,spark://81fe69f3a29c:40421/jars/hadoop-aws-3.3.6.jar,spark://81fe69f3a29c:40421/jars/aws-java-sdk-bundle-1.12.787.jar","chan":"stdout","logger":"task"}
{"timestamp":"2025-08-29T03:06:11.939633Z","level":"info","event":"spark.app.id = local-1756436769521","chan":"stdout","logger":"task"}
{"timestamp":"2025-08-29T03:06:11.939682Z","level":"info","event":"spark.executor.id = driver","chan":"stdout","logger":"task"}
{"timestamp":"2025-08-29T03:06:11.939724Z","level":"info","event":"spark.driver.extraClassPath = /opt/spark/jars/ojdbc11.jar","chan":"stdout","logger":"task"}
{"timestamp":"2025-08-29T03:06:11.939770Z","level":"info","event":"spark.app.name = BAITEST","chan":"stdout","logger":"task"}
{"timestamp":"2025-08-29T03:06:11.939815Z","level":"info","event":"spark.submit.deployMode = client","chan":"stdout","logger":"task"}
{"timestamp":"2025-08-29T03:06:11.939860Z","level":"info","event":"spark.hadoop.fs.s3a.connection.ssl.enabled = false","chan":"stdout","logger":"task"}
{"timestamp":"2025-08-29T03:06:11.939928Z","level":"info","event":"spark.serializer.objectStreamReset = 100","chan":"stdout","logger":"task"}
{"timestamp":"2025-08-29T03:06:11.939995Z","level":"info","event":"spark.ui.showConsoleProgress = true","chan":"stdout","logger":"task"}
{"timestamp":"2025-08-29T03:06:11.940051Z","level":"info","event":"spark.hadoop.fs.s3a.multipart.purge.age = 86400","chan":"stdout","logger":"task"}
{"timestamp":"2025-08-29T03:06:11.940101Z","level":"info","event":"spark.hadoop.fs.s3a.threads.max = 10","chan":"stdout","logger":"task"}
{"timestamp":"2025-08-29T03:06:11.940155Z","level":"info","event":"spark.app.startTime = 1756436768986","chan":"stdout","logger":"task"}
{"timestamp":"2025-08-29T03:06:11.940204Z","level":"info","event":"spark.hadoop.fs.s3a.aws.credentials.provider = org.apache.hadoop.fs.s3a.SimpleAWSCredentialsProvider","chan":"stdout","logger":"task"}
{"timestamp":"2025-08-29T03:06:11.940273Z","level":"info","event":"spark.submit.pyFiles =","chan":"stdout","logger":"task"}
{"timestamp":"2025-08-29T03:06:11.940327Z","level":"info","event":"spark.driver.extraJavaOptions = -Djava.net.preferIPv6Addresses=false -XX:+IgnoreUnrecognizedVMOptions --add-modules=jdk.incubator.vector --add-opens=java.base/java.lang=ALL-UNNAMED --add-opens=java.base/java.lang.invoke=ALL-UNNAMED --add-opens=java.base/java.lang.reflect=ALL-UNNAMED --add-opens=java.base/java.io=ALL-UNNAMED --add-opens=java.base/java.net=ALL-UNNAMED --add-opens=java.base/java.nio=ALL-UNNAMED --add-opens=java.base/java.util=ALL-UNNAMED --add-opens=java.base/java.util.concurrent=ALL-UNNAMED --add-opens=java.base/java.util.concurrent.atomic=ALL-UNNAMED --add-opens=java.base/jdk.internal.ref=ALL-UNNAMED --add-opens=java.base/sun.nio.ch=ALL-UNNAMED --add-opens=java.base/sun.nio.cs=ALL-UNNAMED --add-opens=java.base/sun.security.action=ALL-UNNAMED --add-opens=java.base/sun.util.calendar=ALL-UNNAMED --add-opens=java.security.jgss/sun.security.krb5=ALL-UNNAMED -Djdk.reflect.useDirectMethodHandle=false -Dio.netty.tryReflectionSetAccessible=true","chan":"stdout","logger":"task"}
{"timestamp":"2025-08-29T03:06:11.940388Z","level":"info","event":"spark.hadoop.fs.s3a.attempts.maximum = 3","chan":"stdout","logger":"task"}
{"timestamp":"2025-08-29T03:06:11.940435Z","level":"info","event":"spark.hadoop.fs.s3a.threads.keepalivetime = 60000","chan":"stdout","logger":"task"}
{"timestamp":"2025-08-29T03:06:11.940481Z","level":"info","event":"spark.repl.local.jars = file:///opt/spark/jars/hadoop-aws-3.3.6.jar,file:///opt/spark/jars/aws-java-sdk-bundle-1.12.787.jar,file:///opt/spark/jars/ojdbc11.jar","chan":"stdout","logger":"task"}
{"timestamp":"2025-08-29T03:06:11.940528Z","level":"info","event":"spark.sql.adaptive.enabled = false","chan":"stdout","logger":"task"}
{"timestamp":"2025-08-29T03:06:11.940573Z","level":"info","event":"spark.hadoop.fs.s3a.connection.timeout = 60000","chan":"stdout","logger":"task"}
{"timestamp":"2025-08-29T03:06:12.749113Z","level":"error","event":"25/08/29 03:06:12 WARN MetricsConfig: Cannot locate configuration: tried hadoop-metrics2-s3a-file-system.properties,hadoop-metrics2.properties","chan":"stderr","logger":"task"}
{"timestamp":"2025-08-29T03:06:12.819235Z","level":"error","event":"25/08/29 03:06:12 WARN VersionInfoUtils: The AWS SDK for Java 1.x entered maintenance mode starting July 31, 2024 and will reach end of support on December 31, 2025. For more information, see https://aws.amazon.com/blogs/developer/the-aws-sdk-for-java-1-x-is-in-maintenance-mode-effective-july-31-2024/","chan":"stderr","logger":"task"}
{"timestamp":"2025-08-29T03:06:12.819443Z","level":"error","event":"You can print where on the file system the AWS SDK for Java 1.x core runtime is located by setting the AWS_JAVA_V1_PRINT_LOCATION environment variable or aws.java.v1.printLocation system property to 'true'.","chan":"stderr","logger":"task"}
{"timestamp":"2025-08-29T03:06:12.819532Z","level":"error","event":"This message can be disabled by setting the AWS_JAVA_V1_DISABLE_DEPRECATION_ANNOUNCEMENT environment variable or aws.java.v1.disableDeprecationAnnouncement system property to 'true'.","chan":"stderr","logger":"task"}
{"timestamp":"2025-08-29T03:06:12.819605Z","level":"error","event":"The AWS SDK for Java 1.x is being used here:","chan":"stderr","logger":"task"}
{"timestamp":"2025-08-29T03:06:12.819657Z","level":"error","event":"at java.base/java.lang.Thread.getStackTrace(Thread.java:1619)","chan":"stderr","logger":"task"}
{"timestamp":"2025-08-29T03:06:12.819706Z","level":"error","event":"at com.amazonaws.util.VersionInfoUtils.printDeprecationAnnouncement(VersionInfoUtils.java:81)","chan":"stderr","logger":"task"}
{"timestamp":"2025-08-29T03:06:12.819758Z","level":"error","event":"at com.amazonaws.util.VersionInfoUtils.<clinit>(VersionInfoUtils.java:59)","chan":"stderr","logger":"task"}
{"timestamp":"2025-08-29T03:06:12.819810Z","level":"error","event":"at com.amazonaws.ClientConfiguration.<clinit>(ClientConfiguration.java:95)","chan":"stderr","logger":"task"}
{"timestamp":"2025-08-29T03:06:12.819859Z","level":"error","event":"at org.apache.hadoop.fs.s3a.S3AUtils.createAwsConf(S3AUtils.java:1251)","chan":"stderr","logger":"task"}
{"timestamp":"2025-08-29T03:06:12.819914Z","level":"error","event":"at org.apache.hadoop.fs.s3a.DefaultS3ClientFactory.createS3Client(DefaultS3ClientFactory.java:118)","chan":"stderr","logger":"task"}
{"timestamp":"2025-08-29T03:06:12.819969Z","level":"error","event":"at org.apache.hadoop.fs.s3a.S3AFileSystem.bindAWSClient(S3AFileSystem.java:982)","chan":"stderr","logger":"task"}
{"timestamp":"2025-08-29T03:06:12.820018Z","level":"error","event":"at org.apache.hadoop.fs.s3a.S3AFileSystem.initialize(S3AFileSystem.java:586)","chan":"stderr","logger":"task"}
{"timestamp":"2025-08-29T03:06:12.820066Z","level":"error","event":"at org.apache.hadoop.fs.FileSystem.createFileSystem(FileSystem.java:3615)","chan":"stderr","logger":"task"}
{"timestamp":"2025-08-29T03:06:12.820112Z","level":"error","event":"at org.apache.hadoop.fs.FileSystem.get(FileSystem.java:554)","chan":"stderr","logger":"task"}
{"timestamp":"2025-08-29T03:06:12.820159Z","level":"error","event":"at org.apache.hadoop.fs.Path.getFileSystem(Path.java:366)","chan":"stderr","logger":"task"}
{"timestamp":"2025-08-29T03:06:12.820205Z","level":"error","event":"at org.apache.spark.sql.execution.streaming.FileStreamSink$.hasMetadata(FileStreamSink.scala:55)","chan":"stderr","logger":"task"}
{"timestamp":"2025-08-29T03:06:12.820251Z","level":"error","event":"at org.apache.spark.sql.execution.datasources.DataSource.resolveRelation(DataSource.scala:381)","chan":"stderr","logger":"task"}
{"timestamp":"2025-08-29T03:06:12.820297Z","level":"error","event":"at org.apache.spark.sql.catalyst.analysis.ResolveDataSource.org$apache$spark$sql$catalyst$analysis$ResolveDataSource$$loadV1BatchSource(ResolveDataSource.scala:143)","chan":"stderr","logger":"task"}
{"timestamp":"2025-08-29T03:06:12.820346Z","level":"error","event":"at org.apache.spark.sql.catalyst.analysis.ResolveDataSource$$anonfun$apply$1.$anonfun$applyOrElse$2(ResolveDataSource.scala:61)","chan":"stderr","logger":"task"}
{"timestamp":"2025-08-29T03:06:12.820395Z","level":"error","event":"at scala.Option.getOrElse(Option.scala:201)","chan":"stderr","logger":"task"}
{"timestamp":"2025-08-29T03:06:12.820441Z","level":"error","event":"at org.apache.spark.sql.catalyst.analysis.ResolveDataSource$$anonfun$apply$1.applyOrElse(ResolveDataSource.scala:61)","chan":"stderr","logger":"task"}
{"timestamp":"2025-08-29T03:06:12.820488Z","level":"error","event":"at org.apache.spark.sql.catalyst.analysis.ResolveDataSource$$anonfun$apply$1.applyOrElse(ResolveDataSource.scala:45)","chan":"stderr","logger":"task"}
{"timestamp":"2025-08-29T03:06:12.820535Z","level":"error","event":"at org.apache.spark.sql.catalyst.plans.logical.AnalysisHelper.$anonfun$resolveOperatorsUpWithPruning$3(AnalysisHelper.scala:139)","chan":"stderr","logger":"task"}
{"timestamp":"2025-08-29T03:06:12.820582Z","level":"error","event":"at org.apache.spark.sql.catalyst.trees.CurrentOrigin$.withOrigin(origin.scala:86)","chan":"stderr","logger":"task"}
{"timestamp":"2025-08-29T03:06:12.820637Z","level":"error","event":"at org.apache.spark.sql.catalyst.plans.logical.AnalysisHelper.$anonfun$resolveOperatorsUpWithPruning$1(AnalysisHelper.scala:139)","chan":"stderr","logger":"task"}
{"timestamp":"2025-08-29T03:06:12.820686Z","level":"error","event":"at org.apache.spark.sql.catalyst.plans.logical.AnalysisHelper$.allowInvokingTransformsInAnalyzer(AnalysisHelper.scala:416)","chan":"stderr","logger":"task"}
{"timestamp":"2025-08-29T03:06:12.820735Z","level":"error","event":"at org.apache.spark.sql.catalyst.plans.logical.AnalysisHelper.resolveOperatorsUpWithPruning(AnalysisHelper.scala:135)","chan":"stderr","logger":"task"}
{"timestamp":"2025-08-29T03:06:12.820781Z","level":"error","event":"at org.apache.spark.sql.catalyst.plans.logical.AnalysisHelper.resolveOperatorsUpWithPruning$(AnalysisHelper.scala:131)","chan":"stderr","logger":"task"}
{"timestamp":"2025-08-29T03:06:12.820827Z","level":"error","event":"at org.apache.spark.sql.catalyst.plans.logical.LogicalPlan.resolveOperatorsUpWithPruning(LogicalPlan.scala:37)","chan":"stderr","logger":"task"}
{"timestamp":"2025-08-29T03:06:12.820868Z","level":"error","event":"at org.apache.spark.sql.catalyst.plans.logical.AnalysisHelper.resolveOperatorsUp(AnalysisHelper.scala:112)","chan":"stderr","logger":"task"}
{"timestamp":"2025-08-29T03:06:12.820942Z","level":"error","event":"at org.apache.spark.sql.catalyst.plans.logical.AnalysisHelper.resolveOperatorsUp$(AnalysisHelper.scala:111)","chan":"stderr","logger":"task"}
{"timestamp":"2025-08-29T03:06:12.821000Z","level":"error","event":"at org.apache.spark.sql.catalyst.plans.logical.LogicalPlan.resolveOperatorsUp(LogicalPlan.scala:37)","chan":"stderr","logger":"task"}
{"timestamp":"2025-08-29T03:06:12.821047Z","level":"error","event":"at org.apache.spark.sql.catalyst.analysis.ResolveDataSource.apply(ResolveDataSource.scala:45)","chan":"stderr","logger":"task"}
{"timestamp":"2025-08-29T03:06:12.821098Z","level":"error","event":"at org.apache.spark.sql.catalyst.analysis.ResolveDataSource.apply(ResolveDataSource.scala:43)","chan":"stderr","logger":"task"}
{"timestamp":"2025-08-29T03:06:12.821145Z","level":"error","event":"at org.apache.spark.sql.catalyst.rules.RuleExecutor.$anonfun$execute$2(RuleExecutor.scala:242)","chan":"stderr","logger":"task"}
{"timestamp":"2025-08-29T03:06:12.821197Z","level":"error","event":"at scala.collection.LinearSeqOps.foldLeft(LinearSeq.scala:183)","chan":"stderr","logger":"task"}
{"timestamp":"2025-08-29T03:06:12.821249Z","level":"error","event":"at scala.collection.LinearSeqOps.foldLeft$(LinearSeq.scala:179)","chan":"stderr","logger":"task"}
{"timestamp":"2025-08-29T03:06:12.821298Z","level":"error","event":"at scala.collection.immutable.List.foldLeft(List.scala:79)","chan":"stderr","logger":"task"}
{"timestamp":"2025-08-29T03:06:12.821349Z","level":"error","event":"at org.apache.spark.sql.catalyst.rules.RuleExecutor.$anonfun$execute$1(RuleExecutor.scala:239)","chan":"stderr","logger":"task"}
{"timestamp":"2025-08-29T03:06:12.821478Z","level":"error","event":"at org.apache.spark.sql.catalyst.rules.RuleExecutor.$anonfun$execute$1$adapted(RuleExecutor.scala:231)","chan":"stderr","logger":"task"}
{"timestamp":"2025-08-29T03:06:12.821595Z","level":"error","event":"at scala.collection.immutable.List.foreach(List.scala:334)","chan":"stderr","logger":"task"}
{"timestamp":"2025-08-29T03:06:12.821646Z","level":"error","event":"at org.apache.spark.sql.catalyst.rules.RuleExecutor.execute(RuleExecutor.scala:231)","chan":"stderr","logger":"task"}
{"timestamp":"2025-08-29T03:06:12.821697Z","level":"error","event":"at org.apache.spark.sql.catalyst.analysis.Analyzer.org$apache$spark$sql$catalyst$analysis$Analyzer$$executeSameContext(Analyzer.scala:290)","chan":"stderr","logger":"task"}
{"timestamp":"2025-08-29T03:06:12.821750Z","level":"error","event":"at org.apache.spark.sql.catalyst.analysis.Analyzer.$anonfun$execute$1(Analyzer.scala:286)","chan":"stderr","logger":"task"}
{"timestamp":"2025-08-29T03:06:12.821806Z","level":"error","event":"at org.apache.spark.sql.catalyst.analysis.AnalysisContext$.withNewAnalysisContext(Analyzer.scala:234)","chan":"stderr","logger":"task"}
{"timestamp":"2025-08-29T03:06:12.821856Z","level":"error","event":"at org.apache.spark.sql.catalyst.analysis.Analyzer.execute(Analyzer.scala:286)","chan":"stderr","logger":"task"}
{"timestamp":"2025-08-29T03:06:12.821913Z","level":"error","event":"at org.apache.spark.sql.catalyst.analysis.Analyzer.execute(Analyzer.scala:249)","chan":"stderr","logger":"task"}
{"timestamp":"2025-08-29T03:06:12.821976Z","level":"error","event":"at org.apache.spark.sql.catalyst.rules.RuleExecutor.$anonfun$executeAndTrack$1(RuleExecutor.scala:201)","chan":"stderr","logger":"task"}
{"timestamp":"2025-08-29T03:06:12.822028Z","level":"error","event":"at org.apache.spark.sql.catalyst.QueryPlanningTracker$.withTracker(QueryPlanningTracker.scala:89)","chan":"stderr","logger":"task"}
{"timestamp":"2025-08-29T03:06:12.822073Z","level":"error","event":"at org.apache.spark.sql.catalyst.rules.RuleExecutor.executeAndTrack(RuleExecutor.scala:201)","chan":"stderr","logger":"task"}
{"timestamp":"2025-08-29T03:06:12.822119Z","level":"error","event":"at org.apache.spark.sql.catalyst.analysis.resolver.HybridAnalyzer.resolveInFixedPoint(HybridAnalyzer.scala:190)","chan":"stderr","logger":"task"}
{"timestamp":"2025-08-29T03:06:12.822170Z","level":"error","event":"at org.apache.spark.sql.catalyst.analysis.resolver.HybridAnalyzer.$anonfun$apply$1(HybridAnalyzer.scala:76)","chan":"stderr","logger":"task"}
{"timestamp":"2025-08-29T03:06:12.822225Z","level":"error","event":"at org.apache.spark.sql.catalyst.analysis.resolver.HybridAnalyzer.withTrackedAnalyzerBridgeState(HybridAnalyzer.scala:111)","chan":"stderr","logger":"task"}
{"timestamp":"2025-08-29T03:06:12.822256Z","level":"error","event":"at org.apache.spark.sql.catalyst.analysis.resolver.HybridAnalyzer.apply(HybridAnalyzer.scala:71)","chan":"stderr","logger":"task"}
{"timestamp":"2025-08-29T03:06:12.822299Z","level":"error","event":"at org.apache.spark.sql.catalyst.analysis.Analyzer.$anonfun$executeAndCheck$1(Analyzer.scala:280)","chan":"stderr","logger":"task"}
{"timestamp":"2025-08-29T03:06:12.822329Z","level":"error","event":"at org.apache.spark.sql.catalyst.plans.logical.AnalysisHelper$.markInAnalyzer(AnalysisHelper.scala:423)","chan":"stderr","logger":"task"}
{"timestamp":"2025-08-29T03:06:12.822365Z","level":"error","event":"at org.apache.spark.sql.catalyst.analysis.Analyzer.executeAndCheck(Analyzer.scala:280)","chan":"stderr","logger":"task"}
{"timestamp":"2025-08-29T03:06:12.822392Z","level":"error","event":"at org.apache.spark.sql.execution.QueryExecution.$anonfun$lazyAnalyzed$2(QueryExecution.scala:110)","chan":"stderr","logger":"task"}
{"timestamp":"2025-08-29T03:06:12.822419Z","level":"error","event":"at org.apache.spark.sql.catalyst.QueryPlanningTracker.measurePhase(QueryPlanningTracker.scala:148)","chan":"stderr","logger":"task"}
{"timestamp":"2025-08-29T03:06:12.822445Z","level":"error","event":"at org.apache.spark.sql.execution.QueryExecution.$anonfun$executePhase$2(QueryExecution.scala:278)","chan":"stderr","logger":"task"}
{"timestamp":"2025-08-29T03:06:12.822471Z","level":"error","event":"at org.apache.spark.sql.execution.QueryExecution$.withInternalError(QueryExecution.scala:654)","chan":"stderr","logger":"task"}
{"timestamp":"2025-08-29T03:06:12.822497Z","level":"error","event":"at org.apache.spark.sql.execution.QueryExecution.$anonfun$executePhase$1(QueryExecution.scala:278)","chan":"stderr","logger":"task"}
{"timestamp":"2025-08-29T03:06:12.822524Z","level":"error","event":"at org.apache.spark.sql.SparkSession.withActive(SparkSession.scala:804)","chan":"stderr","logger":"task"}
{"timestamp":"2025-08-29T03:06:12.822550Z","level":"error","event":"at org.apache.spark.sql.execution.QueryExecution.executePhase(QueryExecution.scala:277)","chan":"stderr","logger":"task"}
{"timestamp":"2025-08-29T03:06:12.822576Z","level":"error","event":"at org.apache.spark.sql.execution.QueryExecution.$anonfun$lazyAnalyzed$1(QueryExecution.scala:110)","chan":"stderr","logger":"task"}
{"timestamp":"2025-08-29T03:06:12.822615Z","level":"error","event":"at scala.util.Try$.apply(Try.scala:217)","chan":"stderr","logger":"task"}
{"timestamp":"2025-08-29T03:06:12.822642Z","level":"error","event":"at org.apache.spark.util.Utils$.doTryWithCallerStacktrace(Utils.scala:1378)","chan":"stderr","logger":"task"}
{"timestamp":"2025-08-29T03:06:12.822669Z","level":"error","event":"at org.apache.spark.util.LazyTry.tryT$lzycompute(LazyTry.scala:46)","chan":"stderr","logger":"task"}
{"timestamp":"2025-08-29T03:06:12.822695Z","level":"error","event":"at org.apache.spark.util.LazyTry.tryT(LazyTry.scala:46)","chan":"stderr","logger":"task"}
{"timestamp":"2025-08-29T03:06:12.822721Z","level":"error","event":"at org.apache.spark.util.LazyTry.get(LazyTry.scala:58)","chan":"stderr","logger":"task"}
{"timestamp":"2025-08-29T03:06:12.822747Z","level":"error","event":"at org.apache.spark.sql.execution.QueryExecution.analyzed(QueryExecution.scala:121)","chan":"stderr","logger":"task"}
{"timestamp":"2025-08-29T03:06:12.822773Z","level":"error","event":"at org.apache.spark.sql.execution.QueryExecution.assertAnalyzed(QueryExecution.scala:80)","chan":"stderr","logger":"task"}
{"timestamp":"2025-08-29T03:06:12.822799Z","level":"error","event":"at org.apache.spark.sql.classic.Dataset$.$anonfun$ofRows$1(Dataset.scala:115)","chan":"stderr","logger":"task"}
{"timestamp":"2025-08-29T03:06:12.822825Z","level":"error","event":"at org.apache.spark.sql.SparkSession.withActive(SparkSession.scala:804)","chan":"stderr","logger":"task"}
{"timestamp":"2025-08-29T03:06:12.822851Z","level":"error","event":"at org.apache.spark.sql.classic.Dataset$.ofRows(Dataset.scala:113)","chan":"stderr","logger":"task"}
{"timestamp":"2025-08-29T03:06:12.822880Z","level":"error","event":"at org.apache.spark.sql.classic.DataFrameReader.load(DataFrameReader.scala:109)","chan":"stderr","logger":"task"}
{"timestamp":"2025-08-29T03:06:12.822964Z","level":"error","event":"at org.apache.spark.sql.classic.DataFrameReader.load(DataFrameReader.scala:58)","chan":"stderr","logger":"task"}
{"timestamp":"2025-08-29T03:06:12.822996Z","level":"error","event":"at org.apache.spark.sql.DataFrameReader.json(DataFrameReader.scala:296)","chan":"stderr","logger":"task"}
{"timestamp":"2025-08-29T03:06:12.823023Z","level":"error","event":"at org.apache.spark.sql.classic.DataFrameReader.json(DataFrameReader.scala:150)","chan":"stderr","logger":"task"}
{"timestamp":"2025-08-29T03:06:12.823050Z","level":"error","event":"at java.base/jdk.internal.reflect.NativeMethodAccessorImpl.invoke0(Native Method)","chan":"stderr","logger":"task"}
{"timestamp":"2025-08-29T03:06:12.823076Z","level":"error","event":"at java.base/jdk.internal.reflect.NativeMethodAccessorImpl.invoke(NativeMethodAccessorImpl.java:77)","chan":"stderr","logger":"task"}
{"timestamp":"2025-08-29T03:06:12.823104Z","level":"error","event":"at java.base/jdk.internal.reflect.DelegatingMethodAccessorImpl.invoke(DelegatingMethodAccessorImpl.java:43)","chan":"stderr","logger":"task"}
{"timestamp":"2025-08-29T03:06:12.823131Z","level":"error","event":"at java.base/java.lang.reflect.Method.invoke(Method.java:569)","chan":"stderr","logger":"task"}
{"timestamp":"2025-08-29T03:06:12.823157Z","level":"error","event":"at py4j.reflection.MethodInvoker.invoke(MethodInvoker.java:244)","chan":"stderr","logger":"task"}
{"timestamp":"2025-08-29T03:06:12.823182Z","level":"error","event":"at py4j.reflection.ReflectionEngine.invoke(ReflectionEngine.java:374)","chan":"stderr","logger":"task"}
{"timestamp":"2025-08-29T03:06:12.823207Z","level":"error","event":"at py4j.Gateway.invoke(Gateway.java:282)","chan":"stderr","logger":"task"}
{"timestamp":"2025-08-29T03:06:12.823234Z","level":"error","event":"at py4j.commands.AbstractCommand.invokeMethod(AbstractCommand.java:132)","chan":"stderr","logger":"task"}
{"timestamp":"2025-08-29T03:06:12.823260Z","level":"error","event":"at py4j.commands.CallCommand.execute(CallCommand.java:79)","chan":"stderr","logger":"task"}
{"timestamp":"2025-08-29T03:06:12.823337Z","level":"error","event":"at py4j.ClientServerConnection.waitForCommands(ClientServerConnection.java:184)","chan":"stderr","logger":"task"}
{"timestamp":"2025-08-29T03:06:12.823388Z","level":"error","event":"at py4j.ClientServerConnection.run(ClientServerConnection.java:108)","chan":"stderr","logger":"task"}
{"timestamp":"2025-08-29T03:06:12.823432Z","level":"error","event":"at java.base/java.lang.Thread.run(Thread.java:840)","chan":"stderr","logger":"task"}
{"timestamp":"2025-08-29T03:06:13.689690Z","level":"info","event":"spark data extracted","chan":"stdout","logger":"task"}
{"timestamp":"2025-08-29T03:06:13.701913Z","level":"info","event":"root","chan":"stdout","logger":"task"}
{"timestamp":"2025-08-29T03:06:13.702060Z","level":"info","event":" |-- list: array (nullable = true)","chan":"stdout","logger":"task"}
{"timestamp":"2025-08-29T03:06:13.702095Z","level":"info","event":" |    |-- element: struct (containsNull = true)","chan":"stdout","logger":"task"}
{"timestamp":"2025-08-29T03:06:13.702126Z","level":"info","event":" |    |    |-- dt: long (nullable = true)","chan":"stdout","logger":"task"}
{"timestamp":"2025-08-29T03:06:13.702154Z","level":"info","event":" |    |    |-- main: struct (nullable = true)","chan":"stdout","logger":"task"}
{"timestamp":"2025-08-29T03:06:13.702182Z","level":"info","event":" |    |    |    |-- temp: double (nullable = true)","chan":"stdout","logger":"task"}
{"timestamp":"2025-08-29T03:06:13.702210Z","level":"info","event":" |    |    |    |-- pressure: long (nullable = true)","chan":"stdout","logger":"task"}
{"timestamp":"2025-08-29T03:06:13.702237Z","level":"info","event":" |    |    |    |-- humidity: long (nullable = true)","chan":"stdout","logger":"task"}
{"timestamp":"2025-08-29T03:06:13.702264Z","level":"info","event":" |    |    |-- weather: array (nullable = true)","chan":"stdout","logger":"task"}
{"timestamp":"2025-08-29T03:06:13.702290Z","level":"info","event":" |    |    |    |-- element: struct (containsNull = true)","chan":"stdout","logger":"task"}
{"timestamp":"2025-08-29T03:06:13.702317Z","level":"info","event":" |    |    |    |    |-- description: string (nullable = true)","chan":"stdout","logger":"task"}
{"timestamp":"2025-08-29T03:06:13.702344Z","level":"info","event":"","chan":"stdout","logger":"task"}
{"timestamp":"2025-08-29T03:06:15.085986Z","level":"info","event":"+--------------------+","chan":"stdout","logger":"task"}
{"timestamp":"2025-08-29T03:06:15.086215Z","level":"info","event":"|                list|","chan":"stdout","logger":"task"}
{"timestamp":"2025-08-29T03:06:15.086308Z","level":"info","event":"+--------------------+","chan":"stdout","logger":"task"}
{"timestamp":"2025-08-29T03:06:15.086367Z","level":"info","event":"|[{1752192000, {26...|","chan":"stdout","logger":"task"}
{"timestamp":"2025-08-29T03:06:15.086419Z","level":"info","event":"+--------------------+","chan":"stdout","logger":"task"}
{"timestamp":"2025-08-29T03:06:15.086471Z","level":"info","event":"","chan":"stdout","logger":"task"}
{"timestamp":"2025-08-29T03:06:15.828015Z","level":"info","event":"+----------+-----------+--------+--------+-----------+","chan":"stdout","logger":"task"}
{"timestamp":"2025-08-29T03:06:15.828186Z","level":"info","event":"|        dt|temperature|pressure|humidity|description|","chan":"stdout","logger":"task"}
{"timestamp":"2025-08-29T03:06:15.828224Z","level":"info","event":"+----------+-----------+--------+--------+-----------+","chan":"stdout","logger":"task"}
{"timestamp":"2025-08-29T03:06:15.828257Z","level":"info","event":"|1752192000|      26.72|     998|      89|    mưa vừa|","chan":"stdout","logger":"task"}
{"timestamp":"2025-08-29T03:06:15.828288Z","level":"info","event":"|1752202800|      27.27|     999|      81|    mưa nhẹ|","chan":"stdout","logger":"task"}
{"timestamp":"2025-08-29T03:06:15.828322Z","level":"info","event":"|1752213600|      30.07|     999|      67|    mưa vừa|","chan":"stdout","logger":"task"}
{"timestamp":"2025-08-29T03:06:15.828364Z","level":"info","event":"|1752224400|      29.96|     998|      75|    mưa vừa|","chan":"stdout","logger":"task"}
{"timestamp":"2025-08-29T03:06:15.828405Z","level":"info","event":"|1752235200|      26.19|    1000|      91|    mưa vừa|","chan":"stdout","logger":"task"}
{"timestamp":"2025-08-29T03:06:15.828435Z","level":"info","event":"+----------+-----------+--------+--------+-----------+","chan":"stdout","logger":"task"}
{"timestamp":"2025-08-29T03:06:15.828462Z","level":"info","event":"only showing top 5 rows","chan":"stdout","logger":"task"}
{"timestamp":"2025-08-29T03:06:15.828491Z","level":"info","event":"spark data selected","chan":"stdout","logger":"task"}
{"timestamp":"2025-08-29T03:06:15.828519Z","level":"info","event":"transform data","chan":"stdout","logger":"task"}
{"timestamp":"2025-08-29T03:06:15.924124Z","level":"info","event":"load data","chan":"stdout","logger":"task"}
{"timestamp":"2025-08-29T03:06:15.924294Z","level":"info","event":"(DESCRIPTION=(ADDRESS=(PROTOCOL=TCP)(HOST=localhost)(PORT=1522))(CONNECT_DATA=(SERVICE_NAME=TEST_O)))","chan":"stdout","logger":"task"}
{"timestamp":"2025-08-29T03:06:15.972437Z","level":"info","event":"ORA-12541: Cannot connect. No listener at host 127.0.0.1 port 1522.","chan":"stdout","logger":"task"}
{"timestamp":"2025-08-29T03:06:15.972567Z","level":"info","event":"Help: https://docs.oracle.com/error-help/db/ora-12541/","chan":"stdout","logger":"task"}
{"timestamp":"2025-08-29T03:06:16.390726","level":"error","event":"Task failed with exception","logger":"task","error_detail":[{"exc_type":"DatabaseError","exc_value":"ORA-12541: Cannot connect. No listener at host 127.0.0.1 port 1522.\nHelp: https://docs.oracle.com/error-help/db/ora-12541/","exc_notes":[],"syntax_error":null,"is_cause":false,"frames":[{"filename":"/home/airflow/.local/lib/python3.12/site-packages/airflow/sdk/execution_time/task_runner.py","lineno":825,"name":"run"},{"filename":"/home/airflow/.local/lib/python3.12/site-packages/airflow/sdk/execution_time/task_runner.py","lineno":1088,"name":"_execute_task"},{"filename":"/home/airflow/.local/lib/python3.12/site-packages/airflow/sdk/bases/operator.py","lineno":408,"name":"wrapper"},{"filename":"/home/airflow/.local/lib/python3.12/site-packages/airflow/providers/standard/operators/python.py","lineno":212,"name":"execute"},{"filename":"/home/airflow/.local/lib/python3.12/site-packages/airflow/providers/standard/operators/python.py","lineno":235,"name":"execute_callable"},{"filename":"/home/airflow/.local/lib/python3.12/site-packages/airflow/sdk/execution_time/callback_runner.py","lineno":81,"name":"run"},{"filename":"/opt/airflow/dags/main.py","lineno":24,"name":"run_etl_weather"},{"filename":"/opt/airflow/dags/etl_data_weather.py","lineno":84,"name":"load_data_weather"},{"filename":"/opt/airflow/dags/schema_database.py","lineno":29,"name":"create_table_weather"},{"filename":"/opt/airflow/dags/db_connections.py","lineno":24,"name":"get_oracle_conn"}]}]}
{"timestamp":"2025-08-29T03:06:16.391347Z","level":"info","event":"Task instance in failure state","chan":"stdout","logger":"task"}
{"timestamp":"2025-08-29T03:06:16.391415Z","level":"info","event":"Task start","chan":"stdout","logger":"task"}
{"timestamp":"2025-08-29T03:06:16.391467Z","level":"info","event":"Task:<Task(PythonOperator): etl_data_weather.extract_transform_load>","chan":"stdout","logger":"task"}
{"timestamp":"2025-08-29T03:06:16.391498Z","level":"info","event":"Failure caused by ORA-12541: Cannot connect. No listener at host 127.0.0.1 port 1522.","chan":"stdout","logger":"task"}
{"timestamp":"2025-08-29T03:06:16.391527Z","level":"info","event":"Help: https://docs.oracle.com/error-help/db/ora-12541/","chan":"stdout","logger":"task"}
