{"timestamp":"2025-08-31T18:00:00.946835","level":"info","event":"DAG bundles loaded: dags-folder, example_dags","logger":"airflow.dag_processing.bundles.manager.DagBundlesManager"}
{"timestamp":"2025-08-31T18:00:00.947203","level":"info","event":"Filling up the DagBag from /opt/airflow/dags/main.py","logger":"airflow.models.dagbag.DagBag"}
{"timestamp":"2025-08-31T18:00:01.318526Z","level":"error","event":"WARNING: Using incubator modules: jdk.incubator.vector","chan":"stderr","logger":"task"}
{"timestamp":"2025-08-31T18:00:02.613325Z","level":"error","event":"25/08/31 18:00:02 WARN NativeCodeLoader: Unable to load native-hadoop library for your platform... using builtin-java classes where applicable","chan":"stderr","logger":"task"}
{"timestamp":"2025-08-31T18:00:02.810275Z","level":"error","event":"Using Spark's default log4j profile: org/apache/spark/log4j2-defaults.properties","chan":"stderr","logger":"task"}
{"timestamp":"2025-08-31T18:00:02.813590Z","level":"error","event":"25/08/31 18:00:02 WARN DependencyUtils: Local jar /opt/spark/jars/iceberg-spark-runtime-4.0_2.13-1.9.2.jar does not exist, skipping.","chan":"stderr","logger":"task"}
{"timestamp":"2025-08-31T18:00:02.814290Z","level":"error","event":"25/08/31 18:00:02 WARN DependencyUtils: Local jar /opt/spark/jars/iceberg-aws-bundle-1.9.2.jar does not exist, skipping.","chan":"stderr","logger":"task"}
{"timestamp":"2025-08-31T18:00:02.981243Z","level":"error","event":"25/08/31 18:00:02 INFO SparkContext: Running Spark version 4.0.0","chan":"stderr","logger":"task"}
{"timestamp":"2025-08-31T18:00:02.983106Z","level":"error","event":"25/08/31 18:00:02 INFO SparkContext: OS info Linux, 6.8.0-79-generic, amd64","chan":"stderr","logger":"task"}
{"timestamp":"2025-08-31T18:00:02.984171Z","level":"error","event":"25/08/31 18:00:02 INFO SparkContext: Java version 17.0.16","chan":"stderr","logger":"task"}
{"timestamp":"2025-08-31T18:00:03.012734Z","level":"error","event":"25/08/31 18:00:03 INFO ResourceUtils: ==============================================================","chan":"stderr","logger":"task"}
{"timestamp":"2025-08-31T18:00:03.013167Z","level":"error","event":"25/08/31 18:00:03 INFO ResourceUtils: No custom resources configured for spark.driver.","chan":"stderr","logger":"task"}
{"timestamp":"2025-08-31T18:00:03.013467Z","level":"error","event":"25/08/31 18:00:03 INFO ResourceUtils: ==============================================================","chan":"stderr","logger":"task"}
{"timestamp":"2025-08-31T18:00:03.014375Z","level":"error","event":"25/08/31 18:00:03 INFO SparkContext: Submitted application: BAITEST","chan":"stderr","logger":"task"}
{"timestamp":"2025-08-31T18:00:03.044402Z","level":"error","event":"25/08/31 18:00:03 INFO ResourceProfile: Default ResourceProfile created, executor resources: Map(cores -> name: cores, amount: 1, script: , vendor: , memory -> name: memory, amount: 1024, script: , vendor: , offHeap -> name: offHeap, amount: 0, script: , vendor: ), task resources: Map(cpus -> name: cpus, amount: 1.0)","chan":"stderr","logger":"task"}
{"timestamp":"2025-08-31T18:00:03.048433Z","level":"error","event":"25/08/31 18:00:03 INFO ResourceProfile: Limiting resource is cpu","chan":"stderr","logger":"task"}
{"timestamp":"2025-08-31T18:00:03.050259Z","level":"error","event":"25/08/31 18:00:03 INFO ResourceProfileManager: Added ResourceProfile id: 0","chan":"stderr","logger":"task"}
{"timestamp":"2025-08-31T18:00:03.115403Z","level":"error","event":"25/08/31 18:00:03 INFO SecurityManager: Changing view acls to: airflow","chan":"stderr","logger":"task"}
{"timestamp":"2025-08-31T18:00:03.117738Z","level":"error","event":"25/08/31 18:00:03 INFO SecurityManager: Changing modify acls to: airflow","chan":"stderr","logger":"task"}
{"timestamp":"2025-08-31T18:00:03.119429Z","level":"error","event":"25/08/31 18:00:03 INFO SecurityManager: Changing view acls groups to: airflow","chan":"stderr","logger":"task"}
{"timestamp":"2025-08-31T18:00:03.119706Z","level":"error","event":"25/08/31 18:00:03 INFO SecurityManager: Changing modify acls groups to: airflow","chan":"stderr","logger":"task"}
{"timestamp":"2025-08-31T18:00:03.122315Z","level":"error","event":"25/08/31 18:00:03 INFO SecurityManager: SecurityManager: authentication disabled; ui acls disabled; users with view permissions: airflow groups with view permissions: EMPTY; users with modify permissions: airflow; groups with modify permissions: EMPTY; RPC SSL disabled","chan":"stderr","logger":"task"}
{"timestamp":"2025-08-31T18:00:03.482554Z","level":"error","event":"25/08/31 18:00:03 INFO Utils: Successfully started service 'sparkDriver' on port 46427.","chan":"stderr","logger":"task"}
{"timestamp":"2025-08-31T18:00:03.523078Z","level":"error","event":"25/08/31 18:00:03 INFO SparkEnv: Registering MapOutputTracker","chan":"stderr","logger":"task"}
{"timestamp":"2025-08-31T18:00:03.540202Z","level":"error","event":"25/08/31 18:00:03 INFO SparkEnv: Registering BlockManagerMaster","chan":"stderr","logger":"task"}
{"timestamp":"2025-08-31T18:00:03.564153Z","level":"error","event":"25/08/31 18:00:03 INFO BlockManagerMasterEndpoint: Using org.apache.spark.storage.DefaultTopologyMapper for getting topology information","chan":"stderr","logger":"task"}
{"timestamp":"2025-08-31T18:00:03.565226Z","level":"error","event":"25/08/31 18:00:03 INFO BlockManagerMasterEndpoint: BlockManagerMasterEndpoint up","chan":"stderr","logger":"task"}
{"timestamp":"2025-08-31T18:00:03.570690Z","level":"error","event":"25/08/31 18:00:03 INFO SparkEnv: Registering BlockManagerMasterHeartbeat","chan":"stderr","logger":"task"}
{"timestamp":"2025-08-31T18:00:03.598501Z","level":"error","event":"25/08/31 18:00:03 INFO DiskBlockManager: Created local directory at /tmp/blockmgr-c830e249-b9f9-4ad6-80d8-fa82abeb6c9f","chan":"stderr","logger":"task"}
{"timestamp":"2025-08-31T18:00:03.628686Z","level":"error","event":"25/08/31 18:00:03 INFO SparkEnv: Registering OutputCommitCoordinator","chan":"stderr","logger":"task"}
{"timestamp":"2025-08-31T18:00:03.861132Z","level":"error","event":"25/08/31 18:00:03 INFO JettyUtils: Start Jetty 0.0.0.0:4040 for SparkUI","chan":"stderr","logger":"task"}
{"timestamp":"2025-08-31T18:00:03.996688Z","level":"error","event":"25/08/31 18:00:03 INFO Utils: Successfully started service 'SparkUI' on port 4040.","chan":"stderr","logger":"task"}
{"timestamp":"2025-08-31T18:00:04.062646Z","level":"error","event":"25/08/31 18:00:04 INFO SparkContext: Added JAR /opt/spark/jars/hadoop-aws-3.3.6.jar at spark://29b33b186198:46427/jars/hadoop-aws-3.3.6.jar with timestamp 1756663202976","chan":"stderr","logger":"task"}
{"timestamp":"2025-08-31T18:00:04.063162Z","level":"error","event":"25/08/31 18:00:04 INFO SparkContext: Added JAR /opt/spark/jars/aws-java-sdk-bundle-1.12.787.jar at spark://29b33b186198:46427/jars/aws-java-sdk-bundle-1.12.787.jar with timestamp 1756663202976","chan":"stderr","logger":"task"}
{"timestamp":"2025-08-31T18:00:04.063498Z","level":"error","event":"25/08/31 18:00:04 INFO SparkContext: Added JAR /opt/spark/jars/ojdbc11.jar at spark://29b33b186198:46427/jars/ojdbc11.jar with timestamp 1756663202976","chan":"stderr","logger":"task"}
{"timestamp":"2025-08-31T18:00:04.066017Z","level":"error","event":"25/08/31 18:00:04 ERROR SparkContext: Failed to add /opt/spark/jars/iceberg-spark-runtime-4.0_2.13-1.9.2.jar to Spark environment","chan":"stderr","logger":"task"}
{"timestamp":"2025-08-31T18:00:04.066529Z","level":"error","event":"java.io.FileNotFoundException: Jar /opt/spark/jars/iceberg-spark-runtime-4.0_2.13-1.9.2.jar not found","chan":"stderr","logger":"task"}
{"timestamp":"2025-08-31T18:00:04.066625Z","level":"error","event":"\tat org.apache.spark.SparkContext.addLocalJarFile$1(SparkContext.scala:2174)","chan":"stderr","logger":"task"}
{"timestamp":"2025-08-31T18:00:04.066679Z","level":"error","event":"\tat org.apache.spark.SparkContext.addJar(SparkContext.scala:2230)","chan":"stderr","logger":"task"}
{"timestamp":"2025-08-31T18:00:04.066732Z","level":"error","event":"\tat org.apache.spark.SparkContext.$anonfun$new$15(SparkContext.scala:538)","chan":"stderr","logger":"task"}
{"timestamp":"2025-08-31T18:00:04.066788Z","level":"error","event":"\tat org.apache.spark.SparkContext.$anonfun$new$15$adapted(SparkContext.scala:538)","chan":"stderr","logger":"task"}
{"timestamp":"2025-08-31T18:00:04.066865Z","level":"error","event":"\tat scala.collection.IterableOnceOps.foreach(IterableOnce.scala:619)","chan":"stderr","logger":"task"}
{"timestamp":"2025-08-31T18:00:04.066913Z","level":"error","event":"\tat scala.collection.IterableOnceOps.foreach$(IterableOnce.scala:617)","chan":"stderr","logger":"task"}
{"timestamp":"2025-08-31T18:00:04.066957Z","level":"error","event":"\tat scala.collection.AbstractIterable.foreach(Iterable.scala:935)","chan":"stderr","logger":"task"}
{"timestamp":"2025-08-31T18:00:04.066997Z","level":"error","event":"\tat org.apache.spark.SparkContext.<init>(SparkContext.scala:538)","chan":"stderr","logger":"task"}
{"timestamp":"2025-08-31T18:00:04.067040Z","level":"error","event":"\tat org.apache.spark.api.java.JavaSparkContext.<init>(JavaSparkContext.scala:59)","chan":"stderr","logger":"task"}
{"timestamp":"2025-08-31T18:00:04.067093Z","level":"error","event":"\tat java.base/jdk.internal.reflect.NativeConstructorAccessorImpl.newInstance0(Native Method)","chan":"stderr","logger":"task"}
{"timestamp":"2025-08-31T18:00:04.067144Z","level":"error","event":"\tat java.base/jdk.internal.reflect.NativeConstructorAccessorImpl.newInstance(NativeConstructorAccessorImpl.java:77)","chan":"stderr","logger":"task"}
{"timestamp":"2025-08-31T18:00:04.067193Z","level":"error","event":"\tat java.base/jdk.internal.reflect.DelegatingConstructorAccessorImpl.newInstance(DelegatingConstructorAccessorImpl.java:45)","chan":"stderr","logger":"task"}
{"timestamp":"2025-08-31T18:00:04.067246Z","level":"error","event":"\tat java.base/java.lang.reflect.Constructor.newInstanceWithCaller(Constructor.java:500)","chan":"stderr","logger":"task"}
{"timestamp":"2025-08-31T18:00:04.067308Z","level":"error","event":"\tat java.base/java.lang.reflect.Constructor.newInstance(Constructor.java:481)","chan":"stderr","logger":"task"}
{"timestamp":"2025-08-31T18:00:04.067366Z","level":"error","event":"\tat py4j.reflection.MethodInvoker.invoke(MethodInvoker.java:247)","chan":"stderr","logger":"task"}
{"timestamp":"2025-08-31T18:00:04.067425Z","level":"error","event":"\tat py4j.reflection.ReflectionEngine.invoke(ReflectionEngine.java:374)","chan":"stderr","logger":"task"}
{"timestamp":"2025-08-31T18:00:04.067534Z","level":"error","event":"\tat py4j.Gateway.invoke(Gateway.java:238)","chan":"stderr","logger":"task"}
{"timestamp":"2025-08-31T18:00:04.067595Z","level":"error","event":"\tat py4j.commands.ConstructorCommand.invokeConstructor(ConstructorCommand.java:80)","chan":"stderr","logger":"task"}
{"timestamp":"2025-08-31T18:00:04.067651Z","level":"error","event":"\tat py4j.commands.ConstructorCommand.execute(ConstructorCommand.java:69)","chan":"stderr","logger":"task"}
{"timestamp":"2025-08-31T18:00:04.067704Z","level":"error","event":"\tat py4j.ClientServerConnection.waitForCommands(ClientServerConnection.java:184)","chan":"stderr","logger":"task"}
{"timestamp":"2025-08-31T18:00:04.067762Z","level":"error","event":"\tat py4j.ClientServerConnection.run(ClientServerConnection.java:108)","chan":"stderr","logger":"task"}
{"timestamp":"2025-08-31T18:00:04.067821Z","level":"error","event":"\tat java.base/java.lang.Thread.run(Thread.java:840)","chan":"stderr","logger":"task"}
{"timestamp":"2025-08-31T18:00:04.067973Z","level":"error","event":"25/08/31 18:00:04 ERROR SparkContext: Failed to add /opt/spark/jars/iceberg-aws-bundle-1.9.2.jar to Spark environment","chan":"stderr","logger":"task"}
{"timestamp":"2025-08-31T18:00:04.068043Z","level":"error","event":"java.io.FileNotFoundException: Jar /opt/spark/jars/iceberg-aws-bundle-1.9.2.jar not found","chan":"stderr","logger":"task"}
{"timestamp":"2025-08-31T18:00:04.068105Z","level":"error","event":"\tat org.apache.spark.SparkContext.addLocalJarFile$1(SparkContext.scala:2174)","chan":"stderr","logger":"task"}
{"timestamp":"2025-08-31T18:00:04.068159Z","level":"error","event":"\tat org.apache.spark.SparkContext.addJar(SparkContext.scala:2230)","chan":"stderr","logger":"task"}
{"timestamp":"2025-08-31T18:00:04.068225Z","level":"error","event":"\tat org.apache.spark.SparkContext.$anonfun$new$15(SparkContext.scala:538)","chan":"stderr","logger":"task"}
{"timestamp":"2025-08-31T18:00:04.068284Z","level":"error","event":"\tat org.apache.spark.SparkContext.$anonfun$new$15$adapted(SparkContext.scala:538)","chan":"stderr","logger":"task"}
{"timestamp":"2025-08-31T18:00:04.068362Z","level":"error","event":"\tat scala.collection.IterableOnceOps.foreach(IterableOnce.scala:619)","chan":"stderr","logger":"task"}
{"timestamp":"2025-08-31T18:00:04.068425Z","level":"error","event":"\tat scala.collection.IterableOnceOps.foreach$(IterableOnce.scala:617)","chan":"stderr","logger":"task"}
{"timestamp":"2025-08-31T18:00:04.068470Z","level":"error","event":"\tat scala.collection.AbstractIterable.foreach(Iterable.scala:935)","chan":"stderr","logger":"task"}
{"timestamp":"2025-08-31T18:00:04.068521Z","level":"error","event":"\tat org.apache.spark.SparkContext.<init>(SparkContext.scala:538)","chan":"stderr","logger":"task"}
{"timestamp":"2025-08-31T18:00:04.068566Z","level":"error","event":"\tat org.apache.spark.api.java.JavaSparkContext.<init>(JavaSparkContext.scala:59)","chan":"stderr","logger":"task"}
{"timestamp":"2025-08-31T18:00:04.068613Z","level":"error","event":"\tat java.base/jdk.internal.reflect.NativeConstructorAccessorImpl.newInstance0(Native Method)","chan":"stderr","logger":"task"}
{"timestamp":"2025-08-31T18:00:04.068669Z","level":"error","event":"\tat java.base/jdk.internal.reflect.NativeConstructorAccessorImpl.newInstance(NativeConstructorAccessorImpl.java:77)","chan":"stderr","logger":"task"}
{"timestamp":"2025-08-31T18:00:04.068709Z","level":"error","event":"\tat java.base/jdk.internal.reflect.DelegatingConstructorAccessorImpl.newInstance(DelegatingConstructorAccessorImpl.java:45)","chan":"stderr","logger":"task"}
{"timestamp":"2025-08-31T18:00:04.068743Z","level":"error","event":"\tat java.base/java.lang.reflect.Constructor.newInstanceWithCaller(Constructor.java:500)","chan":"stderr","logger":"task"}
{"timestamp":"2025-08-31T18:00:04.068776Z","level":"error","event":"\tat java.base/java.lang.reflect.Constructor.newInstance(Constructor.java:481)","chan":"stderr","logger":"task"}
{"timestamp":"2025-08-31T18:00:04.068808Z","level":"error","event":"\tat py4j.reflection.MethodInvoker.invoke(MethodInvoker.java:247)","chan":"stderr","logger":"task"}
{"timestamp":"2025-08-31T18:00:04.068840Z","level":"error","event":"\tat py4j.reflection.ReflectionEngine.invoke(ReflectionEngine.java:374)","chan":"stderr","logger":"task"}
{"timestamp":"2025-08-31T18:00:04.068871Z","level":"error","event":"\tat py4j.Gateway.invoke(Gateway.java:238)","chan":"stderr","logger":"task"}
{"timestamp":"2025-08-31T18:00:04.068903Z","level":"error","event":"\tat py4j.commands.ConstructorCommand.invokeConstructor(ConstructorCommand.java:80)","chan":"stderr","logger":"task"}
{"timestamp":"2025-08-31T18:00:04.068936Z","level":"error","event":"\tat py4j.commands.ConstructorCommand.execute(ConstructorCommand.java:69)","chan":"stderr","logger":"task"}
{"timestamp":"2025-08-31T18:00:04.068968Z","level":"error","event":"\tat py4j.ClientServerConnection.waitForCommands(ClientServerConnection.java:184)","chan":"stderr","logger":"task"}
{"timestamp":"2025-08-31T18:00:04.069001Z","level":"error","event":"\tat py4j.ClientServerConnection.run(ClientServerConnection.java:108)","chan":"stderr","logger":"task"}
{"timestamp":"2025-08-31T18:00:04.069033Z","level":"error","event":"\tat java.base/java.lang.Thread.run(Thread.java:840)","chan":"stderr","logger":"task"}
{"timestamp":"2025-08-31T18:00:04.096296Z","level":"error","event":"25/08/31 18:00:04 INFO SecurityManager: Changing view acls to: airflow","chan":"stderr","logger":"task"}
{"timestamp":"2025-08-31T18:00:04.096636Z","level":"error","event":"25/08/31 18:00:04 INFO SecurityManager: Changing modify acls to: airflow","chan":"stderr","logger":"task"}
{"timestamp":"2025-08-31T18:00:04.096828Z","level":"error","event":"25/08/31 18:00:04 INFO SecurityManager: Changing view acls groups to: airflow","chan":"stderr","logger":"task"}
{"timestamp":"2025-08-31T18:00:04.096925Z","level":"error","event":"25/08/31 18:00:04 INFO SecurityManager: Changing modify acls groups to: airflow","chan":"stderr","logger":"task"}
{"timestamp":"2025-08-31T18:00:04.096986Z","level":"error","event":"25/08/31 18:00:04 INFO SecurityManager: SecurityManager: authentication disabled; ui acls disabled; users with view permissions: airflow groups with view permissions: EMPTY; users with modify permissions: airflow; groups with modify permissions: EMPTY; RPC SSL disabled","chan":"stderr","logger":"task"}
{"timestamp":"2025-08-31T18:00:04.325760Z","level":"error","event":"25/08/31 18:00:04 INFO Executor: Starting executor ID driver on host 29b33b186198","chan":"stderr","logger":"task"}
{"timestamp":"2025-08-31T18:00:04.328870Z","level":"error","event":"25/08/31 18:00:04 INFO Executor: OS info Linux, 6.8.0-79-generic, amd64","chan":"stderr","logger":"task"}
{"timestamp":"2025-08-31T18:00:04.329094Z","level":"error","event":"25/08/31 18:00:04 INFO Executor: Java version 17.0.16","chan":"stderr","logger":"task"}
{"timestamp":"2025-08-31T18:00:04.354452Z","level":"error","event":"25/08/31 18:00:04 INFO Executor: Starting executor with user classpath (userClassPathFirst = false): 'file:/opt/spark/jars/ojdbc11.jar,file:/opt/airflow/ojdbc11.jar'","chan":"stderr","logger":"task"}
{"timestamp":"2025-08-31T18:00:04.361653Z","level":"error","event":"25/08/31 18:00:04 INFO Executor: Created or updated repl class loader org.apache.spark.util.MutableURLClassLoader@3cf8a601 for default.","chan":"stderr","logger":"task"}
{"timestamp":"2025-08-31T18:00:04.397687Z","level":"error","event":"25/08/31 18:00:04 INFO Executor: Fetching spark://29b33b186198:46427/jars/aws-java-sdk-bundle-1.12.787.jar with timestamp 1756663202976","chan":"stderr","logger":"task"}
{"timestamp":"2025-08-31T18:00:04.571571Z","level":"error","event":"25/08/31 18:00:04 INFO TransportClientFactory: Successfully created connection to 29b33b186198/172.18.0.12:46427 after 111 ms (0 ms spent in bootstraps)","chan":"stderr","logger":"task"}
{"timestamp":"2025-08-31T18:00:04.586359Z","level":"error","event":"25/08/31 18:00:04 INFO Utils: Fetching spark://29b33b186198:46427/jars/aws-java-sdk-bundle-1.12.787.jar to /tmp/spark-f086b57e-b6b3-4064-9f4b-372df8a62f23/userFiles-25873f2e-bd87-44be-bfbe-69fe54582754/fetchFileTemp9061480404865742637.tmp","chan":"stderr","logger":"task"}
{"timestamp":"2025-08-31T18:00:05.726536Z","level":"error","event":"25/08/31 18:00:05 INFO Executor: Adding file:/tmp/spark-f086b57e-b6b3-4064-9f4b-372df8a62f23/userFiles-25873f2e-bd87-44be-bfbe-69fe54582754/aws-java-sdk-bundle-1.12.787.jar to class loader default","chan":"stderr","logger":"task"}
{"timestamp":"2025-08-31T18:00:05.728575Z","level":"error","event":"25/08/31 18:00:05 INFO Executor: Fetching spark://29b33b186198:46427/jars/hadoop-aws-3.3.6.jar with timestamp 1756663202976","chan":"stderr","logger":"task"}
{"timestamp":"2025-08-31T18:00:05.728826Z","level":"error","event":"25/08/31 18:00:05 INFO Utils: Fetching spark://29b33b186198:46427/jars/hadoop-aws-3.3.6.jar to /tmp/spark-f086b57e-b6b3-4064-9f4b-372df8a62f23/userFiles-25873f2e-bd87-44be-bfbe-69fe54582754/fetchFileTemp6891087083086473765.tmp","chan":"stderr","logger":"task"}
{"timestamp":"2025-08-31T18:00:05.744638Z","level":"error","event":"25/08/31 18:00:05 INFO Executor: Adding file:/tmp/spark-f086b57e-b6b3-4064-9f4b-372df8a62f23/userFiles-25873f2e-bd87-44be-bfbe-69fe54582754/hadoop-aws-3.3.6.jar to class loader default","chan":"stderr","logger":"task"}
{"timestamp":"2025-08-31T18:00:05.764827Z","level":"error","event":"25/08/31 18:00:05 INFO Utils: Successfully started service 'org.apache.spark.network.netty.NettyBlockTransferService' on port 42093.","chan":"stderr","logger":"task"}
{"timestamp":"2025-08-31T18:00:05.765117Z","level":"error","event":"25/08/31 18:00:05 INFO NettyBlockTransferService: Server created on 29b33b186198:42093","chan":"stderr","logger":"task"}
{"timestamp":"2025-08-31T18:00:05.767605Z","level":"error","event":"25/08/31 18:00:05 INFO BlockManager: Using org.apache.spark.storage.RandomBlockReplicationPolicy for block replication policy","chan":"stderr","logger":"task"}
{"timestamp":"2025-08-31T18:00:05.803581Z","level":"error","event":"25/08/31 18:00:05 INFO BlockManagerMaster: Registering BlockManager BlockManagerId(driver, 29b33b186198, 42093, None)","chan":"stderr","logger":"task"}
{"timestamp":"2025-08-31T18:00:05.814281Z","level":"error","event":"25/08/31 18:00:05 INFO BlockManagerMasterEndpoint: Registering block manager 29b33b186198:42093 with 434.4 MiB RAM, BlockManagerId(driver, 29b33b186198, 42093, None)","chan":"stderr","logger":"task"}
{"timestamp":"2025-08-31T18:00:05.823008Z","level":"error","event":"25/08/31 18:00:05 INFO BlockManagerMaster: Registered BlockManager BlockManagerId(driver, 29b33b186198, 42093, None)","chan":"stderr","logger":"task"}
{"timestamp":"2025-08-31T18:00:05.825027Z","level":"error","event":"25/08/31 18:00:05 INFO BlockManager: Initialized BlockManager: BlockManagerId(driver, 29b33b186198, 42093, None)","chan":"stderr","logger":"task"}
{"timestamp":"2025-08-31T18:00:06.369033Z","level":"error","event":"25/08/31 18:00:06 WARN SparkSession: Cannot use org.apache.iceberg.spark.extensions.IcebergSparkSessionExtensions to configure session extensions.","chan":"stderr","logger":"task"}
{"timestamp":"2025-08-31T18:00:06.369282Z","level":"error","event":"java.lang.ClassNotFoundException: org.apache.iceberg.spark.extensions.IcebergSparkSessionExtensions","chan":"stderr","logger":"task"}
{"timestamp":"2025-08-31T18:00:06.369421Z","level":"error","event":"\tat java.base/java.net.URLClassLoader.findClass(URLClassLoader.java:445)","chan":"stderr","logger":"task"}
{"timestamp":"2025-08-31T18:00:06.369526Z","level":"error","event":"\tat java.base/java.lang.ClassLoader.loadClass(ClassLoader.java:592)","chan":"stderr","logger":"task"}
{"timestamp":"2025-08-31T18:00:06.369583Z","level":"error","event":"\tat java.base/java.lang.ClassLoader.loadClass(ClassLoader.java:525)","chan":"stderr","logger":"task"}
{"timestamp":"2025-08-31T18:00:06.369633Z","level":"error","event":"\tat java.base/java.lang.Class.forName0(Native Method)","chan":"stderr","logger":"task"}
{"timestamp":"2025-08-31T18:00:06.369684Z","level":"error","event":"\tat java.base/java.lang.Class.forName(Class.java:467)","chan":"stderr","logger":"task"}
{"timestamp":"2025-08-31T18:00:06.369737Z","level":"error","event":"\tat org.apache.spark.util.SparkClassUtils.classForName(SparkClassUtils.scala:41)","chan":"stderr","logger":"task"}
{"timestamp":"2025-08-31T18:00:06.369793Z","level":"error","event":"\tat org.apache.spark.util.SparkClassUtils.classForName$(SparkClassUtils.scala:36)","chan":"stderr","logger":"task"}
{"timestamp":"2025-08-31T18:00:06.369848Z","level":"error","event":"\tat org.apache.spark.util.Utils$.classForName(Utils.scala:99)","chan":"stderr","logger":"task"}
{"timestamp":"2025-08-31T18:00:06.369900Z","level":"error","event":"\tat org.apache.spark.sql.classic.SparkSession$.$anonfun$applyExtensions$2(SparkSession.scala:1056)","chan":"stderr","logger":"task"}
{"timestamp":"2025-08-31T18:00:06.369954Z","level":"error","event":"\tat org.apache.spark.sql.classic.SparkSession$.$anonfun$applyExtensions$2$adapted(SparkSession.scala:1054)","chan":"stderr","logger":"task"}
{"timestamp":"2025-08-31T18:00:06.370009Z","level":"error","event":"\tat scala.collection.IterableOnceOps.foreach(IterableOnce.scala:619)","chan":"stderr","logger":"task"}
{"timestamp":"2025-08-31T18:00:06.370065Z","level":"error","event":"\tat scala.collection.IterableOnceOps.foreach$(IterableOnce.scala:617)","chan":"stderr","logger":"task"}
{"timestamp":"2025-08-31T18:00:06.370121Z","level":"error","event":"\tat scala.collection.AbstractIterable.foreach(Iterable.scala:935)","chan":"stderr","logger":"task"}
{"timestamp":"2025-08-31T18:00:06.370177Z","level":"error","event":"\tat org.apache.spark.sql.classic.SparkSession$.org$apache$spark$sql$classic$SparkSession$$applyExtensions(SparkSession.scala:1054)","chan":"stderr","logger":"task"}
{"timestamp":"2025-08-31T18:00:06.370236Z","level":"error","event":"\tat org.apache.spark.sql.classic.SparkSession$.applyAndLoadExtensions(SparkSession.scala:1038)","chan":"stderr","logger":"task"}
{"timestamp":"2025-08-31T18:00:06.370335Z","level":"error","event":"\tat org.apache.spark.sql.classic.SparkSession.<init>(SparkSession.scala:116)","chan":"stderr","logger":"task"}
{"timestamp":"2025-08-31T18:00:06.370403Z","level":"error","event":"\tat java.base/jdk.internal.reflect.NativeConstructorAccessorImpl.newInstance0(Native Method)","chan":"stderr","logger":"task"}
{"timestamp":"2025-08-31T18:00:06.370459Z","level":"error","event":"\tat java.base/jdk.internal.reflect.NativeConstructorAccessorImpl.newInstance(NativeConstructorAccessorImpl.java:77)","chan":"stderr","logger":"task"}
{"timestamp":"2025-08-31T18:00:06.370515Z","level":"error","event":"\tat java.base/jdk.internal.reflect.DelegatingConstructorAccessorImpl.newInstance(DelegatingConstructorAccessorImpl.java:45)","chan":"stderr","logger":"task"}
{"timestamp":"2025-08-31T18:00:06.370570Z","level":"error","event":"\tat java.base/java.lang.reflect.Constructor.newInstanceWithCaller(Constructor.java:500)","chan":"stderr","logger":"task"}
{"timestamp":"2025-08-31T18:00:06.370626Z","level":"error","event":"\tat java.base/java.lang.reflect.Constructor.newInstance(Constructor.java:481)","chan":"stderr","logger":"task"}
{"timestamp":"2025-08-31T18:00:06.370682Z","level":"error","event":"\tat py4j.reflection.MethodInvoker.invoke(MethodInvoker.java:247)","chan":"stderr","logger":"task"}
{"timestamp":"2025-08-31T18:00:06.370738Z","level":"error","event":"\tat py4j.reflection.ReflectionEngine.invoke(ReflectionEngine.java:374)","chan":"stderr","logger":"task"}
{"timestamp":"2025-08-31T18:00:06.370793Z","level":"error","event":"\tat py4j.Gateway.invoke(Gateway.java:238)","chan":"stderr","logger":"task"}
{"timestamp":"2025-08-31T18:00:06.370851Z","level":"error","event":"\tat py4j.commands.ConstructorCommand.invokeConstructor(ConstructorCommand.java:80)","chan":"stderr","logger":"task"}
{"timestamp":"2025-08-31T18:00:06.371114Z","level":"error","event":"\tat py4j.commands.ConstructorCommand.execute(ConstructorCommand.java:69)","chan":"stderr","logger":"task"}
{"timestamp":"2025-08-31T18:00:06.371173Z","level":"error","event":"\tat py4j.ClientServerConnection.waitForCommands(ClientServerConnection.java:184)","chan":"stderr","logger":"task"}
{"timestamp":"2025-08-31T18:00:06.371226Z","level":"error","event":"\tat py4j.ClientServerConnection.run(ClientServerConnection.java:108)","chan":"stderr","logger":"task"}
{"timestamp":"2025-08-31T18:00:06.371278Z","level":"error","event":"\tat java.base/java.lang.Thread.run(Thread.java:840)","chan":"stderr","logger":"task"}
{"timestamp":"2025-08-31T18:00:10.583262Z","level":"info","event":"Task instance is in running state","chan":"stdout","logger":"task"}
{"timestamp":"2025-08-31T18:00:10.583592Z","level":"info","event":" Previous state of the Task instance: queued","chan":"stdout","logger":"task"}
{"timestamp":"2025-08-31T18:00:10.583671Z","level":"info","event":"Current task name:install_spark","chan":"stdout","logger":"task"}
{"timestamp":"2025-08-31T18:00:10.583723Z","level":"info","event":"Dag name:etl_pipeline","chan":"stdout","logger":"task"}
{"timestamp":"2025-08-31T18:00:10.583906Z","level":"error","event":"25/08/31 18:00:10 INFO SharedState: Setting hive.metastore.warehouse.dir ('null') to the value of spark.sql.warehouse.dir.","chan":"stderr","logger":"task"}
{"timestamp":"2025-08-31T18:00:10.587126Z","level":"error","event":"25/08/31 18:00:10 INFO SharedState: Warehouse path is 'file:/opt/airflow/spark-warehouse'.","chan":"stderr","logger":"task"}
{"timestamp":"2025-08-31T18:00:10.969598Z","level":"info","event":"Spark session started.","chan":"stdout","logger":"task"}
{"timestamp":"2025-08-31T18:00:11.002502Z","level":"info","event":"spark.jars = /opt/spark/jars/hadoop-aws-3.3.6.jar,/opt/spark/jars/aws-java-sdk-bundle-1.12.787.jar,/opt/spark/jars/ojdbc11.jar,/opt/spark/jars/iceberg-spark-runtime-4.0_2.13-1.9.2.jar,/opt/spark/jars/iceberg-aws-bundle-1.9.2.jar","chan":"stdout","logger":"task"}
{"timestamp":"2025-08-31T18:00:11.002772Z","level":"info","event":"spark.app.id = local-1756663204154","chan":"stdout","logger":"task"}
{"timestamp":"2025-08-31T18:00:11.002872Z","level":"info","event":"spark.hadoop.fs.s3a.connection.part.upload.timeout = 60000","chan":"stdout","logger":"task"}
{"timestamp":"2025-08-31T18:00:11.002938Z","level":"info","event":"spark.hadoop.fs.s3a.socket.recv.buffer = 65536","chan":"stdout","logger":"task"}
{"timestamp":"2025-08-31T18:00:11.003004Z","level":"info","event":"spark.hadoop.fs.s3a.impl.disable.cache = true","chan":"stdout","logger":"task"}
{"timestamp":"2025-08-31T18:00:11.003061Z","level":"info","event":"spark.driver.host = 29b33b186198","chan":"stdout","logger":"task"}
{"timestamp":"2025-08-31T18:00:11.003125Z","level":"info","event":"spark.hadoop.fs.s3a.connection.request.timeout = 60000","chan":"stdout","logger":"task"}
{"timestamp":"2025-08-31T18:00:11.003192Z","level":"info","event":"spark.repl.local.jars = file:///opt/spark/jars/hadoop-aws-3.3.6.jar,file:///opt/spark/jars/aws-java-sdk-bundle-1.12.787.jar,file:///opt/spark/jars/ojdbc11.jar,file:/opt/spark/jars/iceberg-spark-runtime-4.0_2.13-1.9.2.jar,file:/opt/spark/jars/iceberg-aws-bundle-1.9.2.jar","chan":"stdout","logger":"task"}
{"timestamp":"2025-08-31T18:00:11.003261Z","level":"info","event":"spark.hadoop.fs.s3a.path.style.access = true","chan":"stdout","logger":"task"}
{"timestamp":"2025-08-31T18:00:11.003364Z","level":"info","event":"spark.app.startTime = 1756663202976","chan":"stdout","logger":"task"}
{"timestamp":"2025-08-31T18:00:11.003437Z","level":"info","event":"spark.rdd.compress = True","chan":"stdout","logger":"task"}
{"timestamp":"2025-08-31T18:00:11.003496Z","level":"info","event":"spark.hadoop.fs.s3a.connection.idle.time = 60000","chan":"stdout","logger":"task"}
{"timestamp":"2025-08-31T18:00:11.003567Z","level":"info","event":"spark.sql.catalog.local = org.apache.iceberg.spark.SparkCatalog","chan":"stdout","logger":"task"}
{"timestamp":"2025-08-31T18:00:11.003635Z","level":"info","event":"spark.executor.extraClassPath = /opt/spark/jars/ojdbc11.jar","chan":"stdout","logger":"task"}
{"timestamp":"2025-08-31T18:00:11.003705Z","level":"info","event":"spark.hadoop.fs.s3a.connection.establish.timeout = 5000","chan":"stdout","logger":"task"}
{"timestamp":"2025-08-31T18:00:11.003773Z","level":"info","event":"spark.hadoop.fs.s3a.access.key = admin","chan":"stdout","logger":"task"}
{"timestamp":"2025-08-31T18:00:11.003840Z","level":"info","event":"spark.sql.catalog.local.type = hadoop","chan":"stdout","logger":"task"}
{"timestamp":"2025-08-31T18:00:11.004024Z","level":"info","event":"spark.hadoop.fs.s3a.endpoint = http://minio:9000","chan":"stdout","logger":"task"}
{"timestamp":"2025-08-31T18:00:11.004099Z","level":"info","event":"spark.hadoop.fs.s3a.retry.interval = 500","chan":"stdout","logger":"task"}
{"timestamp":"2025-08-31T18:00:11.004158Z","level":"info","event":"spark.hadoop.fs.s3a.connection.maximum = 15","chan":"stdout","logger":"task"}
{"timestamp":"2025-08-31T18:00:11.004214Z","level":"info","event":"spark.hadoop.fs.s3a.retry.limit = 5","chan":"stdout","logger":"task"}
{"timestamp":"2025-08-31T18:00:11.004427Z","level":"info","event":"spark.hadoop.fs.s3a.vectored.read.max.merged.size = 2097152","chan":"stdout","logger":"task"}
{"timestamp":"2025-08-31T18:00:11.004527Z","level":"info","event":"spark.sql.catalog.local.warehouse = s3a://warehouse/","chan":"stdout","logger":"task"}
{"timestamp":"2025-08-31T18:00:11.004588Z","level":"info","event":"spark.hadoop.fs.s3a.impl = org.apache.hadoop.fs.s3a.S3AFileSystem","chan":"stdout","logger":"task"}
{"timestamp":"2025-08-31T18:00:11.004645Z","level":"info","event":"spark.hadoop.fs.s3a.vectored.read.min.seek.size = 131072","chan":"stdout","logger":"task"}
{"timestamp":"2025-08-31T18:00:11.004702Z","level":"info","event":"spark.hadoop.fs.s3a.secret.key = admin12345","chan":"stdout","logger":"task"}
{"timestamp":"2025-08-31T18:00:11.004760Z","level":"info","event":"spark.sql.adaptive.coalescePartitions.enabled = false","chan":"stdout","logger":"task"}
{"timestamp":"2025-08-31T18:00:11.004827Z","level":"info","event":"spark.sql.warehouse.dir = file:/opt/airflow/spark-warehouse","chan":"stdout","logger":"task"}
{"timestamp":"2025-08-31T18:00:11.004878Z","level":"info","event":"spark.hadoop.fs.s3a.socket.send.buffer = 65536","chan":"stdout","logger":"task"}
{"timestamp":"2025-08-31T18:00:11.004928Z","level":"info","event":"spark.hadoop.fs.s3a.fast.upload = true","chan":"stdout","logger":"task"}
{"timestamp":"2025-08-31T18:00:11.004980Z","level":"info","event":"spark.executor.extraJavaOptions = -Djava.net.preferIPv6Addresses=false -XX:+IgnoreUnrecognizedVMOptions --add-modules=jdk.incubator.vector --add-opens=java.base/java.lang=ALL-UNNAMED --add-opens=java.base/java.lang.invoke=ALL-UNNAMED --add-opens=java.base/java.lang.reflect=ALL-UNNAMED --add-opens=java.base/java.io=ALL-UNNAMED --add-opens=java.base/java.net=ALL-UNNAMED --add-opens=java.base/java.nio=ALL-UNNAMED --add-opens=java.base/java.util=ALL-UNNAMED --add-opens=java.base/java.util.concurrent=ALL-UNNAMED --add-opens=java.base/java.util.concurrent.atomic=ALL-UNNAMED --add-opens=java.base/jdk.internal.ref=ALL-UNNAMED --add-opens=java.base/sun.nio.ch=ALL-UNNAMED --add-opens=java.base/sun.nio.cs=ALL-UNNAMED --add-opens=java.base/sun.security.action=ALL-UNNAMED --add-opens=java.base/sun.util.calendar=ALL-UNNAMED --add-opens=java.security.jgss/sun.security.krb5=ALL-UNNAMED -Djdk.reflect.useDirectMethodHandle=false -Dio.netty.tryReflectionSetAccessible=true","chan":"stdout","logger":"task"}
{"timestamp":"2025-08-31T18:00:11.005036Z","level":"info","event":"spark.sql.artifact.isolation.enabled = false","chan":"stdout","logger":"task"}
{"timestamp":"2025-08-31T18:00:11.005090Z","level":"info","event":"spark.hadoop.fs.s3a.multipart.size = 104857600","chan":"stdout","logger":"task"}
{"timestamp":"2025-08-31T18:00:11.005142Z","level":"info","event":"spark.sql.extensions = org.apache.iceberg.spark.extensions.IcebergSparkSessionExtensions","chan":"stdout","logger":"task"}
{"timestamp":"2025-08-31T18:00:11.005197Z","level":"info","event":"spark.master = local[*]","chan":"stdout","logger":"task"}
{"timestamp":"2025-08-31T18:00:11.005254Z","level":"info","event":"spark.executor.id = driver","chan":"stdout","logger":"task"}
{"timestamp":"2025-08-31T18:00:11.005331Z","level":"info","event":"spark.driver.extraClassPath = /opt/spark/jars/ojdbc11.jar","chan":"stdout","logger":"task"}
{"timestamp":"2025-08-31T18:00:11.005389Z","level":"info","event":"spark.app.name = BAITEST","chan":"stdout","logger":"task"}
{"timestamp":"2025-08-31T18:00:11.005442Z","level":"info","event":"spark.submit.deployMode = client","chan":"stdout","logger":"task"}
{"timestamp":"2025-08-31T18:00:11.005495Z","level":"info","event":"spark.hadoop.fs.s3a.connection.ssl.enabled = false","chan":"stdout","logger":"task"}
{"timestamp":"2025-08-31T18:00:11.005547Z","level":"info","event":"spark.serializer.objectStreamReset = 100","chan":"stdout","logger":"task"}
{"timestamp":"2025-08-31T18:00:11.005600Z","level":"info","event":"spark.ui.showConsoleProgress = true","chan":"stdout","logger":"task"}
{"timestamp":"2025-08-31T18:00:11.005652Z","level":"info","event":"spark.hadoop.fs.s3a.multipart.purge.age = 86400","chan":"stdout","logger":"task"}
{"timestamp":"2025-08-31T18:00:11.005704Z","level":"info","event":"spark.app.submitTime = 1756663202730","chan":"stdout","logger":"task"}
{"timestamp":"2025-08-31T18:00:11.005757Z","level":"info","event":"spark.hadoop.fs.s3a.threads.max = 10","chan":"stdout","logger":"task"}
{"timestamp":"2025-08-31T18:00:11.005807Z","level":"info","event":"spark.hadoop.fs.s3a.aws.credentials.provider = org.apache.hadoop.fs.s3a.SimpleAWSCredentialsProvider","chan":"stdout","logger":"task"}
{"timestamp":"2025-08-31T18:00:11.005860Z","level":"info","event":"spark.app.initial.jar.urls = spark://29b33b186198:46427/jars/aws-java-sdk-bundle-1.12.787.jar,spark://29b33b186198:46427/jars/ojdbc11.jar,spark://29b33b186198:46427/jars/hadoop-aws-3.3.6.jar","chan":"stdout","logger":"task"}
{"timestamp":"2025-08-31T18:00:11.005915Z","level":"info","event":"spark.submit.pyFiles =","chan":"stdout","logger":"task"}
{"timestamp":"2025-08-31T18:00:11.006008Z","level":"info","event":"spark.driver.extraJavaOptions = -Djava.net.preferIPv6Addresses=false -XX:+IgnoreUnrecognizedVMOptions --add-modules=jdk.incubator.vector --add-opens=java.base/java.lang=ALL-UNNAMED --add-opens=java.base/java.lang.invoke=ALL-UNNAMED --add-opens=java.base/java.lang.reflect=ALL-UNNAMED --add-opens=java.base/java.io=ALL-UNNAMED --add-opens=java.base/java.net=ALL-UNNAMED --add-opens=java.base/java.nio=ALL-UNNAMED --add-opens=java.base/java.util=ALL-UNNAMED --add-opens=java.base/java.util.concurrent=ALL-UNNAMED --add-opens=java.base/java.util.concurrent.atomic=ALL-UNNAMED --add-opens=java.base/jdk.internal.ref=ALL-UNNAMED --add-opens=java.base/sun.nio.ch=ALL-UNNAMED --add-opens=java.base/sun.nio.cs=ALL-UNNAMED --add-opens=java.base/sun.security.action=ALL-UNNAMED --add-opens=java.base/sun.util.calendar=ALL-UNNAMED --add-opens=java.security.jgss/sun.security.krb5=ALL-UNNAMED -Djdk.reflect.useDirectMethodHandle=false -Dio.netty.tryReflectionSetAccessible=true","chan":"stdout","logger":"task"}
{"timestamp":"2025-08-31T18:00:11.006071Z","level":"info","event":"spark.hadoop.fs.s3a.attempts.maximum = 3","chan":"stdout","logger":"task"}
{"timestamp":"2025-08-31T18:00:11.006124Z","level":"info","event":"spark.driver.port = 46427","chan":"stdout","logger":"task"}
{"timestamp":"2025-08-31T18:00:11.006174Z","level":"info","event":"spark.hadoop.fs.s3a.threads.keepalivetime = 60000","chan":"stdout","logger":"task"}
{"timestamp":"2025-08-31T18:00:11.006221Z","level":"info","event":"spark.sql.adaptive.enabled = false","chan":"stdout","logger":"task"}
{"timestamp":"2025-08-31T18:00:11.006266Z","level":"info","event":"spark.hadoop.fs.s3a.connection.timeout = 60000","chan":"stdout","logger":"task"}
{"timestamp":"2025-08-31T18:00:11.008820Z","level":"info","event":"Spark session finished.","chan":"stdout","logger":"task"}
{"timestamp":"2025-08-31T18:00:11.009168Z","level":"error","event":"25/08/31 18:00:11 INFO SparkContext: SparkContext is stopping with exitCode 0 from stop at NativeMethodAccessorImpl.java:0.","chan":"stderr","logger":"task"}
{"timestamp":"2025-08-31T18:00:11.026856Z","level":"error","event":"25/08/31 18:00:11 INFO SparkUI: Stopped Spark web UI at http://29b33b186198:4040","chan":"stderr","logger":"task"}
{"timestamp":"2025-08-31T18:00:11.042538Z","level":"error","event":"25/08/31 18:00:11 INFO MapOutputTrackerMasterEndpoint: MapOutputTrackerMasterEndpoint stopped!","chan":"stderr","logger":"task"}
{"timestamp":"2025-08-31T18:00:11.065610Z","level":"error","event":"25/08/31 18:00:11 INFO MemoryStore: MemoryStore started with capacity 434.4 MiB","chan":"stderr","logger":"task"}
{"timestamp":"2025-08-31T18:00:11.067469Z","level":"error","event":"25/08/31 18:00:11 INFO MemoryStore: MemoryStore cleared","chan":"stderr","logger":"task"}
{"timestamp":"2025-08-31T18:00:11.067724Z","level":"error","event":"25/08/31 18:00:11 INFO BlockManager: BlockManager stopped","chan":"stderr","logger":"task"}
{"timestamp":"2025-08-31T18:00:11.081373Z","level":"error","event":"25/08/31 18:00:11 INFO BlockManagerMaster: BlockManagerMaster stopped","chan":"stderr","logger":"task"}
{"timestamp":"2025-08-31T18:00:11.085435Z","level":"error","event":"25/08/31 18:00:11 INFO OutputCommitCoordinator$OutputCommitCoordinatorEndpoint: OutputCommitCoordinator stopped!","chan":"stderr","logger":"task"}
{"timestamp":"2025-08-31T18:00:11.105579Z","level":"error","event":"25/08/31 18:00:11 INFO SparkContext: Successfully stopped SparkContext","chan":"stderr","logger":"task"}
{"timestamp":"2025-08-31T18:00:11.476457","level":"info","event":"Done. Returned value was: None","logger":"airflow.task.operators.airflow.providers.standard.operators.python.PythonOperator"}
{"timestamp":"2025-08-31T18:00:11.517477Z","level":"info","event":"Task instance in success state","chan":"stdout","logger":"task"}
{"timestamp":"2025-08-31T18:00:11.517745Z","level":"info","event":" Previous state of the Task instance: running","chan":"stdout","logger":"task"}
{"timestamp":"2025-08-31T18:00:11.517837Z","level":"info","event":"Task operator:<Task(PythonOperator): install_spark>","chan":"stdout","logger":"task"}
{"timestamp":"2025-08-31T18:00:11.519402Z","level":"error","event":"25/08/31 18:00:11 INFO ShutdownHookManager: Shutdown hook called","chan":"stderr","logger":"task"}
{"timestamp":"2025-08-31T18:00:11.519673Z","level":"error","event":"25/08/31 18:00:11 INFO ShutdownHookManager: Deleting directory /tmp/spark-bc162a3d-c21c-446a-be38-1795d3c0b1f7","chan":"stderr","logger":"task"}
{"timestamp":"2025-08-31T18:00:11.519896Z","level":"error","event":"25/08/31 18:00:11 INFO ShutdownHookManager: Deleting directory /tmp/spark-f086b57e-b6b3-4064-9f4b-372df8a62f23","chan":"stderr","logger":"task"}
{"timestamp":"2025-08-31T18:00:11.527217Z","level":"error","event":"25/08/31 18:00:11 INFO ShutdownHookManager: Deleting directory /tmp/spark-f086b57e-b6b3-4064-9f4b-372df8a62f23/pyspark-3d76161d-a2ef-48aa-a292-92413a089718","chan":"stderr","logger":"task"}
