{"timestamp":"2025-09-01T11:16:04.659830","level":"info","event":"DAG bundles loaded: dags-folder, example_dags","logger":"airflow.dag_processing.bundles.manager.DagBundlesManager"}
{"timestamp":"2025-09-01T11:16:04.660137","level":"info","event":"Filling up the DagBag from /opt/airflow/dags/main.py","logger":"airflow.models.dagbag.DagBag"}
{"timestamp":"2025-09-01T11:16:05.382528Z","level":"info","event":"WARNING: sun.reflect.Reflection.getCallerClass is not supported. This will impact performance.","chan":"stdout","logger":"task"}
{"timestamp":"2025-09-01T11:16:05.986959Z","level":"error","event":"25/09/01 11:16:05 WARN NativeCodeLoader: Unable to load native-hadoop library for your platform... using builtin-java classes where applicable","chan":"stderr","logger":"task"}
{"timestamp":"2025-09-01T11:16:06.110620Z","level":"error","event":"Setting default log level to \"WARN\".","chan":"stderr","logger":"task"}
{"timestamp":"2025-09-01T11:16:06.110810Z","level":"error","event":"To adjust logging level use sc.setLogLevel(newLevel). For SparkR, use setLogLevel(newLevel).","chan":"stderr","logger":"task"}
{"timestamp":"2025-09-01T11:16:07.716204Z","level":"info","event":"Iceberg SparkCatalog OK.","chan":"stdout","logger":"task"}
{"timestamp":"2025-09-01T11:16:07.777402Z","level":"info","event":"Task instance is in running state","chan":"stdout","logger":"task"}
{"timestamp":"2025-09-01T11:16:07.777540Z","level":"info","event":" Previous state of the Task instance: queued","chan":"stdout","logger":"task"}
{"timestamp":"2025-09-01T11:16:07.777618Z","level":"info","event":"Current task name:etl_data_weather.extract_transform_load","chan":"stdout","logger":"task"}
{"timestamp":"2025-09-01T11:16:07.777658Z","level":"info","event":"Dag name:etl_pipeline","chan":"stdout","logger":"task"}
{"timestamp":"2025-09-01T11:16:07.777699Z","level":"info","event":"extract data from file","chan":"stdout","logger":"task"}
{"timestamp":"2025-09-01T11:16:07.785755Z","level":"info","event":"spark.hadoop.fs.s3a.vectored.read.min.seek.size = 131072","chan":"stdout","logger":"task"}
{"timestamp":"2025-09-01T11:16:07.785890Z","level":"info","event":"spark.hadoop.fs.s3a.access.key = admin","chan":"stdout","logger":"task"}
{"timestamp":"2025-09-01T11:16:07.785934Z","level":"info","event":"spark.hadoop.fs.s3a.threads.max = 10","chan":"stdout","logger":"task"}
{"timestamp":"2025-09-01T11:16:07.785968Z","level":"info","event":"spark.hadoop.fs.s3a.secret.key = admin12345","chan":"stdout","logger":"task"}
{"timestamp":"2025-09-01T11:16:07.785999Z","level":"info","event":"spark.hadoop.fs.s3a.connection.ssl.enabled = false","chan":"stdout","logger":"task"}
{"timestamp":"2025-09-01T11:16:07.786030Z","level":"info","event":"spark.hadoop.fs.s3a.path.style.access = true","chan":"stdout","logger":"task"}
{"timestamp":"2025-09-01T11:16:07.786058Z","level":"info","event":"spark.hadoop.fs.s3a.connection.part.upload.timeout = 60000","chan":"stdout","logger":"task"}
{"timestamp":"2025-09-01T11:16:07.786087Z","level":"info","event":"spark.hadoop.fs.s3a.aws.credentials.provider = org.apache.hadoop.fs.s3a.SimpleAWSCredentialsProvider","chan":"stdout","logger":"task"}
{"timestamp":"2025-09-01T11:16:07.786117Z","level":"info","event":"spark.hadoop.fs.s3a.attempts.maximum = 3","chan":"stdout","logger":"task"}
{"timestamp":"2025-09-01T11:16:07.786146Z","level":"info","event":"spark.app.name = BAITEST","chan":"stdout","logger":"task"}
{"timestamp":"2025-09-01T11:16:07.786231Z","level":"info","event":"spark.jars = /opt/spark/jars/hadoop-aws-3.3.4.jar,/opt/spark/jars/aws-java-sdk-bundle-1.12.787.jar,/opt/spark/jars/ojdbc11.jar,/opt/spark/jars/iceberg-spark-runtime-3.5_2.12-1.9.2.jar,/opt/spark/jars/iceberg-aws-bundle-1.9.2.jar","chan":"stdout","logger":"task"}
{"timestamp":"2025-09-01T11:16:07.786269Z","level":"info","event":"spark.app.startTime = 1756725366185","chan":"stdout","logger":"task"}
{"timestamp":"2025-09-01T11:16:07.786300Z","level":"info","event":"spark.sql.adaptive.coalescePartitions.enabled = false","chan":"stdout","logger":"task"}
{"timestamp":"2025-09-01T11:16:07.786329Z","level":"info","event":"spark.hadoop.fs.s3a.connection.idle.time = 60000","chan":"stdout","logger":"task"}
{"timestamp":"2025-09-01T11:16:07.786368Z","level":"info","event":"spark.hadoop.fs.s3a.vectored.read.max.merged.size = 2097152","chan":"stdout","logger":"task"}
{"timestamp":"2025-09-01T11:16:07.786409Z","level":"info","event":"spark.hadoop.fs.s3a.connection.establish.timeout = 5000","chan":"stdout","logger":"task"}
{"timestamp":"2025-09-01T11:16:07.786439Z","level":"info","event":"spark.serializer.objectStreamReset = 100","chan":"stdout","logger":"task"}
{"timestamp":"2025-09-01T11:16:07.786468Z","level":"info","event":"spark.driver.host = e9121ca83f35","chan":"stdout","logger":"task"}
{"timestamp":"2025-09-01T11:16:07.786499Z","level":"info","event":"spark.master = local[*]","chan":"stdout","logger":"task"}
{"timestamp":"2025-09-01T11:16:07.786528Z","level":"info","event":"spark.sql.catalog.local.warehouse = s3a://warehouse/","chan":"stdout","logger":"task"}
{"timestamp":"2025-09-01T11:16:07.786557Z","level":"info","event":"spark.sql.catalog.local.type = nessie","chan":"stdout","logger":"task"}
{"timestamp":"2025-09-01T11:16:07.786587Z","level":"info","event":"spark.submit.deployMode = client","chan":"stdout","logger":"task"}
{"timestamp":"2025-09-01T11:16:07.786615Z","level":"info","event":"spark.sql.adaptive.enabled = false","chan":"stdout","logger":"task"}
{"timestamp":"2025-09-01T11:16:07.786644Z","level":"info","event":"spark.app.submitTime = 1756725366099","chan":"stdout","logger":"task"}
{"timestamp":"2025-09-01T11:16:07.786672Z","level":"info","event":"spark.sql.catalog.local.uri = http://nessie:19120/api/v2","chan":"stdout","logger":"task"}
{"timestamp":"2025-09-01T11:16:07.786712Z","level":"info","event":"spark.hadoop.fs.s3a.retry.limit = 5","chan":"stdout","logger":"task"}
{"timestamp":"2025-09-01T11:16:07.786743Z","level":"info","event":"spark.hadoop.fs.s3a.multipart.size = 104857600","chan":"stdout","logger":"task"}
{"timestamp":"2025-09-01T11:16:07.786775Z","level":"info","event":"spark.driver.extraJavaOptions = -Djava.net.preferIPv6Addresses=false -XX:+IgnoreUnrecognizedVMOptions --add-opens=java.base/java.lang=ALL-UNNAMED --add-opens=java.base/java.lang.invoke=ALL-UNNAMED --add-opens=java.base/java.lang.reflect=ALL-UNNAMED --add-opens=java.base/java.io=ALL-UNNAMED --add-opens=java.base/java.net=ALL-UNNAMED --add-opens=java.base/java.nio=ALL-UNNAMED --add-opens=java.base/java.util=ALL-UNNAMED --add-opens=java.base/java.util.concurrent=ALL-UNNAMED --add-opens=java.base/java.util.concurrent.atomic=ALL-UNNAMED --add-opens=java.base/jdk.internal.ref=ALL-UNNAMED --add-opens=java.base/sun.nio.ch=ALL-UNNAMED --add-opens=java.base/sun.nio.cs=ALL-UNNAMED --add-opens=java.base/sun.security.action=ALL-UNNAMED --add-opens=java.base/sun.util.calendar=ALL-UNNAMED --add-opens=java.security.jgss/sun.security.krb5=ALL-UNNAMED -Djdk.reflect.useDirectMethodHandle=false","chan":"stdout","logger":"task"}
{"timestamp":"2025-09-01T11:16:07.786808Z","level":"info","event":"spark.hadoop.fs.s3a.connection.maximum = 15","chan":"stdout","logger":"task"}
{"timestamp":"2025-09-01T11:16:07.786843Z","level":"info","event":"spark.executor.extraClassPath = /opt/spark/jars/*","chan":"stdout","logger":"task"}
{"timestamp":"2025-09-01T11:16:07.786896Z","level":"info","event":"spark.hadoop.fs.s3a.socket.send.buffer = 65536","chan":"stdout","logger":"task"}
{"timestamp":"2025-09-01T11:16:07.786926Z","level":"info","event":"spark.executor.id = driver","chan":"stdout","logger":"task"}
{"timestamp":"2025-09-01T11:16:07.786956Z","level":"info","event":"spark.hadoop.fs.s3a.connection.timeout = 60000","chan":"stdout","logger":"task"}
{"timestamp":"2025-09-01T11:16:07.786990Z","level":"info","event":"spark.hadoop.fs.s3a.retry.interval = 500","chan":"stdout","logger":"task"}
{"timestamp":"2025-09-01T11:16:07.787022Z","level":"info","event":"spark.repl.local.jars = file:///opt/spark/jars/hadoop-aws-3.3.4.jar,file:///opt/spark/jars/aws-java-sdk-bundle-1.12.787.jar,file:///opt/spark/jars/ojdbc11.jar,file:///opt/spark/jars/iceberg-spark-runtime-3.5_2.12-1.9.2.jar,file:///opt/spark/jars/iceberg-aws-bundle-1.9.2.jar","chan":"stdout","logger":"task"}
{"timestamp":"2025-09-01T11:16:07.787063Z","level":"info","event":"spark.sql.extensions = org.apache.iceberg.spark.extensions.IcebergSparkSessionExtensions","chan":"stdout","logger":"task"}
{"timestamp":"2025-09-01T11:16:07.787095Z","level":"info","event":"spark.driver.extraClassPath = /opt/spark/jars/*","chan":"stdout","logger":"task"}
{"timestamp":"2025-09-01T11:16:07.787125Z","level":"info","event":"spark.driver.port = 37193","chan":"stdout","logger":"task"}
{"timestamp":"2025-09-01T11:16:07.787154Z","level":"info","event":"spark.hadoop.fs.s3a.socket.recv.buffer = 65536","chan":"stdout","logger":"task"}
{"timestamp":"2025-09-01T11:16:07.787183Z","level":"info","event":"spark.hadoop.fs.s3a.impl = org.apache.hadoop.fs.s3a.S3AFileSystem","chan":"stdout","logger":"task"}
{"timestamp":"2025-09-01T11:16:07.787212Z","level":"info","event":"spark.sql.catalog.local = org.apache.iceberg.spark.SparkCatalog","chan":"stdout","logger":"task"}
{"timestamp":"2025-09-01T11:16:07.787240Z","level":"info","event":"spark.rdd.compress = True","chan":"stdout","logger":"task"}
{"timestamp":"2025-09-01T11:16:07.787274Z","level":"info","event":"spark.hadoop.fs.s3a.threads.keepalivetime = 60000","chan":"stdout","logger":"task"}
{"timestamp":"2025-09-01T11:16:07.787304Z","level":"info","event":"spark.executor.extraJavaOptions = -Djava.net.preferIPv6Addresses=false -XX:+IgnoreUnrecognizedVMOptions --add-opens=java.base/java.lang=ALL-UNNAMED --add-opens=java.base/java.lang.invoke=ALL-UNNAMED --add-opens=java.base/java.lang.reflect=ALL-UNNAMED --add-opens=java.base/java.io=ALL-UNNAMED --add-opens=java.base/java.net=ALL-UNNAMED --add-opens=java.base/java.nio=ALL-UNNAMED --add-opens=java.base/java.util=ALL-UNNAMED --add-opens=java.base/java.util.concurrent=ALL-UNNAMED --add-opens=java.base/java.util.concurrent.atomic=ALL-UNNAMED --add-opens=java.base/jdk.internal.ref=ALL-UNNAMED --add-opens=java.base/sun.nio.ch=ALL-UNNAMED --add-opens=java.base/sun.nio.cs=ALL-UNNAMED --add-opens=java.base/sun.security.action=ALL-UNNAMED --add-opens=java.base/sun.util.calendar=ALL-UNNAMED --add-opens=java.security.jgss/sun.security.krb5=ALL-UNNAMED -Djdk.reflect.useDirectMethodHandle=false","chan":"stdout","logger":"task"}
{"timestamp":"2025-09-01T11:16:07.787336Z","level":"info","event":"spark.hadoop.fs.s3a.multipart.purge.age = 86400","chan":"stdout","logger":"task"}
{"timestamp":"2025-09-01T11:16:07.787366Z","level":"info","event":"spark.submit.pyFiles =","chan":"stdout","logger":"task"}
{"timestamp":"2025-09-01T11:16:07.787395Z","level":"info","event":"spark.app.id = local-1756725366708","chan":"stdout","logger":"task"}
{"timestamp":"2025-09-01T11:16:07.787425Z","level":"info","event":"spark.hadoop.fs.s3a.endpoint = http://minio:9000","chan":"stdout","logger":"task"}
{"timestamp":"2025-09-01T11:16:07.787496Z","level":"info","event":"spark.app.initial.jar.urls = spark://e9121ca83f35:37193/jars/hadoop-aws-3.3.4.jar,spark://e9121ca83f35:37193/jars/ojdbc11.jar,spark://e9121ca83f35:37193/jars/aws-java-sdk-bundle-1.12.787.jar,spark://e9121ca83f35:37193/jars/iceberg-aws-bundle-1.9.2.jar,spark://e9121ca83f35:37193/jars/iceberg-spark-runtime-3.5_2.12-1.9.2.jar","chan":"stdout","logger":"task"}
{"timestamp":"2025-09-01T11:16:07.787532Z","level":"info","event":"spark.ui.showConsoleProgress = true","chan":"stdout","logger":"task"}
{"timestamp":"2025-09-01T11:16:07.787561Z","level":"info","event":"spark.hadoop.fs.s3a.fast.upload = true","chan":"stdout","logger":"task"}
{"timestamp":"2025-09-01T11:16:07.787589Z","level":"info","event":"spark.hadoop.fs.s3a.impl.disable.cache = true","chan":"stdout","logger":"task"}
{"timestamp":"2025-09-01T11:16:07.787616Z","level":"info","event":"spark.hadoop.fs.s3a.connection.request.timeout = 60000","chan":"stdout","logger":"task"}
{"timestamp":"2025-09-01T11:16:08.332199Z","level":"error","event":"25/09/01 11:16:08 WARN MetricsConfig: Cannot locate configuration: tried hadoop-metrics2-s3a-file-system.properties,hadoop-metrics2.properties","chan":"stderr","logger":"task"}
{"timestamp":"2025-09-01T11:16:08.370226Z","level":"error","event":"25/09/01 11:16:08 WARN VersionInfoUtils: The AWS SDK for Java 1.x entered maintenance mode starting July 31, 2024 and will reach end of support on December 31, 2025. For more information, see https://aws.amazon.com/blogs/developer/the-aws-sdk-for-java-1-x-is-in-maintenance-mode-effective-july-31-2024/","chan":"stderr","logger":"task"}
{"timestamp":"2025-09-01T11:16:08.370487Z","level":"error","event":"You can print where on the file system the AWS SDK for Java 1.x core runtime is located by setting the AWS_JAVA_V1_PRINT_LOCATION environment variable or aws.java.v1.printLocation system property to 'true'.","chan":"stderr","logger":"task"}
{"timestamp":"2025-09-01T11:16:08.370529Z","level":"error","event":"This message can be disabled by setting the AWS_JAVA_V1_DISABLE_DEPRECATION_ANNOUNCEMENT environment variable or aws.java.v1.disableDeprecationAnnouncement system property to 'true'.","chan":"stderr","logger":"task"}
{"timestamp":"2025-09-01T11:16:08.370563Z","level":"error","event":"The AWS SDK for Java 1.x is being used here:","chan":"stderr","logger":"task"}
{"timestamp":"2025-09-01T11:16:08.370595Z","level":"error","event":"at java.base/java.lang.Thread.getStackTrace(Thread.java:1619)","chan":"stderr","logger":"task"}
{"timestamp":"2025-09-01T11:16:08.370626Z","level":"error","event":"at com.amazonaws.util.VersionInfoUtils.printDeprecationAnnouncement(VersionInfoUtils.java:81)","chan":"stderr","logger":"task"}
{"timestamp":"2025-09-01T11:16:08.370658Z","level":"error","event":"at com.amazonaws.util.VersionInfoUtils.<clinit>(VersionInfoUtils.java:59)","chan":"stderr","logger":"task"}
{"timestamp":"2025-09-01T11:16:08.370699Z","level":"error","event":"at com.amazonaws.ClientConfiguration.<clinit>(ClientConfiguration.java:95)","chan":"stderr","logger":"task"}
{"timestamp":"2025-09-01T11:16:08.370743Z","level":"error","event":"at org.apache.hadoop.fs.s3a.S3AUtils.createAwsConf(S3AUtils.java:1258)","chan":"stderr","logger":"task"}
{"timestamp":"2025-09-01T11:16:08.370773Z","level":"error","event":"at org.apache.hadoop.fs.s3a.DefaultS3ClientFactory.createS3Client(DefaultS3ClientFactory.java:114)","chan":"stderr","logger":"task"}
{"timestamp":"2025-09-01T11:16:08.370804Z","level":"error","event":"at org.apache.hadoop.fs.s3a.S3AFileSystem.bindAWSClient(S3AFileSystem.java:898)","chan":"stderr","logger":"task"}
{"timestamp":"2025-09-01T11:16:08.370834Z","level":"error","event":"at org.apache.hadoop.fs.s3a.S3AFileSystem.initialize(S3AFileSystem.java:534)","chan":"stderr","logger":"task"}
{"timestamp":"2025-09-01T11:16:08.370863Z","level":"error","event":"at org.apache.hadoop.fs.FileSystem.createFileSystem(FileSystem.java:3469)","chan":"stderr","logger":"task"}
{"timestamp":"2025-09-01T11:16:08.370892Z","level":"error","event":"at org.apache.hadoop.fs.FileSystem.get(FileSystem.java:537)","chan":"stderr","logger":"task"}
{"timestamp":"2025-09-01T11:16:08.370921Z","level":"error","event":"at org.apache.hadoop.fs.Path.getFileSystem(Path.java:365)","chan":"stderr","logger":"task"}
{"timestamp":"2025-09-01T11:16:08.370950Z","level":"error","event":"at org.apache.spark.sql.execution.streaming.FileStreamSink$.hasMetadata(FileStreamSink.scala:53)","chan":"stderr","logger":"task"}
{"timestamp":"2025-09-01T11:16:08.370979Z","level":"error","event":"at org.apache.spark.sql.execution.datasources.DataSource.resolveRelation(DataSource.scala:366)","chan":"stderr","logger":"task"}
{"timestamp":"2025-09-01T11:16:08.371009Z","level":"error","event":"at org.apache.spark.sql.DataFrameReader.loadV1Source(DataFrameReader.scala:229)","chan":"stderr","logger":"task"}
{"timestamp":"2025-09-01T11:16:08.371037Z","level":"error","event":"at org.apache.spark.sql.DataFrameReader.$anonfun$load$2(DataFrameReader.scala:211)","chan":"stderr","logger":"task"}
{"timestamp":"2025-09-01T11:16:08.371067Z","level":"error","event":"at scala.Option.getOrElse(Option.scala:189)","chan":"stderr","logger":"task"}
{"timestamp":"2025-09-01T11:16:08.371095Z","level":"error","event":"at org.apache.spark.sql.DataFrameReader.load(DataFrameReader.scala:211)","chan":"stderr","logger":"task"}
{"timestamp":"2025-09-01T11:16:08.371133Z","level":"error","event":"at org.apache.spark.sql.DataFrameReader.json(DataFrameReader.scala:362)","chan":"stderr","logger":"task"}
{"timestamp":"2025-09-01T11:16:08.371173Z","level":"error","event":"at java.base/jdk.internal.reflect.NativeMethodAccessorImpl.invoke0(Native Method)","chan":"stderr","logger":"task"}
{"timestamp":"2025-09-01T11:16:08.371202Z","level":"error","event":"at java.base/jdk.internal.reflect.NativeMethodAccessorImpl.invoke(NativeMethodAccessorImpl.java:77)","chan":"stderr","logger":"task"}
{"timestamp":"2025-09-01T11:16:08.371229Z","level":"error","event":"at java.base/jdk.internal.reflect.DelegatingMethodAccessorImpl.invoke(DelegatingMethodAccessorImpl.java:43)","chan":"stderr","logger":"task"}
{"timestamp":"2025-09-01T11:16:08.371258Z","level":"error","event":"at java.base/java.lang.reflect.Method.invoke(Method.java:569)","chan":"stderr","logger":"task"}
{"timestamp":"2025-09-01T11:16:08.371285Z","level":"error","event":"at py4j.reflection.MethodInvoker.invoke(MethodInvoker.java:244)","chan":"stderr","logger":"task"}
{"timestamp":"2025-09-01T11:16:08.371311Z","level":"error","event":"at py4j.reflection.ReflectionEngine.invoke(ReflectionEngine.java:374)","chan":"stderr","logger":"task"}
{"timestamp":"2025-09-01T11:16:08.371337Z","level":"error","event":"at py4j.Gateway.invoke(Gateway.java:282)","chan":"stderr","logger":"task"}
{"timestamp":"2025-09-01T11:16:08.371364Z","level":"error","event":"at py4j.commands.AbstractCommand.invokeMethod(AbstractCommand.java:132)","chan":"stderr","logger":"task"}
{"timestamp":"2025-09-01T11:16:08.371390Z","level":"error","event":"at py4j.commands.CallCommand.execute(CallCommand.java:79)","chan":"stderr","logger":"task"}
{"timestamp":"2025-09-01T11:16:08.371417Z","level":"error","event":"at py4j.ClientServerConnection.waitForCommands(ClientServerConnection.java:182)","chan":"stderr","logger":"task"}
{"timestamp":"2025-09-01T11:16:08.371443Z","level":"error","event":"at py4j.ClientServerConnection.run(ClientServerConnection.java:106)","chan":"stderr","logger":"task"}
{"timestamp":"2025-09-01T11:16:08.371469Z","level":"error","event":"at java.base/java.lang.Thread.run(Thread.java:840)","chan":"stderr","logger":"task"}
{"timestamp":"2025-09-01T11:16:09.344523Z","level":"info","event":"spark data extracted","chan":"stdout","logger":"task"}
{"timestamp":"2025-09-01T11:16:09.363297Z","level":"info","event":"root","chan":"stdout","logger":"task"}
{"timestamp":"2025-09-01T11:16:09.363486Z","level":"info","event":" |-- list: array (nullable = true)","chan":"stdout","logger":"task"}
{"timestamp":"2025-09-01T11:16:09.363552Z","level":"info","event":" |    |-- element: struct (containsNull = true)","chan":"stdout","logger":"task"}
{"timestamp":"2025-09-01T11:16:09.363609Z","level":"info","event":" |    |    |-- dt: long (nullable = true)","chan":"stdout","logger":"task"}
{"timestamp":"2025-09-01T11:16:09.363662Z","level":"info","event":" |    |    |-- main: struct (nullable = true)","chan":"stdout","logger":"task"}
{"timestamp":"2025-09-01T11:16:09.363728Z","level":"info","event":" |    |    |    |-- temp: double (nullable = true)","chan":"stdout","logger":"task"}
{"timestamp":"2025-09-01T11:16:09.363788Z","level":"info","event":" |    |    |    |-- pressure: long (nullable = true)","chan":"stdout","logger":"task"}
{"timestamp":"2025-09-01T11:16:09.363840Z","level":"info","event":" |    |    |    |-- humidity: long (nullable = true)","chan":"stdout","logger":"task"}
{"timestamp":"2025-09-01T11:16:09.363906Z","level":"info","event":" |    |    |-- weather: array (nullable = true)","chan":"stdout","logger":"task"}
{"timestamp":"2025-09-01T11:16:09.363961Z","level":"info","event":" |    |    |    |-- element: struct (containsNull = true)","chan":"stdout","logger":"task"}
{"timestamp":"2025-09-01T11:16:09.363994Z","level":"info","event":" |    |    |    |    |-- description: string (nullable = true)","chan":"stdout","logger":"task"}
{"timestamp":"2025-09-01T11:16:09.364040Z","level":"info","event":"","chan":"stdout","logger":"task"}
{"timestamp":"2025-09-01T11:16:11.302883Z","level":"info","event":"+--------------------+","chan":"stdout","logger":"task"}
{"timestamp":"2025-09-01T11:16:11.303143Z","level":"info","event":"|                list|","chan":"stdout","logger":"task"}
{"timestamp":"2025-09-01T11:16:11.303223Z","level":"info","event":"+--------------------+","chan":"stdout","logger":"task"}
{"timestamp":"2025-09-01T11:16:11.303298Z","level":"info","event":"|[{1752192000, {26...|","chan":"stdout","logger":"task"}
{"timestamp":"2025-09-01T11:16:11.303367Z","level":"info","event":"+--------------------+","chan":"stdout","logger":"task"}
{"timestamp":"2025-09-01T11:16:11.303439Z","level":"info","event":"","chan":"stdout","logger":"task"}
{"timestamp":"2025-09-01T11:16:12.064733Z","level":"info","event":"+----------+-----------+--------+--------+-----------+","chan":"stdout","logger":"task"}
{"timestamp":"2025-09-01T11:16:12.064981Z","level":"info","event":"|        dt|temperature|pressure|humidity|description|","chan":"stdout","logger":"task"}
{"timestamp":"2025-09-01T11:16:12.065052Z","level":"info","event":"+----------+-----------+--------+--------+-----------+","chan":"stdout","logger":"task"}
{"timestamp":"2025-09-01T11:16:12.065125Z","level":"info","event":"|1752192000|      26.72|     998|      89|    mưa vừa|","chan":"stdout","logger":"task"}
{"timestamp":"2025-09-01T11:16:12.065175Z","level":"info","event":"|1752202800|      27.27|     999|      81|    mưa nhẹ|","chan":"stdout","logger":"task"}
{"timestamp":"2025-09-01T11:16:12.065218Z","level":"info","event":"|1752213600|      30.07|     999|      67|    mưa vừa|","chan":"stdout","logger":"task"}
{"timestamp":"2025-09-01T11:16:12.065259Z","level":"info","event":"|1752224400|      29.96|     998|      75|    mưa vừa|","chan":"stdout","logger":"task"}
{"timestamp":"2025-09-01T11:16:12.065305Z","level":"info","event":"|1752235200|      26.19|    1000|      91|    mưa vừa|","chan":"stdout","logger":"task"}
{"timestamp":"2025-09-01T11:16:12.065345Z","level":"info","event":"+----------+-----------+--------+--------+-----------+","chan":"stdout","logger":"task"}
{"timestamp":"2025-09-01T11:16:12.065385Z","level":"info","event":"only showing top 5 rows","chan":"stdout","logger":"task"}
{"timestamp":"2025-09-01T11:16:12.065428Z","level":"info","event":"","chan":"stdout","logger":"task"}
{"timestamp":"2025-09-01T11:16:12.065470Z","level":"info","event":"spark data selected","chan":"stdout","logger":"task"}
{"timestamp":"2025-09-01T11:16:12.065512Z","level":"info","event":"transform data","chan":"stdout","logger":"task"}
{"timestamp":"2025-09-01T11:16:12.165123Z","level":"info","event":"load data","chan":"stdout","logger":"task"}
{"timestamp":"2025-09-01T11:16:12.165268Z","level":"info","event":"(DESCRIPTION=(ADDRESS=(PROTOCOL=TCP)(HOST=orcl-21c)(PORT=1521))(CONNECT_DATA=(SERVICE_NAME=WEATHER)))","chan":"stdout","logger":"task"}
{"timestamp":"2025-09-01T11:16:12.360428Z","level":"info","event":"ORA-12545: Connect failed because target host or object does not exist","chan":"stdout","logger":"task"}
{"timestamp":"2025-09-01T11:16:12.360723Z","level":"info","event":"Help: https://docs.oracle.com/error-help/db/ora-12545/","chan":"stdout","logger":"task"}
{"timestamp":"2025-09-01T11:16:12.629837","level":"error","event":"Task failed with exception","logger":"task","error_detail":[{"exc_type":"DatabaseError","exc_value":"ORA-12545: Connect failed because target host or object does not exist\nHelp: https://docs.oracle.com/error-help/db/ora-12545/","exc_notes":[],"syntax_error":null,"is_cause":false,"frames":[{"filename":"/home/airflow/.local/lib/python3.12/site-packages/airflow/sdk/execution_time/task_runner.py","lineno":825,"name":"run"},{"filename":"/home/airflow/.local/lib/python3.12/site-packages/airflow/sdk/execution_time/task_runner.py","lineno":1088,"name":"_execute_task"},{"filename":"/home/airflow/.local/lib/python3.12/site-packages/airflow/sdk/bases/operator.py","lineno":408,"name":"wrapper"},{"filename":"/home/airflow/.local/lib/python3.12/site-packages/airflow/providers/standard/operators/python.py","lineno":212,"name":"execute"},{"filename":"/home/airflow/.local/lib/python3.12/site-packages/airflow/providers/standard/operators/python.py","lineno":235,"name":"execute_callable"},{"filename":"/home/airflow/.local/lib/python3.12/site-packages/airflow/sdk/execution_time/callback_runner.py","lineno":81,"name":"run"},{"filename":"/opt/airflow/dags/main.py","lineno":24,"name":"run_etl_weather"},{"filename":"/opt/airflow/dags/etl_data_weather.py","lineno":84,"name":"load_data_weather"},{"filename":"/opt/airflow/dags/schema_database.py","lineno":29,"name":"create_table_weather"},{"filename":"/opt/airflow/dags/db_connections.py","lineno":20,"name":"get_oracle_conn"}]}]}
{"timestamp":"2025-09-01T11:16:12.662085Z","level":"info","event":"Task instance in failure state","chan":"stdout","logger":"task"}
{"timestamp":"2025-09-01T11:16:12.662221Z","level":"info","event":"Task start","chan":"stdout","logger":"task"}
{"timestamp":"2025-09-01T11:16:12.662279Z","level":"info","event":"Task:<Task(PythonOperator): etl_data_weather.extract_transform_load>","chan":"stdout","logger":"task"}
{"timestamp":"2025-09-01T11:16:12.662328Z","level":"info","event":"Failure caused by ORA-12545: Connect failed because target host or object does not exist","chan":"stdout","logger":"task"}
{"timestamp":"2025-09-01T11:16:12.662375Z","level":"info","event":"Help: https://docs.oracle.com/error-help/db/ora-12545/","chan":"stdout","logger":"task"}
